TN:
SF:/usr/include/boost/log/attributes/attribute_value_set.hpp
FN:151,_ZNK5boost3log12v2s_mt_posix19attribute_value_set14const_iteratorneERKS3_
FNDA:4,_ZNK5boost3log12v2s_mt_posix19attribute_value_set14const_iteratorneERKS3_
FN:185,_ZNK5boost3log12v2s_mt_posix19attribute_value_set14const_iteratorptEv
FNDA:4,_ZNK5boost3log12v2s_mt_posix19attribute_value_set14const_iteratorptEv
DA:151,4
DA:153,4
DA:185,4
end_of_record
SF:/usr/include/c++/9/bits/stl_uninitialized.h
FN:76,_ZNSt20__uninitialized_copyILb0EE13__uninit_copyISt13move_iteratorIPN5boost2io6detail11format_itemIcSt11char_traitsIcESaIcEEEESB_EET0_T_SE_SD_
FNDA:0,_ZNSt20__uninitialized_copyILb0EE13__uninit_copyISt13move_iteratorIPN5boost2io6detail11format_itemIcSt11char_traitsIcESaIcEEEESB_EET0_T_SE_SD_
FN:115,_ZSt18uninitialized_copyISt13move_iteratorIPN5boost2io6detail11format_itemIcSt11char_traitsIcESaIcEEEES9_ET0_T_SC_SB_
FNDA:0,_ZSt18uninitialized_copyISt13move_iteratorIPN5boost2io6detail11format_itemIcSt11char_traitsIcESaIcEEEES9_ET0_T_SC_SB_
FN:215,_ZNSt22__uninitialized_fill_nILb0EE15__uninit_fill_nIPN5boost2io6detail11format_itemIcSt11char_traitsIcESaIcEEEmS9_EET_SB_T0_RKT1_
FNDA:4,_ZNSt22__uninitialized_fill_nILb0EE15__uninit_fill_nIPN5boost2io6detail11format_itemIcSt11char_traitsIcESaIcEEEmS9_EET_SB_T0_RKT1_
FN:256,_ZSt20uninitialized_fill_nIPN5boost2io6detail11format_itemIcSt11char_traitsIcESaIcEEEmS7_ET_S9_T0_RKT1_
FNDA:4,_ZSt20uninitialized_fill_nIPN5boost2io6detail11format_itemIcSt11char_traitsIcESaIcEEEmS7_ET_S9_T0_RKT1_
FN:305,_ZSt22__uninitialized_copy_aISt13move_iteratorIPN5boost2io6detail11format_itemIcSt11char_traitsIcESaIcEEEES9_S8_ET0_T_SC_SB_RSaIT1_E
FNDA:0,_ZSt22__uninitialized_copy_aISt13move_iteratorIPN5boost2io6detail11format_itemIcSt11char_traitsIcESaIcEEEES9_S8_ET0_T_SC_SB_RSaIT1_E
FN:312,_ZSt22__uninitialized_move_aIPN5boost2io6detail11format_itemIcSt11char_traitsIcESaIcEEES8_SaIS7_EET0_T_SB_SA_RT1_
FNDA:0,_ZSt22__uninitialized_move_aIPN5boost2io6detail11format_itemIcSt11char_traitsIcESaIcEEES8_SaIS7_EET0_T_SB_SA_RT1_
FN:323,_ZSt34__uninitialized_move_if_noexcept_aIPN5boost2io6detail11format_itemIcSt11char_traitsIcESaIcEEES8_SaIS7_EET0_T_SB_SA_RT1_
FNDA:0,_ZSt34__uninitialized_move_if_noexcept_aIPN5boost2io6detail11format_itemIcSt11char_traitsIcESaIcEEES8_SaIS7_EET0_T_SB_SA_RT1_
FN:382,_ZSt24__uninitialized_fill_n_aIPN5boost2io6detail11format_itemIcSt11char_traitsIcESaIcEEEmS7_S7_ET_S9_T0_RKT1_RSaIT2_E
FNDA:4,_ZSt24__uninitialized_fill_n_aIPN5boost2io6detail11format_itemIcSt11char_traitsIcESaIcEEEmS7_S7_ET_S9_T0_RKT1_RSaIT2_E
DA:76,0
DA:79,0
DA:82,0
DA:83,0
DA:84,0
DA:86,0
DA:88,0
DA:89,0
DA:115,0
DA:134,0
DA:140,0
DA:215,4
DA:218,4
DA:221,8
DA:222,4
DA:223,4
DA:225,0
DA:227,0
DA:228,0
DA:256,4
DA:270,4
DA:273,4
DA:305,0
DA:307,0
DA:312,0
DA:315,0
DA:317,0
DA:323,0
DA:329,0
DA:330,0
DA:382,4
DA:384,4
end_of_record
SF:/usr/include/boost/smart_ptr/make_shared_object.hpp
FN:51,_ZN5boost6detail13sp_ms_deleterINS_3log12v2s_mt_posix5sinks16synchronous_sinkINS4_17text_file_backendEEEE7destroyEv
FNDA:4,_ZN5boost6detail13sp_ms_deleterINS_3log12v2s_mt_posix5sinks16synchronous_sinkINS4_17text_file_backendEEEE7destroyEv
FN:51,_ZN5boost6detail13sp_ms_deleterINS_3log12v2s_mt_posix5sinks17text_file_backendEE7destroyEv
FNDA:4,_ZN5boost6detail13sp_ms_deleterINS_3log12v2s_mt_posix5sinks17text_file_backendEE7destroyEv
FN:51,_ZN5boost6detail13sp_ms_deleterINS_3log12v2s_mt_posix5sinks16synchronous_sinkINS4_26basic_text_ostream_backendIcEEEEE7destroyEv
FNDA:4,_ZN5boost6detail13sp_ms_deleterINS_3log12v2s_mt_posix5sinks16synchronous_sinkINS4_26basic_text_ostream_backendIcEEEEE7destroyEv
FN:51,_ZN5boost6detail13sp_ms_deleterINS_3log12v2s_mt_posix5sinks26basic_text_ostream_backendIcEEE7destroyEv
FNDA:4,_ZN5boost6detail13sp_ms_deleterINS_3log12v2s_mt_posix5sinks26basic_text_ostream_backendIcEEE7destroyEv
FN:73,_ZN5boost6detail13sp_ms_deleterINS_3log12v2s_mt_posix5sinks26basic_text_ostream_backendIcEEEC2Ev
FNDA:2,_ZN5boost6detail13sp_ms_deleterINS_3log12v2s_mt_posix5sinks26basic_text_ostream_backendIcEEEC2Ev
FN:73,_ZN5boost6detail13sp_ms_deleterINS_3log12v2s_mt_posix5sinks16synchronous_sinkINS4_26basic_text_ostream_backendIcEEEEEC2Ev
FNDA:2,_ZN5boost6detail13sp_ms_deleterINS_3log12v2s_mt_posix5sinks16synchronous_sinkINS4_26basic_text_ostream_backendIcEEEEEC2Ev
FN:73,_ZN5boost6detail13sp_ms_deleterINS_3log12v2s_mt_posix5sinks16synchronous_sinkINS4_17text_file_backendEEEEC2Ev
FNDA:2,_ZN5boost6detail13sp_ms_deleterINS_3log12v2s_mt_posix5sinks16synchronous_sinkINS4_17text_file_backendEEEEC2Ev
FN:73,_ZN5boost6detail13sp_ms_deleterINS_3log12v2s_mt_posix5sinks17text_file_backendEEC2Ev
FNDA:2,_ZN5boost6detail13sp_ms_deleterINS_3log12v2s_mt_posix5sinks17text_file_backendEEC2Ev
FN:86,_ZN5boost6detail13sp_ms_deleterINS_3log12v2s_mt_posix5sinks26basic_text_ostream_backendIcEEED2Ev
FNDA:2,_ZN5boost6detail13sp_ms_deleterINS_3log12v2s_mt_posix5sinks26basic_text_ostream_backendIcEEED2Ev
FN:86,_ZN5boost6detail13sp_ms_deleterINS_3log12v2s_mt_posix5sinks16synchronous_sinkINS4_17text_file_backendEEEED2Ev
FNDA:2,_ZN5boost6detail13sp_ms_deleterINS_3log12v2s_mt_posix5sinks16synchronous_sinkINS4_17text_file_backendEEEED2Ev
FN:86,_ZN5boost6detail13sp_ms_deleterINS_3log12v2s_mt_posix5sinks17text_file_backendEED2Ev
FNDA:2,_ZN5boost6detail13sp_ms_deleterINS_3log12v2s_mt_posix5sinks17text_file_backendEED2Ev
FN:86,_ZN5boost6detail13sp_ms_deleterINS_3log12v2s_mt_posix5sinks16synchronous_sinkINS4_26basic_text_ostream_backendIcEEEEED2Ev
FNDA:2,_ZN5boost6detail13sp_ms_deleterINS_3log12v2s_mt_posix5sinks16synchronous_sinkINS4_26basic_text_ostream_backendIcEEEEED2Ev
FN:91,_ZN5boost6detail13sp_ms_deleterINS_3log12v2s_mt_posix5sinks16synchronous_sinkINS4_26basic_text_ostream_backendIcEEEEEclEPS8_
FNDA:2,_ZN5boost6detail13sp_ms_deleterINS_3log12v2s_mt_posix5sinks16synchronous_sinkINS4_26basic_text_ostream_backendIcEEEEEclEPS8_
FN:91,_ZN5boost6detail13sp_ms_deleterINS_3log12v2s_mt_posix5sinks16synchronous_sinkINS4_17text_file_backendEEEEclEPS7_
FNDA:2,_ZN5boost6detail13sp_ms_deleterINS_3log12v2s_mt_posix5sinks16synchronous_sinkINS4_17text_file_backendEEEEclEPS7_
FN:91,_ZN5boost6detail13sp_ms_deleterINS_3log12v2s_mt_posix5sinks17text_file_backendEEclEPS5_
FNDA:2,_ZN5boost6detail13sp_ms_deleterINS_3log12v2s_mt_posix5sinks17text_file_backendEEclEPS5_
FN:91,_ZN5boost6detail13sp_ms_deleterINS_3log12v2s_mt_posix5sinks26basic_text_ostream_backendIcEEEclEPS6_
FNDA:2,_ZN5boost6detail13sp_ms_deleterINS_3log12v2s_mt_posix5sinks26basic_text_ostream_backendIcEEEclEPS6_
FN:96,_ZN5boost6detail13sp_ms_deleterINS_3log12v2s_mt_posix5sinks16synchronous_sinkINS4_17text_file_backendEEEE11operator_fnEPS7_
FNDA:0,_ZN5boost6detail13sp_ms_deleterINS_3log12v2s_mt_posix5sinks16synchronous_sinkINS4_17text_file_backendEEEE11operator_fnEPS7_
FN:96,_ZN5boost6detail13sp_ms_deleterINS_3log12v2s_mt_posix5sinks16synchronous_sinkINS4_26basic_text_ostream_backendIcEEEEE11operator_fnEPS8_
FNDA:0,_ZN5boost6detail13sp_ms_deleterINS_3log12v2s_mt_posix5sinks16synchronous_sinkINS4_26basic_text_ostream_backendIcEEEEE11operator_fnEPS8_
FN:96,_ZN5boost6detail13sp_ms_deleterINS_3log12v2s_mt_posix5sinks26basic_text_ostream_backendIcEEE11operator_fnEPS6_
FNDA:0,_ZN5boost6detail13sp_ms_deleterINS_3log12v2s_mt_posix5sinks26basic_text_ostream_backendIcEEE11operator_fnEPS6_
FN:96,_ZN5boost6detail13sp_ms_deleterINS_3log12v2s_mt_posix5sinks17text_file_backendEE11operator_fnEPS5_
FNDA:0,_ZN5boost6detail13sp_ms_deleterINS_3log12v2s_mt_posix5sinks17text_file_backendEE11operator_fnEPS5_
FN:100,_ZN5boost6detail13sp_ms_deleterINS_3log12v2s_mt_posix5sinks26basic_text_ostream_backendIcEEE7addressEv
FNDA:2,_ZN5boost6detail13sp_ms_deleterINS_3log12v2s_mt_posix5sinks26basic_text_ostream_backendIcEEE7addressEv
FN:100,_ZN5boost6detail13sp_ms_deleterINS_3log12v2s_mt_posix5sinks16synchronous_sinkINS4_17text_file_backendEEEE7addressEv
FNDA:2,_ZN5boost6detail13sp_ms_deleterINS_3log12v2s_mt_posix5sinks16synchronous_sinkINS4_17text_file_backendEEEE7addressEv
FN:100,_ZN5boost6detail13sp_ms_deleterINS_3log12v2s_mt_posix5sinks17text_file_backendEE7addressEv
FNDA:2,_ZN5boost6detail13sp_ms_deleterINS_3log12v2s_mt_posix5sinks17text_file_backendEE7addressEv
FN:100,_ZN5boost6detail13sp_ms_deleterINS_3log12v2s_mt_posix5sinks16synchronous_sinkINS4_26basic_text_ostream_backendIcEEEEE7addressEv
FNDA:2,_ZN5boost6detail13sp_ms_deleterINS_3log12v2s_mt_posix5sinks16synchronous_sinkINS4_26basic_text_ostream_backendIcEEEEE7addressEv
FN:105,_ZN5boost6detail13sp_ms_deleterINS_3log12v2s_mt_posix5sinks17text_file_backendEE15set_initializedEv
FNDA:2,_ZN5boost6detail13sp_ms_deleterINS_3log12v2s_mt_posix5sinks17text_file_backendEE15set_initializedEv
FN:105,_ZN5boost6detail13sp_ms_deleterINS_3log12v2s_mt_posix5sinks26basic_text_ostream_backendIcEEE15set_initializedEv
FNDA:2,_ZN5boost6detail13sp_ms_deleterINS_3log12v2s_mt_posix5sinks26basic_text_ostream_backendIcEEE15set_initializedEv
FN:105,_ZN5boost6detail13sp_ms_deleterINS_3log12v2s_mt_posix5sinks16synchronous_sinkINS4_26basic_text_ostream_backendIcEEEEE15set_initializedEv
FNDA:2,_ZN5boost6detail13sp_ms_deleterINS_3log12v2s_mt_posix5sinks16synchronous_sinkINS4_26basic_text_ostream_backendIcEEEEE15set_initializedEv
FN:105,_ZN5boost6detail13sp_ms_deleterINS_3log12v2s_mt_posix5sinks16synchronous_sinkINS4_17text_file_backendEEEE15set_initializedEv
FNDA:2,_ZN5boost6detail13sp_ms_deleterINS_3log12v2s_mt_posix5sinks16synchronous_sinkINS4_17text_file_backendEEEE15set_initializedEv
FN:248,_ZN5boost11make_sharedINS_3log12v2s_mt_posix5sinks17text_file_backendEJRKNS_9parameter3aux18flat_like_arg_listIJNS6_19flat_like_arg_tupleINS2_8keywords3tag9file_nameENS6_15tagged_argumentISB_NSt7__cxx1112basic_stringIcSt11char_traitsIcESaIcEEEEESt17integral_constantIbLb1EEEENS8_INSA_6formatENSC_ISN_A25_KcEESL_EENS8_INSA_19time_based_rotationENS6_20tagged_argument_rrefISS_NS3_4file22rotation_at_time_pointEEESL_EENS8_INSA_13rotation_sizeENSC_ISY_KiEESL_EENS8_INSA_9open_modeENSC_IS12_KSt13_Ios_OpenmodeEESL_EENS8_INSA_10auto_flushENSC_IS17_KbEESL_EEEEEEEENS_6detail15sp_if_not_arrayIT_E4typeEDpOT0_
FNDA:2,_ZN5boost11make_sharedINS_3log12v2s_mt_posix5sinks17text_file_backendEJRKNS_9parameter3aux18flat_like_arg_listIJNS6_19flat_like_arg_tupleINS2_8keywords3tag9file_nameENS6_15tagged_argumentISB_NSt7__cxx1112basic_stringIcSt11char_traitsIcESaIcEEEEESt17integral_constantIbLb1EEEENS8_INSA_6formatENSC_ISN_A25_KcEESL_EENS8_INSA_19time_based_rotationENS6_20tagged_argument_rrefISS_NS3_4file22rotation_at_time_pointEEESL_EENS8_INSA_13rotation_sizeENSC_ISY_KiEESL_EENS8_INSA_9open_modeENSC_IS12_KSt13_Ios_OpenmodeEESL_EENS8_INSA_10auto_flushENSC_IS17_KbEESL_EEEEEEEENS_6detail15sp_if_not_arrayIT_E4typeEDpOT0_
FN:248,_ZN5boost11make_sharedINS_3log12v2s_mt_posix5sinks16synchronous_sinkINS3_17text_file_backendEEEJRNS_10shared_ptrIS5_EEEEENS_6detail15sp_if_not_arrayIT_E4typeEDpOT0_
FNDA:2,_ZN5boost11make_sharedINS_3log12v2s_mt_posix5sinks16synchronous_sinkINS3_17text_file_backendEEEJRNS_10shared_ptrIS5_EEEEENS_6detail15sp_if_not_arrayIT_E4typeEDpOT0_
FN:248,_ZN5boost11make_sharedINS_3log12v2s_mt_posix5sinks26basic_text_ostream_backendIcEEJRKNS_9parameter3aux25tagged_argument_list_of_1INS7_15tagged_argumentINS2_8keywords3tag6formatEA25_KcEEEEEEENS_6detail15sp_if_not_arrayIT_E4typeEDpOT0_
FNDA:2,_ZN5boost11make_sharedINS_3log12v2s_mt_posix5sinks26basic_text_ostream_backendIcEEJRKNS_9parameter3aux25tagged_argument_list_of_1INS7_15tagged_argumentINS2_8keywords3tag6formatEA25_KcEEEEEEENS_6detail15sp_if_not_arrayIT_E4typeEDpOT0_
FN:248,_ZN5boost11make_sharedINS_3log12v2s_mt_posix5sinks16synchronous_sinkINS3_26basic_text_ostream_backendIcEEEEJRNS_10shared_ptrIS6_EEEEENS_6detail15sp_if_not_arrayIT_E4typeEDpOT0_
FNDA:2,_ZN5boost11make_sharedINS_3log12v2s_mt_posix5sinks16synchronous_sinkINS3_26basic_text_ostream_backendIcEEEEJRNS_10shared_ptrIS6_EEEEENS_6detail15sp_if_not_arrayIT_E4typeEDpOT0_
DA:51,4
DA:53,4
DA:58,2
DA:59,2
DA:67,2
DA:69,4
DA:51,4
DA:53,4
DA:58,2
DA:59,2
DA:67,2
DA:69,4
DA:51,4
DA:53,4
DA:58,2
DA:59,2
DA:67,2
DA:69,4
DA:51,4
DA:53,4
DA:58,2
DA:59,2
DA:67,2
DA:69,4
DA:73,2
DA:75,2
DA:73,2
DA:75,2
DA:73,2
DA:75,2
DA:73,2
DA:75,2
DA:86,2
DA:88,2
DA:89,2
DA:86,2
DA:88,2
DA:89,2
DA:86,2
DA:88,2
DA:89,2
DA:86,2
DA:88,2
DA:89,2
DA:91,2
DA:93,2
DA:94,2
DA:91,2
DA:93,2
DA:94,2
DA:91,2
DA:93,2
DA:94,2
DA:91,2
DA:93,2
DA:94,2
DA:96,0
DA:98,0
DA:96,0
DA:98,0
DA:96,0
DA:98,0
DA:96,0
DA:98,0
DA:100,2
DA:102,2
DA:100,2
DA:102,2
DA:100,2
DA:102,2
DA:100,2
DA:102,2
DA:105,2
DA:107,2
DA:108,2
DA:105,2
DA:107,2
DA:108,2
DA:105,2
DA:107,2
DA:108,2
DA:105,2
DA:107,2
DA:108,2
DA:248,2
DA:250,4
DA:252,2
DA:254,2
DA:256,2
DA:257,2
DA:259,2
DA:261,2
DA:262,4
DA:248,2
DA:250,4
DA:252,2
DA:254,2
DA:256,2
DA:257,2
DA:259,2
DA:261,2
DA:262,4
DA:248,2
DA:250,4
DA:252,2
DA:254,2
DA:256,2
DA:257,2
DA:259,2
DA:261,2
DA:262,4
DA:248,2
DA:250,4
DA:252,2
DA:254,2
DA:256,2
DA:257,2
DA:259,2
DA:261,2
DA:262,4
end_of_record
SF:/usr/include/boost/none_t.hpp
FN:32,_ZN5boost6none_tC2ENS0_8init_tagE
FNDA:0,_ZN5boost6none_tC2ENS0_8init_tagE
DA:32,0
end_of_record
SF:/usr/include/boost/thread/tss.hpp
FN:37,_ZN5boost19thread_specific_ptrINS_3log12v2s_mt_posix5sinks30basic_formatting_sink_frontendIcE18formatting_contextEE15default_deleterEPS6_
FNDA:4,_ZN5boost19thread_specific_ptrINS_3log12v2s_mt_posix5sinks30basic_formatting_sink_frontendIcE18formatting_contextEE15default_deleterEPS6_
FN:42,_ZN5boost19thread_specific_ptrINS_3log12v2s_mt_posix5sinks30basic_formatting_sink_frontendIcE18formatting_contextEE14cleanup_callerEPFvPvES8_
FNDA:4,_ZN5boost19thread_specific_ptrINS_3log12v2s_mt_posix5sinks30basic_formatting_sink_frontendIcE18formatting_contextEE14cleanup_callerEPFvPvES8_
FN:53,_ZN5boost19thread_specific_ptrINS_3log12v2s_mt_posix5sinks30basic_formatting_sink_frontendIcE18formatting_contextEEC2Ev
FNDA:4,_ZN5boost19thread_specific_ptrINS_3log12v2s_mt_posix5sinks30basic_formatting_sink_frontendIcE18formatting_contextEEC2Ev
FN:59,_ZN5boost19thread_specific_ptrINS_3log12v2s_mt_posix5sinks30basic_formatting_sink_frontendIcE18formatting_contextEED2Ev
FNDA:4,_ZN5boost19thread_specific_ptrINS_3log12v2s_mt_posix5sinks30basic_formatting_sink_frontendIcE18formatting_contextEED2Ev
FN:64,_ZNK5boost19thread_specific_ptrINS_3log12v2s_mt_posix5sinks30basic_formatting_sink_frontendIcE18formatting_contextEE3getEv
FNDA:12,_ZNK5boost19thread_specific_ptrINS_3log12v2s_mt_posix5sinks30basic_formatting_sink_frontendIcE18formatting_contextEE3getEv
FN:82,_ZN5boost19thread_specific_ptrINS_3log12v2s_mt_posix5sinks30basic_formatting_sink_frontendIcE18formatting_contextEE5resetEPS6_
FNDA:4,_ZN5boost19thread_specific_ptrINS_3log12v2s_mt_posix5sinks30basic_formatting_sink_frontendIcE18formatting_contextEE5resetEPS6_
DA:37,4
DA:39,4
DA:40,4
DA:42,4
DA:44,4
DA:45,4
DA:53,4
DA:54,4
DA:55,4
DA:59,4
DA:61,4
DA:62,4
DA:64,12
DA:66,12
DA:82,4
DA:84,4
DA:85,4
DA:87,4
DA:89,4
end_of_record
SF:/usr/include/c++/9/bits/vector.tcc
FN:257,_ZNSt6vectorIN5boost2io6detail11format_itemIcSt11char_traitsIcESaIcEEESaIS7_EE14_M_fill_assignEmRKS7_
FNDA:4,_ZNSt6vectorIN5boost2io6detail11format_itemIcSt11char_traitsIcESaIcEEESaIS7_EE14_M_fill_assignEmRKS7_
FN:509,_ZNSt6vectorIN5boost2io6detail11format_itemIcSt11char_traitsIcESaIcEEESaIS7_EE14_M_fill_insertEN9__gnu_cxx17__normal_iteratorIPS7_S9_EEmRKS7_
FNDA:0,_ZNSt6vectorIN5boost2io6detail11format_itemIcSt11char_traitsIcESaIcEEESaIS7_EE14_M_fill_insertEN9__gnu_cxx17__normal_iteratorIPS7_S9_EEmRKS7_
FN:824,_ZNSt6vectorIbSaIbEE14_M_fill_insertESt13_Bit_iteratormb
FNDA:0,_ZNSt6vectorIbSaIbEE14_M_fill_insertESt13_Bit_iteratormb
DA:257,4
DA:260,4
DA:262,8
DA:263,4
DA:265,0
DA:267,0
DA:268,0
DA:270,0
DA:271,0
DA:272,0
DA:276,0
DA:277,4
DA:509,0
DA:512,0
DA:514,0
DA:515,0
DA:520,0
DA:521,0
DA:523,0
DA:524,0
DA:525,0
DA:528,0
DA:531,0
DA:532,0
DA:534,0
DA:536,0
DA:542,0
DA:543,0
DA:546,0
DA:548,0
DA:550,0
DA:551,0
DA:553,0
DA:558,0
DA:560,0
DA:561,0
DA:562,0
DA:566,0
DA:568,0
DA:569,0
DA:573,0
DA:574,0
DA:576,0
DA:580,0
DA:581,0
DA:583,0
DA:585,0
DA:586,0
DA:587,0
DA:588,0
DA:590,0
DA:591,0
DA:592,0
DA:593,0
DA:595,0
DA:596,0
DA:598,0
DA:599,0
DA:600,0
DA:601,0
DA:602,0
DA:603,0
DA:606,0
DA:824,0
DA:827,0
DA:828,0
DA:829,0
DA:831,0
DA:833,0
DA:834,0
DA:838,0
DA:840,0
DA:841,0
DA:842,0
DA:843,0
DA:844,0
DA:846,0
DA:847,0
DA:848,0
DA:849,0
end_of_record
SF:/usr/include/boost/format/alt_sstream_impl.hpp
FN:21,_ZN5boost2io18basic_altstringbufIcSt11char_traitsIcESaIcEE12clear_bufferEv
FNDA:4,_ZN5boost2io18basic_altstringbufIcSt11char_traitsIcESaIcEE12clear_bufferEv
FN:100,_ZN5boost2io18basic_altstringbufIcSt11char_traitsIcESaIcEE7seekoffElSt12_Ios_SeekdirSt13_Ios_Openmode
FNDA:0,_ZN5boost2io18basic_altstringbufIcSt11char_traitsIcESaIcEE7seekoffElSt12_Ios_SeekdirSt13_Ios_Openmode
FN:146,_ZN5boost2io18basic_altstringbufIcSt11char_traitsIcESaIcEE7seekposESt4fposI11__mbstate_tESt13_Ios_Openmode
FNDA:4,_ZN5boost2io18basic_altstringbufIcSt11char_traitsIcESaIcEE7seekposESt4fposI11__mbstate_tESt13_Ios_Openmode
FN:185,_ZN5boost2io18basic_altstringbufIcSt11char_traitsIcESaIcEE9underflowEv
FNDA:0,_ZN5boost2io18basic_altstringbufIcSt11char_traitsIcESaIcEE9underflowEv
FN:207,_ZN5boost2io18basic_altstringbufIcSt11char_traitsIcESaIcEE9pbackfailEi
FNDA:0,_ZN5boost2io18basic_altstringbufIcSt11char_traitsIcESaIcEE9pbackfailEi
FN:227,_ZN5boost2io18basic_altstringbufIcSt11char_traitsIcESaIcEE8overflowEi
FNDA:4,_ZN5boost2io18basic_altstringbufIcSt11char_traitsIcESaIcEE8overflowEi
FN:300,_ZN5boost2io18basic_altstringbufIcSt11char_traitsIcESaIcEE7deallocEv
FNDA:4,_ZN5boost2io18basic_altstringbufIcSt11char_traitsIcESaIcEE7deallocEv
DA:21,4
DA:23,4
DA:24,4
DA:25,4
DA:26,4
DA:28,4
DA:29,4
DA:30,4
DA:31,0
DA:33,4
DA:100,0
DA:102,0
DA:103,0
DA:104,0
DA:106,0
DA:107,0
DA:108,0
DA:109,0
DA:110,0
DA:112,0
DA:113,0
DA:115,0
DA:116,0
DA:118,0
DA:121,0
DA:123,0
DA:125,0
DA:126,0
DA:127,0
DA:128,0
DA:129,0
DA:130,0
DA:131,0
DA:133,0
DA:135,0
DA:138,0
DA:139,0
DA:146,4
DA:148,4
DA:149,4
DA:150,4
DA:151,4
DA:152,4
DA:154,0
DA:155,0
DA:156,0
DA:158,0
DA:162,0
DA:164,4
DA:166,4
DA:167,4
DA:169,0
DA:172,0
DA:173,4
DA:176,0
DA:185,0
DA:187,0
DA:188,0
DA:189,0
DA:190,0
DA:191,0
DA:192,0
DA:194,0
DA:195,0
DA:196,0
DA:197,0
DA:200,0
DA:207,0
DA:209,0
DA:210,0
DA:211,0
DA:212,0
DA:213,0
DA:214,0
DA:216,0
DA:217,0
DA:220,0
DA:227,4
DA:233,4
DA:234,0
DA:235,4
DA:236,0
DA:237,0
DA:239,4
DA:241,0
DA:243,4
DA:244,4
DA:246,4
DA:247,4
DA:248,4
DA:249,4
DA:252,8
DA:253,4
DA:254,0
DA:255,4
DA:256,4
DA:261,4
DA:265,4
DA:266,0
DA:267,4
DA:268,0
DA:269,4
DA:271,4
DA:272,4
DA:273,4
DA:274,4
DA:275,4
DA:277,0
DA:280,0
DA:281,0
DA:282,0
DA:283,0
DA:284,0
DA:285,0
DA:286,0
DA:288,0
DA:290,4
DA:291,4
DA:300,4
DA:301,4
DA:302,4
DA:303,4
DA:304,4
DA:305,4
DA:306,4
DA:307,4
end_of_record
SF:/usr/include/boost/date_time/c_time.hpp
FN:57,_ZN5boost9date_time6c_time9localtimeEPKlP2tm
FNDA:4,_ZN5boost9date_time6c_time9localtimeEPKlP2tm
DA:57,4
DA:67,4
DA:69,4
DA:70,0
DA:71,4
end_of_record
SF:/usr/include/c++/9/tuple
FN:76,_ZNSt10_Head_baseILm1ESt14default_deleteIN5boost6system6detail12std_categoryEELb1EEC2Ev
FNDA:0,_ZNSt10_Head_baseILm1ESt14default_deleteIN5boost6system6detail12std_categoryEELb1EEC2Ev
FN:86,_ZNSt10_Head_baseILm1ESt14default_deleteIN5boost6system6detail12std_categoryEELb1EEC2IS5_EEOT_
FNDA:0,_ZNSt10_Head_baseILm1ESt14default_deleteIN5boost6system6detail12std_categoryEELb1EEC2IS5_EEOT_
FN:113,_ZNSt10_Head_baseILm1ESt14default_deleteIN5boost6system6detail12std_categoryEELb1EE7_M_headERS6_
FNDA:0,_ZNSt10_Head_baseILm1ESt14default_deleteIN5boost6system6detail12std_categoryEELb1EE7_M_headERS6_
FN:122,_ZNSt10_Head_baseILm0EPN5boost6system6detail12std_categoryELb0EEC2Ev
FNDA:0,_ZNSt10_Head_baseILm0EPN5boost6system6detail12std_categoryELb0EEC2Ev
FN:132,_ZNSt10_Head_baseILm0EPN5boost6system6detail12std_categoryELb0EEC2IRS4_EEOT_
FNDA:0,_ZNSt10_Head_baseILm0EPN5boost6system6detail12std_categoryELb0EEC2IRS4_EEOT_
FN:160,_ZNSt10_Head_baseILm0EPN5boost6system6detail12std_categoryELb0EE7_M_headERS5_
FNDA:0,_ZNSt10_Head_baseILm0EPN5boost6system6detail12std_categoryELb0EE7_M_headERS5_
FN:163,_ZNSt10_Head_baseILm0EPN5boost6system6detail12std_categoryELb0EE7_M_headERKS5_
FNDA:0,_ZNSt10_Head_baseILm0EPN5boost6system6detail12std_categoryELb0EE7_M_headERKS5_
FN:195,_ZNSt11_Tuple_implILm0EJPN5boost6system6detail12std_categoryESt14default_deleteIS3_EEE7_M_headERS7_
FNDA:0,_ZNSt11_Tuple_implILm0EJPN5boost6system6detail12std_categoryESt14default_deleteIS3_EEE7_M_headERS7_
FN:198,_ZNSt11_Tuple_implILm0EJPN5boost6system6detail12std_categoryESt14default_deleteIS3_EEE7_M_headERKS7_
FNDA:0,_ZNSt11_Tuple_implILm0EJPN5boost6system6detail12std_categoryESt14default_deleteIS3_EEE7_M_headERKS7_
FN:206,_ZNSt11_Tuple_implILm0EJPN5boost6system6detail12std_categoryESt14default_deleteIS3_EEEC2Ev
FNDA:0,_ZNSt11_Tuple_implILm0EJPN5boost6system6detail12std_categoryESt14default_deleteIS3_EEEC2Ev
FN:216,_ZNSt11_Tuple_implILm0EJPN5boost6system6detail12std_categoryESt14default_deleteIS3_EEEC2IRS4_JS6_EvEEOT_DpOT0_
FNDA:0,_ZNSt11_Tuple_implILm0EJPN5boost6system6detail12std_categoryESt14default_deleteIS3_EEEC2IRS4_JS6_EvEEOT_DpOT0_
FN:334,_ZNSt11_Tuple_implILm1EJSt14default_deleteIN5boost6system6detail12std_categoryEEEE7_M_headERS6_
FNDA:0,_ZNSt11_Tuple_implILm1EJSt14default_deleteIN5boost6system6detail12std_categoryEEEE7_M_headERS6_
FN:339,_ZNSt11_Tuple_implILm1EJSt14default_deleteIN5boost6system6detail12std_categoryEEEEC2Ev
FNDA:0,_ZNSt11_Tuple_implILm1EJSt14default_deleteIN5boost6system6detail12std_categoryEEEEC2Ev
FN:348,_ZNSt11_Tuple_implILm1EJSt14default_deleteIN5boost6system6detail12std_categoryEEEEC2IS5_EEOT_
FNDA:0,_ZNSt11_Tuple_implILm1EJSt14default_deleteIN5boost6system6detail12std_categoryEEEEC2IS5_EEOT_
FN:918,_ZNSt5tupleIJPN5boost6system6detail12std_categoryESt14default_deleteIS3_EEEC2IS4_S6_Lb1EEEv
FNDA:0,_ZNSt5tupleIJPN5boost6system6detail12std_categoryESt14default_deleteIS3_EEEC2IS4_S6_Lb1EEEv
FN:968,_ZNSt5tupleIJPN5boost6system6detail12std_categoryESt14default_deleteIS3_EEEC2IRS4_S6_Lb1EEEOT_OT0_
FNDA:0,_ZNSt5tupleIJPN5boost6system6detail12std_categoryESt14default_deleteIS3_EEEC2IRS4_S6_Lb1EEEOT_OT0_
FN:1309,_ZSt12__get_helperILm0EPN5boost6system6detail12std_categoryEJSt14default_deleteIS3_EEERT0_RSt11_Tuple_implIXT_EJS7_DpT1_EE
FNDA:0,_ZSt12__get_helperILm0EPN5boost6system6detail12std_categoryEJSt14default_deleteIS3_EEERT0_RSt11_Tuple_implIXT_EJS7_DpT1_EE
FN:1309,_ZSt12__get_helperILm1ESt14default_deleteIN5boost6system6detail12std_categoryEEJEERT0_RSt11_Tuple_implIXT_EJS6_DpT1_EE
FNDA:0,_ZSt12__get_helperILm1ESt14default_deleteIN5boost6system6detail12std_categoryEEJEERT0_RSt11_Tuple_implIXT_EJS6_DpT1_EE
FN:1314,_ZSt12__get_helperILm0EPN5boost6system6detail12std_categoryEJSt14default_deleteIS3_EEERKT0_RKSt11_Tuple_implIXT_EJS7_DpT1_EE
FNDA:0,_ZSt12__get_helperILm0EPN5boost6system6detail12std_categoryEJSt14default_deleteIS3_EEERKT0_RKSt11_Tuple_implIXT_EJS7_DpT1_EE
FN:1320,_ZSt3getILm1EJPN5boost6system6detail12std_categoryESt14default_deleteIS3_EEERNSt13tuple_elementIXT_ESt5tupleIJDpT0_EEE4typeERSB_
FNDA:0,_ZSt3getILm1EJPN5boost6system6detail12std_categoryESt14default_deleteIS3_EEERNSt13tuple_elementIXT_ESt5tupleIJDpT0_EEE4typeERSB_
FN:1320,_ZSt3getILm0EJPN5boost6system6detail12std_categoryESt14default_deleteIS3_EEERNSt13tuple_elementIXT_ESt5tupleIJDpT0_EEE4typeERSB_
FNDA:0,_ZSt3getILm0EJPN5boost6system6detail12std_categoryESt14default_deleteIS3_EEERNSt13tuple_elementIXT_ESt5tupleIJDpT0_EEE4typeERSB_
FN:1326,_ZSt3getILm0EJPN5boost6system6detail12std_categoryESt14default_deleteIS3_EEERKNSt13tuple_elementIXT_ESt5tupleIJDpT0_EEE4typeERKSB_
FNDA:0,_ZSt3getILm0EJPN5boost6system6detail12std_categoryESt14default_deleteIS3_EEERKNSt13tuple_elementIXT_ESt5tupleIJDpT0_EEE4typeERKSB_
DA:76,0
DA:77,0
DA:86,0
DA:87,0
DA:113,0
DA:122,0
DA:123,0
DA:132,0
DA:133,0
DA:160,0
DA:163,0
DA:195,0
DA:198,0
DA:206,0
DA:207,0
DA:216,0
DA:218,0
DA:334,0
DA:339,0
DA:340,0
DA:348,0
DA:349,0
DA:918,0
DA:919,0
DA:968,0
DA:969,0
DA:1309,0
DA:1310,0
DA:1309,0
DA:1310,0
DA:1314,0
DA:1315,0
DA:1320,0
DA:1321,0
DA:1320,0
DA:1321,0
DA:1326,0
DA:1327,0
end_of_record
SF:/usr/include/boost/log/expressions/attr.hpp
FN:97,_ZN5boost3log12v2s_mt_posix11expressions18attribute_terminalINS1_7trivial14severity_levelENS1_16fallback_to_noneENS4_3tag8severityEEC2ERKNS1_14attribute_nameE
FNDA:2,_ZN5boost3log12v2s_mt_posix11expressions18attribute_terminalINS1_7trivial14severity_levelENS1_16fallback_to_noneENS4_3tag8severityEEC2ERKNS1_14attribute_nameE
FN:140,_ZNK5boost3log12v2s_mt_posix11expressions18attribute_terminalINS1_7trivial14severity_levelENS1_16fallback_to_noneENS4_3tag8severityEEclINS_7phoenix7vector2IRNSC_IPKNSB_5actorINS_5proto7exprns_10basic_exprINSE_6tagns_3tag13greater_equalENSE_7argsns_5list2INS2_15attribute_actorIS5_S6_S8_SD_EENSD_INSG_INSI_8terminalENSK_4termIS5_EELl0EEEEEEELl2EEEEERKNS1_19attribute_value_setEEERKNSB_15default_actionsEEEEENS9_6resultIFKS9_RKT_EE4typeES1B_
FNDA:4,_ZNK5boost3log12v2s_mt_posix11expressions18attribute_terminalINS1_7trivial14severity_levelENS1_16fallback_to_noneENS4_3tag8severityEEclINS_7phoenix7vector2IRNSC_IPKNSB_5actorINS_5proto7exprns_10basic_exprINSE_6tagns_3tag13greater_equalENSE_7argsns_5list2INS2_15attribute_actorIS5_S6_S8_SD_EENSD_INSG_INSI_8terminalENSK_4termIS5_EELl0EEEEEEELl2EEEEERKNS1_19attribute_value_setEEERKNSB_15default_actionsEEEEENS9_6resultIFKS9_RKT_EE4typeES1B_
FN:170,_ZN5boost3log12v2s_mt_posix11expressions15attribute_actorINS1_7trivial14severity_levelENS1_16fallback_to_noneENS4_3tag8severityENS_7phoenix5actorEEC2ERKNSA_INS2_18attribute_terminalIS5_S6_S8_EEEE
FNDA:2,_ZN5boost3log12v2s_mt_posix11expressions15attribute_actorINS1_7trivial14severity_levelENS1_16fallback_to_noneENS4_3tag8severityENS_7phoenix5actorEEC2ERKNSA_INS2_18attribute_terminalIS5_S6_S8_EEEE
DA:97,2
DA:99,2
DA:140,4
DA:142,8
DA:170,2
DA:172,2
end_of_record
SF:/usr/include/boost/date_time/time_duration.hpp
FN:60,_ZN5boost9date_time13time_durationINS_10posix_time13time_durationENS0_22time_resolution_traitsINS0_37time_resolution_traits_adapted64_implELNS0_16time_resolutionsE5ELl1000000ELt6ElEEEC2Ellll
FNDA:4,_ZN5boost9date_time13time_durationINS_10posix_time13time_durationENS0_22time_resolution_traitsINS0_37time_resolution_traits_adapted64_implELNS0_16time_resolutionsE5ELl1000000ELt6ElEEEC2Ellll
FN:68,_ZN5boost9date_time13time_durationINS_10posix_time13time_durationENS0_22time_resolution_traitsINS0_37time_resolution_traits_adapted64_implELNS0_16time_resolutionsE5ELl1000000ELt6ElEEEC2ERKS8_
FNDA:4,_ZN5boost9date_time13time_durationINS_10posix_time13time_durationENS0_22time_resolution_traitsINS0_37time_resolution_traits_adapted64_implELNS0_16time_resolutionsE5ELl1000000ELt6ElEEEC2ERKS8_
FN:202,_ZNK5boost9date_time13time_durationINS_10posix_time13time_durationENS0_22time_resolution_traitsINS0_37time_resolution_traits_adapted64_implELNS0_16time_resolutionsE5ELl1000000ELt6ElEEE5ticksEv
FNDA:6,_ZNK5boost9date_time13time_durationINS_10posix_time13time_durationENS0_22time_resolution_traitsINS0_37time_resolution_traits_adapted64_implELNS0_16time_resolutionsE5ELl1000000ELt6ElEEE5ticksEv
FN:208,_ZNK5boost9date_time13time_durationINS_10posix_time13time_durationENS0_22time_resolution_traitsINS0_37time_resolution_traits_adapted64_implELNS0_16time_resolutionsE5ELl1000000ELt6ElEEE10is_specialEv
FNDA:6,_ZNK5boost9date_time13time_durationINS_10posix_time13time_durationENS0_22time_resolution_traitsINS0_37time_resolution_traits_adapted64_implELNS0_16time_resolutionsE5ELl1000000ELt6ElEEE10is_specialEv
FN:253,_ZNK5boost9date_time13time_durationINS_10posix_time13time_durationENS0_22time_resolution_traitsINS0_37time_resolution_traits_adapted64_implELNS0_16time_resolutionsE5ELl1000000ELt6ElEEE7get_repEv
FNDA:2,_ZNK5boost9date_time13time_durationINS_10posix_time13time_durationENS0_22time_resolution_traitsINS0_37time_resolution_traits_adapted64_implELNS0_16time_resolutionsE5ELl1000000ELt6ElEEE7get_repEv
DA:60,4
DA:64,4
DA:65,4
DA:68,4
DA:69,4
DA:70,4
DA:202,6
DA:204,6
DA:208,6
DA:210,6
DA:212,6
DA:215,0
DA:253,2
DA:255,2
end_of_record
SF:/usr/include/boost/log/attributes/attribute.hpp
FN:75,_ZN5boost3log12v2s_mt_posix9attribute4implD0Ev
FNDA:0,_ZN5boost3log12v2s_mt_posix9attribute4implD0Ev
FN:75,_ZN5boost3log12v2s_mt_posix9attribute4implD2Ev
FNDA:18,_ZN5boost3log12v2s_mt_posix9attribute4implD2Ev
FN:113,_ZN5boost3log12v2s_mt_posix9attributeC2ENS_13intrusive_ptrINS2_4implEEE
FNDA:10,_ZN5boost3log12v2s_mt_posix9attributeC2ENS_13intrusive_ptrINS2_4implEEE
DA:75,0
DA:75,18
DA:113,10
end_of_record
SF:/usr/include/c++/9/system_error
FN:77,_ZNSt3_V214error_categoryC2Ev
FNDA:0,_ZNSt3_V214error_categoryC2Ev
FN:125,_ZNKSt3_V214error_categoryeqERKS0_
FNDA:0,_ZNKSt3_V214error_categoryeqERKS0_
FN:178,_ZNKSt10error_code5valueEv
FNDA:0,_ZNKSt10error_code5valueEv
FN:181,_ZNKSt10error_code8categoryEv
FNDA:0,_ZNKSt10error_code8categoryEv
FN:229,_ZNSt15error_conditionC2EiRKNSt3_V214error_categoryE
FNDA:0,_ZNSt15error_conditionC2EiRKNSt3_V214error_categoryE
FN:257,_ZNKSt15error_condition5valueEv
FNDA:0,_ZNKSt15error_condition5valueEv
FN:260,_ZNKSt15error_condition8categoryEv
FNDA:0,_ZNKSt15error_condition8categoryEv
FN:311,_ZSteqRKSt15error_conditionS1_
FNDA:0,_ZSteqRKSt15error_conditionS1_
DA:77,0
DA:125,0
DA:126,0
DA:178,0
DA:181,0
DA:229,0
DA:230,0
DA:257,0
DA:260,0
DA:311,0
DA:314,0
DA:315,0
end_of_record
SF:/usr/include/boost/log/attributes/time_traits.hpp
FN:67,_ZN5boost3log12v2s_mt_posix10attributes17local_time_traits9get_clockEv
FNDA:4,_ZN5boost3log12v2s_mt_posix10attributes17local_time_traits9get_clockEv
DA:67,4
DA:69,4
end_of_record
SF:/usr/include/boost/type_index/stl_type_index.hpp
FN:89,_ZN5boost9typeindex14stl_type_indexC2Ev
FNDA:0,_ZN5boost9typeindex14stl_type_indexC2Ev
FN:93,_ZN5boost9typeindex14stl_type_indexC2ERKSt9type_info
FNDA:16,_ZN5boost9typeindex14stl_type_indexC2ERKSt9type_info
FN:206,_ZNK5boost9typeindex14stl_type_index5equalERKS1_
FNDA:20,_ZNK5boost9typeindex14stl_type_index5equalERKS1_
FN:214,_ZNK5boost9typeindex14stl_type_index6beforeERKS1_
FNDA:182,_ZNK5boost9typeindex14stl_type_index6beforeERKS1_
FN:226,_ZN5boost9typeindex14stl_type_index7type_idINS_10posix_time5ptimeEEES1_v
FNDA:8,_ZN5boost9typeindex14stl_type_index7type_idINS_10posix_time5ptimeEEES1_v
FN:226,_ZN5boost9typeindex14stl_type_index7type_idIjEES1_v
FNDA:0,_ZN5boost9typeindex14stl_type_index7type_idIjEES1_v
FN:226,_ZN5boost9typeindex14stl_type_index7type_idINS_3log12v2s_mt_posix3aux2idINS5_7processEEEEES1_v
FNDA:0,_ZN5boost9typeindex14stl_type_index7type_idINS_3log12v2s_mt_posix3aux2idINS5_7processEEEEES1_v
FN:226,_ZN5boost9typeindex14stl_type_index7type_idINSt7__cxx1112basic_stringIwSt11char_traitsIwESaIwEEEEES1_v
FNDA:0,_ZN5boost9typeindex14stl_type_index7type_idINSt7__cxx1112basic_stringIwSt11char_traitsIwESaIwEEEEES1_v
FN:226,_ZN5boost9typeindex14stl_type_index7type_idINSt7__cxx1112basic_stringIcSt11char_traitsIcESaIcEEEEES1_v
FNDA:0,_ZN5boost9typeindex14stl_type_index7type_idINSt7__cxx1112basic_stringIcSt11char_traitsIcESaIcEEEEES1_v
FN:226,_ZN5boost9typeindex14stl_type_index7type_idINS_3log12v2s_mt_posix7trivial14severity_levelEEES1_v
FNDA:8,_ZN5boost9typeindex14stl_type_index7type_idINS_3log12v2s_mt_posix7trivial14severity_levelEEES1_v
FN:226,_ZN5boost9typeindex14stl_type_index7type_idINS_3log12v2s_mt_posix3aux2idINS5_6threadEEEEES1_v
FNDA:0,_ZN5boost9typeindex14stl_type_index7type_idINS_3log12v2s_mt_posix3aux2idINS5_6threadEEEEES1_v
DA:89,0
DA:90,0
DA:91,0
DA:93,16
DA:94,16
DA:95,16
DA:206,20
DA:210,20
DA:214,182
DA:218,182
DA:226,8
DA:246,8
DA:226,0
DA:246,0
DA:226,0
DA:246,0
DA:226,0
DA:246,0
DA:226,0
DA:246,0
DA:226,8
DA:246,8
DA:226,0
DA:246,0
end_of_record
SF:/usr/include/c++/9/limits
FN:1132,_ZNSt14numeric_limitsIjE3minEv
FNDA:8,_ZNSt14numeric_limitsIjE3minEv
FN:1135,_ZNSt14numeric_limitsIjE3maxEv
FNDA:16,_ZNSt14numeric_limitsIjE3maxEv
FN:1204,_ZNSt14numeric_limitsIlE3minEv
FNDA:8,_ZNSt14numeric_limitsIlE3minEv
FN:1207,_ZNSt14numeric_limitsIlE3maxEv
FNDA:28,_ZNSt14numeric_limitsIlE3maxEv
FN:1274,_ZNSt14numeric_limitsImE3maxEv
FNDA:6,_ZNSt14numeric_limitsImE3maxEv
DA:1132,8
DA:1135,16
DA:1204,8
DA:1207,28
DA:1274,6
end_of_record
SF:/usr/include/boost/log/utility/setup/common_attributes.hpp
FN:51,_ZN5boost3log12v2s_mt_posix21add_common_attributesEv
FNDA:2,_ZN5boost3log12v2s_mt_posix21add_common_attributesEv
DA:51,2
DA:53,2
DA:54,4
DA:55,2
DA:56,4
DA:57,4
DA:58,2
DA:59,4
DA:60,4
DA:61,2
DA:62,4
DA:64,4
DA:65,2
DA:66,4
DA:68,2
end_of_record
SF:/usr/include/boost/log/sources/record_ostream.hpp
FN:159,_ZN5boost3log12v2s_mt_posix20basic_record_ostreamIcE10get_recordEv
FNDA:4,_ZN5boost3log12v2s_mt_posix20basic_record_ostreamIcE10get_recordEv
FN:389,_ZN5boost3log12v2s_mt_posixlsINS1_20basic_record_ostreamIcEEA2048_cEENS1_3aux38enable_record_ostream_generic_operatorIT_T0_Lb0ERS8_E4typeESA_RS9_
FNDA:4,_ZN5boost3log12v2s_mt_posixlsINS1_20basic_record_ostreamIcEEA2048_cEENS1_3aux38enable_record_ostream_generic_operatorIT_T0_Lb0ERS8_E4typeESA_RS9_
FN:389,_ZN5boost3log12v2s_mt_posixlsINS1_20basic_record_ostreamIcEENSt7__cxx1112basic_stringIcSt11char_traitsIcESaIcEEEEENS1_3aux38enable_record_ostream_generic_operatorIT_T0_Lb0ERSD_E4typeESF_RSE_
FNDA:8,_ZN5boost3log12v2s_mt_posixlsINS1_20basic_record_ostreamIcEENSt7__cxx1112basic_stringIcSt11char_traitsIcESaIcEEEEENS1_3aux38enable_record_ostream_generic_operatorIT_T0_Lb0ERSD_E4typeESF_RSE_
FN:492,_ZN5boost3log12v2s_mt_posix3aux11record_pumpINS1_7sources18severity_logger_mtINS1_7trivial14severity_levelEEEE12auto_releaseC2EPNS2_15stream_providerIcE15stream_compoundE
FNDA:4,_ZN5boost3log12v2s_mt_posix3aux11record_pumpINS1_7sources18severity_logger_mtINS1_7trivial14severity_levelEEEE12auto_releaseC2EPNS2_15stream_providerIcE15stream_compoundE
FN:493,_ZN5boost3log12v2s_mt_posix3aux11record_pumpINS1_7sources18severity_logger_mtINS1_7trivial14severity_levelEEEE12auto_releaseD2Ev
FNDA:4,_ZN5boost3log12v2s_mt_posix3aux11record_pumpINS1_7sources18severity_logger_mtINS1_7trivial14severity_levelEEEE12auto_releaseD2Ev
FN:506,_ZN5boost3log12v2s_mt_posix3aux11record_pumpINS1_7sources18severity_logger_mtINS1_7trivial14severity_levelEEEEC2ERS8_RNS1_6recordE
FNDA:4,_ZN5boost3log12v2s_mt_posix3aux11record_pumpINS1_7sources18severity_logger_mtINS1_7trivial14severity_levelEEEEC2ERS8_RNS1_6recordE
FN:522,_ZN5boost3log12v2s_mt_posix3aux11record_pumpINS1_7sources18severity_logger_mtINS1_7trivial14severity_levelEEEED2Ev
FNDA:4,_ZN5boost3log12v2s_mt_posix3aux11record_pumpINS1_7sources18severity_logger_mtINS1_7trivial14severity_levelEEEED2Ev
FN:534,_ZNK5boost3log12v2s_mt_posix3aux11record_pumpINS1_7sources18severity_logger_mtINS1_7trivial14severity_levelEEEE6streamEv
FNDA:4,_ZNK5boost3log12v2s_mt_posix3aux11record_pumpINS1_7sources18severity_logger_mtINS1_7trivial14severity_levelEEEE6streamEv
DA:159,4
DA:161,4
DA:162,4
DA:163,4
DA:389,4
DA:392,4
DA:393,4
DA:389,8
DA:392,8
DA:393,8
DA:492,4
DA:493,4
DA:506,4
DA:507,4
DA:508,8
DA:509,4
DA:511,4
DA:522,4
DA:524,4
DA:526,8
DA:528,4
DA:529,8
DA:531,4
DA:534,4
DA:536,4
DA:537,4
DA:544,4
end_of_record
SF:/usr/include/c++/9/ext/type_traits.h
FN:152,_ZN9__gnu_cxx17__is_null_pointerIcEEbPT_
FNDA:0,_ZN9__gnu_cxx17__is_null_pointerIcEEbPT_
FN:152,_ZN9__gnu_cxx17__is_null_pointerIKcEEbPT_
FNDA:0,_ZN9__gnu_cxx17__is_null_pointerIKcEEbPT_
DA:152,0
DA:153,0
DA:152,0
DA:153,0
end_of_record
SF:/usr/include/c++/9/bits/ios_base.h
FN:83,_ZStanSt13_Ios_FmtflagsS_
FNDA:16,_ZStanSt13_Ios_FmtflagsS_
FN:87,_ZStorSt13_Ios_FmtflagsS_
FNDA:28,_ZStorSt13_Ios_FmtflagsS_
FN:91,_ZSteoSt13_Ios_FmtflagsS_
FNDA:0,_ZSteoSt13_Ios_FmtflagsS_
FN:95,_ZStcoSt13_Ios_Fmtflags
FNDA:8,_ZStcoSt13_Ios_Fmtflags
FN:99,_ZStoRRSt13_Ios_FmtflagsS_
FNDA:8,_ZStoRRSt13_Ios_FmtflagsS_
FN:103,_ZStaNRSt13_Ios_FmtflagsS_
FNDA:4,_ZStaNRSt13_Ios_FmtflagsS_
FN:125,_ZStanSt13_Ios_OpenmodeS_
FNDA:16,_ZStanSt13_Ios_OpenmodeS_
FN:129,_ZStorSt13_Ios_OpenmodeS_
FNDA:6,_ZStorSt13_Ios_OpenmodeS_
FN:169,_ZStorSt12_Ios_IostateS_
FNDA:4,_ZStorSt12_Ios_IostateS_
FN:631,_ZNKSt8ios_base5flagsEv
FNDA:4,_ZNKSt8ios_base5flagsEv
FN:642,_ZNSt8ios_base5flagsESt13_Ios_Fmtflags
FNDA:8,_ZNSt8ios_base5flagsESt13_Ios_Fmtflags
FN:710,_ZNSt8ios_base9precisionEl
FNDA:8,_ZNSt8ios_base9precisionEl
FN:724,_ZNKSt8ios_base5widthEv
FNDA:12,_ZNKSt8ios_base5widthEv
FN:733,_ZNSt8ios_base5widthEl
FNDA:16,_ZNSt8ios_base5widthEl
FN:775,_ZNKSt8ios_base6getlocEv
FNDA:0,_ZNKSt8ios_base6getlocEv
DA:83,16
DA:84,16
DA:87,28
DA:88,28
DA:91,0
DA:92,0
DA:95,8
DA:96,8
DA:99,8
DA:100,8
DA:103,4
DA:104,4
DA:125,16
DA:126,16
DA:129,6
DA:130,6
DA:169,4
DA:170,4
DA:631,4
DA:632,4
DA:642,8
DA:644,8
DA:645,8
DA:646,8
DA:710,8
DA:712,8
DA:713,8
DA:714,8
DA:724,12
DA:725,12
DA:733,16
DA:735,16
DA:736,16
DA:737,16
DA:775,0
DA:776,0
end_of_record
SF:/usr/include/c++/9/bits/stl_pair.h
FN:229,_ZNSt4pairIN5boost9typeindex14stl_type_indexEPvEC2IS2_S3_Lb1EEEv
FNDA:0,_ZNSt4pairIN5boost9typeindex14stl_type_indexEPvEC2IS2_S3_Lb1EEEv
FN:304,_ZNSt4pairIKPKN5boost6system14error_categoryESt10unique_ptrINS1_6detail12std_categoryESt14default_deleteIS8_EEEC2EOSC_
FNDA:0,_ZNSt4pairIKPKN5boost6system14error_categoryESt10unique_ptrINS1_6detail12std_categoryESt14default_deleteIS8_EEEC2EOSC_
FN:311,_ZNSt4pairIPSt18_Rb_tree_node_baseS1_EC2IRS1_Lb1EEEOT_RKS1_
FNDA:0,_ZNSt4pairIPSt18_Rb_tree_node_baseS1_EC2IRS1_Lb1EEEOT_RKS1_
FN:341,_ZNSt4pairIPSt18_Rb_tree_node_baseS1_EC2IRPSt13_Rb_tree_nodeIS_IKPKN5boost6system14error_categoryESt10unique_ptrINS6_6detail12std_categoryESt14default_deleteISD_EEEERS1_Lb1EEEOT_OT0_
FNDA:0,_ZNSt4pairIPSt18_Rb_tree_node_baseS1_EC2IRPSt13_Rb_tree_nodeIS_IKPKN5boost6system14error_categoryESt10unique_ptrINS6_6detail12std_categoryESt14default_deleteISD_EEEERS1_Lb1EEEOT_OT0_
FN:341,_ZNSt4pairISt17_Rb_tree_iteratorIS_IKPKN5boost6system14error_categoryESt10unique_ptrINS2_6detail12std_categoryESt14default_deleteIS9_EEEEbEC2ISE_bLb1EEEOT_OT0_
FNDA:0,_ZNSt4pairISt17_Rb_tree_iteratorIS_IKPKN5boost6system14error_categoryESt10unique_ptrINS2_6detail12std_categoryESt14default_deleteIS9_EEEEbEC2ISE_bLb1EEEOT_OT0_
FN:341,_ZNSt4pairIN5boost9typeindex14stl_type_indexEPvEC2IRS2_S3_Lb1EEEOT_OT0_
FNDA:16,_ZNSt4pairIN5boost9typeindex14stl_type_indexEPvEC2IRS2_S3_Lb1EEEOT_OT0_
FN:341,_ZNSt4pairIKPKN5boost6system14error_categoryESt10unique_ptrINS1_6detail12std_categoryESt14default_deleteIS8_EEEC2IS4_SB_Lb1EEEOT_OT0_
FNDA:0,_ZNSt4pairIKPKN5boost6system14error_categoryESt10unique_ptrINS1_6detail12std_categoryESt14default_deleteIS8_EEEC2IS4_SB_Lb1EEEOT_OT0_
FN:389,_ZNSt4pairIN5boost9typeindex14stl_type_indexEPvEaSEOS4_
FNDA:59,_ZNSt4pairIN5boost9typeindex14stl_type_indexEPvEaSEOS4_
FN:424,_ZNSt4pairIN5boost9typeindex14stl_type_indexEPvE4swapERS4_
FNDA:24,_ZNSt4pairIN5boost9typeindex14stl_type_indexEPvE4swapERS4_
FN:495,_ZSt4swapIN5boost9typeindex14stl_type_indexEPvENSt9enable_ifIXsrSt6__and_IJSt14__is_swappableIT_ES6_IT0_EEE5valueEvE4typeERSt4pairIS7_S9_ESG_
FNDA:24,_ZSt4swapIN5boost9typeindex14stl_type_indexEPvENSt9enable_ifIXsrSt6__and_IJSt14__is_swappableIT_ES6_IT0_EEE5valueEvE4typeERSt4pairIS7_S9_ESG_
DA:229,0
DA:230,0
DA:304,0
DA:311,0
DA:312,0
DA:341,0
DA:342,0
DA:341,0
DA:342,0
DA:341,16
DA:342,16
DA:341,0
DA:342,0
DA:389,59
DA:396,59
DA:397,59
DA:398,59
DA:424,24
DA:429,24
DA:430,24
DA:431,24
DA:495,24
DA:497,24
end_of_record
SF:/usr/include/boost/smart_ptr/intrusive_ref_counter.hpp
FN:80,_ZN5boost12sp_adl_block19thread_safe_counter9incrementERNS_6detail12atomic_countE
FNDA:18,_ZN5boost12sp_adl_block19thread_safe_counter9incrementERNS_6detail12atomic_countE
FN:85,_ZN5boost12sp_adl_block19thread_safe_counter9decrementERNS_6detail12atomic_countE
FNDA:10,_ZN5boost12sp_adl_block19thread_safe_counter9decrementERNS_6detail12atomic_countE
FN:125,_ZN5boost12sp_adl_block21intrusive_ref_counterINS_3log12v2s_mt_posix9attribute4implENS0_19thread_safe_counterEEC2Ev
FNDA:18,_ZN5boost12sp_adl_block21intrusive_ref_counterINS_3log12v2s_mt_posix9attribute4implENS0_19thread_safe_counterEEC2Ev
FN:164,_ZN5boost12sp_adl_block21intrusive_ptr_add_refINS_3log12v2s_mt_posix9attribute4implENS0_19thread_safe_counterEEEvPKNS0_21intrusive_ref_counterIT_T0_EE
FNDA:18,_ZN5boost12sp_adl_block21intrusive_ptr_add_refINS_3log12v2s_mt_posix9attribute4implENS0_19thread_safe_counterEEEvPKNS0_21intrusive_ref_counterIT_T0_EE
FN:170,_ZN5boost12sp_adl_block21intrusive_ptr_releaseINS_3log12v2s_mt_posix9attribute4implENS0_19thread_safe_counterEEEvPKNS0_21intrusive_ref_counterIT_T0_EE
FNDA:10,_ZN5boost12sp_adl_block21intrusive_ptr_releaseINS_3log12v2s_mt_posix9attribute4implENS0_19thread_safe_counterEEEvPKNS0_21intrusive_ref_counterIT_T0_EE
DA:80,18
DA:82,18
DA:83,18
DA:85,10
DA:87,10
DA:125,18
DA:127,18
DA:164,18
DA:166,18
DA:167,18
DA:170,10
DA:172,10
DA:173,4
DA:174,10
end_of_record
SF:/usr/include/boost/proto/transform/call.hpp
DA:181,2
DA:182,6
DA:183,8
DA:255,0
DA:256,8
DA:257,8
DA:258,8
end_of_record
SF:/usr/include/boost/date_time/int_adapter.hpp
FN:49,_ZN5boost9date_time11int_adapterIjEC2Ej
FNDA:26,_ZN5boost9date_time11int_adapterIjEC2Ej
FN:49,_ZN5boost9date_time11int_adapterIlEC2El
FNDA:46,_ZN5boost9date_time11int_adapterIlEC2El
FN:56,_ZN5boost9date_time11int_adapterIjE12pos_infinityEv
FNDA:8,_ZN5boost9date_time11int_adapterIjE12pos_infinityEv
FN:56,_ZN5boost9date_time11int_adapterIlE12pos_infinityEv
FNDA:8,_ZN5boost9date_time11int_adapterIlE12pos_infinityEv
FN:60,_ZN5boost9date_time11int_adapterIlE12neg_infinityEv
FNDA:8,_ZN5boost9date_time11int_adapterIlE12neg_infinityEv
FN:60,_ZN5boost9date_time11int_adapterIjE12neg_infinityEv
FNDA:8,_ZN5boost9date_time11int_adapterIjE12neg_infinityEv
FN:64,_ZN5boost9date_time11int_adapterIlE12not_a_numberEv
FNDA:12,_ZN5boost9date_time11int_adapterIlE12not_a_numberEv
FN:64,_ZN5boost9date_time11int_adapterIjE12not_a_numberEv
FNDA:8,_ZN5boost9date_time11int_adapterIjE12not_a_numberEv
FN:87,_ZN5boost9date_time11int_adapterIjE6is_infEj
FNDA:8,_ZN5boost9date_time11int_adapterIjE6is_infEj
FN:92,_ZN5boost9date_time11int_adapterIlE10is_neg_infEl
FNDA:0,_ZN5boost9date_time11int_adapterIlE10is_neg_infEl
FN:92,_ZN5boost9date_time11int_adapterIjE10is_neg_infEj
FNDA:0,_ZN5boost9date_time11int_adapterIjE10is_neg_infEj
FN:96,_ZN5boost9date_time11int_adapterIlE10is_pos_infEl
FNDA:0,_ZN5boost9date_time11int_adapterIlE10is_pos_infEl
FN:96,_ZN5boost9date_time11int_adapterIjE10is_pos_infEj
FNDA:0,_ZN5boost9date_time11int_adapterIjE10is_pos_infEj
FN:100,_ZN5boost9date_time11int_adapterIjE15is_not_a_numberEj
FNDA:8,_ZN5boost9date_time11int_adapterIjE15is_not_a_numberEj
FN:118,_ZNK5boost9date_time11int_adapterIlE11is_infinityEv
FNDA:8,_ZNK5boost9date_time11int_adapterIlE11is_infinityEv
FN:118,_ZNK5boost9date_time11int_adapterIjE11is_infinityEv
FNDA:0,_ZNK5boost9date_time11int_adapterIjE11is_infinityEv
FN:131,_ZNK5boost9date_time11int_adapterIlE6is_nanEv
FNDA:10,_ZNK5boost9date_time11int_adapterIlE6is_nanEv
FN:131,_ZNK5boost9date_time11int_adapterIjE6is_nanEv
FNDA:0,_ZNK5boost9date_time11int_adapterIjE6is_nanEv
FN:135,_ZNK5boost9date_time11int_adapterIjE10is_specialEv
FNDA:0,_ZNK5boost9date_time11int_adapterIjE10is_specialEv
FN:135,_ZNK5boost9date_time11int_adapterIlE10is_specialEv
FNDA:8,_ZNK5boost9date_time11int_adapterIlE10is_specialEv
FN:189,_ZNK5boost9date_time11int_adapterIjE9as_numberEv
FNDA:24,_ZNK5boost9date_time11int_adapterIjE9as_numberEv
FN:189,_ZNK5boost9date_time11int_adapterIlE9as_numberEv
FNDA:32,_ZNK5boost9date_time11int_adapterIlE9as_numberEv
FN:208,_ZNK5boost9date_time11int_adapterIlEplIjEES2_RKNS1_IT_EE
FNDA:2,_ZNK5boost9date_time11int_adapterIlEplIjEES2_RKNS1_IT_EE
DA:49,26
DA:50,26
DA:51,26
DA:49,46
DA:50,46
DA:51,46
DA:56,8
DA:58,8
DA:56,8
DA:58,8
DA:60,8
DA:62,8
DA:60,8
DA:62,8
DA:64,12
DA:66,12
DA:64,8
DA:66,8
DA:87,8
DA:89,16
DA:90,16
DA:92,0
DA:94,0
DA:92,0
DA:94,0
DA:96,0
DA:98,0
DA:96,0
DA:98,0
DA:100,8
DA:102,8
DA:118,0
DA:120,0
DA:121,0
DA:118,8
DA:120,16
DA:121,16
DA:131,0
DA:133,0
DA:131,10
DA:133,10
DA:135,0
DA:137,0
DA:135,8
DA:137,8
DA:189,24
DA:191,24
DA:189,32
DA:191,32
DA:208,2
DA:210,2
DA:212,2
DA:214,2
DA:216,0
DA:217,0
DA:219,0
DA:221,0
DA:223,0
DA:225,0
DA:227,0
DA:229,0
DA:231,0
DA:234,0
end_of_record
SF:/usr/include/boost/log/attributes/fallback_policy.hpp
FN:45,_ZN5boost3log12v2s_mt_posix16fallback_to_none13apply_defaultINS1_3aux21value_ref_initializerINS1_9value_refINS1_7trivial14severity_levelENS7_3tag8severityEEEEEEEbRT_
FNDA:0,_ZN5boost3log12v2s_mt_posix16fallback_to_none13apply_defaultINS1_3aux21value_ref_initializerINS1_9value_refINS1_7trivial14severity_levelENS7_3tag8severityEEEEEEEbRT_
FN:45,_ZN5boost3log12v2s_mt_posix16fallback_to_none13apply_defaultINS1_9binder1stINS1_10output_funERNS1_11expressions3aux10stream_refINS1_24basic_formatting_ostreamIcSt11char_traitsIcESaIcEEEEEEEEEbRT_
FNDA:0,_ZN5boost3log12v2s_mt_posix16fallback_to_none13apply_defaultINS1_9binder1stINS1_10output_funERNS1_11expressions3aux10stream_refINS1_24basic_formatting_ostreamIcSt11char_traitsIcESaIcEEEEEEEEEbRT_
FN:62,_ZN5boost3log12v2s_mt_posix16fallback_to_none15on_invalid_typeERKNS_9typeindex14stl_type_indexE
FNDA:0,_ZN5boost3log12v2s_mt_posix16fallback_to_none15on_invalid_typeERKNS_9typeindex14stl_type_indexE
FN:69,_ZN5boost3log12v2s_mt_posix16fallback_to_none16on_missing_valueEv
FNDA:0,_ZN5boost3log12v2s_mt_posix16fallback_to_none16on_missing_valueEv
DA:45,0
DA:47,0
DA:45,0
DA:47,0
DA:62,0
DA:64,0
DA:69,0
DA:71,0
end_of_record
SF:/usr/include/c++/9/bits/allocator.h
FN:137,_ZNSaImEC2Ev
FNDA:4,_ZNSaImEC2Ev
FN:137,_ZNSaIN5boost2io6detail11format_itemIcSt11char_traitsIcESaIcEEEEC2Ev
FNDA:4,_ZNSaIN5boost2io6detail11format_itemIcSt11char_traitsIcESaIcEEEEC2Ev
FN:137,_ZNSaISt13_Rb_tree_nodeISt4pairIKPKN5boost6system14error_categoryESt10unique_ptrINS2_6detail12std_categoryESt14default_deleteIS9_EEEEEC2Ev
FNDA:0,_ZNSaISt13_Rb_tree_nodeISt4pairIKPKN5boost6system14error_categoryESt10unique_ptrINS2_6detail12std_categoryESt14default_deleteIS9_EEEEEC2Ev
FN:140,_ZNSaIN5boost2io6detail11format_itemIcSt11char_traitsIcESaIcEEEEC2ERKS7_
FNDA:8,_ZNSaIN5boost2io6detail11format_itemIcSt11char_traitsIcESaIcEEEEC2ERKS7_
FN:152,_ZNSaImED2Ev
FNDA:4,_ZNSaImED2Ev
FN:152,_ZNSaIN5boost2io6detail11format_itemIcSt11char_traitsIcESaIcEEEED2Ev
FNDA:12,_ZNSaIN5boost2io6detail11format_itemIcSt11char_traitsIcESaIcEEEED2Ev
FN:152,_ZNSaISt13_Rb_tree_nodeISt4pairIKPKN5boost6system14error_categoryESt10unique_ptrINS2_6detail12std_categoryESt14default_deleteIS9_EEEEED2Ev
FNDA:0,_ZNSaISt13_Rb_tree_nodeISt4pairIKPKN5boost6system14error_categoryESt10unique_ptrINS2_6detail12std_categoryESt14default_deleteIS9_EEEEED2Ev
FN:155,_ZSteqRKSaIcES1_
FNDA:0,_ZSteqRKSaIcES1_
FN:159,_ZStneRKSaIcES1_
FNDA:0,_ZStneRKSaIcES1_
DA:137,4
DA:137,4
DA:137,0
DA:140,8
DA:141,8
DA:152,4
DA:152,12
DA:152,0
DA:155,0
DA:156,0
DA:159,0
DA:160,0
end_of_record
SF:/usr/include/boost/date_time/gregorian/greg_date.hpp
FN:56,_ZN5boost9gregorian4dateC2ENS0_9greg_yearENS0_10greg_monthENS0_8greg_dayE
FNDA:14,_ZN5boost9gregorian4dateC2ENS0_9greg_yearENS0_10greg_monthENS0_8greg_dayE
FN:115,_ZNK5boost9gregorian4date10day_numberEv
FNDA:6,_ZNK5boost9gregorian4date10day_numberEv
DA:56,14
DA:57,14
DA:59,14
DA:60,0
DA:62,14
DA:115,6
DA:117,6
end_of_record
SF:/usr/include/c++/9/atomic
FN:759,_ZNSt6atomicIiEC2Ei
FNDA:46,_ZNSt6atomicIiEC2Ei
DA:759,46
end_of_record
SF:/usr/include/boost/system/detail/system_category_posix.hpp
FN:19,_ZN5boost6system6detail16is_generic_valueEi
FNDA:0,_ZN5boost6system6detail16is_generic_valueEi
FN:116,_ZN5boost6system6detail45system_category_default_error_condition_posixEi
FNDA:0,_ZN5boost6system6detail45system_category_default_error_condition_posixEi
DA:19,0
DA:106,0
DA:108,0
DA:110,0
DA:113,0
DA:116,0
DA:118,0
DA:120,0
DA:124,0
end_of_record
SF:/usr/include/boost/smart_ptr/detail/sp_counted_base_std_atomic.hpp
FN:30,_ZN5boost6detail16atomic_incrementEPSt6atomicIiE
FNDA:20,_ZN5boost6detail16atomic_incrementEPSt6atomicIiE
FN:35,_ZN5boost6detail16atomic_decrementEPSt6atomicIiE
FNDA:71,_ZN5boost6detail16atomic_decrementEPSt6atomicIiE
FN:74,_ZN5boost6detail15sp_counted_baseC2Ev
FNDA:14,_ZN5boost6detail15sp_counted_baseC2Ev
FN:78,_ZN5boost6detail15sp_counted_baseD0Ev
FNDA:0,_ZN5boost6detail15sp_counted_baseD0Ev
FN:78,_ZN5boost6detail15sp_counted_baseD2Ev
FNDA:14,_ZN5boost6detail15sp_counted_baseD2Ev
FN:89,_ZN5boost6detail15sp_counted_base7destroyEv
FNDA:15,_ZN5boost6detail15sp_counted_base7destroyEv
FN:98,_ZN5boost6detail15sp_counted_base12add_ref_copyEv
FNDA:20,_ZN5boost6detail15sp_counted_base12add_ref_copyEv
FN:108,_ZN5boost6detail15sp_counted_base7releaseEv
FNDA:56,_ZN5boost6detail15sp_counted_base7releaseEv
FN:122,_ZN5boost6detail15sp_counted_base12weak_releaseEv
FNDA:15,_ZN5boost6detail15sp_counted_base12weak_releaseEv
DA:30,20
DA:32,20
DA:33,20
DA:35,71
DA:37,142
DA:74,14
DA:76,14
DA:78,0
DA:80,0
DA:78,14
DA:79,14
DA:80,14
DA:89,15
DA:91,15
DA:92,15
DA:98,20
DA:100,20
DA:101,20
DA:108,56
DA:110,56
DA:112,15
DA:113,15
DA:115,56
DA:122,15
DA:124,15
DA:126,15
DA:128,15
end_of_record
SF:/home/yackey/projects/vpgnix/include/logger_interface/logger_interface.h
FN:7,_ZN7ILoggerD0Ev
FNDA:0,_ZN7ILoggerD0Ev
FN:7,_ZN7ILoggerD2Ev
FNDA:2,_ZN7ILoggerD2Ev
DA:7,0
DA:7,2
end_of_record
SF:/usr/include/boost/proto/traits.hpp
DA:1124,8
DA:1153,12
end_of_record
SF:/usr/include/boost/format/format_class.hpp
FN:90,_ZN5boost12basic_formatIcSt11char_traitsIcESaIcEErmERi
FNDA:4,_ZN5boost12basic_formatIcSt11char_traitsIcESaIcEErmERi
DA:90,4
DA:91,4
end_of_record
SF:/usr/include/boost/system/system_error.hpp
FN:33,_ZN5boost6system12system_errorC2ENS0_10error_codeEPKc
FNDA:0,_ZN5boost6system12system_errorC2ENS0_10error_codeEPKc
FN:47,_ZN5boost6system12system_errorD0Ev
FNDA:0,_ZN5boost6system12system_errorD0Ev
FN:47,_ZN5boost6system12system_errorD2Ev
FNDA:0,_ZN5boost6system12system_errorD2Ev
FN:59,_ZNK5boost6system12system_error4whatEv
FNDA:0,_ZNK5boost6system12system_error4whatEv
DA:33,0
DA:34,0
DA:47,0
DA:47,0
DA:59,0
DA:62,0
DA:68,0
DA:69,0
DA:70,0
DA:73,0
DA:76,0
end_of_record
SF:/usr/include/c++/9/bits/std_mutex.h
FN:65,_ZNSt12__mutex_baseC2Ev
FNDA:2,_ZNSt12__mutex_baseC2Ev
FN:91,_ZNSt5mutexC2Ev
FNDA:2,_ZNSt5mutexC2Ev
FN:98,_ZNSt5mutex4lockEv
FNDA:0,_ZNSt5mutex4lockEv
FN:115,_ZNSt5mutex6unlockEv
FNDA:0,_ZNSt5mutex6unlockEv
FN:158,_ZNSt10lock_guardISt5mutexEC2ERS0_
FNDA:0,_ZNSt10lock_guardISt5mutexEC2ERS0_
FN:164,_ZNSt10lock_guardISt5mutexED2Ev
FNDA:0,_ZNSt10lock_guardISt5mutexED2Ev
DA:65,2
DA:91,2
DA:98,0
DA:100,0
DA:103,0
DA:104,0
DA:105,0
DA:115,0
DA:118,0
DA:119,0
DA:158,0
DA:159,0
DA:164,0
DA:165,0
end_of_record
SF:/usr/include/boost/log/attributes/attribute_value.hpp
FN:93,_ZN5boost3log12v2s_mt_posix15attribute_value4impl18detach_from_threadEv
FNDA:0,_ZN5boost3log12v2s_mt_posix15attribute_value4impl18detach_from_threadEv
FN:101,_ZN5boost3log12v2s_mt_posix15attribute_value4impl9get_valueEv
FNDA:0,_ZN5boost3log12v2s_mt_posix15attribute_value4impl9get_valueEv
FN:106,_ZNK5boost3log12v2s_mt_posix15attribute_value4impl8get_typeEv
FNDA:0,_ZNK5boost3log12v2s_mt_posix15attribute_value4impl8get_typeEv
FN:117,_ZN5boost3log12v2s_mt_posix15attribute_valueC2Ev
FNDA:0,_ZN5boost3log12v2s_mt_posix15attribute_valueC2Ev
FN:134,_ZN5boost3log12v2s_mt_posix15attribute_valueC2ENS_13intrusive_ptrINS2_4implEEE
FNDA:8,_ZN5boost3log12v2s_mt_posix15attribute_valueC2ENS_13intrusive_ptrINS2_4implEEE
FN:161,_ZNK5boost3log12v2s_mt_posix15attribute_valuentEv
FNDA:4,_ZNK5boost3log12v2s_mt_posix15attribute_valuentEv
FN:169,_ZNK5boost3log12v2s_mt_posix15attribute_value8get_typeEv
FNDA:0,_ZNK5boost3log12v2s_mt_posix15attribute_value8get_typeEv
FN:197,_ZNK5boost3log12v2s_mt_posix15attribute_value8dispatchERNS1_15type_dispatcherE
FNDA:4,_ZNK5boost3log12v2s_mt_posix15attribute_value8dispatchERNS1_15type_dispatcherE
DA:93,0
DA:95,0
DA:101,0
DA:106,0
DA:117,0
DA:134,8
DA:161,4
DA:169,0
DA:171,0
DA:172,0
DA:174,0
DA:197,4
DA:199,4
DA:200,4
DA:202,0
end_of_record
SF:/usr/include/c++/9/bits/stl_function.h
FN:433,_ZNKSt4lessIPKcEclES1_S1_
FNDA:0,_ZNKSt4lessIPKcEclES1_S1_
FN:433,_ZNKSt4lessIPKN5boost6system14error_categoryEEclES4_S4_
FNDA:0,_ZNKSt4lessIPKN5boost6system14error_categoryEEclES4_S4_
FN:1151,_ZNKSt10_Select1stISt4pairIKPKN5boost6system14error_categoryESt10unique_ptrINS2_6detail12std_categoryESt14default_deleteIS9_EEEEclERSD_
FNDA:0,_ZNKSt10_Select1stISt4pairIKPKN5boost6system14error_categoryESt10unique_ptrINS2_6detail12std_categoryESt14default_deleteIS9_EEEEclERSD_
FN:1155,_ZNKSt10_Select1stISt4pairIKPKN5boost6system14error_categoryESt10unique_ptrINS2_6detail12std_categoryESt14default_deleteIS9_EEEEclERKSD_
FNDA:0,_ZNKSt10_Select1stISt4pairIKPKN5boost6system14error_categoryESt10unique_ptrINS2_6detail12std_categoryESt14default_deleteIS9_EEEEclERKSD_
DA:433,0
DA:443,0
DA:433,0
DA:443,0
DA:1151,0
DA:1152,0
DA:1155,0
DA:1156,0
end_of_record
SF:/usr/include/c++/9/iostream
end_of_record
SF:/usr/include/c++/9/bits/stl_bvector.h
FN:77,_ZNSt14_Bit_referenceC2EPmm
FNDA:0,_ZNSt14_Bit_referenceC2EPmm
FN:86,_ZNKSt14_Bit_referencecvbEv
FNDA:0,_ZNKSt14_Bit_referencecvbEv
FN:90,_ZNSt14_Bit_referenceaSEb
FNDA:0,_ZNSt14_Bit_referenceaSEb
FN:100,_ZNSt14_Bit_referenceaSERKS_
FNDA:0,_ZNSt14_Bit_referenceaSERKS_
FN:148,_ZNSt18_Bit_iterator_baseC2EPmj
FNDA:16,_ZNSt18_Bit_iterator_baseC2EPmj
FN:152,_ZNSt18_Bit_iterator_base10_M_bump_upEv
FNDA:0,_ZNSt18_Bit_iterator_base10_M_bump_upEv
FN:162,_ZNSt18_Bit_iterator_base12_M_bump_downEv
FNDA:0,_ZNSt18_Bit_iterator_base12_M_bump_downEv
FN:172,_ZNSt18_Bit_iterator_base7_M_incrEl
FNDA:0,_ZNSt18_Bit_iterator_base7_M_incrEl
FN:214,_ZStmiRKSt18_Bit_iterator_baseS1_
FNDA:4,_ZStmiRKSt18_Bit_iterator_baseS1_
FN:226,_ZNSt13_Bit_iteratorC2Ev
FNDA:8,_ZNSt13_Bit_iteratorC2Ev
FN:228,_ZNSt13_Bit_iteratorC2EPmj
FNDA:0,_ZNSt13_Bit_iteratorC2EPmj
FN:236,_ZNKSt13_Bit_iteratordeEv
FNDA:0,_ZNKSt13_Bit_iteratordeEv
FN:240,_ZNSt13_Bit_iteratorppEv
FNDA:0,_ZNSt13_Bit_iteratorppEv
FN:255,_ZNSt13_Bit_iteratormmEv
FNDA:0,_ZNSt13_Bit_iteratormmEv
FN:270,_ZNSt13_Bit_iteratorpLEl
FNDA:0,_ZNSt13_Bit_iteratorpLEl
FN:284,_ZNKSt13_Bit_iteratorplEl
FNDA:0,_ZNKSt13_Bit_iteratorplEl
FN:315,_ZNSt19_Bit_const_iteratorC2EPmj
FNDA:4,_ZNSt19_Bit_const_iteratorC2EPmj
FN:318,_ZNSt19_Bit_const_iteratorC2ERKSt13_Bit_iterator
FNDA:4,_ZNSt19_Bit_const_iteratorC2ERKSt13_Bit_iterator
FN:322,_ZNKSt19_Bit_const_iterator13_M_const_castEv
FNDA:0,_ZNKSt19_Bit_const_iterator13_M_const_castEv
FN:326,_ZNKSt19_Bit_const_iteratordeEv
FNDA:0,_ZNKSt19_Bit_const_iteratordeEv
FN:330,_ZNSt19_Bit_const_iteratorppEv
FNDA:0,_ZNSt19_Bit_const_iteratorppEv
FN:397,_ZSt14__fill_bvectorPmjjb
FNDA:0,_ZSt14__fill_bvectorPmjjb
FN:411,_ZSt4fillSt13_Bit_iteratorS_RKb
FNDA:0,_ZSt4fillSt13_Bit_iteratorS_RKb
FN:444,_ZNSt13_Bvector_baseISaIbEE18_Bvector_impl_dataC2Ev
FNDA:4,_ZNSt13_Bvector_baseISaIbEE18_Bvector_impl_dataC2Ev
FN:465,_ZNSt13_Bvector_baseISaIbEE18_Bvector_impl_data8_M_resetEv
FNDA:0,_ZNSt13_Bvector_baseISaIbEE18_Bvector_impl_data8_M_resetEv
FN:476,_ZNSt13_Bvector_baseISaIbEE13_Bvector_implC2Ev
FNDA:4,_ZNSt13_Bvector_baseISaIbEE13_Bvector_implC2Ev
FN:490,_ZNKSt13_Bvector_baseISaIbEE13_Bvector_impl11_M_end_addrEv
FNDA:0,_ZNKSt13_Bvector_baseISaIbEE13_Bvector_impl11_M_end_addrEv
FN:506,_ZNKSt13_Bvector_baseISaIbEE20_M_get_Bit_allocatorEv
FNDA:0,_ZNKSt13_Bvector_baseISaIbEE20_M_get_Bit_allocatorEv
FN:514,_ZNSt13_Bvector_baseISaIbEEC2Ev
FNDA:4,_ZNSt13_Bvector_baseISaIbEEC2Ev
FN:526,_ZNSt13_Bvector_baseISaIbEED2Ev
FNDA:4,_ZNSt13_Bvector_baseISaIbEED2Ev
FN:533,_ZNSt13_Bvector_baseISaIbEE11_M_allocateEm
FNDA:0,_ZNSt13_Bvector_baseISaIbEE11_M_allocateEm
FN:537,_ZNSt13_Bvector_baseISaIbEE13_M_deallocateEv
FNDA:4,_ZNSt13_Bvector_baseISaIbEE13_M_deallocateEv
FN:556,_ZNSt13_Bvector_baseISaIbEE8_S_nwordEm
FNDA:0,_ZNSt13_Bvector_baseISaIbEE8_S_nwordEm
FN:628,_ZNSt6vectorIbSaIbEEC2Ev
FNDA:4,_ZNSt6vectorIbSaIbEEC2Ev
FN:714,_ZNSt6vectorIbSaIbEED2Ev
FNDA:4,_ZNSt6vectorIbSaIbEED2Ev
FN:811,_ZNSt6vectorIbSaIbEE5beginEv
FNDA:0,_ZNSt6vectorIbSaIbEE5beginEv
FN:815,_ZNKSt6vectorIbSaIbEE5beginEv
FNDA:4,_ZNKSt6vectorIbSaIbEE5beginEv
FN:819,_ZNSt6vectorIbSaIbEE3endEv
FNDA:0,_ZNSt6vectorIbSaIbEE3endEv
FN:823,_ZNKSt6vectorIbSaIbEE3endEv
FNDA:4,_ZNKSt6vectorIbSaIbEE3endEv
FN:844,_ZNKSt6vectorIbSaIbEE6cbeginEv
FNDA:0,_ZNKSt6vectorIbSaIbEE6cbeginEv
FN:861,_ZNKSt6vectorIbSaIbEE4sizeEv
FNDA:4,_ZNKSt6vectorIbSaIbEE4sizeEv
FN:865,_ZNKSt6vectorIbSaIbEE8max_sizeEv
FNDA:0,_ZNKSt6vectorIbSaIbEE8max_sizeEv
FN:877,_ZNKSt6vectorIbSaIbEE8capacityEv
FNDA:0,_ZNKSt6vectorIbSaIbEE8capacityEv
FN:886,_ZNSt6vectorIbSaIbEEixEm
FNDA:0,_ZNSt6vectorIbSaIbEEixEm
FN:1022,_ZNSt6vectorIbSaIbEE6insertESt19_Bit_const_iteratormRKb
FNDA:0,_ZNSt6vectorIbSaIbEE6insertESt19_Bit_const_iteratormRKb
FN:1061,_ZNSt6vectorIbSaIbEE6resizeEmb
FNDA:0,_ZNSt6vectorIbSaIbEE6resizeEmb
FN:1111,_ZNSt6vectorIbSaIbEE15_M_copy_alignedESt19_Bit_const_iteratorS2_St13_Bit_iterator
FNDA:0,_ZNSt6vectorIbSaIbEE15_M_copy_alignedESt19_Bit_const_iteratorS2_St13_Bit_iterator
FN:1295,_ZNKSt6vectorIbSaIbEE12_M_check_lenEmPKc
FNDA:0,_ZNKSt6vectorIbSaIbEE12_M_check_lenEmPKc
FN:1305,_ZNSt6vectorIbSaIbEE15_M_erase_at_endESt13_Bit_iterator
FNDA:0,_ZNSt6vectorIbSaIbEE15_M_erase_at_endESt13_Bit_iterator
DA:77,0
DA:78,0
DA:86,0
DA:87,0
DA:90,0
DA:92,0
DA:93,0
DA:95,0
DA:96,0
DA:100,0
DA:101,0
DA:148,16
DA:149,16
DA:152,0
DA:154,0
DA:156,0
DA:157,0
DA:159,0
DA:162,0
DA:164,0
DA:166,0
DA:167,0
DA:169,0
DA:172,0
DA:174,0
DA:175,0
DA:176,0
DA:177,0
DA:179,0
DA:180,0
DA:182,0
DA:183,0
DA:214,4
DA:216,4
DA:217,4
DA:226,8
DA:228,0
DA:229,0
DA:236,0
DA:237,0
DA:240,0
DA:242,0
DA:243,0
DA:255,0
DA:257,0
DA:258,0
DA:270,0
DA:272,0
DA:273,0
DA:284,0
DA:286,0
DA:287,0
DA:315,4
DA:316,4
DA:318,4
DA:319,4
DA:322,0
DA:323,0
DA:326,0
DA:327,0
DA:330,0
DA:332,0
DA:333,0
DA:397,0
DA:400,0
DA:401,0
DA:402,0
DA:404,0
DA:405,0
DA:407,0
DA:408,0
DA:411,0
DA:413,0
DA:415,0
DA:416,0
DA:417,0
DA:419,0
DA:420,0
DA:422,0
DA:423,0
DA:425,0
DA:426,0
DA:427,0
DA:444,4
DA:445,4
DA:446,4
DA:465,0
DA:467,0
DA:468,0
DA:469,0
DA:476,4
DA:478,4
DA:479,4
DA:490,0
DA:492,0
DA:493,0
DA:494,0
DA:506,0
DA:507,0
DA:514,4
DA:526,4
DA:527,4
DA:533,0
DA:534,0
DA:537,4
DA:539,4
DA:541,0
DA:542,0
DA:543,0
DA:545,0
DA:547,4
DA:556,0
DA:557,0
DA:628,4
DA:714,4
DA:811,0
DA:812,0
DA:815,4
DA:816,4
DA:819,0
DA:820,0
DA:823,4
DA:824,4
DA:844,0
DA:845,0
DA:861,4
DA:862,4
DA:865,0
DA:867,0
DA:871,0
DA:873,0
DA:877,0
DA:879,0
DA:886,0
DA:888,0
DA:889,0
DA:1022,0
DA:1024,0
DA:1025,0
DA:1026,0
DA:1061,0
DA:1063,0
DA:1064,0
DA:1066,0
DA:1067,0
DA:1111,0
DA:1114,0
DA:1115,0
DA:1116,0
DA:1295,0
DA:1297,0
DA:1298,0
DA:1300,0
DA:1301,0
DA:1305,0
DA:1306,0
end_of_record
SF:/usr/include/c++/9/bits/char_traits.h
FN:100,_ZN9__gnu_cxx11char_traitsIcE2eqERKcS3_
FNDA:0,_ZN9__gnu_cxx11char_traitsIcE2eqERKcS3_
FN:161,_ZN9__gnu_cxx11char_traitsIcE6lengthEPKc
FNDA:0,_ZN9__gnu_cxx11char_traitsIcE6lengthEPKc
FN:172,_ZN9__gnu_cxx11char_traitsIcE4findEPKcmRS2_
FNDA:0,_ZN9__gnu_cxx11char_traitsIcE4findEPKcmRS2_
FN:299,_ZNSt11char_traitsIcE6assignERcRKc
FNDA:0,_ZNSt11char_traitsIcE6assignERcRKc
FN:303,_ZNSt11char_traitsIcE2eqERKcS2_
FNDA:0,_ZNSt11char_traitsIcE2eqERKcS2_
FN:336,_ZNSt11char_traitsIcE6lengthEPKc
FNDA:0,_ZNSt11char_traitsIcE6lengthEPKc
FN:346,_ZNSt11char_traitsIcE4findEPKcmRS1_
FNDA:16,_ZNSt11char_traitsIcE4findEPKcmRS1_
FN:360,_ZNSt11char_traitsIcE4moveEPcPKcm
FNDA:0,_ZNSt11char_traitsIcE4moveEPcPKcm
FN:368,_ZNSt11char_traitsIcE4copyEPcPKcm
FNDA:0,_ZNSt11char_traitsIcE4copyEPcPKcm
FN:376,_ZNSt11char_traitsIcE6assignEPcmc
FNDA:0,_ZNSt11char_traitsIcE6assignEPcmc
FN:384,_ZNSt11char_traitsIcE12to_char_typeERKi
FNDA:4,_ZNSt11char_traitsIcE12to_char_typeERKi
FN:390,_ZNSt11char_traitsIcE11to_int_typeERKc
FNDA:0,_ZNSt11char_traitsIcE11to_int_typeERKc
FN:394,_ZNSt11char_traitsIcE11eq_int_typeERKiS2_
FNDA:4,_ZNSt11char_traitsIcE11eq_int_typeERKiS2_
FN:398,_ZNSt11char_traitsIcE3eofEv
FNDA:4,_ZNSt11char_traitsIcE3eofEv
FN:402,_ZNSt11char_traitsIcE7not_eofERKi
FNDA:0,_ZNSt11char_traitsIcE7not_eofERKi
DA:100,0
DA:101,0
DA:161,0
DA:164,0
DA:165,0
DA:166,0
DA:167,0
DA:172,0
DA:175,0
DA:176,0
DA:177,0
DA:178,0
DA:236,0
DA:299,0
DA:300,0
DA:303,0
DA:304,0
DA:336,0
DA:339,0
DA:340,0
DA:342,0
DA:346,16
DA:348,16
DA:349,0
DA:351,16
DA:353,16
DA:354,0
DA:356,16
DA:360,0
DA:362,0
DA:363,0
DA:364,0
DA:368,0
DA:370,0
DA:371,0
DA:372,0
DA:376,0
DA:378,0
DA:379,0
DA:380,0
DA:384,4
DA:385,4
DA:390,0
DA:391,0
DA:394,4
DA:395,4
DA:398,4
DA:399,4
DA:402,0
DA:403,0
end_of_record
SF:/usr/include/boost/system/error_code.hpp
FN:233,_ZNK5boost6system14error_categoryeqERKS1_
FNDA:0,_ZNK5boost6system14error_categoryeqERKS1_
FN:243,_ZNK5boost6system14error_categoryltERKS1_
FNDA:0,_ZNK5boost6system14error_categoryltERKS1_
FN:290,_ZNK5boost6system6detail22generic_error_category4nameEv
FNDA:0,_ZNK5boost6system6detail22generic_error_category4nameEv
FN:308,_ZNK5boost6system6detail21system_error_category4nameEv
FNDA:0,_ZNK5boost6system6detail21system_error_category4nameEv
FN:343,_ZN5boost6system15system_categoryEv
FNDA:0,_ZN5boost6system15system_categoryEv
FN:348,_ZN5boost6system16generic_categoryEv
FNDA:0,_ZN5boost6system16generic_categoryEv
FN:411,_ZN5boost6system6detail11failed_implEiRKNS0_14error_categoryE
FNDA:0,_ZN5boost6system6detail11failed_implEiRKNS0_14error_categoryE
FN:448,_ZN5boost6system15error_conditionC2EiRKNS0_14error_categoryE
FNDA:0,_ZN5boost6system15error_conditionC2EiRKNS0_14error_categoryE
FN:485,_ZNK5boost6system15error_condition5valueEv
FNDA:0,_ZNK5boost6system15error_condition5valueEv
FN:490,_ZNK5boost6system15error_condition8categoryEv
FNDA:0,_ZNK5boost6system15error_condition8categoryEv
FN:538,_ZN5boost6systemeqERKNS0_15error_conditionES3_
FNDA:0,_ZN5boost6systemeqERKNS0_15error_conditionES3_
FN:550,_ZNK5boost6system15error_conditioncvSt15error_conditionEv
FNDA:0,_ZNK5boost6system15error_conditioncvSt15error_conditionEv
FN:584,_ZN5boost6system10error_codeC2EiRKNS0_14error_categoryE
FNDA:0,_ZN5boost6system10error_codeC2EiRKNS0_14error_categoryE
FN:621,_ZNK5boost6system10error_code5valueEv
FNDA:0,_ZNK5boost6system10error_code5valueEv
FN:626,_ZNK5boost6system10error_code8categoryEv
FNDA:0,_ZNK5boost6system10error_code8categoryEv
FN:636,_ZNK5boost6system10error_code7messageB5cxx11Ev
FNDA:0,_ZNK5boost6system10error_code7messageB5cxx11Ev
FN:827,_ZNK5boost6system14error_category23default_error_conditionEi
FNDA:0,_ZNK5boost6system14error_category23default_error_conditionEi
FN:832,_ZNK5boost6system14error_category10equivalentEiRKNS0_15error_conditionE
FNDA:0,_ZNK5boost6system14error_category10equivalentEiRKNS0_15error_conditionE
FN:837,_ZNK5boost6system14error_category10equivalentERKNS0_10error_codeEi
FNDA:0,_ZNK5boost6system14error_category10equivalentERKNS0_10error_codeEi
FN:842,_ZNK5boost6system14error_category7messageEiPcm
FNDA:0,_ZNK5boost6system14error_category7messageEiPcm
FN:890,_ZNK5boost6system14error_category6failedEi
FNDA:0,_ZNK5boost6system14error_category6failedEi
FN:903,_ZNK5boost6system6detail22generic_error_category7messageB5cxx11Ei
FNDA:0,_ZNK5boost6system6detail22generic_error_category7messageB5cxx11Ei
FN:908,_ZNK5boost6system6detail22generic_error_category7messageEiPcm
FNDA:0,_ZNK5boost6system6detail22generic_error_category7messageEiPcm
FN:938,_ZNK5boost6system6detail21system_error_category23default_error_conditionEi
FNDA:0,_ZNK5boost6system6detail21system_error_category23default_error_conditionEi
FN:943,_ZNK5boost6system6detail21system_error_category7messageB5cxx11Ei
FNDA:0,_ZNK5boost6system6detail21system_error_category7messageB5cxx11Ei
FN:948,_ZNK5boost6system6detail21system_error_category7messageEiPcm
FNDA:0,_ZNK5boost6system6detail21system_error_category7messageEiPcm
FN:961,_ZNK5boost6system14error_categorycvRKNSt3_V214error_categoryEEv
FNDA:0,_ZNK5boost6system14error_categorycvRKNSt3_V214error_categoryEEv
DA:233,0
DA:235,0
DA:243,0
DA:245,0
DA:247,0
DA:250,0
DA:252,0
DA:255,0
DA:257,0
DA:260,0
DA:290,0
DA:292,0
DA:308,0
DA:310,0
DA:343,0
DA:345,0
DA:348,0
DA:350,0
DA:411,0
DA:413,0
DA:415,0
DA:419,0
DA:448,0
DA:449,0
DA:451,0
DA:485,0
DA:487,0
DA:490,0
DA:492,0
DA:538,0
DA:540,0
DA:550,0
DA:552,0
DA:584,0
DA:585,0
DA:587,0
DA:621,0
DA:623,0
DA:626,0
DA:628,0
DA:636,0
DA:638,0
DA:827,0
DA:829,0
DA:832,0
DA:834,0
DA:837,0
DA:839,0
DA:842,0
DA:844,0
DA:846,0
DA:849,0
DA:851,0
DA:852,0
DA:859,0
DA:871,0
DA:872,0
DA:880,0
DA:883,0
DA:885,0
DA:890,0
DA:892,0
DA:903,0
DA:905,0
DA:908,0
DA:910,0
DA:938,0
DA:940,0
DA:943,0
DA:945,0
DA:948,0
DA:950,0
DA:961,0
DA:963,0
end_of_record
SF:/usr/include/boost/system/detail/generic_category.hpp
FN:25,_ZN5boost6system6detail17strerror_r_helperEPKcS3_
FNDA:0,_ZN5boost6system6detail17strerror_r_helperEPKcS3_
FN:35,_ZN5boost6system6detail30generic_error_category_messageEiPcm
FNDA:0,_ZN5boost6system6detail30generic_error_category_messageEiPcm
FN:40,_ZN5boost6system6detail30generic_error_category_messageB5cxx11Ei
FNDA:0,_ZN5boost6system6detail30generic_error_category_messageB5cxx11Ei
DA:25,0
DA:27,0
DA:35,0
DA:37,0
DA:40,0
DA:43,0
end_of_record
SF:/usr/include/boost/smart_ptr/detail/atomic_count_std_atomic.hpp
FN:29,_ZN5boost6detail12atomic_countC2El
FNDA:18,_ZN5boost6detail12atomic_countC2El
FN:33,_ZN5boost6detail12atomic_countppEv
FNDA:18,_ZN5boost6detail12atomic_countppEv
FN:38,_ZN5boost6detail12atomic_countmmEv
FNDA:10,_ZN5boost6detail12atomic_countmmEv
DA:29,18
DA:31,18
DA:33,18
DA:35,36
DA:38,10
DA:40,20
end_of_record
SF:/usr/include/boost/date_time/gregorian/greg_month.hpp
FN:46,_ZN5boost9gregorian9bad_monthC2Ev
FNDA:0,_ZN5boost9gregorian9bad_monthC2Ev
FN:64,_ZN5boost9gregorian10greg_monthC2Et
FNDA:4,_ZN5boost9gregorian10greg_monthC2Et
FN:66,_ZNK5boost9gregorian10greg_monthcvtEv
FNDA:42,_ZNK5boost9gregorian10greg_monthcvtEv
DA:46,0
DA:64,4
DA:66,42
end_of_record
SF:/usr/include/boost/filesystem/path.hpp
FN:157,_ZN5boost10filesystem4pathC2Ev
FNDA:4,_ZN5boost10filesystem4pathC2Ev
FN:171,_ZN5boost10filesystem4pathC2ERNSt7__cxx1112basic_stringIcSt11char_traitsIcESaIcEEE
FNDA:2,_ZN5boost10filesystem4pathC2ERNSt7__cxx1112basic_stringIcSt11char_traitsIcESaIcEEE
FN:178,_ZN5boost10filesystem4pathC2EOS1_
FNDA:2,_ZN5boost10filesystem4pathC2EOS1_
DA:157,4
DA:171,2
DA:178,2
end_of_record
SF:/usr/include/boost/log/utility/functional/bind_output.hpp
FN:37,_ZNK5boost3log12v2s_mt_posix10output_funclINS1_11expressions3aux10stream_refINS1_24basic_formatting_ostreamIcSt11char_traitsIcESaIcEEEEENSt7__cxx1112basic_stringIwS8_IwESaIwEEEEEvRT_RKT0_
FNDA:0,_ZNK5boost3log12v2s_mt_posix10output_funclINS1_11expressions3aux10stream_refINS1_24basic_formatting_ostreamIcSt11char_traitsIcESaIcEEEEENSt7__cxx1112basic_stringIwS8_IwESaIwEEEEEvRT_RKT0_
FN:37,_ZNK5boost3log12v2s_mt_posix10output_funclINS1_11expressions3aux10stream_refINS1_24basic_formatting_ostreamIcSt11char_traitsIcESaIcEEEEENSt7__cxx1112basic_stringIcS9_SA_EEEEvRT_RKT0_
FNDA:0,_ZNK5boost3log12v2s_mt_posix10output_funclINS1_11expressions3aux10stream_refINS1_24basic_formatting_ostreamIcSt11char_traitsIcESaIcEEEEENSt7__cxx1112basic_stringIcS9_SA_EEEEvRT_RKT0_
DA:37,0
DA:40,0
DA:37,0
DA:40,0
DA:46,0
end_of_record
SF:/usr/include/boost/core/ref.hpp
DA:74,8
DA:100,0
end_of_record
SF:/usr/include/boost/smart_ptr/detail/sp_counted_impl.hpp
FN:59,_ZN5boost6detail17get_local_deleterINS0_13sp_ms_deleterINS_3log12v2s_mt_posix5sinks26basic_text_ostream_backendIcEEEEEEPT_SA_
FNDA:0,_ZN5boost6detail17get_local_deleterINS0_13sp_ms_deleterINS_3log12v2s_mt_posix5sinks26basic_text_ostream_backendIcEEEEEEPT_SA_
FN:59,_ZN5boost6detail17get_local_deleterINS0_13sp_ms_deleterINS_3log12v2s_mt_posix5sinks16synchronous_sinkINS5_26basic_text_ostream_backendIcEEEEEEEEPT_SC_
FNDA:0,_ZN5boost6detail17get_local_deleterINS0_13sp_ms_deleterINS_3log12v2s_mt_posix5sinks16synchronous_sinkINS5_26basic_text_ostream_backendIcEEEEEEEEPT_SC_
FN:59,_ZN5boost6detail17get_local_deleterINS0_13sp_ms_deleterINS_3log12v2s_mt_posix5sinks17text_file_backendEEEEEPT_S9_
FNDA:0,_ZN5boost6detail17get_local_deleterINS0_13sp_ms_deleterINS_3log12v2s_mt_posix5sinks17text_file_backendEEEEEPT_S9_
FN:59,_ZN5boost6detail17get_local_deleterINS0_13sp_ms_deleterINS_3log12v2s_mt_posix5sinks16synchronous_sinkINS5_17text_file_backendEEEEEEEPT_SB_
FNDA:0,_ZN5boost6detail17get_local_deleterINS0_13sp_ms_deleterINS_3log12v2s_mt_posix5sinks16synchronous_sinkINS5_17text_file_backendEEEEEEEPT_SB_
FN:59,_ZN5boost6detail17get_local_deleterINS_2io22basic_oaltstringstreamIcSt11char_traitsIcESaIcEE5No_OpEEEPT_SA_
FNDA:0,_ZN5boost6detail17get_local_deleterINS_2io22basic_oaltstringstreamIcSt11char_traitsIcESaIcEE5No_OpEEEPT_SA_
FN:59,_ZN5boost6detail17get_local_deleterINS_12null_deleterEEEPT_S4_
FNDA:0,_ZN5boost6detail17get_local_deleterINS_12null_deleterEEEPT_S4_
FN:163,_ZN5boost6detail18sp_counted_impl_pdIPSoNS_12null_deleterEEC2ES2_RS3_
FNDA:2,_ZN5boost6detail18sp_counted_impl_pdIPSoNS_12null_deleterEEC2ES2_RS3_
FN:163,_ZN5boost6detail18sp_counted_impl_pdIPNS_2io18basic_altstringbufIcSt11char_traitsIcESaIcEEENS2_22basic_oaltstringstreamIcS5_S6_E5No_OpEEC2ES8_RSB_
FNDA:4,_ZN5boost6detail18sp_counted_impl_pdIPNS_2io18basic_altstringbufIcSt11char_traitsIcESaIcEEENS2_22basic_oaltstringstreamIcS5_S6_E5No_OpEEC2ES8_RSB_
FN:167,_ZN5boost6detail18sp_counted_impl_pdIPNS_3log12v2s_mt_posix5sinks16synchronous_sinkINS4_17text_file_backendEEENS0_13sp_ms_deleterIS7_EEEC2ES8_
FNDA:2,_ZN5boost6detail18sp_counted_impl_pdIPNS_3log12v2s_mt_posix5sinks16synchronous_sinkINS4_17text_file_backendEEENS0_13sp_ms_deleterIS7_EEEC2ES8_
FN:167,_ZN5boost6detail18sp_counted_impl_pdIPNS_3log12v2s_mt_posix5sinks17text_file_backendENS0_13sp_ms_deleterIS5_EEEC2ES6_
FNDA:2,_ZN5boost6detail18sp_counted_impl_pdIPNS_3log12v2s_mt_posix5sinks17text_file_backendENS0_13sp_ms_deleterIS5_EEEC2ES6_
FN:167,_ZN5boost6detail18sp_counted_impl_pdIPNS_3log12v2s_mt_posix5sinks16synchronous_sinkINS4_26basic_text_ostream_backendIcEEEENS0_13sp_ms_deleterIS8_EEEC2ES9_
FNDA:2,_ZN5boost6detail18sp_counted_impl_pdIPNS_3log12v2s_mt_posix5sinks16synchronous_sinkINS4_26basic_text_ostream_backendIcEEEENS0_13sp_ms_deleterIS8_EEEC2ES9_
FN:167,_ZN5boost6detail18sp_counted_impl_pdIPNS_3log12v2s_mt_posix5sinks26basic_text_ostream_backendIcEENS0_13sp_ms_deleterIS6_EEEC2ES7_
FNDA:2,_ZN5boost6detail18sp_counted_impl_pdIPNS_3log12v2s_mt_posix5sinks26basic_text_ostream_backendIcEENS0_13sp_ms_deleterIS6_EEEC2ES7_
FN:171,_ZN5boost6detail18sp_counted_impl_pdIPNS_3log12v2s_mt_posix5sinks16synchronous_sinkINS4_26basic_text_ostream_backendIcEEEENS0_13sp_ms_deleterIS8_EEE7disposeEv
FNDA:2,_ZN5boost6detail18sp_counted_impl_pdIPNS_3log12v2s_mt_posix5sinks16synchronous_sinkINS4_26basic_text_ostream_backendIcEEEENS0_13sp_ms_deleterIS8_EEE7disposeEv
FN:171,_ZN5boost6detail18sp_counted_impl_pdIPNS_3log12v2s_mt_posix5sinks16synchronous_sinkINS4_17text_file_backendEEENS0_13sp_ms_deleterIS7_EEE7disposeEv
FNDA:2,_ZN5boost6detail18sp_counted_impl_pdIPNS_3log12v2s_mt_posix5sinks16synchronous_sinkINS4_17text_file_backendEEENS0_13sp_ms_deleterIS7_EEE7disposeEv
FN:171,_ZN5boost6detail18sp_counted_impl_pdIPNS_3log12v2s_mt_posix5sinks17text_file_backendENS0_13sp_ms_deleterIS5_EEE7disposeEv
FNDA:2,_ZN5boost6detail18sp_counted_impl_pdIPNS_3log12v2s_mt_posix5sinks17text_file_backendENS0_13sp_ms_deleterIS5_EEE7disposeEv
FN:171,_ZN5boost6detail18sp_counted_impl_pdIPNS_3log12v2s_mt_posix5sinks26basic_text_ostream_backendIcEENS0_13sp_ms_deleterIS6_EEE7disposeEv
FNDA:2,_ZN5boost6detail18sp_counted_impl_pdIPNS_3log12v2s_mt_posix5sinks26basic_text_ostream_backendIcEENS0_13sp_ms_deleterIS6_EEE7disposeEv
FN:171,_ZN5boost6detail18sp_counted_impl_pdIPNS_2io18basic_altstringbufIcSt11char_traitsIcESaIcEEENS2_22basic_oaltstringstreamIcS5_S6_E5No_OpEE7disposeEv
FNDA:4,_ZN5boost6detail18sp_counted_impl_pdIPNS_2io18basic_altstringbufIcSt11char_traitsIcESaIcEEENS2_22basic_oaltstringstreamIcS5_S6_E5No_OpEE7disposeEv
FN:171,_ZN5boost6detail18sp_counted_impl_pdIPSoNS_12null_deleterEE7disposeEv
FNDA:2,_ZN5boost6detail18sp_counted_impl_pdIPSoNS_12null_deleterEE7disposeEv
FN:176,_ZN5boost6detail18sp_counted_impl_pdIPNS_2io18basic_altstringbufIcSt11char_traitsIcESaIcEEENS2_22basic_oaltstringstreamIcS5_S6_E5No_OpEE11get_deleterERKSt9type_info
FNDA:0,_ZN5boost6detail18sp_counted_impl_pdIPNS_2io18basic_altstringbufIcSt11char_traitsIcESaIcEEENS2_22basic_oaltstringstreamIcS5_S6_E5No_OpEE11get_deleterERKSt9type_info
FN:176,_ZN5boost6detail18sp_counted_impl_pdIPNS_3log12v2s_mt_posix5sinks16synchronous_sinkINS4_26basic_text_ostream_backendIcEEEENS0_13sp_ms_deleterIS8_EEE11get_deleterERKSt9type_info
FNDA:0,_ZN5boost6detail18sp_counted_impl_pdIPNS_3log12v2s_mt_posix5sinks16synchronous_sinkINS4_26basic_text_ostream_backendIcEEEENS0_13sp_ms_deleterIS8_EEE11get_deleterERKSt9type_info
FN:176,_ZN5boost6detail18sp_counted_impl_pdIPNS_3log12v2s_mt_posix5sinks17text_file_backendENS0_13sp_ms_deleterIS5_EEE11get_deleterERKSt9type_info
FNDA:0,_ZN5boost6detail18sp_counted_impl_pdIPNS_3log12v2s_mt_posix5sinks17text_file_backendENS0_13sp_ms_deleterIS5_EEE11get_deleterERKSt9type_info
FN:176,_ZN5boost6detail18sp_counted_impl_pdIPNS_3log12v2s_mt_posix5sinks26basic_text_ostream_backendIcEENS0_13sp_ms_deleterIS6_EEE11get_deleterERKSt9type_info
FNDA:0,_ZN5boost6detail18sp_counted_impl_pdIPNS_3log12v2s_mt_posix5sinks26basic_text_ostream_backendIcEENS0_13sp_ms_deleterIS6_EEE11get_deleterERKSt9type_info
FN:176,_ZN5boost6detail18sp_counted_impl_pdIPSoNS_12null_deleterEE11get_deleterERKSt9type_info
FNDA:0,_ZN5boost6detail18sp_counted_impl_pdIPSoNS_12null_deleterEE11get_deleterERKSt9type_info
FN:176,_ZN5boost6detail18sp_counted_impl_pdIPNS_3log12v2s_mt_posix5sinks16synchronous_sinkINS4_17text_file_backendEEENS0_13sp_ms_deleterIS7_EEE11get_deleterERKSt9type_info
FNDA:0,_ZN5boost6detail18sp_counted_impl_pdIPNS_3log12v2s_mt_posix5sinks16synchronous_sinkINS4_17text_file_backendEEENS0_13sp_ms_deleterIS7_EEE11get_deleterERKSt9type_info
FN:181,_ZN5boost6detail18sp_counted_impl_pdIPSoNS_12null_deleterEE17get_local_deleterERKSt9type_info
FNDA:0,_ZN5boost6detail18sp_counted_impl_pdIPSoNS_12null_deleterEE17get_local_deleterERKSt9type_info
FN:181,_ZN5boost6detail18sp_counted_impl_pdIPNS_2io18basic_altstringbufIcSt11char_traitsIcESaIcEEENS2_22basic_oaltstringstreamIcS5_S6_E5No_OpEE17get_local_deleterERKSt9type_info
FNDA:0,_ZN5boost6detail18sp_counted_impl_pdIPNS_2io18basic_altstringbufIcSt11char_traitsIcESaIcEEENS2_22basic_oaltstringstreamIcS5_S6_E5No_OpEE17get_local_deleterERKSt9type_info
FN:181,_ZN5boost6detail18sp_counted_impl_pdIPNS_3log12v2s_mt_posix5sinks16synchronous_sinkINS4_17text_file_backendEEENS0_13sp_ms_deleterIS7_EEE17get_local_deleterERKSt9type_info
FNDA:0,_ZN5boost6detail18sp_counted_impl_pdIPNS_3log12v2s_mt_posix5sinks16synchronous_sinkINS4_17text_file_backendEEENS0_13sp_ms_deleterIS7_EEE17get_local_deleterERKSt9type_info
FN:181,_ZN5boost6detail18sp_counted_impl_pdIPNS_3log12v2s_mt_posix5sinks17text_file_backendENS0_13sp_ms_deleterIS5_EEE17get_local_deleterERKSt9type_info
FNDA:0,_ZN5boost6detail18sp_counted_impl_pdIPNS_3log12v2s_mt_posix5sinks17text_file_backendENS0_13sp_ms_deleterIS5_EEE17get_local_deleterERKSt9type_info
FN:181,_ZN5boost6detail18sp_counted_impl_pdIPNS_3log12v2s_mt_posix5sinks16synchronous_sinkINS4_26basic_text_ostream_backendIcEEEENS0_13sp_ms_deleterIS8_EEE17get_local_deleterERKSt9type_info
FNDA:0,_ZN5boost6detail18sp_counted_impl_pdIPNS_3log12v2s_mt_posix5sinks16synchronous_sinkINS4_26basic_text_ostream_backendIcEEEENS0_13sp_ms_deleterIS8_EEE17get_local_deleterERKSt9type_info
FN:181,_ZN5boost6detail18sp_counted_impl_pdIPNS_3log12v2s_mt_posix5sinks26basic_text_ostream_backendIcEENS0_13sp_ms_deleterIS6_EEE17get_local_deleterERKSt9type_info
FNDA:0,_ZN5boost6detail18sp_counted_impl_pdIPNS_3log12v2s_mt_posix5sinks26basic_text_ostream_backendIcEENS0_13sp_ms_deleterIS6_EEE17get_local_deleterERKSt9type_info
FN:186,_ZN5boost6detail18sp_counted_impl_pdIPSoNS_12null_deleterEE19get_untyped_deleterEv
FNDA:0,_ZN5boost6detail18sp_counted_impl_pdIPSoNS_12null_deleterEE19get_untyped_deleterEv
FN:186,_ZN5boost6detail18sp_counted_impl_pdIPNS_2io18basic_altstringbufIcSt11char_traitsIcESaIcEEENS2_22basic_oaltstringstreamIcS5_S6_E5No_OpEE19get_untyped_deleterEv
FNDA:0,_ZN5boost6detail18sp_counted_impl_pdIPNS_2io18basic_altstringbufIcSt11char_traitsIcESaIcEEENS2_22basic_oaltstringstreamIcS5_S6_E5No_OpEE19get_untyped_deleterEv
FN:186,_ZN5boost6detail18sp_counted_impl_pdIPNS_3log12v2s_mt_posix5sinks16synchronous_sinkINS4_17text_file_backendEEENS0_13sp_ms_deleterIS7_EEE19get_untyped_deleterEv
FNDA:2,_ZN5boost6detail18sp_counted_impl_pdIPNS_3log12v2s_mt_posix5sinks16synchronous_sinkINS4_17text_file_backendEEENS0_13sp_ms_deleterIS7_EEE19get_untyped_deleterEv
FN:186,_ZN5boost6detail18sp_counted_impl_pdIPNS_3log12v2s_mt_posix5sinks17text_file_backendENS0_13sp_ms_deleterIS5_EEE19get_untyped_deleterEv
FNDA:2,_ZN5boost6detail18sp_counted_impl_pdIPNS_3log12v2s_mt_posix5sinks17text_file_backendENS0_13sp_ms_deleterIS5_EEE19get_untyped_deleterEv
FN:186,_ZN5boost6detail18sp_counted_impl_pdIPNS_3log12v2s_mt_posix5sinks16synchronous_sinkINS4_26basic_text_ostream_backendIcEEEENS0_13sp_ms_deleterIS8_EEE19get_untyped_deleterEv
FNDA:2,_ZN5boost6detail18sp_counted_impl_pdIPNS_3log12v2s_mt_posix5sinks16synchronous_sinkINS4_26basic_text_ostream_backendIcEEEENS0_13sp_ms_deleterIS8_EEE19get_untyped_deleterEv
FN:186,_ZN5boost6detail18sp_counted_impl_pdIPNS_3log12v2s_mt_posix5sinks26basic_text_ostream_backendIcEENS0_13sp_ms_deleterIS6_EEE19get_untyped_deleterEv
FNDA:2,_ZN5boost6detail18sp_counted_impl_pdIPNS_3log12v2s_mt_posix5sinks26basic_text_ostream_backendIcEENS0_13sp_ms_deleterIS6_EEE19get_untyped_deleterEv
DA:59,0
DA:61,0
DA:59,0
DA:61,0
DA:59,0
DA:61,0
DA:59,0
DA:61,0
DA:59,0
DA:61,0
DA:59,0
DA:61,0
DA:163,4
DA:165,4
DA:163,2
DA:165,2
DA:167,2
DA:169,2
DA:167,2
DA:169,2
DA:167,2
DA:169,2
DA:167,2
DA:169,2
DA:171,2
DA:173,2
DA:174,2
DA:171,2
DA:173,2
DA:174,2
DA:171,2
DA:173,2
DA:174,2
DA:171,2
DA:173,2
DA:174,2
DA:171,2
DA:173,2
DA:174,2
DA:171,4
DA:173,4
DA:174,4
DA:176,0
DA:178,0
DA:176,0
DA:178,0
DA:176,0
DA:178,0
DA:176,0
DA:178,0
DA:176,0
DA:178,0
DA:176,0
DA:178,0
DA:181,0
DA:183,0
DA:181,0
DA:183,0
DA:181,0
DA:183,0
DA:181,0
DA:183,0
DA:181,0
DA:183,0
DA:181,0
DA:183,0
DA:186,0
DA:188,0
DA:186,2
DA:188,2
DA:186,2
DA:188,2
DA:186,2
DA:188,2
DA:186,2
DA:188,2
DA:186,0
DA:188,0
end_of_record
SF:/usr/include/boost/atomic/detail/storage_type.hpp
DA:117,2
end_of_record
SF:/usr/include/boost/atomic/detail/ops_gcc_atomic.hpp
DA:79,4
DA:80,0
DA:81,4
DA:111,4
end_of_record
SF:/usr/include/boost/phoenix/core/environment.hpp
FN:202,_ZNK5boost7phoenix8_context4implIRNS_3log12v2s_mt_posix11expressions15attribute_actorINS4_7trivial14severity_levelENS4_16fallback_to_noneENS7_3tag8severityENS0_5actorEEERNS0_7vector2IPKNSC_INS_5proto7exprns_10basic_exprINSG_6tagns_3tag13greater_equalENSG_7argsns_5list2ISD_NSC_INSI_INSK_8terminalENSM_4termIS8_EELl0EEEEEEELl2EEEEERKNS4_19attribute_value_setEEERKNS0_15default_actionsEEclESE_S12_S15_
FNDA:4,_ZNK5boost7phoenix8_context4implIRNS_3log12v2s_mt_posix11expressions15attribute_actorINS4_7trivial14severity_levelENS4_16fallback_to_noneENS7_3tag8severityENS0_5actorEEERNS0_7vector2IPKNSC_INS_5proto7exprns_10basic_exprINSG_6tagns_3tag13greater_equalENSG_7argsns_5list2ISD_NSC_INSI_INSK_8terminalENSM_4termIS8_EELl0EEEEEEELl2EEEEERKNS4_19attribute_value_setEEERKNS0_15default_actionsEEclESE_S12_S15_
FN:234,_ZN5boost7phoenix7contextINS0_7vector2IPKNS0_5actorINS_5proto7exprns_10basic_exprINS4_6tagns_3tag13greater_equalENS4_7argsns_5list2INS_3log12v2s_mt_posix11expressions15attribute_actorINSD_7trivial14severity_levelENSD_16fallback_to_noneENSG_3tag8severityES3_EENS3_INS6_INS8_8terminalENSA_4termISH_EELl0EEEEEEELl2EEEEERKNSD_19attribute_value_setEEENS0_15default_actionsEEEKNS0_9result_of7contextIRT_RKT0_E4typeES14_S17_
FNDA:4,_ZN5boost7phoenix7contextINS0_7vector2IPKNS0_5actorINS_5proto7exprns_10basic_exprINS4_6tagns_3tag13greater_equalENS4_7argsns_5list2INS_3log12v2s_mt_posix11expressions15attribute_actorINSD_7trivial14severity_levelENSD_16fallback_to_noneENSG_3tag8severityES3_EENS3_INS6_INS8_8terminalENSA_4termISH_EELl0EEEEEEELl2EEEEERKNSD_19attribute_value_setEEENS0_15default_actionsEEEKNS0_9result_of7contextIRT_RKT0_E4typeES14_S17_
FN:339,_ZN5boost7phoenix3envINS0_7vector2IRNS2_IPKNS0_5actorINS_5proto7exprns_10basic_exprINS4_6tagns_3tag13greater_equalENS4_7argsns_5list2INS_3log12v2s_mt_posix11expressions15attribute_actorINSD_7trivial14severity_levelENSD_16fallback_to_noneENSG_3tag8severityES3_EENS3_INS6_INS8_8terminalENSA_4termISH_EELl0EEEEEEELl2EEEEERKNSD_19attribute_value_setEEERKNS0_15default_actionsEEEEENS_6fusion9result_of4at_cIKT_Li0EE4typeERS19_
[...]
FNDA:0,_ZNK5boost3log12v2s_mt_posix21value_visitor_invokerINS_3mpl7vector2INSt7__cxx1112basic_stringIcSt11char_traitsIcESaIcEEENS6_IwS7_IwESaIwEEEEENS1_16fallback_to_noneEEclINS1_9binder1stINS1_10output_funERNS1_11expressions3aux10stream_refINS1_24basic_formatting_ostreamIcS8_S9_EEEEEEEENS1_17visitation_resultERKNS1_15attribute_valueET_
FN:178,_ZNK5boost3log12v2s_mt_posix21value_visitor_invokerINS_3mpl7vector2INSt7__cxx1112basic_stringIcSt11char_traitsIcESaIcEEENS6_IwS7_IwESaIwEEEEENS1_16fallback_to_noneEEclINS1_9binder1stINS1_10output_funERNS1_11expressions3aux10stream_refINS1_24basic_formatting_ostreamIcS8_S9_EEEEEEEENS1_17visitation_resultERKNS1_14attribute_nameERKNS1_19attribute_value_setET_
FNDA:0,_ZNK5boost3log12v2s_mt_posix21value_visitor_invokerINS_3mpl7vector2INSt7__cxx1112basic_stringIcSt11char_traitsIcESaIcEEENS6_IwS7_IwESaIwEEEEENS1_16fallback_to_noneEEclINS1_9binder1stINS1_10output_funERNS1_11expressions3aux10stream_refINS1_24basic_formatting_ostreamIcS8_S9_EEEEEEEENS1_17visitation_resultERKNS1_14attribute_nameERKNS1_19attribute_value_setET_
FN:223,_ZNK5boost3log12v2s_mt_posix21value_visitor_invokerINS_3mpl7vector2INSt7__cxx1112basic_stringIcSt11char_traitsIcESaIcEEENS6_IwS7_IwESaIwEEEEENS1_16fallback_to_noneEEclINS1_9binder1stINS1_10output_funERNS1_11expressions3aux10stream_refINS1_24basic_formatting_ostreamIcS8_S9_EEEEEEEENS1_17visitation_resultERKNS1_14attribute_nameERKNS1_11record_viewET_
FNDA:0,_ZNK5boost3log12v2s_mt_posix21value_visitor_invokerINS_3mpl7vector2INSt7__cxx1112basic_stringIcSt11char_traitsIcESaIcEEENS6_IwS7_IwESaIwEEEEENS1_16fallback_to_noneEEclINS1_9binder1stINS1_10output_funERNS1_11expressions3aux10stream_refINS1_24basic_formatting_ostreamIcS8_S9_EEEEEEEENS1_17visitation_resultERKNS1_14attribute_nameERKNS1_11record_viewET_
FN:282,_ZN5boost3log12v2s_mt_posix5visitINS_3mpl7vector2INSt7__cxx1112basic_stringIcSt11char_traitsIcESaIcEEENS6_IwS7_IwESaIwEEEEENS1_9binder1stINS1_10output_funERNS1_11expressions3aux10stream_refINS1_24basic_formatting_ostreamIcS8_S9_EEEEEEEENS1_17visitation_resultERKNS1_14attribute_nameERKNS1_11record_viewET0_
FNDA:0,_ZN5boost3log12v2s_mt_posix5visitINS_3mpl7vector2INSt7__cxx1112basic_stringIcSt11char_traitsIcESaIcEEENS6_IwS7_IwESaIwEEEEENS1_9binder1stINS1_10output_funERNS1_11expressions3aux10stream_refINS1_24basic_formatting_ostreamIcS8_S9_EEEEEEEENS1_17visitation_resultERKNS1_14attribute_nameERKNS1_11record_viewET0_
DA:67,0
DA:144,0
DA:146,0
DA:148,0
DA:149,0
DA:151,0
DA:155,0
DA:156,0
DA:160,0
DA:161,0
DA:163,0
DA:164,0
DA:178,0
DA:182,0
DA:183,0
DA:184,0
DA:186,0
DA:188,0
DA:191,0
DA:192,0
DA:223,0
DA:225,0
DA:282,0
DA:285,0
end_of_record
SF:/usr/include/c++/9/bits/stl_tree.h
FN:146,_ZNSt20_Rb_tree_key_compareIN5boost6system6detail12cat_ptr_lessEEC2Ev
FNDA:0,_ZNSt20_Rb_tree_key_compareIN5boost6system6detail12cat_ptr_lessEEC2Ev
FN:173,_ZNSt15_Rb_tree_headerC2Ev
FNDA:0,_ZNSt15_Rb_tree_headerC2Ev
FN:206,_ZNSt15_Rb_tree_header8_M_resetEv
FNDA:0,_ZNSt15_Rb_tree_header8_M_resetEv
FN:234,_ZNSt13_Rb_tree_nodeISt4pairIKPKN5boost6system14error_categoryESt10unique_ptrINS2_6detail12std_categoryESt14default_deleteIS9_EEEE9_M_valptrEv
FNDA:0,_ZNSt13_Rb_tree_nodeISt4pairIKPKN5boost6system14error_categoryESt10unique_ptrINS2_6detail12std_categoryESt14default_deleteIS9_EEEE9_M_valptrEv
FN:238,_ZNKSt13_Rb_tree_nodeISt4pairIKPKN5boost6system14error_categoryESt10unique_ptrINS2_6detail12std_categoryESt14default_deleteIS9_EEEE9_M_valptrEv
FNDA:0,_ZNKSt13_Rb_tree_nodeISt4pairIKPKN5boost6system14error_categoryESt10unique_ptrINS2_6detail12std_categoryESt14default_deleteIS9_EEEE9_M_valptrEv
FN:273,_ZNSt17_Rb_tree_iteratorISt4pairIKPKN5boost6system14error_categoryESt10unique_ptrINS2_6detail12std_categoryESt14default_deleteIS9_EEEEC2EPSt18_Rb_tree_node_base
FNDA:0,_ZNSt17_Rb_tree_iteratorISt4pairIKPKN5boost6system14error_categoryESt10unique_ptrINS2_6detail12std_categoryESt14default_deleteIS9_EEEEC2EPSt18_Rb_tree_node_base
FN:281,_ZNKSt17_Rb_tree_iteratorISt4pairIKPKN5boost6system14error_categoryESt10unique_ptrINS2_6detail12std_categoryESt14default_deleteIS9_EEEEptEv
FNDA:0,_ZNKSt17_Rb_tree_iteratorISt4pairIKPKN5boost6system14error_categoryESt10unique_ptrINS2_6detail12std_categoryESt14default_deleteIS9_EEEEptEv
FN:300,_ZNSt17_Rb_tree_iteratorISt4pairIKPKN5boost6system14error_categoryESt10unique_ptrINS2_6detail12std_categoryESt14default_deleteIS9_EEEEmmEv
FNDA:0,_ZNSt17_Rb_tree_iteratorISt4pairIKPKN5boost6system14error_categoryESt10unique_ptrINS2_6detail12std_categoryESt14default_deleteIS9_EEEEmmEv
FN:315,_ZSteqRKSt17_Rb_tree_iteratorISt4pairIKPKN5boost6system14error_categoryESt10unique_ptrINS2_6detail12std_categoryESt14default_deleteIS9_EEEESG_
FNDA:0,_ZSteqRKSt17_Rb_tree_iteratorISt4pairIKPKN5boost6system14error_categoryESt10unique_ptrINS2_6detail12std_categoryESt14default_deleteIS9_EEEESG_
FN:538,_ZNSt8_Rb_treeIPKN5boost6system14error_categoryESt4pairIKS4_St10unique_ptrINS1_6detail12std_categoryESt14default_deleteIS9_EEESt10_Select1stISD_ENS8_12cat_ptr_lessESaISD_EE11_Alloc_nodeC2ERSI_
FNDA:0,_ZNSt8_Rb_treeIPKN5boost6system14error_categoryESt4pairIKS4_St10unique_ptrINS1_6detail12std_categoryESt14default_deleteIS9_EEESt10_Select1stISD_ENS8_12cat_ptr_lessESaISD_EE11_Alloc_nodeC2ERSI_
FN:546,_ZNKSt8_Rb_treeIPKN5boost6system14error_categoryESt4pairIKS4_St10unique_ptrINS1_6detail12std_categoryESt14default_deleteIS9_EEESt10_Select1stISD_ENS8_12cat_ptr_lessESaISD_EE11_Alloc_nodeclISD_EEPSt13_Rb_tree_nodeISD_EOT_
FNDA:0,_ZNKSt8_Rb_treeIPKN5boost6system14error_categoryESt4pairIKS4_St10unique_ptrINS1_6detail12std_categoryESt14default_deleteIS9_EEESt10_Select1stISD_ENS8_12cat_ptr_lessESaISD_EE11_Alloc_nodeclISD_EEPSt13_Rb_tree_nodeISD_EOT_
FN:566,_ZNSt8_Rb_treeIPKN5boost6system14error_categoryESt4pairIKS4_St10unique_ptrINS1_6detail12std_categoryESt14default_deleteIS9_EEESt10_Select1stISD_ENS8_12cat_ptr_lessESaISD_EE21_M_get_Node_allocatorEv
FNDA:0,_ZNSt8_Rb_treeIPKN5boost6system14error_categoryESt4pairIKS4_St10unique_ptrINS1_6detail12std_categoryESt14default_deleteIS9_EEESt10_Select1stISD_ENS8_12cat_ptr_lessESaISD_EE21_M_get_Node_allocatorEv
FN:579,_ZNSt8_Rb_treeIPKN5boost6system14error_categoryESt4pairIKS4_St10unique_ptrINS1_6detail12std_categoryESt14default_deleteIS9_EEESt10_Select1stISD_ENS8_12cat_ptr_lessESaISD_EE11_M_get_nodeEv
FNDA:0,_ZNSt8_Rb_treeIPKN5boost6system14error_categoryESt4pairIKS4_St10unique_ptrINS1_6detail12std_categoryESt14default_deleteIS9_EEESt10_Select1stISD_ENS8_12cat_ptr_lessESaISD_EE11_M_get_nodeEv
FN:583,_ZNSt8_Rb_treeIPKN5boost6system14error_categoryESt4pairIKS4_St10unique_ptrINS1_6detail12std_categoryESt14default_deleteIS9_EEESt10_Select1stISD_ENS8_12cat_ptr_lessESaISD_EE11_M_put_nodeEPSt13_Rb_tree_nodeISD_E
FNDA:0,_ZNSt8_Rb_treeIPKN5boost6system14error_categoryESt4pairIKS4_St10unique_ptrINS1_6detail12std_categoryESt14default_deleteIS9_EEESt10_Select1stISD_ENS8_12cat_ptr_lessESaISD_EE11_M_put_nodeEPSt13_Rb_tree_nodeISD_E
FN:609,_ZNSt8_Rb_treeIPKN5boost6system14error_categoryESt4pairIKS4_St10unique_ptrINS1_6detail12std_categoryESt14default_deleteIS9_EEESt10_Select1stISD_ENS8_12cat_ptr_lessESaISD_EE17_M_construct_nodeIJSD_EEEvPSt13_Rb_tree_nodeISD_EDpOT_
FNDA:0,_ZNSt8_Rb_treeIPKN5boost6system14error_categoryESt4pairIKS4_St10unique_ptrINS1_6detail12std_categoryESt14default_deleteIS9_EEESt10_Select1stISD_ENS8_12cat_ptr_lessESaISD_EE17_M_construct_nodeIJSD_EEEvPSt13_Rb_tree_nodeISD_EDpOT_
FN:628,_ZNSt8_Rb_treeIPKN5boost6system14error_categoryESt4pairIKS4_St10unique_ptrINS1_6detail12std_categoryESt14default_deleteIS9_EEESt10_Select1stISD_ENS8_12cat_ptr_lessESaISD_EE14_M_create_nodeIJSD_EEEPSt13_Rb_tree_nodeISD_EDpOT_
FNDA:0,_ZNSt8_Rb_treeIPKN5boost6system14error_categoryESt4pairIKS4_St10unique_ptrINS1_6detail12std_categoryESt14default_deleteIS9_EEESt10_Select1stISD_ENS8_12cat_ptr_lessESaISD_EE14_M_create_nodeIJSD_EEEPSt13_Rb_tree_nodeISD_EDpOT_
FN:637,_ZNSt8_Rb_treeIPKN5boost6system14error_categoryESt4pairIKS4_St10unique_ptrINS1_6detail12std_categoryESt14default_deleteIS9_EEESt10_Select1stISD_ENS8_12cat_ptr_lessESaISD_EE15_M_destroy_nodeEPSt13_Rb_tree_nodeISD_E
FNDA:0,_ZNSt8_Rb_treeIPKN5boost6system14error_categoryESt4pairIKS4_St10unique_ptrINS1_6detail12std_categoryESt14default_deleteIS9_EEESt10_Select1stISD_ENS8_12cat_ptr_lessESaISD_EE15_M_destroy_nodeEPSt13_Rb_tree_nodeISD_E
FN:648,_ZNSt8_Rb_treeIPKN5boost6system14error_categoryESt4pairIKS4_St10unique_ptrINS1_6detail12std_categoryESt14default_deleteIS9_EEESt10_Select1stISD_ENS8_12cat_ptr_lessESaISD_EE12_M_drop_nodeEPSt13_Rb_tree_nodeISD_E
FNDA:0,_ZNSt8_Rb_treeIPKN5boost6system14error_categoryESt4pairIKS4_St10unique_ptrINS1_6detail12std_categoryESt14default_deleteIS9_EEESt10_Select1stISD_ENS8_12cat_ptr_lessESaISD_EE12_M_drop_nodeEPSt13_Rb_tree_nodeISD_E
FN:680,_ZNSt8_Rb_treeIPKN5boost6system14error_categoryESt4pairIKS4_St10unique_ptrINS1_6detail12std_categoryESt14default_deleteIS9_EEESt10_Select1stISD_ENS8_12cat_ptr_lessESaISD_EE13_Rb_tree_implISG_Lb1EEC2Ev
FNDA:0,_ZNSt8_Rb_treeIPKN5boost6system14error_categoryESt4pairIKS4_St10unique_ptrINS1_6detail12std_categoryESt14default_deleteIS9_EEESt10_Select1stISD_ENS8_12cat_ptr_lessESaISD_EE13_Rb_tree_implISG_Lb1EEC2Ev
FN:749,_ZNSt8_Rb_treeIPKN5boost6system14error_categoryESt4pairIKS4_St10unique_ptrINS1_6detail12std_categoryESt14default_deleteIS9_EEESt10_Select1stISD_ENS8_12cat_ptr_lessESaISD_EE8_M_beginEv
FNDA:0,_ZNSt8_Rb_treeIPKN5boost6system14error_categoryESt4pairIKS4_St10unique_ptrINS1_6detail12std_categoryESt14default_deleteIS9_EEESt10_Select1stISD_ENS8_12cat_ptr_lessESaISD_EE8_M_beginEv
FN:760,_ZNSt8_Rb_treeIPKN5boost6system14error_categoryESt4pairIKS4_St10unique_ptrINS1_6detail12std_categoryESt14default_deleteIS9_EEESt10_Select1stISD_ENS8_12cat_ptr_lessESaISD_EE6_M_endEv
FNDA:0,_ZNSt8_Rb_treeIPKN5boost6system14error_categoryESt4pairIKS4_St10unique_ptrINS1_6detail12std_categoryESt14default_deleteIS9_EEESt10_Select1stISD_ENS8_12cat_ptr_lessESaISD_EE6_M_endEv
FN:772,_ZNSt8_Rb_treeIPKN5boost6system14error_categoryESt4pairIKS4_St10unique_ptrINS1_6detail12std_categoryESt14default_deleteIS9_EEESt10_Select1stISD_ENS8_12cat_ptr_lessESaISD_EE6_S_keyEPKSt13_Rb_tree_nodeISD_E
FNDA:0,_ZNSt8_Rb_treeIPKN5boost6system14error_categoryESt4pairIKS4_St10unique_ptrINS1_6detail12std_categoryESt14default_deleteIS9_EEESt10_Select1stISD_ENS8_12cat_ptr_lessESaISD_EE6_S_keyEPKSt13_Rb_tree_nodeISD_E
FN:794,_ZNSt8_Rb_treeIPKN5boost6system14error_categoryESt4pairIKS4_St10unique_ptrINS1_6detail12std_categoryESt14default_deleteIS9_EEESt10_Select1stISD_ENS8_12cat_ptr_lessESaISD_EE7_S_leftEPSt18_Rb_tree_node_base
FNDA:0,_ZNSt8_Rb_treeIPKN5boost6system14error_categoryESt4pairIKS4_St10unique_ptrINS1_6detail12std_categoryESt14default_deleteIS9_EEESt10_Select1stISD_ENS8_12cat_ptr_lessESaISD_EE7_S_leftEPSt18_Rb_tree_node_base
FN:802,_ZNSt8_Rb_treeIPKN5boost6system14error_categoryESt4pairIKS4_St10unique_ptrINS1_6detail12std_categoryESt14default_deleteIS9_EEESt10_Select1stISD_ENS8_12cat_ptr_lessESaISD_EE8_S_rightEPSt18_Rb_tree_node_base
FNDA:0,_ZNSt8_Rb_treeIPKN5boost6system14error_categoryESt4pairIKS4_St10unique_ptrINS1_6detail12std_categoryESt14default_deleteIS9_EEESt10_Select1stISD_ENS8_12cat_ptr_lessESaISD_EE8_S_rightEPSt18_Rb_tree_node_base
FN:814,_ZNSt8_Rb_treeIPKN5boost6system14error_categoryESt4pairIKS4_St10unique_ptrINS1_6detail12std_categoryESt14default_deleteIS9_EEESt10_Select1stISD_ENS8_12cat_ptr_lessESaISD_EE6_S_keyEPKSt18_Rb_tree_node_base
FNDA:0,_ZNSt8_Rb_treeIPKN5boost6system14error_categoryESt4pairIKS4_St10unique_ptrINS1_6detail12std_categoryESt14default_deleteIS9_EEESt10_Select1stISD_ENS8_12cat_ptr_lessESaISD_EE6_S_keyEPKSt18_Rb_tree_node_base
FN:944,_ZNSt8_Rb_treeIPKN5boost6system14error_categoryESt4pairIKS4_St10unique_ptrINS1_6detail12std_categoryESt14default_deleteIS9_EEESt10_Select1stISD_ENS8_12cat_ptr_lessESaISD_EEC2Ev
FNDA:0,_ZNSt8_Rb_treeIPKN5boost6system14error_categoryESt4pairIKS4_St10unique_ptrINS1_6detail12std_categoryESt14default_deleteIS9_EEESt10_Select1stISD_ENS8_12cat_ptr_lessESaISD_EEC2Ev
FN:999,_ZNSt8_Rb_treeIPKN5boost6system14error_categoryESt4pairIKS4_St10unique_ptrINS1_6detail12std_categoryESt14default_deleteIS9_EEESt10_Select1stISD_ENS8_12cat_ptr_lessESaISD_EED2Ev
FNDA:0,_ZNSt8_Rb_treeIPKN5boost6system14error_categoryESt4pairIKS4_St10unique_ptrINS1_6detail12std_categoryESt14default_deleteIS9_EEESt10_Select1stISD_ENS8_12cat_ptr_lessESaISD_EED2Ev
FN:1011,_ZNSt8_Rb_treeIPKN5boost6system14error_categoryESt4pairIKS4_St10unique_ptrINS1_6detail12std_categoryESt14default_deleteIS9_EEESt10_Select1stISD_ENS8_12cat_ptr_lessESaISD_EE5beginEv
FNDA:0,_ZNSt8_Rb_treeIPKN5boost6system14error_categoryESt4pairIKS4_St10unique_ptrINS1_6detail12std_categoryESt14default_deleteIS9_EEESt10_Select1stISD_ENS8_12cat_ptr_lessESaISD_EE5beginEv
FN:1019,_ZNSt8_Rb_treeIPKN5boost6system14error_categoryESt4pairIKS4_St10unique_ptrINS1_6detail12std_categoryESt14default_deleteIS9_EEESt10_Select1stISD_ENS8_12cat_ptr_lessESaISD_EE3endEv
FNDA:0,_ZNSt8_Rb_treeIPKN5boost6system14error_categoryESt4pairIKS4_St10unique_ptrINS1_6detail12std_categoryESt14default_deleteIS9_EEESt10_Select1stISD_ENS8_12cat_ptr_lessESaISD_EE3endEv
FN:1802,_ZNSt8_Rb_treeIPKN5boost6system14error_categoryESt4pairIKS4_St10unique_ptrINS1_6detail12std_categoryESt14default_deleteIS9_EEESt10_Select1stISD_ENS8_12cat_ptr_lessESaISD_EE10_M_insert_ISD_NSI_11_Alloc_nodeEEESt17_Rb_tree_iteratorISD_EPSt18_Rb_tree_node_baseSO_OT_RT0_
FNDA:0,_ZNSt8_Rb_treeIPKN5boost6system14error_categoryESt4pairIKS4_St10unique_ptrINS1_6detail12std_categoryESt14default_deleteIS9_EEESt10_Select1stISD_ENS8_12cat_ptr_lessESaISD_EE10_M_insert_ISD_NSI_11_Alloc_nodeEEESt17_Rb_tree_iteratorISD_EPSt18_Rb_tree_node_baseSO_OT_RT0_
FN:1912,_ZNSt8_Rb_treeIPKN5boost6system14error_categoryESt4pairIKS4_St10unique_ptrINS1_6detail12std_categoryESt14default_deleteIS9_EEESt10_Select1stISD_ENS8_12cat_ptr_lessESaISD_EE8_M_eraseEPSt13_Rb_tree_nodeISD_E
FNDA:0,_ZNSt8_Rb_treeIPKN5boost6system14error_categoryESt4pairIKS4_St10unique_ptrINS1_6detail12std_categoryESt14default_deleteIS9_EEESt10_Select1stISD_ENS8_12cat_ptr_lessESaISD_EE8_M_eraseEPSt13_Rb_tree_nodeISD_E
FN:1929,_ZNSt8_Rb_treeIPKN5boost6system14error_categoryESt4pairIKS4_St10unique_ptrINS1_6detail12std_categoryESt14default_deleteIS9_EEESt10_Select1stISD_ENS8_12cat_ptr_lessESaISD_EE14_M_lower_boundEPSt13_Rb_tree_nodeISD_EPSt18_Rb_tree_node_baseRS6_
FNDA:0,_ZNSt8_Rb_treeIPKN5boost6system14error_categoryESt4pairIKS4_St10unique_ptrINS1_6detail12std_categoryESt14default_deleteIS9_EEESt10_Select1stISD_ENS8_12cat_ptr_lessESaISD_EE14_M_lower_boundEPSt13_Rb_tree_nodeISD_EPSt18_Rb_tree_node_baseRS6_
FN:2090,_ZNSt8_Rb_treeIPKN5boost6system14error_categoryESt4pairIKS4_St10unique_ptrINS1_6detail12std_categoryESt14default_deleteIS9_EEESt10_Select1stISD_ENS8_12cat_ptr_lessESaISD_EE24_M_get_insert_unique_posERS6_
FNDA:0,_ZNSt8_Rb_treeIPKN5boost6system14error_categoryESt4pairIKS4_St10unique_ptrINS1_6detail12std_categoryESt14default_deleteIS9_EEESt10_Select1stISD_ENS8_12cat_ptr_lessESaISD_EE24_M_get_insert_unique_posERS6_
FN:2144,_ZNSt8_Rb_treeIPKN5boost6system14error_categoryESt4pairIKS4_St10unique_ptrINS1_6detail12std_categoryESt14default_deleteIS9_EEESt10_Select1stISD_ENS8_12cat_ptr_lessESaISD_EE16_M_insert_uniqueISD_EES5_ISt17_Rb_tree_iteratorISD_EbEOT_
FNDA:0,_ZNSt8_Rb_treeIPKN5boost6system14error_categoryESt4pairIKS4_St10unique_ptrINS1_6detail12std_categoryESt14default_deleteIS9_EEESt10_Select1stISD_ENS8_12cat_ptr_lessESaISD_EE16_M_insert_uniqueISD_EES5_ISt17_Rb_tree_iteratorISD_EbEOT_
FN:2559,_ZNSt8_Rb_treeIPKN5boost6system14error_categoryESt4pairIKS4_St10unique_ptrINS1_6detail12std_categoryESt14default_deleteIS9_EEESt10_Select1stISD_ENS8_12cat_ptr_lessESaISD_EE4findERS6_
FNDA:0,_ZNSt8_Rb_treeIPKN5boost6system14error_categoryESt4pairIKS4_St10unique_ptrINS1_6detail12std_categoryESt14default_deleteIS9_EEESt10_Select1stISD_ENS8_12cat_ptr_lessESaISD_EE4findERS6_
DA:146,0
DA:150,0
DA:173,0
DA:174,0
DA:175,0
DA:176,0
DA:177,0
DA:206,0
DA:208,0
DA:209,0
DA:210,0
DA:211,0
DA:212,0
DA:234,0
DA:235,0
DA:238,0
DA:239,0
DA:273,0
DA:274,0
DA:281,0
DA:282,0
DA:300,0
DA:302,0
DA:303,0
DA:315,0
DA:316,0
DA:538,0
DA:539,0
DA:546,0
DA:548,0
DA:566,0
DA:567,0
DA:579,0
DA:580,0
DA:583,0
DA:584,0
DA:609,0
DA:613,0
DA:614,0
DA:624,0
DA:628,0
DA:630,0
DA:631,0
DA:632,0
DA:637,0
DA:642,0
DA:643,0
DA:645,0
DA:648,0
DA:650,0
DA:651,0
DA:652,0
DA:680,0
DA:684,0
DA:685,0
DA:749,0
DA:750,0
DA:760,0
DA:761,0
DA:772,0
DA:790,0
DA:794,0
DA:795,0
DA:802,0
DA:803,0
DA:814,0
DA:815,0
DA:944,0
DA:999,0
DA:1000,0
DA:1011,0
DA:1012,0
DA:1019,0
DA:1020,0
DA:1802,0
DA:1811,0
DA:1812,0
DA:1813,0
DA:1815,0
DA:1817,0
DA:1818,0
DA:1819,0
DA:1820,0
DA:1912,0
DA:1916,0
DA:1918,0
DA:1919,0
DA:1920,0
DA:1921,0
DA:1923,0
DA:1929,0
DA:1933,0
DA:1934,0
DA:1935,0
DA:1937,0
DA:1938,0
DA:2090,0
DA:2094,0
DA:2095,0
DA:2096,0
DA:2097,0
DA:2099,0
DA:2100,0
DA:2101,0
DA:2103,0
DA:2104,0
DA:2106,0
DA:2107,0
DA:2109,0
DA:2111,0
DA:2112,0
DA:2113,0
DA:2144,0
DA:2152,0
DA:2153,0
DA:2155,0
DA:2157,0
DA:2158,0
DA:2160,0
DA:2163,0
DA:2559,0
DA:2562,0
DA:2563,0
DA:2564,0
DA:2565,0
end_of_record
SF:/usr/include/boost/core/addressof.hpp
FN:38,_ZN5boost9addressofINS_3log12v2s_mt_posix24basic_formatting_ostreamIcSt11char_traitsIcESaIcEEEEEPT_RS8_
FNDA:8,_ZN5boost9addressofINS_3log12v2s_mt_posix24basic_formatting_ostreamIcSt11char_traitsIcESaIcEEEEEPT_RS8_
FN:38,_ZN5boost9addressofINS_12null_deleterEEEPT_RS2_
FNDA:0,_ZN5boost9addressofINS_12null_deleterEEEPT_RS2_
FN:38,_ZN5boost9addressofINS_6detail13sp_ms_deleterINS_3log12v2s_mt_posix5sinks26basic_text_ostream_backendIcEEEEEEPT_RS9_
FNDA:0,_ZN5boost9addressofINS_6detail13sp_ms_deleterINS_3log12v2s_mt_posix5sinks26basic_text_ostream_backendIcEEEEEEPT_RS9_
FN:38,_ZN5boost9addressofINS_6detail13sp_ms_deleterINS_3log12v2s_mt_posix5sinks16synchronous_sinkINS5_26basic_text_ostream_backendIcEEEEEEEEPT_RSB_
FNDA:0,_ZN5boost9addressofINS_6detail13sp_ms_deleterINS_3log12v2s_mt_posix5sinks16synchronous_sinkINS5_26basic_text_ostream_backendIcEEEEEEEEPT_RSB_
FN:38,_ZN5boost9addressofINS_6detail13sp_ms_deleterINS_3log12v2s_mt_posix5sinks17text_file_backendEEEEEPT_RS8_
FNDA:0,_ZN5boost9addressofINS_6detail13sp_ms_deleterINS_3log12v2s_mt_posix5sinks17text_file_backendEEEEEPT_RS8_
FN:38,_ZN5boost9addressofINS_6detail13sp_ms_deleterINS_3log12v2s_mt_posix5sinks16synchronous_sinkINS5_17text_file_backendEEEEEEEPT_RSA_
FNDA:0,_ZN5boost9addressofINS_6detail13sp_ms_deleterINS_3log12v2s_mt_posix5sinks16synchronous_sinkINS5_17text_file_backendEEEEEEEPT_RSA_
FN:38,_ZN5boost9addressofINS_2io22basic_oaltstringstreamIcSt11char_traitsIcESaIcEE5No_OpEEEPT_RS8_
FNDA:0,_ZN5boost9addressofINS_2io22basic_oaltstringstreamIcSt11char_traitsIcESaIcEE5No_OpEEEPT_RS8_
FN:38,_ZN5boost9addressofIKNS_3log12v2s_mt_posix7trivial14severity_levelEEEPT_RS6_
FNDA:4,_ZN5boost9addressofIKNS_3log12v2s_mt_posix7trivial14severity_levelEEEPT_RS6_
FN:38,_ZN5boost9addressofINS_3log12v2s_mt_posix3aux21value_ref_initializerINS2_9value_refINS2_7trivial14severity_levelENS6_3tag8severityEEEEEEEPT_RSC_
FNDA:4,_ZN5boost9addressofINS_3log12v2s_mt_posix3aux21value_ref_initializerINS2_9value_refINS2_7trivial14severity_levelENS6_3tag8severityEEEEEEEPT_RSC_
FN:38,_ZN5boost9addressofINS_3log12v2s_mt_posix9binder1stINS2_10output_funERNS2_11expressions3aux10stream_refINS2_24basic_formatting_ostreamIcSt11char_traitsIcESaIcEEEEEEEEEPT_RSG_
FNDA:0,_ZN5boost9addressofINS_3log12v2s_mt_posix9binder1stINS2_10output_funERNS2_11expressions3aux10stream_refINS2_24basic_formatting_ostreamIcSt11char_traitsIcESaIcEEEEEEEEEPT_RSG_
FN:38,_ZN5boost9addressofINS_3log12v2s_mt_posix7sources18severity_logger_mtINS2_7trivial14severity_levelEEEEEPT_RS8_
FNDA:4,_ZN5boost9addressofINS_3log12v2s_mt_posix7sources18severity_logger_mtINS2_7trivial14severity_levelEEEEEPT_RS8_
DA:38,8
DA:40,8
DA:38,0
DA:40,0
DA:38,0
DA:40,0
DA:38,0
DA:40,0
DA:38,0
DA:40,0
DA:38,0
DA:40,0
DA:38,0
DA:40,0
DA:38,4
DA:40,4
DA:38,4
DA:40,4
DA:38,0
DA:40,0
DA:38,4
DA:40,4
end_of_record
