TN:
SF:/usr/include/c++/9/bits/basic_string.h
FN:190,_ZNKSt7__cxx1112basic_stringIcSt11char_traitsIcESaIcEE7_M_dataEv
FNDA:0,_ZNKSt7__cxx1112basic_stringIcSt11char_traitsIcESaIcEE7_M_dataEv
FN:934,_ZNKSt7__cxx1112basic_stringIcSt11char_traitsIcESaIcEE4sizeEv
FNDA:0,_ZNKSt7__cxx1112basic_stringIcSt11char_traitsIcESaIcEE4sizeEv
FN:2304,_ZNKSt7__cxx1112basic_stringIcSt11char_traitsIcESaIcEE5c_strEv
FNDA:0,_ZNKSt7__cxx1112basic_stringIcSt11char_traitsIcESaIcEE5c_strEv
FN:2327,_ZNSt7__cxx1112basic_stringIcSt11char_traitsIcESaIcEE4dataEv
FNDA:4,_ZNSt7__cxx1112basic_stringIcSt11char_traitsIcESaIcEE4dataEv
DA:190,0
DA:191,0
DA:934,0
DA:935,0
DA:2304,0
DA:2305,0
DA:2327,4
DA:2328,4
end_of_record
SF:/home/yackey/projects/vpgnix/cstring/src/cstring.cpp
FN:5,_ZN7cstringC2Ev
FNDA:26,_ZN7cstringC2Ev
FN:9,_ZN7cstringC2ENSt7__cxx1112basic_stringIcSt11char_traitsIcESaIcEEE
FNDA:42,_ZN7cstringC2ENSt7__cxx1112basic_stringIcSt11char_traitsIcESaIcEEE
FN:14,_ZN7cstringC2ERS_
FNDA:8,_ZN7cstringC2ERS_
FN:19,_ZN7cstringD2Ev
FNDA:76,_ZN7cstringD2Ev
FN:26,_ZN7cstringaSES_
FNDA:12,_ZN7cstringaSES_
FN:32,_ZN7cstringpLERNSt7__cxx1112basic_stringIcSt11char_traitsIcESaIcEEE
FNDA:2,_ZN7cstringpLERNSt7__cxx1112basic_stringIcSt11char_traitsIcESaIcEEE
FN:38,_ZN7cstringpLERS_
FNDA:6,_ZN7cstringpLERS_
FN:44,_ZN7cstringplERNSt7__cxx1112basic_stringIcSt11char_traitsIcESaIcEEE
FNDA:4,_ZN7cstringplERNSt7__cxx1112basic_stringIcSt11char_traitsIcESaIcEEE
FN:51,_ZN7cstringplERS_
FNDA:4,_ZN7cstringplERS_
FN:58,_ZN7cstring6formatENSt7__cxx1112basic_stringIcSt11char_traitsIcESaIcEEEz
FNDA:4,_ZN7cstring6formatENSt7__cxx1112basic_stringIcSt11char_traitsIcESaIcEEEz
FN:70,_ZNK7cstring4dataEv
FNDA:60,_ZNK7cstring4dataEv
FN:74,_ZNK7cstring4sizeEv
FNDA:54,_ZNK7cstring4sizeEv
DA:5,26
DA:6,26
DA:7,26
DA:9,42
DA:10,42
DA:11,42
DA:12,42
DA:14,8
DA:15,8
DA:16,8
DA:17,8
DA:19,152
DA:20,76
DA:21,76
DA:22,76
DA:24,76
DA:26,12
DA:27,12
DA:28,12
DA:29,12
DA:32,2
DA:33,2
DA:34,2
DA:35,2
DA:38,6
DA:39,6
DA:40,6
DA:41,6
DA:44,4
DA:45,4
DA:46,4
DA:47,4
DA:48,4
DA:51,4
DA:52,4
DA:53,4
DA:54,4
DA:55,4
DA:58,4
DA:60,4
DA:62,4
DA:63,4
DA:64,4
DA:65,4
DA:66,4
DA:67,4
DA:68,4
DA:70,60
DA:71,60
DA:74,54
DA:75,54
end_of_record
