TN:
SF:/usr/include/c++/9/ext/aligned_buffer.h
FN:64,_ZN9__gnu_cxx16__aligned_membufISt4pairIKiiEE7_M_addrEv
FNDA:0,_ZN9__gnu_cxx16__aligned_membufISt4pairIKiiEE7_M_addrEv
FN:64,_ZN9__gnu_cxx16__aligned_membufISt4pairIKPKN5boost6system14error_categoryESt10unique_ptrINS3_6detail12std_categoryESt14default_deleteISA_EEEE7_M_addrEv
FNDA:0,_ZN9__gnu_cxx16__aligned_membufISt4pairIKPKN5boost6system14error_categoryESt10unique_ptrINS3_6detail12std_categoryESt14default_deleteISA_EEEE7_M_addrEv
FN:68,_ZNK9__gnu_cxx16__aligned_membufISt4pairIKPKN5boost6system14error_categoryESt10unique_ptrINS3_6detail12std_categoryESt14default_deleteISA_EEEE7_M_addrEv
FNDA:0,_ZNK9__gnu_cxx16__aligned_membufISt4pairIKPKN5boost6system14error_categoryESt10unique_ptrINS3_6detail12std_categoryESt14default_deleteISA_EEEE7_M_addrEv
FN:72,_ZN9__gnu_cxx16__aligned_membufISt4pairIKiiEE6_M_ptrEv
FNDA:0,_ZN9__gnu_cxx16__aligned_membufISt4pairIKiiEE6_M_ptrEv
FN:72,_ZN9__gnu_cxx16__aligned_membufISt4pairIKPKN5boost6system14error_categoryESt10unique_ptrINS3_6detail12std_categoryESt14default_deleteISA_EEEE6_M_ptrEv
FNDA:0,_ZN9__gnu_cxx16__aligned_membufISt4pairIKPKN5boost6system14error_categoryESt10unique_ptrINS3_6detail12std_categoryESt14default_deleteISA_EEEE6_M_ptrEv
FN:76,_ZNK9__gnu_cxx16__aligned_membufISt4pairIKPKN5boost6system14error_categoryESt10unique_ptrINS3_6detail12std_categoryESt14default_deleteISA_EEEE6_M_ptrEv
FNDA:0,_ZNK9__gnu_cxx16__aligned_membufISt4pairIKPKN5boost6system14error_categoryESt10unique_ptrINS3_6detail12std_categoryESt14default_deleteISA_EEEE6_M_ptrEv
FN:102,_ZN9__gnu_cxx16__aligned_bufferI6vpgnixE7_M_addrEv
FNDA:2,_ZN9__gnu_cxx16__aligned_bufferI6vpgnixE7_M_addrEv
FN:102,_ZN9__gnu_cxx16__aligned_bufferI10corethreadE7_M_addrEv
FNDA:2,_ZN9__gnu_cxx16__aligned_bufferI10corethreadE7_M_addrEv
FN:102,_ZN9__gnu_cxx16__aligned_bufferI14waitable_eventE7_M_addrEv
FNDA:4,_ZN9__gnu_cxx16__aligned_bufferI14waitable_eventE7_M_addrEv
FN:114,_ZN9__gnu_cxx16__aligned_bufferI6vpgnixE6_M_ptrEv
FNDA:2,_ZN9__gnu_cxx16__aligned_bufferI6vpgnixE6_M_ptrEv
FN:114,_ZN9__gnu_cxx16__aligned_bufferI10corethreadE6_M_ptrEv
FNDA:2,_ZN9__gnu_cxx16__aligned_bufferI10corethreadE6_M_ptrEv
FN:114,_ZN9__gnu_cxx16__aligned_bufferI14waitable_eventE6_M_ptrEv
FNDA:4,_ZN9__gnu_cxx16__aligned_bufferI14waitable_eventE6_M_ptrEv
DA:64,0
DA:65,0
DA:64,0
DA:65,0
DA:68,0
DA:69,0
DA:72,0
DA:73,0
DA:72,0
DA:73,0
DA:76,0
DA:77,0
DA:102,2
DA:104,2
DA:102,2
DA:104,2
DA:102,4
DA:104,4
DA:114,2
DA:115,2
DA:114,2
DA:115,2
DA:114,4
DA:115,4
end_of_record
SF:/usr/include/c++/9/ext/new_allocator.h
FN:80,_ZN9__gnu_cxx13new_allocatorIcEC2Ev
FNDA:0,_ZN9__gnu_cxx13new_allocatorIcEC2Ev
FN:80,_ZN9__gnu_cxx13new_allocatorISt23_Sp_counted_ptr_inplaceI6vpgnixSaIS2_ELNS_12_Lock_policyE2EEEC2Ev
FNDA:1,_ZN9__gnu_cxx13new_allocatorISt23_Sp_counted_ptr_inplaceI6vpgnixSaIS2_ELNS_12_Lock_policyE2EEEC2Ev
FN:80,_ZN9__gnu_cxx13new_allocatorISt13_Rb_tree_nodeISt4pairIKPKN5boost6system14error_categoryESt10unique_ptrINS4_6detail12std_categoryESt14default_deleteISB_EEEEEC2Ev
FNDA:0,_ZN9__gnu_cxx13new_allocatorISt13_Rb_tree_nodeISt4pairIKPKN5boost6system14error_categoryESt10unique_ptrINS4_6detail12std_categoryESt14default_deleteISB_EEEEEC2Ev
FN:80,_ZN9__gnu_cxx13new_allocatorISt13_Rb_tree_nodeISt4pairIKiiEEEC2Ev
FNDA:1,_ZN9__gnu_cxx13new_allocatorISt13_Rb_tree_nodeISt4pairIKiiEEEC2Ev
FN:80,_ZN9__gnu_cxx13new_allocatorI14waitable_eventEC2Ev
FNDA:2,_ZN9__gnu_cxx13new_allocatorI14waitable_eventEC2Ev
FN:80,_ZN9__gnu_cxx13new_allocatorISt23_Sp_counted_ptr_inplaceI10corethreadSaIS2_ELNS_12_Lock_policyE2EEEC2Ev
FNDA:1,_ZN9__gnu_cxx13new_allocatorISt23_Sp_counted_ptr_inplaceI10corethreadSaIS2_ELNS_12_Lock_policyE2EEEC2Ev
FN:80,_ZN9__gnu_cxx13new_allocatorI10corethreadEC2Ev
FNDA:1,_ZN9__gnu_cxx13new_allocatorI10corethreadEC2Ev
FN:80,_ZN9__gnu_cxx13new_allocatorISt23_Sp_counted_ptr_inplaceI14waitable_eventSaIS2_ELNS_12_Lock_policyE2EEEC2Ev
FNDA:2,_ZN9__gnu_cxx13new_allocatorISt23_Sp_counted_ptr_inplaceI14waitable_eventSaIS2_ELNS_12_Lock_policyE2EEEC2Ev
FN:80,_ZN9__gnu_cxx13new_allocatorI6vpgnixEC2Ev
FNDA:1,_ZN9__gnu_cxx13new_allocatorI6vpgnixEC2Ev
FN:83,_ZN9__gnu_cxx13new_allocatorI14waitable_eventEC2ERKS2_
FNDA:6,_ZN9__gnu_cxx13new_allocatorI14waitable_eventEC2ERKS2_
FN:83,_ZN9__gnu_cxx13new_allocatorI10corethreadEC2ERKS2_
FNDA:3,_ZN9__gnu_cxx13new_allocatorI10corethreadEC2ERKS2_
FN:83,_ZN9__gnu_cxx13new_allocatorI6vpgnixEC2ERKS2_
FNDA:3,_ZN9__gnu_cxx13new_allocatorI6vpgnixEC2ERKS2_
FN:89,_ZN9__gnu_cxx13new_allocatorI6vpgnixED2Ev
FNDA:3,_ZN9__gnu_cxx13new_allocatorI6vpgnixED2Ev
FN:89,_ZN9__gnu_cxx13new_allocatorI10corethreadED2Ev
FNDA:3,_ZN9__gnu_cxx13new_allocatorI10corethreadED2Ev
FN:89,_ZN9__gnu_cxx13new_allocatorISt23_Sp_counted_ptr_inplaceI14waitable_eventSaIS2_ELNS_12_Lock_policyE2EEED2Ev
FNDA:2,_ZN9__gnu_cxx13new_allocatorISt23_Sp_counted_ptr_inplaceI14waitable_eventSaIS2_ELNS_12_Lock_policyE2EEED2Ev
FN:89,_ZN9__gnu_cxx13new_allocatorI14waitable_eventED2Ev
FNDA:6,_ZN9__gnu_cxx13new_allocatorI14waitable_eventED2Ev
FN:89,_ZN9__gnu_cxx13new_allocatorISt13_Rb_tree_nodeISt4pairIKiiEEED2Ev
FNDA:0,_ZN9__gnu_cxx13new_allocatorISt13_Rb_tree_nodeISt4pairIKiiEEED2Ev
FN:89,_ZN9__gnu_cxx13new_allocatorISt23_Sp_counted_ptr_inplaceI6vpgnixSaIS2_ELNS_12_Lock_policyE2EEED2Ev
FNDA:1,_ZN9__gnu_cxx13new_allocatorISt23_Sp_counted_ptr_inplaceI6vpgnixSaIS2_ELNS_12_Lock_policyE2EEED2Ev
FN:89,_ZN9__gnu_cxx13new_allocatorISt13_Rb_tree_nodeISt4pairIKPKN5boost6system14error_categoryESt10unique_ptrINS4_6detail12std_categoryESt14default_deleteISB_EEEEED2Ev
FNDA:0,_ZN9__gnu_cxx13new_allocatorISt13_Rb_tree_nodeISt4pairIKPKN5boost6system14error_categoryESt10unique_ptrINS4_6detail12std_categoryESt14default_deleteISB_EEEEED2Ev
FN:89,_ZN9__gnu_cxx13new_allocatorIcED2Ev
FNDA:0,_ZN9__gnu_cxx13new_allocatorIcED2Ev
FN:89,_ZN9__gnu_cxx13new_allocatorISt23_Sp_counted_ptr_inplaceI10corethreadSaIS2_ELNS_12_Lock_policyE2EEED2Ev
FNDA:1,_ZN9__gnu_cxx13new_allocatorISt23_Sp_counted_ptr_inplaceI10corethreadSaIS2_ELNS_12_Lock_policyE2EEED2Ev
FN:102,_ZN9__gnu_cxx13new_allocatorISt13_Rb_tree_nodeISt4pairIKPKN5boost6system14error_categoryESt10unique_ptrINS4_6detail12std_categoryESt14default_deleteISB_EEEEE8allocateEmPKv
FNDA:0,_ZN9__gnu_cxx13new_allocatorISt13_Rb_tree_nodeISt4pairIKPKN5boost6system14error_categoryESt10unique_ptrINS4_6detail12std_categoryESt14default_deleteISB_EEEEE8allocateEmPKv
FN:102,_ZN9__gnu_cxx13new_allocatorISt23_Sp_counted_ptr_inplaceI14waitable_eventSaIS2_ELNS_12_Lock_policyE2EEE8allocateEmPKv
FNDA:2,_ZN9__gnu_cxx13new_allocatorISt23_Sp_counted_ptr_inplaceI14waitable_eventSaIS2_ELNS_12_Lock_policyE2EEE8allocateEmPKv
FN:102,_ZN9__gnu_cxx13new_allocatorISt23_Sp_counted_ptr_inplaceI6vpgnixSaIS2_ELNS_12_Lock_policyE2EEE8allocateEmPKv
FNDA:1,_ZN9__gnu_cxx13new_allocatorISt23_Sp_counted_ptr_inplaceI6vpgnixSaIS2_ELNS_12_Lock_policyE2EEE8allocateEmPKv
FN:102,_ZN9__gnu_cxx13new_allocatorIcE8allocateEmPKv
FNDA:0,_ZN9__gnu_cxx13new_allocatorIcE8allocateEmPKv
FN:102,_ZN9__gnu_cxx13new_allocatorISt23_Sp_counted_ptr_inplaceI10corethreadSaIS2_ELNS_12_Lock_policyE2EEE8allocateEmPKv
FNDA:1,_ZN9__gnu_cxx13new_allocatorISt23_Sp_counted_ptr_inplaceI10corethreadSaIS2_ELNS_12_Lock_policyE2EEE8allocateEmPKv
FN:119,_ZN9__gnu_cxx13new_allocatorISt13_Rb_tree_nodeISt4pairIKPKN5boost6system14error_categoryESt10unique_ptrINS4_6detail12std_categoryESt14default_deleteISB_EEEEE10deallocateEPSG_m
FNDA:0,_ZN9__gnu_cxx13new_allocatorISt13_Rb_tree_nodeISt4pairIKPKN5boost6system14error_categoryESt10unique_ptrINS4_6detail12std_categoryESt14default_deleteISB_EEEEE10deallocateEPSG_m
FN:119,_ZN9__gnu_cxx13new_allocatorISt23_Sp_counted_ptr_inplaceI6vpgnixSaIS2_ELNS_12_Lock_policyE2EEE10deallocateEPS5_m
FNDA:0,_ZN9__gnu_cxx13new_allocatorISt23_Sp_counted_ptr_inplaceI6vpgnixSaIS2_ELNS_12_Lock_policyE2EEE10deallocateEPS5_m
FN:119,_ZN9__gnu_cxx13new_allocatorISt23_Sp_counted_ptr_inplaceI10corethreadSaIS2_ELNS_12_Lock_policyE2EEE10deallocateEPS5_m
FNDA:0,_ZN9__gnu_cxx13new_allocatorISt23_Sp_counted_ptr_inplaceI10corethreadSaIS2_ELNS_12_Lock_policyE2EEE10deallocateEPS5_m
FN:119,_ZN9__gnu_cxx13new_allocatorIcE10deallocateEPcm
FNDA:0,_ZN9__gnu_cxx13new_allocatorIcE10deallocateEPcm
FN:119,_ZN9__gnu_cxx13new_allocatorISt13_Rb_tree_nodeISt4pairIKiiEEE10deallocateEPS5_m
FNDA:0,_ZN9__gnu_cxx13new_allocatorISt13_Rb_tree_nodeISt4pairIKiiEEE10deallocateEPS5_m
FN:119,_ZN9__gnu_cxx13new_allocatorISt23_Sp_counted_ptr_inplaceI14waitable_eventSaIS2_ELNS_12_Lock_policyE2EEE10deallocateEPS5_m
FNDA:0,_ZN9__gnu_cxx13new_allocatorISt23_Sp_counted_ptr_inplaceI14waitable_eventSaIS2_ELNS_12_Lock_policyE2EEE10deallocateEPS5_m
FN:132,_ZNK9__gnu_cxx13new_allocatorIcE8max_sizeEv
FNDA:0,_ZNK9__gnu_cxx13new_allocatorIcE8max_sizeEv
FN:132,_ZNK9__gnu_cxx13new_allocatorISt23_Sp_counted_ptr_inplaceI14waitable_eventSaIS2_ELNS_12_Lock_policyE2EEE8max_sizeEv
FNDA:2,_ZNK9__gnu_cxx13new_allocatorISt23_Sp_counted_ptr_inplaceI14waitable_eventSaIS2_ELNS_12_Lock_policyE2EEE8max_sizeEv
FN:132,_ZNK9__gnu_cxx13new_allocatorISt23_Sp_counted_ptr_inplaceI10corethreadSaIS2_ELNS_12_Lock_policyE2EEE8max_sizeEv
FNDA:1,_ZNK9__gnu_cxx13new_allocatorISt23_Sp_counted_ptr_inplaceI10corethreadSaIS2_ELNS_12_Lock_policyE2EEE8max_sizeEv
FN:132,_ZNK9__gnu_cxx13new_allocatorISt23_Sp_counted_ptr_inplaceI6vpgnixSaIS2_ELNS_12_Lock_policyE2EEE8max_sizeEv
FNDA:1,_ZNK9__gnu_cxx13new_allocatorISt23_Sp_counted_ptr_inplaceI6vpgnixSaIS2_ELNS_12_Lock_policyE2EEE8max_sizeEv
FN:132,_ZNK9__gnu_cxx13new_allocatorISt13_Rb_tree_nodeISt4pairIKPKN5boost6system14error_categoryESt10unique_ptrINS4_6detail12std_categoryESt14default_deleteISB_EEEEE8max_sizeEv
FNDA:0,_ZNK9__gnu_cxx13new_allocatorISt13_Rb_tree_nodeISt4pairIKPKN5boost6system14error_categoryESt10unique_ptrINS4_6detail12std_categoryESt14default_deleteISB_EEEEE8max_sizeEv
FN:144,_ZN9__gnu_cxx13new_allocatorISt13_Rb_tree_nodeISt4pairIKPKN5boost6system14error_categoryESt10unique_ptrINS4_6detail12std_categoryESt14default_deleteISB_EEEEE9constructISF_JSF_EEEvPT_DpOT0_
FNDA:0,_ZN9__gnu_cxx13new_allocatorISt13_Rb_tree_nodeISt4pairIKPKN5boost6system14error_categoryESt10unique_ptrINS4_6detail12std_categoryESt14default_deleteISB_EEEEE9constructISF_JSF_EEEvPT_DpOT0_
FN:144,_ZN9__gnu_cxx13new_allocatorI6vpgnixE9constructIS1_JRiS4_RSt10shared_ptrI14waitable_eventERS5_I10corethreadES8_RS5_I7ILoggerEEEEvPT_DpOT0_
FNDA:1,_ZN9__gnu_cxx13new_allocatorI6vpgnixE9constructIS1_JRiS4_RSt10shared_ptrI14waitable_eventERS5_I10corethreadES8_RS5_I7ILoggerEEEEvPT_DpOT0_
FN:144,_ZN9__gnu_cxx13new_allocatorI10corethreadE9constructIS1_JRiRSt10shared_ptrI14waitable_eventERS5_I7ILoggerEEEEvPT_DpOT0_
FNDA:1,_ZN9__gnu_cxx13new_allocatorI10corethreadE9constructIS1_JRiRSt10shared_ptrI14waitable_eventERS5_I7ILoggerEEEEvPT_DpOT0_
FN:144,_ZN9__gnu_cxx13new_allocatorI14waitable_eventE9constructIS1_JEEEvPT_DpOT0_
FNDA:2,_ZN9__gnu_cxx13new_allocatorI14waitable_eventE9constructIS1_JEEEvPT_DpOT0_
FN:150,_ZN9__gnu_cxx13new_allocatorISt13_Rb_tree_nodeISt4pairIKPKN5boost6system14error_categoryESt10unique_ptrINS4_6detail12std_categoryESt14default_deleteISB_EEEEE7destroyISF_EEvPT_
FNDA:0,_ZN9__gnu_cxx13new_allocatorISt13_Rb_tree_nodeISt4pairIKPKN5boost6system14error_categoryESt10unique_ptrINS4_6detail12std_categoryESt14default_deleteISB_EEEEE7destroyISF_EEvPT_
FN:150,_ZN9__gnu_cxx13new_allocatorISt13_Rb_tree_nodeISt4pairIKiiEEE7destroyIS4_EEvPT_
FNDA:0,_ZN9__gnu_cxx13new_allocatorISt13_Rb_tree_nodeISt4pairIKiiEEE7destroyIS4_EEvPT_
FN:150,_ZN9__gnu_cxx13new_allocatorI14waitable_eventE7destroyIS1_EEvPT_
FNDA:0,_ZN9__gnu_cxx13new_allocatorI14waitable_eventE7destroyIS1_EEvPT_
FN:150,_ZN9__gnu_cxx13new_allocatorI6vpgnixE7destroyIS1_EEvPT_
FNDA:0,_ZN9__gnu_cxx13new_allocatorI6vpgnixE7destroyIS1_EEvPT_
FN:150,_ZN9__gnu_cxx13new_allocatorI10corethreadE7destroyIS1_EEvPT_
FNDA:0,_ZN9__gnu_cxx13new_allocatorI10corethreadE7destroyIS1_EEvPT_
DA:80,1
DA:80,1
DA:80,2
DA:80,1
DA:80,1
DA:80,2
DA:80,1
DA:80,0
DA:80,0
DA:83,3
DA:83,3
DA:83,6
DA:89,1
DA:89,1
DA:89,2
DA:89,3
DA:89,3
DA:89,6
DA:89,0
DA:89,0
DA:89,0
DA:102,1
DA:104,1
DA:105,0
DA:114,1
DA:102,1
DA:104,1
DA:105,0
DA:114,1
DA:102,2
DA:104,2
DA:105,0
DA:114,2
DA:102,0
DA:104,0
DA:105,0
DA:114,0
DA:102,0
DA:104,0
DA:105,0
DA:114,0
DA:119,0
DA:128,0
DA:119,0
DA:128,0
DA:119,0
DA:128,0
DA:119,0
DA:128,0
DA:119,0
DA:128,0
DA:119,0
DA:128,0
DA:132,1
DA:135,1
DA:132,1
DA:135,1
DA:132,2
DA:135,2
DA:132,0
DA:135,0
DA:132,0
DA:135,0
DA:144,1
DA:146,1
DA:144,1
DA:146,1
DA:144,2
DA:146,2
DA:144,0
DA:146,0
DA:150,0
DA:152,0
DA:150,0
DA:152,0
DA:150,0
DA:152,0
DA:150,0
DA:152,0
DA:150,0
DA:152,0
end_of_record
SF:/usr/include/c++/9/bits/allocator.h
FN:137,_ZNSaISt13_Rb_tree_nodeISt4pairIKPKN5boost6system14error_categoryESt10unique_ptrINS2_6detail12std_categoryESt14default_deleteIS9_EEEEEC2Ev
FNDA:0,_ZNSaISt13_Rb_tree_nodeISt4pairIKPKN5boost6system14error_categoryESt10unique_ptrINS2_6detail12std_categoryESt14default_deleteIS9_EEEEEC2Ev
FN:137,_ZNSaI6vpgnixEC2Ev
FNDA:1,_ZNSaI6vpgnixEC2Ev
FN:137,_ZNSaISt13_Rb_tree_nodeISt4pairIKiiEEEC2Ev
FNDA:1,_ZNSaISt13_Rb_tree_nodeISt4pairIKiiEEEC2Ev
FN:137,_ZNSaI10corethreadEC2Ev
FNDA:1,_ZNSaI10corethreadEC2Ev
FN:137,_ZNSaI14waitable_eventEC2Ev
FNDA:2,_ZNSaI14waitable_eventEC2Ev
FN:140,_ZNSaI10corethreadEC2ERKS0_
FNDA:3,_ZNSaI10corethreadEC2ERKS0_
FN:140,_ZNSaI14waitable_eventEC2ERKS0_
FNDA:6,_ZNSaI14waitable_eventEC2ERKS0_
FN:140,_ZNSaI6vpgnixEC2ERKS0_
FNDA:3,_ZNSaI6vpgnixEC2ERKS0_
FN:150,_ZNSaISt23_Sp_counted_ptr_inplaceI6vpgnixSaIS0_ELN9__gnu_cxx12_Lock_policyE2EEEC2IS0_EERKSaIT_E
FNDA:1,_ZNSaISt23_Sp_counted_ptr_inplaceI6vpgnixSaIS0_ELN9__gnu_cxx12_Lock_policyE2EEEC2IS0_EERKSaIT_E
FN:150,_ZNSaISt23_Sp_counted_ptr_inplaceI10corethreadSaIS0_ELN9__gnu_cxx12_Lock_policyE2EEEC2IS0_EERKSaIT_E
FNDA:1,_ZNSaISt23_Sp_counted_ptr_inplaceI10corethreadSaIS0_ELN9__gnu_cxx12_Lock_policyE2EEEC2IS0_EERKSaIT_E
FN:150,_ZNSaISt23_Sp_counted_ptr_inplaceI14waitable_eventSaIS0_ELN9__gnu_cxx12_Lock_policyE2EEEC2IS0_EERKSaIT_E
FNDA:2,_ZNSaISt23_Sp_counted_ptr_inplaceI14waitable_eventSaIS0_ELN9__gnu_cxx12_Lock_policyE2EEEC2IS0_EERKSaIT_E
FN:152,_ZNSaI6vpgnixED2Ev
FNDA:3,_ZNSaI6vpgnixED2Ev
FN:152,_ZNSaISt13_Rb_tree_nodeISt4pairIKPKN5boost6system14error_categoryESt10unique_ptrINS2_6detail12std_categoryESt14default_deleteIS9_EEEEED2Ev
FNDA:0,_ZNSaISt13_Rb_tree_nodeISt4pairIKPKN5boost6system14error_categoryESt10unique_ptrINS2_6detail12std_categoryESt14default_deleteIS9_EEEEED2Ev
FN:152,_ZNSaISt13_Rb_tree_nodeISt4pairIKiiEEED2Ev
FNDA:0,_ZNSaISt13_Rb_tree_nodeISt4pairIKiiEEED2Ev
FN:152,_ZNSaI14waitable_eventED2Ev
FNDA:6,_ZNSaI14waitable_eventED2Ev
FN:152,_ZNSaI10corethreadED2Ev
FNDA:3,_ZNSaI10corethreadED2Ev
FN:152,_ZNSaISt23_Sp_counted_ptr_inplaceI14waitable_eventSaIS0_ELN9__gnu_cxx12_Lock_policyE2EEED2Ev
FNDA:2,_ZNSaISt23_Sp_counted_ptr_inplaceI14waitable_eventSaIS0_ELN9__gnu_cxx12_Lock_policyE2EEED2Ev
FN:152,_ZNSaISt23_Sp_counted_ptr_inplaceI10corethreadSaIS0_ELN9__gnu_cxx12_Lock_policyE2EEED2Ev
FNDA:1,_ZNSaISt23_Sp_counted_ptr_inplaceI10corethreadSaIS0_ELN9__gnu_cxx12_Lock_policyE2EEED2Ev
FN:152,_ZNSaISt23_Sp_counted_ptr_inplaceI6vpgnixSaIS0_ELN9__gnu_cxx12_Lock_policyE2EEED2Ev
FNDA:1,_ZNSaISt23_Sp_counted_ptr_inplaceI6vpgnixSaIS0_ELN9__gnu_cxx12_Lock_policyE2EEED2Ev
DA:137,1
DA:137,1
DA:137,2
DA:137,1
DA:137,0
DA:140,3
DA:141,3
DA:140,3
DA:141,3
DA:140,6
DA:141,6
DA:150,1
DA:150,1
DA:150,2
DA:152,1
DA:152,1
DA:152,2
DA:152,3
DA:152,3
DA:152,6
DA:152,0
DA:152,0
end_of_record
SF:/home/yackey/projects/vpgnix/include/waitable/waitable_event.h
FN:6,_ZN14waitable_eventC2Ev
FNDA:2,_ZN14waitable_eventC2Ev
DA:6,2
end_of_record
SF:/usr/include/c++/9/bits/stl_iterator_base_types.h
FN:205,_ZSt19__iterator_categoryIPKcENSt15iterator_traitsIT_E17iterator_categoryERKS3_
FNDA:0,_ZSt19__iterator_categoryIPKcENSt15iterator_traitsIT_E17iterator_categoryERKS3_
DA:205,0
DA:206,0
end_of_record
SF:/usr/include/boost/none.hpp
end_of_record
SF:/usr/include/boost/none_t.hpp
FN:32,_ZN5boost6none_tC2ENS0_8init_tagE
FNDA:0,_ZN5boost6none_tC2ENS0_8init_tagE
DA:32,0
end_of_record
SF:/usr/include/c++/9/ext/atomicity.h
FN:48,_ZN9__gnu_cxxL18__exchange_and_addEPVii
FNDA:0,_ZN9__gnu_cxxL18__exchange_and_addEPVii
FN:52,_ZN9__gnu_cxxL12__atomic_addEPVii
FNDA:0,_ZN9__gnu_cxxL12__atomic_addEPVii
FN:65,_ZN9__gnu_cxxL25__exchange_and_add_singleEPii
FNDA:0,_ZN9__gnu_cxxL25__exchange_and_add_singleEPii
FN:73,_ZN9__gnu_cxxL19__atomic_add_singleEPii
FNDA:0,_ZN9__gnu_cxxL19__atomic_add_singleEPii
FN:78,_ZN9__gnu_cxxL27__exchange_and_add_dispatchEPii
FNDA:0,_ZN9__gnu_cxxL27__exchange_and_add_dispatchEPii
FN:92,_ZN9__gnu_cxxL21__atomic_add_dispatchEPii
FNDA:0,_ZN9__gnu_cxxL21__atomic_add_dispatchEPii
DA:48,0
DA:49,0
DA:52,0
DA:53,0
DA:65,0
DA:67,0
DA:68,0
DA:69,0
DA:73,0
DA:74,0
DA:78,0
DA:81,0
DA:82,0
DA:84,0
DA:92,0
DA:95,0
DA:96,0
DA:98,0
DA:102,0
end_of_record
SF:/usr/include/c++/9/bits/ptr_traits.h
FN:146,_ZNSt14pointer_traitsIPKcE10pointer_toERS0_
FNDA:0,_ZNSt14pointer_traitsIPKcE10pointer_toERS0_
FN:146,_ZNSt14pointer_traitsIPcE10pointer_toERc
FNDA:0,_ZNSt14pointer_traitsIPcE10pointer_toERc
FN:156,_ZSt12__to_addressISt23_Sp_counted_ptr_inplaceI6vpgnixSaIS1_ELN9__gnu_cxx12_Lock_policyE2EEEPT_S7_
FNDA:1,_ZSt12__to_addressISt23_Sp_counted_ptr_inplaceI6vpgnixSaIS1_ELN9__gnu_cxx12_Lock_policyE2EEEPT_S7_
FN:156,_ZSt12__to_addressISt23_Sp_counted_ptr_inplaceI10corethreadSaIS1_ELN9__gnu_cxx12_Lock_policyE2EEEPT_S7_
FNDA:1,_ZSt12__to_addressISt23_Sp_counted_ptr_inplaceI10corethreadSaIS1_ELN9__gnu_cxx12_Lock_policyE2EEEPT_S7_
FN:156,_ZSt12__to_addressISt23_Sp_counted_ptr_inplaceI14waitable_eventSaIS1_ELN9__gnu_cxx12_Lock_policyE2EEEPT_S7_
FNDA:2,_ZSt12__to_addressISt23_Sp_counted_ptr_inplaceI14waitable_eventSaIS1_ELN9__gnu_cxx12_Lock_policyE2EEEPT_S7_
DA:146,0
DA:147,0
DA:146,0
DA:147,0
DA:156,1
DA:159,1
DA:156,1
DA:159,1
DA:156,2
DA:159,2
end_of_record
SF:/usr/include/boost/system/error_code.hpp
FN:233,_ZNK5boost6system14error_categoryeqERKS1_
FNDA:0,_ZNK5boost6system14error_categoryeqERKS1_
FN:243,_ZNK5boost6system14error_categoryltERKS1_
FNDA:0,_ZNK5boost6system14error_categoryltERKS1_
FN:290,_ZNK5boost6system6detail22generic_error_category4nameEv
FNDA:0,_ZNK5boost6system6detail22generic_error_category4nameEv
FN:308,_ZNK5boost6system6detail21system_error_category4nameEv
FNDA:0,_ZNK5boost6system6detail21system_error_category4nameEv
FN:343,_ZN5boost6system15system_categoryEv
FNDA:0,_ZN5boost6system15system_categoryEv
FN:348,_ZN5boost6system16generic_categoryEv
FNDA:0,_ZN5boost6system16generic_categoryEv
FN:411,_ZN5boost6system6detail11failed_implEiRKNS0_14error_categoryE
FNDA:0,_ZN5boost6system6detail11failed_implEiRKNS0_14error_categoryE
FN:448,_ZN5boost6system15error_conditionC2EiRKNS0_14error_categoryE
FNDA:0,_ZN5boost6system15error_conditionC2EiRKNS0_14error_categoryE
FN:485,_ZNK5boost6system15error_condition5valueEv
FNDA:0,_ZNK5boost6system15error_condition5valueEv
FN:490,_ZNK5boost6system15error_condition8categoryEv
FNDA:0,_ZNK5boost6system15error_condition8categoryEv
FN:538,_ZN5boost6systemeqERKNS0_15error_conditionES3_
FNDA:0,_ZN5boost6systemeqERKNS0_15error_conditionES3_
FN:550,_ZNK5boost6system15error_conditioncvSt15error_conditionEv
FNDA:0,_ZNK5boost6system15error_conditioncvSt15error_conditionEv
FN:584,_ZN5boost6system10error_codeC2EiRKNS0_14error_categoryE
FNDA:0,_ZN5boost6system10error_codeC2EiRKNS0_14error_categoryE
FN:621,_ZNK5boost6system10error_code5valueEv
FNDA:0,_ZNK5boost6system10error_code5valueEv
FN:626,_ZNK5boost6system10error_code8categoryEv
FNDA:0,_ZNK5boost6system10error_code8categoryEv
FN:636,_ZNK5boost6system10error_code7messageB5cxx11Ev
FNDA:0,_ZNK5boost6system10error_code7messageB5cxx11Ev
FN:827,_ZNK5boost6system14error_category23default_error_conditionEi
FNDA:0,_ZNK5boost6system14error_category23default_error_conditionEi
FN:832,_ZNK5boost6system14error_category10equivalentEiRKNS0_15error_conditionE
FNDA:0,_ZNK5boost6system14error_category10equivalentEiRKNS0_15error_conditionE
FN:837,_ZNK5boost6system14error_category10equivalentERKNS0_10error_codeEi
FNDA:0,_ZNK5boost6system14error_category10equivalentERKNS0_10error_codeEi
FN:842,_ZNK5boost6system14error_category7messageEiPcm
FNDA:0,_ZNK5boost6system14error_category7messageEiPcm
FN:890,_ZNK5boost6system14error_category6failedEi
FNDA:0,_ZNK5boost6system14error_category6failedEi
FN:903,_ZNK5boost6system6detail22generic_error_category7messageB5cxx11Ei
FNDA:0,_ZNK5boost6system6detail22generic_error_category7messageB5cxx11Ei
FN:908,_ZNK5boost6system6detail22generic_error_category7messageEiPcm
FNDA:0,_ZNK5boost6system6detail22generic_error_category7messageEiPcm
FN:938,_ZNK5boost6system6detail21system_error_category23default_error_conditionEi
FNDA:0,_ZNK5boost6system6detail21system_error_category23default_error_conditionEi
FN:943,_ZNK5boost6system6detail21system_error_category7messageB5cxx11Ei
FNDA:0,_ZNK5boost6system6detail21system_error_category7messageB5cxx11Ei
FN:948,_ZNK5boost6system6detail21system_error_category7messageEiPcm
FNDA:0,_ZNK5boost6system6detail21system_error_category7messageEiPcm
FN:961,_ZNK5boost6system14error_categorycvRKNSt3_V214error_categoryEEv
FNDA:0,_ZNK5boost6system14error_categorycvRKNSt3_V214error_categoryEEv
DA:233,0
DA:235,0
DA:243,0
DA:245,0
DA:247,0
DA:250,0
DA:252,0
DA:255,0
DA:257,0
DA:260,0
DA:290,0
DA:292,0
DA:308,0
DA:310,0
DA:343,0
DA:345,0
DA:348,0
DA:350,0
DA:411,0
DA:413,0
DA:415,0
DA:419,0
DA:448,0
DA:449,0
DA:451,0
DA:485,0
DA:487,0
DA:490,0
DA:492,0
DA:538,0
DA:540,0
DA:550,0
DA:552,0
DA:584,0
DA:585,0
DA:587,0
DA:621,0
DA:623,0
DA:626,0
DA:628,0
DA:636,0
DA:638,0
DA:827,0
DA:829,0
DA:832,0
DA:834,0
DA:837,0
DA:839,0
DA:842,0
DA:844,0
DA:846,0
DA:849,0
DA:851,0
DA:852,0
DA:859,0
DA:871,0
DA:872,0
DA:880,0
DA:883,0
DA:885,0
DA:890,0
DA:892,0
DA:903,0
DA:905,0
DA:908,0
DA:910,0
DA:938,0
DA:940,0
DA:943,0
DA:945,0
DA:948,0
DA:950,0
DA:961,0
DA:963,0
end_of_record
SF:/usr/include/c++/9/bits/stl_iterator_base_funcs.h
FN:98,_ZSt10__distanceIPKcENSt15iterator_traitsIT_E15difference_typeES3_S3_St26random_access_iterator_tag
FNDA:0,_ZSt10__distanceIPKcENSt15iterator_traitsIT_E15difference_typeES3_S3_St26random_access_iterator_tag
FN:138,_ZSt8distanceIPKcENSt15iterator_traitsIT_E15difference_typeES3_S3_
FNDA:0,_ZSt8distanceIPKcENSt15iterator_traitsIT_E15difference_typeES3_S3_
DA:98,0
DA:104,0
DA:138,0
DA:141,0
DA:142,0
end_of_record
SF:/usr/include/c++/9/iostream
end_of_record
SF:/usr/include/c++/9/bits/stl_function.h
FN:433,_ZNKSt4lessIPKcEclES1_S1_
FNDA:0,_ZNKSt4lessIPKcEclES1_S1_
FN:433,_ZNKSt4lessIPKN5boost6system14error_categoryEEclES4_S4_
FNDA:0,_ZNKSt4lessIPKN5boost6system14error_categoryEEclES4_S4_
FN:1151,_ZNKSt10_Select1stISt4pairIKPKN5boost6system14error_categoryESt10unique_ptrINS2_6detail12std_categoryESt14default_deleteIS9_EEEEclERSD_
FNDA:0,_ZNKSt10_Select1stISt4pairIKPKN5boost6system14error_categoryESt10unique_ptrINS2_6detail12std_categoryESt14default_deleteIS9_EEEEclERSD_
FN:1155,_ZNKSt10_Select1stISt4pairIKPKN5boost6system14error_categoryESt10unique_ptrINS2_6detail12std_categoryESt14default_deleteIS9_EEEEclERKSD_
FNDA:0,_ZNKSt10_Select1stISt4pairIKPKN5boost6system14error_categoryESt10unique_ptrINS2_6detail12std_categoryESt14default_deleteIS9_EEEEclERKSD_
DA:433,0
DA:443,0
DA:433,0
DA:443,0
DA:1151,0
DA:1152,0
DA:1155,0
DA:1156,0
end_of_record
SF:/usr/include/c++/9/bits/unique_ptr.h
FN:75,_ZNKSt14default_deleteIN5boost6system6detail12std_categoryEEclEPS3_
FNDA:0,_ZNKSt14default_deleteIN5boost6system6detail12std_categoryEEclEPS3_
FN:147,_ZNSt15__uniq_ptr_implIN5boost6system6detail12std_categoryESt14default_deleteIS3_EEC2EPS3_
FNDA:0,_ZNSt15__uniq_ptr_implIN5boost6system6detail12std_categoryESt14default_deleteIS3_EEC2EPS3_
FN:150,_ZNSt15__uniq_ptr_implIN5boost6system6detail12std_categoryESt14default_deleteIS3_EEC2IS5_EEPS3_OT_
FNDA:0,_ZNSt15__uniq_ptr_implIN5boost6system6detail12std_categoryESt14default_deleteIS3_EEC2IS5_EEPS3_OT_
FN:153,_ZNSt15__uniq_ptr_implIN5boost6system6detail12std_categoryESt14default_deleteIS3_EE6_M_ptrEv
FNDA:0,_ZNSt15__uniq_ptr_implIN5boost6system6detail12std_categoryESt14default_deleteIS3_EE6_M_ptrEv
FN:154,_ZNKSt15__uniq_ptr_implIN5boost6system6detail12std_categoryESt14default_deleteIS3_EE6_M_ptrEv
FNDA:0,_ZNKSt15__uniq_ptr_implIN5boost6system6detail12std_categoryESt14default_deleteIS3_EE6_M_ptrEv
FN:155,_ZNSt15__uniq_ptr_implIN5boost6system6detail12std_categoryESt14default_deleteIS3_EE10_M_deleterEv
FNDA:0,_ZNSt15__uniq_ptr_implIN5boost6system6detail12std_categoryESt14default_deleteIS3_EE10_M_deleterEv
FN:211,_ZNSt10unique_ptrIN5boost6system6detail12std_categoryESt14default_deleteIS3_EEC2IS5_vEEPS3_
FNDA:0,_ZNSt10unique_ptrIN5boost6system6detail12std_categoryESt14default_deleteIS3_EEC2IS5_vEEPS3_
FN:257,_ZNSt10unique_ptrIN5boost6system6detail12std_categoryESt14default_deleteIS3_EEC2EOS6_
FNDA:0,_ZNSt10unique_ptrIN5boost6system6detail12std_categoryESt14default_deleteIS3_EEC2EOS6_
FN:286,_ZNSt10unique_ptrIN5boost6system6detail12std_categoryESt14default_deleteIS3_EED2Ev
FNDA:0,_ZNSt10unique_ptrIN5boost6system6detail12std_categoryESt14default_deleteIS3_EED2Ev
FN:344,_ZNKSt10unique_ptrIN5boost6system6detail12std_categoryESt14default_deleteIS3_EEdeEv
FNDA:0,_ZNKSt10unique_ptrIN5boost6system6detail12std_categoryESt14default_deleteIS3_EEdeEv
FN:360,_ZNKSt10unique_ptrIN5boost6system6detail12std_categoryESt14default_deleteIS3_EE3getEv
FNDA:0,_ZNKSt10unique_ptrIN5boost6system6detail12std_categoryESt14default_deleteIS3_EE3getEv
FN:365,_ZNSt10unique_ptrIN5boost6system6detail12std_categoryESt14default_deleteIS3_EE11get_deleterEv
FNDA:0,_ZNSt10unique_ptrIN5boost6system6detail12std_categoryESt14default_deleteIS3_EE11get_deleterEv
FN:381,_ZNSt10unique_ptrIN5boost6system6detail12std_categoryESt14default_deleteIS3_EE7releaseEv
FNDA:0,_ZNSt10unique_ptrIN5boost6system6detail12std_categoryESt14default_deleteIS3_EE7releaseEv
DA:75,0
DA:81,0
DA:82,0
DA:147,0
DA:150,0
DA:151,0
DA:153,0
DA:154,0
DA:155,0
DA:211,0
DA:212,0
DA:213,0
DA:257,0
DA:258,0
DA:286,0
DA:290,0
DA:291,0
DA:292,0
DA:293,0
DA:294,0
DA:344,0
DA:347,0
DA:360,0
DA:361,0
DA:365,0
DA:366,0
DA:381,0
DA:383,0
DA:384,0
DA:385,0
end_of_record
SF:/usr/include/c++/9/bits/shared_ptr_base.h
FN:117,_ZNSt16_Sp_counted_baseILN9__gnu_cxx12_Lock_policyE2EEC2Ev
FNDA:0,_ZNSt16_Sp_counted_baseILN9__gnu_cxx12_Lock_policyE2EEC2Ev
FN:121,_ZNSt16_Sp_counted_baseILN9__gnu_cxx12_Lock_policyE2EED2Ev
FNDA:0,_ZNSt16_Sp_counted_baseILN9__gnu_cxx12_Lock_policyE2EED2Ev
FN:121,_ZNSt16_Sp_counted_baseILN9__gnu_cxx12_Lock_policyE2EED0Ev
FNDA:0,_ZNSt16_Sp_counted_baseILN9__gnu_cxx12_Lock_policyE2EED0Ev
FN:131,_ZNSt16_Sp_counted_baseILN9__gnu_cxx12_Lock_policyE2EE10_M_destroyEv
FNDA:0,_ZNSt16_Sp_counted_baseILN9__gnu_cxx12_Lock_policyE2EE10_M_destroyEv
FN:138,_ZNSt16_Sp_counted_baseILN9__gnu_cxx12_Lock_policyE2EE15_M_add_ref_copyEv
FNDA:0,_ZNSt16_Sp_counted_baseILN9__gnu_cxx12_Lock_policyE2EE15_M_add_ref_copyEv
FN:148,_ZNSt16_Sp_counted_baseILN9__gnu_cxx12_Lock_policyE2EE10_M_releaseEv
FNDA:0,_ZNSt16_Sp_counted_baseILN9__gnu_cxx12_Lock_policyE2EE10_M_releaseEv
FN:414,_ZNSt14_Sp_ebo_helperILi0ESaI14waitable_eventELb1EEC2ERKS1_
FNDA:2,_ZNSt14_Sp_ebo_helperILi0ESaI14waitable_eventELb1EEC2ERKS1_
FN:414,_ZNSt14_Sp_ebo_helperILi0ESaI10corethreadELb1EEC2ERKS1_
FNDA:1,_ZNSt14_Sp_ebo_helperILi0ESaI10corethreadELb1EEC2ERKS1_
FN:414,_ZNSt14_Sp_ebo_helperILi0ESaI6vpgnixELb1EEC2ERKS1_
FNDA:1,_ZNSt14_Sp_ebo_helperILi0ESaI6vpgnixELb1EEC2ERKS1_
FN:418,_ZNSt14_Sp_ebo_helperILi0ESaI10corethreadELb1EE6_S_getERS2_
FNDA:0,_ZNSt14_Sp_ebo_helperILi0ESaI10corethreadELb1EE6_S_getERS2_
FN:418,_ZNSt14_Sp_ebo_helperILi0ESaI6vpgnixELb1EE6_S_getERS2_
FNDA:0,_ZNSt14_Sp_ebo_helperILi0ESaI6vpgnixELb1EE6_S_getERS2_
FN:418,_ZNSt14_Sp_ebo_helperILi0ESaI14waitable_eventELb1EE6_S_getERS2_
FNDA:0,_ZNSt14_Sp_ebo_helperILi0ESaI14waitable_eventELb1EE6_S_getERS2_
FN:508,_ZNSt19_Sp_make_shared_tag5_S_tiEv
FNDA:0,_ZNSt19_Sp_make_shared_tag5_S_tiEv
FN:531,_ZNSt23_Sp_counted_ptr_inplaceI14waitable_eventSaIS0_ELN9__gnu_cxx12_Lock_policyE2EE5_ImplC2ES1_
FNDA:2,_ZNSt23_Sp_counted_ptr_inplaceI14waitable_eventSaIS0_ELN9__gnu_cxx12_Lock_policyE2EE5_ImplC2ES1_
FN:531,_ZNSt23_Sp_counted_ptr_inplaceI10corethreadSaIS0_ELN9__gnu_cxx12_Lock_policyE2EE5_ImplC2ES1_
FNDA:1,_ZNSt23_Sp_counted_ptr_inplaceI10corethreadSaIS0_ELN9__gnu_cxx12_Lock_policyE2EE5_ImplC2ES1_
FN:531,_ZNSt23_Sp_counted_ptr_inplaceI6vpgnixSaIS0_ELN9__gnu_cxx12_Lock_policyE2EE5_ImplC2ES1_
FNDA:1,_ZNSt23_Sp_counted_ptr_inplaceI6vpgnixSaIS0_ELN9__gnu_cxx12_Lock_policyE2EE5_ImplC2ES1_
FN:533,_ZNSt23_Sp_counted_ptr_inplaceI14waitable_eventSaIS0_ELN9__gnu_cxx12_Lock_policyE2EE5_Impl8_M_allocEv
FNDA:0,_ZNSt23_Sp_counted_ptr_inplaceI14waitable_eventSaIS0_ELN9__gnu_cxx12_Lock_policyE2EE5_Impl8_M_allocEv
FN:533,_ZNSt23_Sp_counted_ptr_inplaceI10corethreadSaIS0_ELN9__gnu_cxx12_Lock_policyE2EE5_Impl8_M_allocEv
FNDA:0,_ZNSt23_Sp_counted_ptr_inplaceI10corethreadSaIS0_ELN9__gnu_cxx12_Lock_policyE2EE5_Impl8_M_allocEv
FN:533,_ZNSt23_Sp_counted_ptr_inplaceI6vpgnixSaIS0_ELN9__gnu_cxx12_Lock_policyE2EE5_Impl8_M_allocEv
FNDA:0,_ZNSt23_Sp_counted_ptr_inplaceI6vpgnixSaIS0_ELN9__gnu_cxx12_Lock_policyE2EE5_Impl8_M_allocEv
FN:543,_ZNSt23_Sp_counted_ptr_inplaceI14waitable_eventSaIS0_ELN9__gnu_cxx12_Lock_policyE2EEC2IJEEES1_DpOT_
FNDA:2,_ZNSt23_Sp_counted_ptr_inplaceI14waitable_eventSaIS0_ELN9__gnu_cxx12_Lock_policyE2EEC2IJEEES1_DpOT_
FN:543,_ZNSt23_Sp_counted_ptr_inplaceI10corethreadSaIS0_ELN9__gnu_cxx12_Lock_policyE2EEC2IJRiRSt10shared_ptrI14waitable_eventERS7_I7ILoggerEEEES1_DpOT_
FNDA:1,_ZNSt23_Sp_counted_ptr_inplaceI10corethreadSaIS0_ELN9__gnu_cxx12_Lock_policyE2EEC2IJRiRSt10shared_ptrI14waitable_eventERS7_I7ILoggerEEEES1_DpOT_
FN:543,_ZNSt23_Sp_counted_ptr_inplaceI6vpgnixSaIS0_ELN9__gnu_cxx12_Lock_policyE2EEC2IJRiS6_RSt10shared_ptrI14waitable_eventERS7_I10corethreadESA_RS7_I7ILoggerEEEES1_DpOT_
FNDA:1,_ZNSt23_Sp_counted_ptr_inplaceI6vpgnixSaIS0_ELN9__gnu_cxx12_Lock_policyE2EEC2IJRiS6_RSt10shared_ptrI14waitable_eventERS7_I10corethreadESA_RS7_I7ILoggerEEEES1_DpOT_
FN:552,_ZNSt23_Sp_counted_ptr_inplaceI10corethreadSaIS0_ELN9__gnu_cxx12_Lock_policyE2EED0Ev
FNDA:0,_ZNSt23_Sp_counted_ptr_inplaceI10corethreadSaIS0_ELN9__gnu_cxx12_Lock_policyE2EED0Ev
FN:552,_ZNSt23_Sp_counted_ptr_inplaceI14waitable_eventSaIS0_ELN9__gnu_cxx12_Lock_policyE2EED0Ev
FNDA:0,_ZNSt23_Sp_counted_ptr_inplaceI14waitable_eventSaIS0_ELN9__gnu_cxx12_Lock_policyE2EED0Ev
FN:552,_ZNSt23_Sp_counted_ptr_inplaceI14waitable_eventSaIS0_ELN9__gnu_cxx12_Lock_policyE2EED2Ev
FNDA:0,_ZNSt23_Sp_counted_ptr_inplaceI14waitable_eventSaIS0_ELN9__gnu_cxx12_Lock_policyE2EED2Ev
FN:552,_ZNSt23_Sp_counted_ptr_inplaceI10corethreadSaIS0_ELN9__gnu_cxx12_Lock_policyE2EED2Ev
FNDA:0,_ZNSt23_Sp_counted_ptr_inplaceI10corethreadSaIS0_ELN9__gnu_cxx12_Lock_policyE2EED2Ev
FN:552,_ZNSt23_Sp_counted_ptr_inplaceI6vpgnixSaIS0_ELN9__gnu_cxx12_Lock_policyE2EED2Ev
FNDA:0,_ZNSt23_Sp_counted_ptr_inplaceI6vpgnixSaIS0_ELN9__gnu_cxx12_Lock_policyE2EED2Ev
FN:552,_ZNSt23_Sp_counted_ptr_inplaceI6vpgnixSaIS0_ELN9__gnu_cxx12_Lock_policyE2EED0Ev
FNDA:0,_ZNSt23_Sp_counted_ptr_inplaceI6vpgnixSaIS0_ELN9__gnu_cxx12_Lock_policyE2EED0Ev
FN:555,_ZNSt23_Sp_counted_ptr_inplaceI10corethreadSaIS0_ELN9__gnu_cxx12_Lock_policyE2EE10_M_disposeEv
FNDA:0,_ZNSt23_Sp_counted_ptr_inplaceI10corethreadSaIS0_ELN9__gnu_cxx12_Lock_policyE2EE10_M_disposeEv
FN:555,_ZNSt23_Sp_counted_ptr_inplaceI14waitable_eventSaIS0_ELN9__gnu_cxx12_Lock_policyE2EE10_M_disposeEv
FNDA:0,_ZNSt23_Sp_counted_ptr_inplaceI14waitable_eventSaIS0_ELN9__gnu_cxx12_Lock_policyE2EE10_M_disposeEv
FN:555,_ZNSt23_Sp_counted_ptr_inplaceI6vpgnixSaIS0_ELN9__gnu_cxx12_Lock_policyE2EE10_M_disposeEv
FNDA:0,_ZNSt23_Sp_counted_ptr_inplaceI6vpgnixSaIS0_ELN9__gnu_cxx12_Lock_policyE2EE10_M_disposeEv
FN:562,_ZNSt23_Sp_counted_ptr_inplaceI10corethreadSaIS0_ELN9__gnu_cxx12_Lock_policyE2EE10_M_destroyEv
FNDA:0,_ZNSt23_Sp_counted_ptr_inplaceI10corethreadSaIS0_ELN9__gnu_cxx12_Lock_policyE2EE10_M_destroyEv
FN:562,_ZNSt23_Sp_counted_ptr_inplaceI14waitable_eventSaIS0_ELN9__gnu_cxx12_Lock_policyE2EE10_M_destroyEv
FNDA:0,_ZNSt23_Sp_counted_ptr_inplaceI14waitable_eventSaIS0_ELN9__gnu_cxx12_Lock_policyE2EE10_M_destroyEv
FN:562,_ZNSt23_Sp_counted_ptr_inplaceI6vpgnixSaIS0_ELN9__gnu_cxx12_Lock_policyE2EE10_M_destroyEv
FNDA:0,_ZNSt23_Sp_counted_ptr_inplaceI6vpgnixSaIS0_ELN9__gnu_cxx12_Lock_policyE2EE10_M_destroyEv
FN:575,_ZNSt23_Sp_counted_ptr_inplaceI10corethreadSaIS0_ELN9__gnu_cxx12_Lock_policyE2EE14_M_get_deleterERKSt9type_info
FNDA:0,_ZNSt23_Sp_counted_ptr_inplaceI10corethreadSaIS0_ELN9__gnu_cxx12_Lock_policyE2EE14_M_get_deleterERKSt9type_info
FN:575,_ZNSt23_Sp_counted_ptr_inplaceI6vpgnixSaIS0_ELN9__gnu_cxx12_Lock_policyE2EE14_M_get_deleterERKSt9type_info
FNDA:0,_ZNSt23_Sp_counted_ptr_inplaceI6vpgnixSaIS0_ELN9__gnu_cxx12_Lock_policyE2EE14_M_get_deleterERKSt9type_info
FN:575,_ZNSt23_Sp_counted_ptr_inplaceI14waitable_eventSaIS0_ELN9__gnu_cxx12_Lock_policyE2EE14_M_get_deleterERKSt9type_info
FNDA:0,_ZNSt23_Sp_counted_ptr_inplaceI14waitable_eventSaIS0_ELN9__gnu_cxx12_Lock_policyE2EE14_M_get_deleterERKSt9type_info
FN:594,_ZNSt23_Sp_counted_ptr_inplaceI14waitable_eventSaIS0_ELN9__gnu_cxx12_Lock_policyE2EE6_M_ptrEv
FNDA:4,_ZNSt23_Sp_counted_ptr_inplaceI14waitable_eventSaIS0_ELN9__gnu_cxx12_Lock_policyE2EE6_M_ptrEv
FN:594,_ZNSt23_Sp_counted_ptr_inplaceI6vpgnixSaIS0_ELN9__gnu_cxx12_Lock_policyE2EE6_M_ptrEv
FNDA:2,_ZNSt23_Sp_counted_ptr_inplaceI6vpgnixSaIS0_ELN9__gnu_cxx12_Lock_policyE2EE6_M_ptrEv
FN:594,_ZNSt23_Sp_counted_ptr_inplaceI10corethreadSaIS0_ELN9__gnu_cxx12_Lock_policyE2EE6_M_ptrEv
FNDA:2,_ZNSt23_Sp_counted_ptr_inplaceI10corethreadSaIS0_ELN9__gnu_cxx12_Lock_policyE2EE6_M_ptrEv
FN:616,_ZNSt14__shared_countILN9__gnu_cxx12_Lock_policyE2EEC2Ev
FNDA:15,_ZNSt14__shared_countILN9__gnu_cxx12_Lock_policyE2EEC2Ev
FN:672,_ZNSt14__shared_countILN9__gnu_cxx12_Lock_policyE2EEC2I10corethreadSaIS4_EJRiRSt10shared_ptrI14waitable_eventERS7_I7ILoggerEEEERPT_St20_Sp_alloc_shared_tagIT0_EDpOT1_
FNDA:1,_ZNSt14__shared_countILN9__gnu_cxx12_Lock_policyE2EEC2I10corethreadSaIS4_EJRiRSt10shared_ptrI14waitable_eventERS7_I7ILoggerEEEERPT_St20_Sp_alloc_shared_tagIT0_EDpOT1_
FN:672,_ZNSt14__shared_countILN9__gnu_cxx12_Lock_policyE2EEC2I14waitable_eventSaIS4_EJEEERPT_St20_Sp_alloc_shared_tagIT0_EDpOT1_
FNDA:2,_ZNSt14__shared_countILN9__gnu_cxx12_Lock_policyE2EEC2I14waitable_eventSaIS4_EJEEERPT_St20_Sp_alloc_shared_tagIT0_EDpOT1_
FN:672,_ZNSt14__shared_countILN9__gnu_cxx12_Lock_policyE2EEC2I6vpgnixSaIS4_EJRiS6_RSt10shared_ptrI14waitable_eventERS7_I10corethreadESA_RS7_I7ILoggerEEEERPT_St20_Sp_alloc_shared_tagIT0_EDpOT1_
FNDA:1,_ZNSt14__shared_countILN9__gnu_cxx12_Lock_policyE2EEC2I6vpgnixSaIS4_EJRiS6_RSt10shared_ptrI14waitable_eventERS7_I10corethreadESA_RS7_I7ILoggerEEEERPT_St20_Sp_alloc_shared_tagIT0_EDpOT1_
FN:727,_ZNSt14__shared_countILN9__gnu_cxx12_Lock_policyE2EED2Ev
FNDA:0,_ZNSt14__shared_countILN9__gnu_cxx12_Lock_policyE2EED2Ev
FN:733,_ZNSt14__shared_countILN9__gnu_cxx12_Lock_policyE2EEC2ERKS2_
FNDA:0,_ZNSt14__shared_countILN9__gnu_cxx12_Lock_policyE2EEC2ERKS2_
FN:741,_ZNSt14__shared_countILN9__gnu_cxx12_Lock_policyE2EEaSERKS2_
FNDA:7,_ZNSt14__shared_countILN9__gnu_cxx12_Lock_policyE2EEaSERKS2_
FN:756,_ZNSt14__shared_countILN9__gnu_cxx12_Lock_policyE2EE7_M_swapERS2_
FNDA:8,_ZNSt14__shared_countILN9__gnu_cxx12_Lock_policyE2EE7_M_swapERS2_
FN:1012,_ZNKSt19__shared_ptr_accessI14waitable_eventLN9__gnu_cxx12_Lock_policyE2ELb0ELb0EEptEv
FNDA:4,_ZNKSt19__shared_ptr_accessI14waitable_eventLN9__gnu_cxx12_Lock_policyE2ELb0ELb0EEptEv
FN:1012,_ZNKSt19__shared_ptr_accessI7ILoggerLN9__gnu_cxx12_Lock_policyE2ELb0ELb0EEptEv
FNDA:0,_ZNKSt19__shared_ptr_accessI7ILoggerLN9__gnu_cxx12_Lock_policyE2ELb0ELb0EEptEv
FN:1012,_ZNKSt19__shared_ptr_accessI6vpgnixLN9__gnu_cxx12_Lock_policyE2ELb0ELb0EEptEv
FNDA:0,_ZNKSt19__shared_ptr_accessI6vpgnixLN9__gnu_cxx12_Lock_policyE2ELb0ELb0EEptEv
FN:1020,_ZNKSt19__shared_ptr_accessI6vpgnixLN9__gnu_cxx12_Lock_policyE2ELb0ELb0EE6_M_getEv
FNDA:0,_ZNKSt19__shared_ptr_accessI6vpgnixLN9__gnu_cxx12_Lock_policyE2ELb0ELb0EE6_M_getEv
FN:1020,_ZNKSt19__shared_ptr_accessI7ILoggerLN9__gnu_cxx12_Lock_policyE2ELb0ELb0EE6_M_getEv
FNDA:0,_ZNKSt19__shared_ptr_accessI7ILoggerLN9__gnu_cxx12_Lock_policyE2ELb0ELb0EE6_M_getEv
FN:1020,_ZNKSt19__shared_ptr_accessI14waitable_eventLN9__gnu_cxx12_Lock_policyE2ELb0ELb0EE6_M_getEv
FNDA:4,_ZNKSt19__shared_ptr_accessI14waitable_eventLN9__gnu_cxx12_Lock_policyE2ELb0ELb0EE6_M_getEv
FN:1080,_ZNSt12__shared_ptrI7ILoggerLN9__gnu_cxx12_Lock_policyE2EEaSERKS3_
FNDA:3,_ZNSt12__shared_ptrI7ILoggerLN9__gnu_cxx12_Lock_policyE2EEaSERKS3_
FN:1118,_ZNSt12__shared_ptrI6vpgnixLN9__gnu_cxx12_Lock_policyE2EEC2Ev
FNDA:1,_ZNSt12__shared_ptrI6vpgnixLN9__gnu_cxx12_Lock_policyE2EEC2Ev
FN:1118,_ZNSt12__shared_ptrI7ILoggerLN9__gnu_cxx12_Lock_policyE2EEC2Ev
FNDA:3,_ZNSt12__shared_ptrI7ILoggerLN9__gnu_cxx12_Lock_policyE2EEC2Ev
FN:1118,_ZNSt12__shared_ptrI10corethreadLN9__gnu_cxx12_Lock_policyE2EEC2Ev
FNDA:2,_ZNSt12__shared_ptrI10corethreadLN9__gnu_cxx12_Lock_policyE2EEC2Ev
FN:1118,_ZNSt12__shared_ptrI14waitable_eventLN9__gnu_cxx12_Lock_policyE2EEC2Ev
FNDA:5,_ZNSt12__shared_ptrI14waitable_eventLN9__gnu_cxx12_Lock_policyE2EEC2Ev
FN:1167,_ZNSt12__shared_ptrI10corethreadLN9__gnu_cxx12_Lock_policyE2EEC2ERKS3_
FNDA:1,_ZNSt12__shared_ptrI10corethreadLN9__gnu_cxx12_Lock_policyE2EEC2ERKS3_
FN:1167,_ZNSt12__shared_ptrI7ILoggerLN9__gnu_cxx12_Lock_policyE2EEC2ERKS3_
FNDA:0,_ZNSt12__shared_ptrI7ILoggerLN9__gnu_cxx12_Lock_policyE2EEC2ERKS3_
FN:1167,_ZNSt12__shared_ptrI14waitable_eventLN9__gnu_cxx12_Lock_policyE2EEC2ERKS3_
FNDA:3,_ZNSt12__shared_ptrI14waitable_eventLN9__gnu_cxx12_Lock_policyE2EEC2ERKS3_
FN:1169,_ZNSt12__shared_ptrI14waitable_eventLN9__gnu_cxx12_Lock_policyE2EED2Ev
FNDA:7,_ZNSt12__shared_ptrI14waitable_eventLN9__gnu_cxx12_Lock_policyE2EED2Ev
FN:1169,_ZNSt12__shared_ptrI10corethreadLN9__gnu_cxx12_Lock_policyE2EED2Ev
FNDA:3,_ZNSt12__shared_ptrI10corethreadLN9__gnu_cxx12_Lock_policyE2EED2Ev
FN:1169,_ZNSt12__shared_ptrI6vpgnixLN9__gnu_cxx12_Lock_policyE2EED2Ev
FNDA:2,_ZNSt12__shared_ptrI6vpgnixLN9__gnu_cxx12_Lock_policyE2EED2Ev
FN:1169,_ZNSt12__shared_ptrI7ILoggerLN9__gnu_cxx12_Lock_policyE2EED2Ev
FNDA:0,_ZNSt12__shared_ptrI7ILoggerLN9__gnu_cxx12_Lock_policyE2EED2Ev
FN:1176,_ZNSt12__shared_ptrI10corethreadLN9__gnu_cxx12_Lock_policyE2EEC2EOS3_
FNDA:1,_ZNSt12__shared_ptrI10corethreadLN9__gnu_cxx12_Lock_policyE2EEC2EOS3_
FN:1176,_ZNSt12__shared_ptrI6vpgnixLN9__gnu_cxx12_Lock_policyE2EEC2EOS3_
FNDA:1,_ZNSt12__shared_ptrI6vpgnixLN9__gnu_cxx12_Lock_policyE2EEC2EOS3_
FN:1176,_ZNSt12__shared_ptrI14waitable_eventLN9__gnu_cxx12_Lock_policyE2EEC2EOS3_
FNDA:2,_ZNSt12__shared_ptrI14waitable_eventLN9__gnu_cxx12_Lock_policyE2EEC2EOS3_
FN:1263,_ZNSt12__shared_ptrI6vpgnixLN9__gnu_cxx12_Lock_policyE2EEaSEOS3_
FNDA:1,_ZNSt12__shared_ptrI6vpgnixLN9__gnu_cxx12_Lock_policyE2EEaSEOS3_
FN:1263,_ZNSt12__shared_ptrI10corethreadLN9__gnu_cxx12_Lock_policyE2EEaSEOS3_
FNDA:1,_ZNSt12__shared_ptrI10corethreadLN9__gnu_cxx12_Lock_policyE2EEaSEOS3_
FN:1263,_ZNSt12__shared_ptrI14waitable_eventLN9__gnu_cxx12_Lock_policyE2EEaSEOS3_
FNDA:2,_ZNSt12__shared_ptrI14waitable_eventLN9__gnu_cxx12_Lock_policyE2EEaSEOS3_
FN:1309,_ZNKSt12__shared_ptrI6vpgnixLN9__gnu_cxx12_Lock_policyE2EE3getEv
FNDA:0,_ZNKSt12__shared_ptrI6vpgnixLN9__gnu_cxx12_Lock_policyE2EE3getEv
FN:1309,_ZNKSt12__shared_ptrI7ILoggerLN9__gnu_cxx12_Lock_policyE2EE3getEv
FNDA:0,_ZNKSt12__shared_ptrI7ILoggerLN9__gnu_cxx12_Lock_policyE2EE3getEv
FN:1309,_ZNKSt12__shared_ptrI14waitable_eventLN9__gnu_cxx12_Lock_policyE2EE3getEv
FNDA:4,_ZNKSt12__shared_ptrI14waitable_eventLN9__gnu_cxx12_Lock_policyE2EE3getEv
FN:1324,_ZNSt12__shared_ptrI6vpgnixLN9__gnu_cxx12_Lock_policyE2EE4swapERS3_
FNDA:1,_ZNSt12__shared_ptrI6vpgnixLN9__gnu_cxx12_Lock_policyE2EE4swapERS3_
FN:1324,_ZNSt12__shared_ptrI10corethreadLN9__gnu_cxx12_Lock_policyE2EE4swapERS3_
FNDA:1,_ZNSt12__shared_ptrI10corethreadLN9__gnu_cxx12_Lock_policyE2EE4swapERS3_
FN:1324,_ZNSt12__shared_ptrI14waitable_eventLN9__gnu_cxx12_Lock_policyE2EE4swapERS3_
FNDA:2,_ZNSt12__shared_ptrI14waitable_eventLN9__gnu_cxx12_Lock_policyE2EE4swapERS3_
FN:1343,_ZNSt12__shared_ptrI14waitable_eventLN9__gnu_cxx12_Lock_policyE2EEC2ISaIS0_EJEEESt20_Sp_alloc_shared_tagIT_EDpOT0_
FNDA:2,_ZNSt12__shared_ptrI14waitable_eventLN9__gnu_cxx12_Lock_policyE2EEC2ISaIS0_EJEEESt20_Sp_alloc_shared_tagIT_EDpOT0_
FN:1343,_ZNSt12__shared_ptrI10corethreadLN9__gnu_cxx12_Lock_policyE2EEC2ISaIS0_EJRiRSt10shared_ptrI14waitable_eventERS7_I7ILoggerEEEESt20_Sp_alloc_shared_tagIT_EDpOT0_
FNDA:1,_ZNSt12__shared_ptrI10corethreadLN9__gnu_cxx12_Lock_policyE2EEC2ISaIS0_EJRiRSt10shared_ptrI14waitable_eventERS7_I7ILoggerEEEESt20_Sp_alloc_shared_tagIT_EDpOT0_
FN:1343,_ZNSt12__shared_ptrI6vpgnixLN9__gnu_cxx12_Lock_policyE2EEC2ISaIS0_EJRiS6_RSt10shared_ptrI14waitable_eventERS7_I10corethreadESA_RS7_I7ILoggerEEEESt20_Sp_alloc_shared_tagIT_EDpOT0_
FNDA:1,_ZNSt12__shared_ptrI6vpgnixLN9__gnu_cxx12_Lock_policyE2EEC2ISaIS0_EJRiS6_RSt10shared_ptrI14waitable_eventERS7_I10corethreadESA_RS7_I7ILoggerEEEESt20_Sp_alloc_shared_tagIT_EDpOT0_
FN:1388,_ZNSt12__shared_ptrI14waitable_eventLN9__gnu_cxx12_Lock_policyE2EE31_M_enable_shared_from_this_withIS0_S0_EENSt9enable_ifIXntsrNS3_15__has_esft_baseIT0_vEE5valueEvE4typeEPT_
FNDA:2,_ZNSt12__shared_ptrI14waitable_eventLN9__gnu_cxx12_Lock_policyE2EE31_M_enable_shared_from_this_withIS0_S0_EENSt9enable_ifIXntsrNS3_15__has_esft_baseIT0_vEE5valueEvE4typeEPT_
FN:1388,_ZNSt12__shared_ptrI10corethreadLN9__gnu_cxx12_Lock_policyE2EE31_M_enable_shared_from_this_withIS0_S0_EENSt9enable_ifIXntsrNS3_15__has_esft_baseIT0_vEE5valueEvE4typeEPT_
FNDA:1,_ZNSt12__shared_ptrI10corethreadLN9__gnu_cxx12_Lock_policyE2EE31_M_enable_shared_from_this_withIS0_S0_EENSt9enable_ifIXntsrNS3_15__has_esft_baseIT0_vEE5valueEvE4typeEPT_
FN:1388,_ZNSt12__shared_ptrI6vpgnixLN9__gnu_cxx12_Lock_policyE2EE31_M_enable_shared_from_this_withIS0_S0_EENSt9enable_ifIXntsrNS3_15__has_esft_baseIT0_vEE5valueEvE4typeEPT_
FNDA:1,_ZNSt12__shared_ptrI6vpgnixLN9__gnu_cxx12_Lock_policyE2EE31_M_enable_shared_from_this_withIS0_S0_EENSt9enable_ifIXntsrNS3_15__has_esft_baseIT0_vEE5valueEvE4typeEPT_
DA:117,0
DA:118,0
DA:121,0
DA:122,0
DA:121,0
DA:122,0
DA:131,0
DA:132,0
DA:138,0
DA:139,0
DA:148,0
DA:152,0
DA:155,0
DA:167,0
DA:168,0
DA:171,0
DA:174,0
DA:414,1
DA:414,1
DA:414,2
DA:418,0
DA:418,0
DA:418,0
DA:508,0
DA:511,0
DA:531,1
DA:531,1
DA:531,2
DA:533,0
DA:533,0
DA:533,0
DA:543,1
DA:544,1
DA:548,1
DA:550,1
DA:543,1
DA:544,1
DA:548,1
DA:550,1
DA:543,2
DA:544,2
DA:548,2
DA:550,2
DA:552,0
DA:552,0
DA:552,0
DA:552,0
DA:552,0
DA:552,0
DA:555,0
DA:557,0
DA:558,0
DA:555,0
DA:557,0
DA:558,0
DA:555,0
DA:557,0
DA:558,0
DA:562,0
DA:564,0
DA:565,0
DA:566,0
DA:567,0
DA:562,0
DA:564,0
DA:565,0
DA:566,0
DA:567,0
DA:562,0
DA:564,0
DA:565,0
DA:566,0
DA:567,0
DA:575,0
DA:577,0
DA:582,0
DA:583,0
DA:585,0
DA:590,0
DA:591,0
DA:575,0
DA:577,0
DA:582,0
DA:583,0
DA:585,0
DA:590,0
DA:591,0
DA:575,0
DA:577,0
DA:582,0
DA:583,0
DA:585,0
DA:590,0
DA:591,0
DA:594,2
DA:594,2
DA:594,4
DA:616,15
DA:617,15
DA:672,1
DA:676,2
DA:677,1
DA:678,1
DA:679,2
DA:680,1
DA:681,1
DA:682,1
DA:683,1
DA:684,1
DA:672,1
DA:676,2
DA:677,1
DA:678,1
DA:679,2
DA:680,1
DA:681,1
DA:682,1
DA:683,1
DA:684,1
DA:672,2
DA:676,4
DA:677,2
DA:678,2
DA:679,2
DA:681,2
DA:682,2
DA:683,2
DA:684,2
DA:727,0
DA:729,0
DA:730,0
DA:731,0
DA:733,0
DA:734,0
DA:736,0
DA:737,0
DA:738,0
DA:741,7
DA:743,7
DA:744,7
DA:746,7
DA:747,7
DA:748,7
DA:749,0
DA:750,7
DA:752,7
DA:756,8
DA:758,8
DA:759,8
DA:760,8
DA:761,8
DA:1012,0
DA:1015,0
DA:1012,0
DA:1015,0
DA:1012,4
DA:1015,4
DA:1020,0
DA:1021,0
DA:1020,0
DA:1021,0
DA:1020,4
DA:1021,4
DA:1080,3
DA:1118,3
DA:1119,3
DA:1120,3
DA:1118,1
DA:1119,1
DA:1120,1
DA:1118,2
DA:1119,2
DA:1120,2
DA:1118,5
DA:1119,5
DA:1120,5
DA:1167,1
DA:1167,0
DA:1167,3
DA:1169,0
DA:1169,2
DA:1169,3
DA:1169,7
DA:1176,1
DA:1177,1
DA:1179,1
DA:1180,1
DA:1181,1
DA:1176,1
DA:1177,1
DA:1179,1
DA:1180,1
DA:1181,1
DA:1176,2
DA:1177,2
DA:1179,2
DA:1180,2
DA:1181,2
DA:1263,1
DA:1265,1
DA:1266,1
DA:1263,1
DA:1265,1
DA:1266,1
DA:1263,2
DA:1265,2
DA:1266,2
DA:1309,0
DA:1310,0
DA:1309,0
DA:1310,0
DA:1309,4
DA:1310,4
DA:1324,1
DA:1326,1
DA:1327,1
DA:1328,1
DA:1324,1
DA:1326,1
DA:1327,1
DA:1328,1
DA:1324,2
DA:1326,2
DA:1327,2
DA:1328,2
DA:1343,1
DA:1344,1
DA:1345,1
DA:1343,1
DA:1344,1
DA:1345,1
DA:1343,2
DA:1344,2
DA:1345,2
DA:1388,1
DA:1389,1
DA:1388,1
DA:1389,1
DA:1388,2
DA:1389,2
end_of_record
SF:/usr/include/c++/9/new
FN:173,_ZnwmPv
FNDA:0,_ZnwmPv
FN:179,_ZdlPvS_
FNDA:0,_ZdlPvS_
DA:173,0
DA:174,0
DA:179,0
end_of_record
SF:/usr/include/c++/9/bits/alloc_traits.h
FN:442,_ZNSt16allocator_traitsISaIcEE8allocateERS0_m
FNDA:0,_ZNSt16allocator_traitsISaIcEE8allocateERS0_m
FN:442,_ZNSt16allocator_traitsISaISt13_Rb_tree_nodeISt4pairIKPKN5boost6system14error_categoryESt10unique_ptrINS3_6detail12std_categoryESt14default_deleteISA_EEEEEE8allocateERSG_m
FNDA:0,_ZNSt16allocator_traitsISaISt13_Rb_tree_nodeISt4pairIKPKN5boost6system14error_categoryESt10unique_ptrINS3_6detail12std_categoryESt14default_deleteISA_EEEEEE8allocateERSG_m
FN:442,_ZNSt16allocator_traitsISaISt23_Sp_counted_ptr_inplaceI14waitable_eventSaIS1_ELN9__gnu_cxx12_Lock_policyE2EEEE8allocateERS6_m
FNDA:2,_ZNSt16allocator_traitsISaISt23_Sp_counted_ptr_inplaceI14waitable_eventSaIS1_ELN9__gnu_cxx12_Lock_policyE2EEEE8allocateERS6_m
FN:442,_ZNSt16allocator_traitsISaISt23_Sp_counted_ptr_inplaceI10corethreadSaIS1_ELN9__gnu_cxx12_Lock_policyE2EEEE8allocateERS6_m
FNDA:1,_ZNSt16allocator_traitsISaISt23_Sp_counted_ptr_inplaceI10corethreadSaIS1_ELN9__gnu_cxx12_Lock_policyE2EEEE8allocateERS6_m
FN:442,_ZNSt16allocator_traitsISaISt23_Sp_counted_ptr_inplaceI6vpgnixSaIS1_ELN9__gnu_cxx12_Lock_policyE2EEEE8allocateERS6_m
FNDA:1,_ZNSt16allocator_traitsISaISt23_Sp_counted_ptr_inplaceI6vpgnixSaIS1_ELN9__gnu_cxx12_Lock_policyE2EEEE8allocateERS6_m
FN:468,_ZNSt16allocator_traitsISaISt23_Sp_counted_ptr_inplaceI6vpgnixSaIS1_ELN9__gnu_cxx12_Lock_policyE2EEEE10deallocateERS6_PS5_m
FNDA:0,_ZNSt16allocator_traitsISaISt23_Sp_counted_ptr_inplaceI6vpgnixSaIS1_ELN9__gnu_cxx12_Lock_policyE2EEEE10deallocateERS6_PS5_m
FN:468,_ZNSt16allocator_traitsISaISt23_Sp_counted_ptr_inplaceI10corethreadSaIS1_ELN9__gnu_cxx12_Lock_policyE2EEEE10deallocateERS6_PS5_m
FNDA:0,_ZNSt16allocator_traitsISaISt23_Sp_counted_ptr_inplaceI10corethreadSaIS1_ELN9__gnu_cxx12_Lock_policyE2EEEE10deallocateERS6_PS5_m
FN:468,_ZNSt16allocator_traitsISaISt23_Sp_counted_ptr_inplaceI14waitable_eventSaIS1_ELN9__gnu_cxx12_Lock_policyE2EEEE10deallocateERS6_PS5_m
FNDA:0,_ZNSt16allocator_traitsISaISt23_Sp_counted_ptr_inplaceI14waitable_eventSaIS1_ELN9__gnu_cxx12_Lock_policyE2EEEE10deallocateERS6_PS5_m
FN:468,_ZNSt16allocator_traitsISaIcEE10deallocateERS0_Pcm
FNDA:0,_ZNSt16allocator_traitsISaIcEE10deallocateERS0_Pcm
FN:468,_ZNSt16allocator_traitsISaISt13_Rb_tree_nodeISt4pairIKiiEEEE10deallocateERS5_PS4_m
FNDA:0,_ZNSt16allocator_traitsISaISt13_Rb_tree_nodeISt4pairIKiiEEEE10deallocateERS5_PS4_m
FN:468,_ZNSt16allocator_traitsISaISt13_Rb_tree_nodeISt4pairIKPKN5boost6system14error_categoryESt10unique_ptrINS3_6detail12std_categoryESt14default_deleteISA_EEEEEE10deallocateERSG_PSF_m
FNDA:0,_ZNSt16allocator_traitsISaISt13_Rb_tree_nodeISt4pairIKPKN5boost6system14error_categoryESt10unique_ptrINS3_6detail12std_categoryESt14default_deleteISA_EEEEEE10deallocateERSG_PSF_m
FN:481,_ZNSt16allocator_traitsISaI10corethreadEE9constructIS0_JRiRSt10shared_ptrI14waitable_eventERS5_I7ILoggerEEEEvRS1_PT_DpOT0_
FNDA:1,_ZNSt16allocator_traitsISaI10corethreadEE9constructIS0_JRiRSt10shared_ptrI14waitable_eventERS5_I7ILoggerEEEEvRS1_PT_DpOT0_
FN:481,_ZNSt16allocator_traitsISaI6vpgnixEE9constructIS0_JRiS4_RSt10shared_ptrI14waitable_eventERS5_I10corethreadES8_RS5_I7ILoggerEEEEvRS1_PT_DpOT0_
FNDA:1,_ZNSt16allocator_traitsISaI6vpgnixEE9constructIS0_JRiS4_RSt10shared_ptrI14waitable_eventERS5_I10corethreadES8_RS5_I7ILoggerEEEEvRS1_PT_DpOT0_
FN:481,_ZNSt16allocator_traitsISaI14waitable_eventEE9constructIS0_JEEEvRS1_PT_DpOT0_
FNDA:2,_ZNSt16allocator_traitsISaI14waitable_eventEE9constructIS0_JEEEvRS1_PT_DpOT0_
FN:481,_ZNSt16allocator_traitsISaISt13_Rb_tree_nodeISt4pairIKPKN5boost6system14error_categoryESt10unique_ptrINS3_6detail12std_categoryESt14default_deleteISA_EEEEEE9constructISE_JSE_EEEvRSG_PT_DpOT0_
FNDA:0,_ZNSt16allocator_traitsISaISt13_Rb_tree_nodeISt4pairIKPKN5boost6system14error_categoryESt10unique_ptrINS3_6detail12std_categoryESt14default_deleteISA_EEEEEE9constructISE_JSE_EEEvRSG_PT_DpOT0_
FN:494,_ZNSt16allocator_traitsISaI10corethreadEE7destroyIS0_EEvRS1_PT_
FNDA:0,_ZNSt16allocator_traitsISaI10corethreadEE7destroyIS0_EEvRS1_PT_
FN:494,_ZNSt16allocator_traitsISaISt13_Rb_tree_nodeISt4pairIKPKN5boost6system14error_categoryESt10unique_ptrINS3_6detail12std_categoryESt14default_deleteISA_EEEEEE7destroyISE_EEvRSG_PT_
FNDA:0,_ZNSt16allocator_traitsISaISt13_Rb_tree_nodeISt4pairIKPKN5boost6system14error_categoryESt10unique_ptrINS3_6detail12std_categoryESt14default_deleteISA_EEEEEE7destroyISE_EEvRSG_PT_
FN:494,_ZNSt16allocator_traitsISaISt13_Rb_tree_nodeISt4pairIKiiEEEE7destroyIS3_EEvRS5_PT_
FNDA:0,_ZNSt16allocator_traitsISaISt13_Rb_tree_nodeISt4pairIKiiEEEE7destroyIS3_EEvRS5_PT_
FN:494,_ZNSt16allocator_traitsISaI6vpgnixEE7destroyIS0_EEvRS1_PT_
FNDA:0,_ZNSt16allocator_traitsISaI6vpgnixEE7destroyIS0_EEvRS1_PT_
FN:494,_ZNSt16allocator_traitsISaI14waitable_eventEE7destroyIS0_EEvRS1_PT_
FNDA:0,_ZNSt16allocator_traitsISaI14waitable_eventEE7destroyIS0_EEvRS1_PT_
FN:504,_ZNSt16allocator_traitsISaIcEE8max_sizeERKS0_
FNDA:0,_ZNSt16allocator_traitsISaIcEE8max_sizeERKS0_
DA:442,1
DA:443,1
DA:442,1
DA:443,1
DA:442,2
DA:443,2
DA:442,0
DA:443,0
DA:442,0
DA:443,0
DA:468,0
DA:469,0
DA:468,0
DA:469,0
DA:468,0
DA:469,0
DA:468,0
DA:469,0
DA:468,0
DA:469,0
DA:468,0
DA:469,0
DA:481,1
DA:483,1
DA:481,1
DA:483,1
DA:481,2
DA:483,2
DA:481,0
DA:483,0
DA:494,0
DA:496,0
DA:494,0
DA:496,0
DA:494,0
DA:496,0
DA:494,0
DA:496,0
DA:494,0
DA:496,0
DA:504,0
DA:505,0
end_of_record
SF:/usr/include/c++/9/bits/allocated_ptr.h
FN:52,_ZNSt15__allocated_ptrISaISt23_Sp_counted_ptr_inplaceI6vpgnixSaIS1_ELN9__gnu_cxx12_Lock_policyE2EEEEC2ERS6_PS5_
FNDA:1,_ZNSt15__allocated_ptrISaISt23_Sp_counted_ptr_inplaceI6vpgnixSaIS1_ELN9__gnu_cxx12_Lock_policyE2EEEEC2ERS6_PS5_
FN:52,_ZNSt15__allocated_ptrISaISt23_Sp_counted_ptr_inplaceI10corethreadSaIS1_ELN9__gnu_cxx12_Lock_policyE2EEEEC2ERS6_PS5_
FNDA:1,_ZNSt15__allocated_ptrISaISt23_Sp_counted_ptr_inplaceI10corethreadSaIS1_ELN9__gnu_cxx12_Lock_policyE2EEEEC2ERS6_PS5_
FN:52,_ZNSt15__allocated_ptrISaISt23_Sp_counted_ptr_inplaceI14waitable_eventSaIS1_ELN9__gnu_cxx12_Lock_policyE2EEEEC2ERS6_PS5_
FNDA:2,_ZNSt15__allocated_ptrISaISt23_Sp_counted_ptr_inplaceI14waitable_eventSaIS1_ELN9__gnu_cxx12_Lock_policyE2EEEEC2ERS6_PS5_
FN:70,_ZNSt15__allocated_ptrISaISt23_Sp_counted_ptr_inplaceI6vpgnixSaIS1_ELN9__gnu_cxx12_Lock_policyE2EEEED2Ev
FNDA:1,_ZNSt15__allocated_ptrISaISt23_Sp_counted_ptr_inplaceI6vpgnixSaIS1_ELN9__gnu_cxx12_Lock_policyE2EEEED2Ev
FN:70,_ZNSt15__allocated_ptrISaISt23_Sp_counted_ptr_inplaceI10corethreadSaIS1_ELN9__gnu_cxx12_Lock_policyE2EEEED2Ev
FNDA:1,_ZNSt15__allocated_ptrISaISt23_Sp_counted_ptr_inplaceI10corethreadSaIS1_ELN9__gnu_cxx12_Lock_policyE2EEEED2Ev
FN:70,_ZNSt15__allocated_ptrISaISt23_Sp_counted_ptr_inplaceI14waitable_eventSaIS1_ELN9__gnu_cxx12_Lock_policyE2EEEED2Ev
FNDA:2,_ZNSt15__allocated_ptrISaISt23_Sp_counted_ptr_inplaceI14waitable_eventSaIS1_ELN9__gnu_cxx12_Lock_policyE2EEEED2Ev
FN:78,_ZNSt15__allocated_ptrISaISt23_Sp_counted_ptr_inplaceI6vpgnixSaIS1_ELN9__gnu_cxx12_Lock_policyE2EEEEaSEDn
FNDA:1,_ZNSt15__allocated_ptrISaISt23_Sp_counted_ptr_inplaceI6vpgnixSaIS1_ELN9__gnu_cxx12_Lock_policyE2EEEEaSEDn
FN:78,_ZNSt15__allocated_ptrISaISt23_Sp_counted_ptr_inplaceI10corethreadSaIS1_ELN9__gnu_cxx12_Lock_policyE2EEEEaSEDn
FNDA:1,_ZNSt15__allocated_ptrISaISt23_Sp_counted_ptr_inplaceI10corethreadSaIS1_ELN9__gnu_cxx12_Lock_policyE2EEEEaSEDn
FN:78,_ZNSt15__allocated_ptrISaISt23_Sp_counted_ptr_inplaceI14waitable_eventSaIS1_ELN9__gnu_cxx12_Lock_policyE2EEEEaSEDn
FNDA:2,_ZNSt15__allocated_ptrISaISt23_Sp_counted_ptr_inplaceI14waitable_eventSaIS1_ELN9__gnu_cxx12_Lock_policyE2EEEEaSEDn
FN:85,_ZNSt15__allocated_ptrISaISt23_Sp_counted_ptr_inplaceI6vpgnixSaIS1_ELN9__gnu_cxx12_Lock_policyE2EEEE3getEv
FNDA:1,_ZNSt15__allocated_ptrISaISt23_Sp_counted_ptr_inplaceI6vpgnixSaIS1_ELN9__gnu_cxx12_Lock_policyE2EEEE3getEv
FN:85,_ZNSt15__allocated_ptrISaISt23_Sp_counted_ptr_inplaceI10corethreadSaIS1_ELN9__gnu_cxx12_Lock_policyE2EEEE3getEv
FNDA:1,_ZNSt15__allocated_ptrISaISt23_Sp_counted_ptr_inplaceI10corethreadSaIS1_ELN9__gnu_cxx12_Lock_policyE2EEEE3getEv
FN:85,_ZNSt15__allocated_ptrISaISt23_Sp_counted_ptr_inplaceI14waitable_eventSaIS1_ELN9__gnu_cxx12_Lock_policyE2EEEE3getEv
FNDA:2,_ZNSt15__allocated_ptrISaISt23_Sp_counted_ptr_inplaceI14waitable_eventSaIS1_ELN9__gnu_cxx12_Lock_policyE2EEEE3getEv
FN:95,_ZSt18__allocate_guardedISaISt23_Sp_counted_ptr_inplaceI6vpgnixSaIS1_ELN9__gnu_cxx12_Lock_policyE2EEEESt15__allocated_ptrIT_ERS8_
FNDA:1,_ZSt18__allocate_guardedISaISt23_Sp_counted_ptr_inplaceI6vpgnixSaIS1_ELN9__gnu_cxx12_Lock_policyE2EEEESt15__allocated_ptrIT_ERS8_
FN:95,_ZSt18__allocate_guardedISaISt23_Sp_counted_ptr_inplaceI10corethreadSaIS1_ELN9__gnu_cxx12_Lock_policyE2EEEESt15__allocated_ptrIT_ERS8_
FNDA:1,_ZSt18__allocate_guardedISaISt23_Sp_counted_ptr_inplaceI10corethreadSaIS1_ELN9__gnu_cxx12_Lock_policyE2EEEESt15__allocated_ptrIT_ERS8_
FN:95,_ZSt18__allocate_guardedISaISt23_Sp_counted_ptr_inplaceI14waitable_eventSaIS1_ELN9__gnu_cxx12_Lock_policyE2EEEESt15__allocated_ptrIT_ERS8_
FNDA:2,_ZSt18__allocate_guardedISaISt23_Sp_counted_ptr_inplaceI14waitable_eventSaIS1_ELN9__gnu_cxx12_Lock_policyE2EEEESt15__allocated_ptrIT_ERS8_
DA:52,1
DA:53,1
DA:54,1
DA:52,1
DA:53,1
DA:54,1
DA:52,2
DA:53,2
DA:54,2
DA:70,1
DA:72,1
DA:73,0
DA:74,1
DA:70,1
DA:72,1
DA:73,0
DA:74,1
DA:70,2
DA:72,2
DA:73,0
DA:74,2
DA:78,1
DA:80,1
DA:81,1
DA:78,1
DA:80,1
DA:81,1
DA:78,2
DA:80,2
DA:81,2
DA:85,1
DA:85,1
DA:85,2
DA:95,1
DA:97,1
DA:95,1
DA:97,1
DA:95,2
DA:97,2
end_of_record
SF:/usr/include/c++/9/bits/char_traits.h
FN:100,_ZN9__gnu_cxx11char_traitsIcE2eqERKcS3_
FNDA:0,_ZN9__gnu_cxx11char_traitsIcE2eqERKcS3_
FN:161,_ZN9__gnu_cxx11char_traitsIcE6lengthEPKc
FNDA:0,_ZN9__gnu_cxx11char_traitsIcE6lengthEPKc
FN:299,_ZNSt11char_traitsIcE6assignERcRKc
FNDA:0,_ZNSt11char_traitsIcE6assignERcRKc
FN:336,_ZNSt11char_traitsIcE6lengthEPKc
FNDA:0,_ZNSt11char_traitsIcE6lengthEPKc
FN:360,_ZNSt11char_traitsIcE4moveEPcPKcm
FNDA:0,_ZNSt11char_traitsIcE4moveEPcPKcm
FN:368,_ZNSt11char_traitsIcE4copyEPcPKcm
FNDA:0,_ZNSt11char_traitsIcE4copyEPcPKcm
DA:100,0
DA:101,0
DA:161,0
DA:164,0
DA:165,0
DA:166,0
DA:167,0
DA:236,0
DA:299,0
DA:300,0
DA:336,0
DA:339,0
DA:340,0
DA:342,0
DA:360,0
DA:362,0
DA:363,0
DA:364,0
DA:368,0
DA:370,0
DA:371,0
DA:372,0
end_of_record
SF:/usr/include/c++/9/bits/basic_string.h
FN:160,_ZNSt7__cxx1112basic_stringIcSt11char_traitsIcESaIcEE12_Alloc_hiderC2EPcRKS3_
FNDA:0,_ZNSt7__cxx1112basic_stringIcSt11char_traitsIcESaIcEE12_Alloc_hiderC2EPcRKS3_
FN:182,_ZNSt7__cxx1112basic_stringIcSt11char_traitsIcESaIcEE7_M_dataEPc
FNDA:0,_ZNSt7__cxx1112basic_stringIcSt11char_traitsIcESaIcEE7_M_dataEPc
FN:186,_ZNSt7__cxx1112basic_stringIcSt11char_traitsIcESaIcEE9_M_lengthEm
FNDA:0,_ZNSt7__cxx1112basic_stringIcSt11char_traitsIcESaIcEE9_M_lengthEm
FN:190,_ZNKSt7__cxx1112basic_stringIcSt11char_traitsIcESaIcEE7_M_dataEv
FNDA:0,_ZNKSt7__cxx1112basic_stringIcSt11char_traitsIcESaIcEE7_M_dataEv
FN:194,_ZNSt7__cxx1112basic_stringIcSt11char_traitsIcESaIcEE13_M_local_dataEv
FNDA:0,_ZNSt7__cxx1112basic_stringIcSt11char_traitsIcESaIcEE13_M_local_dataEv
FN:204,_ZNKSt7__cxx1112basic_stringIcSt11char_traitsIcESaIcEE13_M_local_dataEv
FNDA:0,_ZNKSt7__cxx1112basic_stringIcSt11char_traitsIcESaIcEE13_M_local_dataEv
FN:214,_ZNSt7__cxx1112basic_stringIcSt11char_traitsIcESaIcEE11_M_capacityEm
FNDA:0,_ZNSt7__cxx1112basic_stringIcSt11char_traitsIcESaIcEE11_M_capacityEm
FN:218,_ZNSt7__cxx1112basic_stringIcSt11char_traitsIcESaIcEE13_M_set_lengthEm
FNDA:0,_ZNSt7__cxx1112basic_stringIcSt11char_traitsIcESaIcEE13_M_set_lengthEm
FN:225,_ZNKSt7__cxx1112basic_stringIcSt11char_traitsIcESaIcEE11_M_is_localEv
FNDA:0,_ZNKSt7__cxx1112basic_stringIcSt11char_traitsIcESaIcEE11_M_is_localEv
FN:233,_ZNSt7__cxx1112basic_stringIcSt11char_traitsIcESaIcEE10_M_disposeEv
FNDA:0,_ZNSt7__cxx1112basic_stringIcSt11char_traitsIcESaIcEE10_M_disposeEv
FN:240,_ZNSt7__cxx1112basic_stringIcSt11char_traitsIcESaIcEE10_M_destroyEm
FNDA:0,_ZNSt7__cxx1112basic_stringIcSt11char_traitsIcESaIcEE10_M_destroyEm
FN:247,_ZNSt7__cxx1112basic_stringIcSt11char_traitsIcESaIcEE16_M_construct_auxIPKcEEvT_S8_St12__false_type
FNDA:0,_ZNSt7__cxx1112basic_stringIcSt11char_traitsIcESaIcEE16_M_construct_auxIPKcEEvT_S8_St12__false_type
FN:267,_ZNSt7__cxx1112basic_stringIcSt11char_traitsIcESaIcEE12_M_constructIPKcEEvT_S8_
FNDA:0,_ZNSt7__cxx1112basic_stringIcSt11char_traitsIcESaIcEE12_M_constructIPKcEEvT_S8_
FN:290,_ZNSt7__cxx1112basic_stringIcSt11char_traitsIcESaIcEE16_M_get_allocatorEv
FNDA:0,_ZNSt7__cxx1112basic_stringIcSt11char_traitsIcESaIcEE16_M_get_allocatorEv
FN:294,_ZNKSt7__cxx1112basic_stringIcSt11char_traitsIcESaIcEE16_M_get_allocatorEv
FNDA:0,_ZNKSt7__cxx1112basic_stringIcSt11char_traitsIcESaIcEE16_M_get_allocatorEv
FN:324,_ZNKSt7__cxx1112basic_stringIcSt11char_traitsIcESaIcEE15_M_check_lengthEmmPKc
FNDA:0,_ZNKSt7__cxx1112basic_stringIcSt11char_traitsIcESaIcEE15_M_check_lengthEmmPKc
FN:341,_ZNKSt7__cxx1112basic_stringIcSt11char_traitsIcESaIcEE11_M_disjunctEPKc
FNDA:0,_ZNKSt7__cxx1112basic_stringIcSt11char_traitsIcESaIcEE11_M_disjunctEPKc
FN:350,_ZNSt7__cxx1112basic_stringIcSt11char_traitsIcESaIcEE7_S_copyEPcPKcm
FNDA:0,_ZNSt7__cxx1112basic_stringIcSt11char_traitsIcESaIcEE7_S_copyEPcPKcm
FN:359,_ZNSt7__cxx1112basic_stringIcSt11char_traitsIcESaIcEE7_S_moveEPcPKcm
FNDA:0,_ZNSt7__cxx1112basic_stringIcSt11char_traitsIcESaIcEE7_S_moveEPcPKcm
FN:400,_ZNSt7__cxx1112basic_stringIcSt11char_traitsIcESaIcEE13_S_copy_charsEPcPKcS7_
FNDA:0,_ZNSt7__cxx1112basic_stringIcSt11char_traitsIcESaIcEE13_S_copy_charsEPcPKcS7_
FN:529,_ZNSt7__cxx1112basic_stringIcSt11char_traitsIcESaIcEEC2IS3_EEPKcRKS3_
FNDA:0,_ZNSt7__cxx1112basic_stringIcSt11char_traitsIcESaIcEEC2IS3_EEPKcRKS3_
FN:661,_ZNSt7__cxx1112basic_stringIcSt11char_traitsIcESaIcEED2Ev
FNDA:0,_ZNSt7__cxx1112basic_stringIcSt11char_traitsIcESaIcEED2Ev
FN:708,_ZNSt7__cxx1112basic_stringIcSt11char_traitsIcESaIcEEaSEPKc
FNDA:0,_ZNSt7__cxx1112basic_stringIcSt11char_traitsIcESaIcEEaSEPKc
FN:934,_ZNKSt7__cxx1112basic_stringIcSt11char_traitsIcESaIcEE4sizeEv
FNDA:0,_ZNKSt7__cxx1112basic_stringIcSt11char_traitsIcESaIcEE4sizeEv
FN:940,_ZNKSt7__cxx1112basic_stringIcSt11char_traitsIcESaIcEE6lengthEv
FNDA:0,_ZNKSt7__cxx1112basic_stringIcSt11char_traitsIcESaIcEE6lengthEv
FN:945,_ZNKSt7__cxx1112basic_stringIcSt11char_traitsIcESaIcEE8max_sizeEv
FNDA:0,_ZNKSt7__cxx1112basic_stringIcSt11char_traitsIcESaIcEE8max_sizeEv
FN:997,_ZNKSt7__cxx1112basic_stringIcSt11char_traitsIcESaIcEE8capacityEv
FNDA:0,_ZNKSt7__cxx1112basic_stringIcSt11char_traitsIcESaIcEE8capacityEv
FN:1035,_ZNKSt7__cxx1112basic_stringIcSt11char_traitsIcESaIcEE5emptyEv
FNDA:0,_ZNKSt7__cxx1112basic_stringIcSt11char_traitsIcESaIcEE5emptyEv
FN:1172,_ZNSt7__cxx1112basic_stringIcSt11char_traitsIcESaIcEEpLERKS4_
FNDA:0,_ZNSt7__cxx1112basic_stringIcSt11char_traitsIcESaIcEEpLERKS4_
FN:1181,_ZNSt7__cxx1112basic_stringIcSt11char_traitsIcESaIcEEpLEPKc
FNDA:0,_ZNSt7__cxx1112basic_stringIcSt11char_traitsIcESaIcEEpLEPKc
FN:1225,_ZNSt7__cxx1112basic_stringIcSt11char_traitsIcESaIcEE6appendERKS4_
FNDA:0,_ZNSt7__cxx1112basic_stringIcSt11char_traitsIcESaIcEE6appendERKS4_
FN:1267,_ZNSt7__cxx1112basic_stringIcSt11char_traitsIcESaIcEE6appendEPKc
FNDA:0,_ZNSt7__cxx1112basic_stringIcSt11char_traitsIcESaIcEE6appendEPKc
FN:1439,_ZNSt7__cxx1112basic_stringIcSt11char_traitsIcESaIcEE6assignEPKc
FNDA:0,_ZNSt7__cxx1112basic_stringIcSt11char_traitsIcESaIcEE6assignEPKc
FN:2304,_ZNKSt7__cxx1112basic_stringIcSt11char_traitsIcESaIcEE5c_strEv
FNDA:0,_ZNKSt7__cxx1112basic_stringIcSt11char_traitsIcESaIcEE5c_strEv
DA:160,0
DA:161,0
DA:182,0
DA:183,0
DA:186,0
DA:187,0
DA:190,0
DA:191,0
DA:194,0
DA:197,0
DA:204,0
DA:207,0
DA:214,0
DA:215,0
DA:218,0
DA:220,0
DA:221,0
DA:222,0
DA:225,0
DA:226,0
DA:233,0
DA:235,0
DA:236,0
DA:237,0
DA:240,0
DA:241,0
DA:247,0
DA:251,0
DA:252,0
DA:267,0
DA:270,0
DA:271,0
DA:290,0
DA:291,0
DA:294,0
DA:295,0
DA:324,0
DA:326,0
DA:327,0
DA:328,0
DA:341,0
DA:343,0
DA:344,0
DA:350,0
DA:352,0
DA:353,0
DA:355,0
DA:356,0
DA:359,0
DA:361,0
DA:362,0
DA:364,0
DA:365,0
DA:400,0
DA:402,0
DA:529,0
DA:530,0
DA:531,0
DA:661,0
DA:662,0
DA:708,0
DA:709,0
DA:934,0
DA:935,0
DA:940,0
DA:941,0
DA:945,0
DA:946,0
DA:997,0
DA:999,0
DA:1000,0
DA:1035,0
DA:1036,0
DA:1172,0
DA:1173,0
DA:1181,0
DA:1182,0
DA:1225,0
DA:1226,0
DA:1267,0
DA:1270,0
DA:1271,0
DA:1272,0
DA:1439,0
DA:1443,0
DA:2304,0
DA:2305,0
end_of_record
SF:/usr/include/c++/9/tuple
FN:76,_ZNSt10_Head_baseILm1ESt14default_deleteIN5boost6system6detail12std_categoryEELb1EEC2Ev
FNDA:0,_ZNSt10_Head_baseILm1ESt14default_deleteIN5boost6system6detail12std_categoryEELb1EEC2Ev
FN:86,_ZNSt10_Head_baseILm1ESt14default_deleteIN5boost6system6detail12std_categoryEELb1EEC2IS5_EEOT_
FNDA:0,_ZNSt10_Head_baseILm1ESt14default_deleteIN5boost6system6detail12std_categoryEELb1EEC2IS5_EEOT_
FN:113,_ZNSt10_Head_baseILm1ESt14default_deleteIN5boost6system6detail12std_categoryEELb1EE7_M_headERS6_
FNDA:0,_ZNSt10_Head_baseILm1ESt14default_deleteIN5boost6system6detail12std_categoryEELb1EE7_M_headERS6_
FN:122,_ZNSt10_Head_baseILm0EPN5boost6system6detail12std_categoryELb0EEC2Ev
FNDA:0,_ZNSt10_Head_baseILm0EPN5boost6system6detail12std_categoryELb0EEC2Ev
FN:132,_ZNSt10_Head_baseILm0EPN5boost6system6detail12std_categoryELb0EEC2IRS4_EEOT_
FNDA:0,_ZNSt10_Head_baseILm0EPN5boost6system6detail12std_categoryELb0EEC2IRS4_EEOT_
FN:160,_ZNSt10_Head_baseILm0EPN5boost6system6detail12std_categoryELb0EE7_M_headERS5_
FNDA:0,_ZNSt10_Head_baseILm0EPN5boost6system6detail12std_categoryELb0EE7_M_headERS5_
FN:163,_ZNSt10_Head_baseILm0EPN5boost6system6detail12std_categoryELb0EE7_M_headERKS5_
FNDA:0,_ZNSt10_Head_baseILm0EPN5boost6system6detail12std_categoryELb0EE7_M_headERKS5_
FN:195,_ZNSt11_Tuple_implILm0EJPN5boost6system6detail12std_categoryESt14default_deleteIS3_EEE7_M_headERS7_
FNDA:0,_ZNSt11_Tuple_implILm0EJPN5boost6system6detail12std_categoryESt14default_deleteIS3_EEE7_M_headERS7_
FN:198,_ZNSt11_Tuple_implILm0EJPN5boost6system6detail12std_categoryESt14default_deleteIS3_EEE7_M_headERKS7_
FNDA:0,_ZNSt11_Tuple_implILm0EJPN5boost6system6detail12std_categoryESt14default_deleteIS3_EEE7_M_headERKS7_
FN:206,_ZNSt11_Tuple_implILm0EJPN5boost6system6detail12std_categoryESt14default_deleteIS3_EEEC2Ev
FNDA:0,_ZNSt11_Tuple_implILm0EJPN5boost6system6detail12std_categoryESt14default_deleteIS3_EEEC2Ev
FN:216,_ZNSt11_Tuple_implILm0EJPN5boost6system6detail12std_categoryESt14default_deleteIS3_EEEC2IRS4_JS6_EvEEOT_DpOT0_
FNDA:0,_ZNSt11_Tuple_implILm0EJPN5boost6system6detail12std_categoryESt14default_deleteIS3_EEEC2IRS4_JS6_EvEEOT_DpOT0_
FN:334,_ZNSt11_Tuple_implILm1EJSt14default_deleteIN5boost6system6detail12std_categoryEEEE7_M_headERS6_
FNDA:0,_ZNSt11_Tuple_implILm1EJSt14default_deleteIN5boost6system6detail12std_categoryEEEE7_M_headERS6_
FN:339,_ZNSt11_Tuple_implILm1EJSt14default_deleteIN5boost6system6detail12std_categoryEEEEC2Ev
FNDA:0,_ZNSt11_Tuple_implILm1EJSt14default_deleteIN5boost6system6detail12std_categoryEEEEC2Ev
FN:348,_ZNSt11_Tuple_implILm1EJSt14default_deleteIN5boost6system6detail12std_categoryEEEEC2IS5_EEOT_
FNDA:0,_ZNSt11_Tuple_implILm1EJSt14default_deleteIN5boost6system6detail12std_categoryEEEEC2IS5_EEOT_
FN:918,_ZNSt5tupleIJPN5boost6system6detail12std_categoryESt14default_deleteIS3_EEEC2IS4_S6_Lb1EEEv
FNDA:0,_ZNSt5tupleIJPN5boost6system6detail12std_categoryESt14default_deleteIS3_EEEC2IS4_S6_Lb1EEEv
FN:968,_ZNSt5tupleIJPN5boost6system6detail12std_categoryESt14default_deleteIS3_EEEC2IRS4_S6_Lb1EEEOT_OT0_
FNDA:0,_ZNSt5tupleIJPN5boost6system6detail12std_categoryESt14default_deleteIS3_EEEC2IRS4_S6_Lb1EEEOT_OT0_
FN:1309,_ZSt12__get_helperILm0EPN5boost6system6detail12std_categoryEJSt14default_deleteIS3_EEERT0_RSt11_Tuple_implIXT_EJS7_DpT1_EE
FNDA:0,_ZSt12__get_helperILm0EPN5boost6system6detail12std_categoryEJSt14default_deleteIS3_EEERT0_RSt11_Tuple_implIXT_EJS7_DpT1_EE
FN:1309,_ZSt12__get_helperILm1ESt14default_deleteIN5boost6system6detail12std_categoryEEJEERT0_RSt11_Tuple_implIXT_EJS6_DpT1_EE
FNDA:0,_ZSt12__get_helperILm1ESt14default_deleteIN5boost6system6detail12std_categoryEEJEERT0_RSt11_Tuple_implIXT_EJS6_DpT1_EE
FN:1314,_ZSt12__get_helperILm0EPN5boost6system6detail12std_categoryEJSt14default_deleteIS3_EEERKT0_RKSt11_Tuple_implIXT_EJS7_DpT1_EE
FNDA:0,_ZSt12__get_helperILm0EPN5boost6system6detail12std_categoryEJSt14default_deleteIS3_EEERKT0_RKSt11_Tuple_implIXT_EJS7_DpT1_EE
FN:1320,_ZSt3getILm1EJPN5boost6system6detail12std_categoryESt14default_deleteIS3_EEERNSt13tuple_elementIXT_ESt5tupleIJDpT0_EEE4typeERSB_
FNDA:0,_ZSt3getILm1EJPN5boost6system6detail12std_categoryESt14default_deleteIS3_EEERNSt13tuple_elementIXT_ESt5tupleIJDpT0_EEE4typeERSB_
FN:1320,_ZSt3getILm0EJPN5boost6system6detail12std_categoryESt14default_deleteIS3_EEERNSt13tuple_elementIXT_ESt5tupleIJDpT0_EEE4typeERSB_
FNDA:0,_ZSt3getILm0EJPN5boost6system6detail12std_categoryESt14default_deleteIS3_EEERNSt13tuple_elementIXT_ESt5tupleIJDpT0_EEE4typeERSB_
FN:1326,_ZSt3getILm0EJPN5boost6system6detail12std_categoryESt14default_deleteIS3_EEERKNSt13tuple_elementIXT_ESt5tupleIJDpT0_EEE4typeERKSB_
FNDA:0,_ZSt3getILm0EJPN5boost6system6detail12std_categoryESt14default_deleteIS3_EEERKNSt13tuple_elementIXT_ESt5tupleIJDpT0_EEE4typeERKSB_
DA:76,0
DA:77,0
DA:86,0
DA:87,0
DA:113,0
DA:122,0
DA:123,0
DA:132,0
DA:133,0
DA:160,0
DA:163,0
DA:195,0
DA:198,0
DA:206,0
DA:207,0
DA:216,0
DA:218,0
DA:334,0
DA:339,0
DA:340,0
DA:348,0
DA:349,0
DA:918,0
DA:919,0
DA:968,0
DA:969,0
DA:1309,0
DA:1310,0
DA:1309,0
DA:1310,0
DA:1314,0
DA:1315,0
DA:1320,0
DA:1321,0
DA:1320,0
DA:1321,0
DA:1326,0
DA:1327,0
end_of_record
SF:/usr/include/c++/9/bits/basic_string.tcc
FN:132,_ZNSt7__cxx1112basic_stringIcSt11char_traitsIcESaIcEE9_M_createERmm
FNDA:0,_ZNSt7__cxx1112basic_stringIcSt11char_traitsIcESaIcEE9_M_createERmm
FN:206,_ZNSt7__cxx1112basic_stringIcSt11char_traitsIcESaIcEE12_M_constructIPKcEEvT_S8_St20forward_iterator_tag
FNDA:0,_ZNSt7__cxx1112basic_stringIcSt11char_traitsIcESaIcEE12_M_constructIPKcEEvT_S8_St20forward_iterator_tag
FN:310,_ZNSt7__cxx1112basic_stringIcSt11char_traitsIcESaIcEE9_M_mutateEmmPKcm
FNDA:0,_ZNSt7__cxx1112basic_stringIcSt11char_traitsIcESaIcEE9_M_mutateEmmPKcm
FN:359,_ZNSt7__cxx1112basic_stringIcSt11char_traitsIcESaIcEE9_M_appendEPKcm
FNDA:0,_ZNSt7__cxx1112basic_stringIcSt11char_traitsIcESaIcEE9_M_appendEPKcm
FN:421,_ZNSt7__cxx1112basic_stringIcSt11char_traitsIcESaIcEE10_M_replaceEmmPKcm
FNDA:0,_ZNSt7__cxx1112basic_stringIcSt11char_traitsIcESaIcEE10_M_replaceEmmPKcm
DA:132,0
DA:137,0
DA:138,0
DA:143,0
DA:145,0
DA:147,0
DA:148,0
DA:153,0
DA:206,0
DA:211,0
DA:212,0
DA:215,0
DA:217,0
DA:219,0
DA:220,0
DA:225,0
DA:232,0
DA:233,0
DA:310,0
DA:314,0
DA:316,0
DA:317,0
DA:319,0
DA:320,0
DA:321,0
DA:322,0
DA:323,0
DA:324,0
DA:325,0
DA:327,0
DA:328,0
DA:329,0
DA:330,0
DA:359,0
DA:362,0
DA:364,0
DA:366,0
DA:367,0
DA:370,0
DA:372,0
DA:373,0
DA:421,0
DA:425,0
DA:427,0
DA:428,0
DA:430,0
DA:432,0
DA:434,0
DA:435,0
DA:437,0
DA:438,0
DA:439,0
DA:440,0
DA:445,0
DA:446,0
DA:447,0
DA:448,0
DA:449,0
DA:451,0
DA:452,0
DA:453,0
DA:454,0
DA:457,0
DA:458,0
DA:459,0
DA:466,0
DA:468,0
DA:469,0
end_of_record
SF:/usr/include/c++/9/bits/stl_map.h
FN:183,_ZNSt3mapIiiSt4lessIiESaISt4pairIKiiEEEC2Ev
FNDA:1,_ZNSt3mapIiiSt4lessIiESaISt4pairIKiiEEEC2Ev
FN:183,_ZNSt3mapIPKN5boost6system14error_categoryESt10unique_ptrINS1_6detail12std_categoryESt14default_deleteIS7_EENS6_12cat_ptr_lessESaISt4pairIKS4_SA_EEEC2Ev
FNDA:0,_ZNSt3mapIPKN5boost6system14error_categoryESt10unique_ptrINS1_6detail12std_categoryESt14default_deleteIS7_EENS6_12cat_ptr_lessESaISt4pairIKS4_SA_EEEC2Ev
FN:300,_ZNSt3mapIiiSt4lessIiESaISt4pairIKiiEEED2Ev
FNDA:0,_ZNSt3mapIiiSt4lessIiESaISt4pairIKiiEEED2Ev
FN:300,_ZNSt3mapIPKN5boost6system14error_categoryESt10unique_ptrINS1_6detail12std_categoryESt14default_deleteIS7_EENS6_12cat_ptr_lessESaISt4pairIKS4_SA_EEED2Ev
FNDA:0,_ZNSt3mapIPKN5boost6system14error_categoryESt10unique_ptrINS1_6detail12std_categoryESt14default_deleteIS7_EENS6_12cat_ptr_lessESaISt4pairIKS4_SA_EEED2Ev
FN:372,_ZNSt3mapIPKN5boost6system14error_categoryESt10unique_ptrINS1_6detail12std_categoryESt14default_deleteIS7_EENS6_12cat_ptr_lessESaISt4pairIKS4_SA_EEE3endEv
FNDA:0,_ZNSt3mapIPKN5boost6system14error_categoryESt10unique_ptrINS1_6detail12std_categoryESt14default_deleteIS7_EENS6_12cat_ptr_lessESaISt4pairIKS4_SA_EEE3endEv
FN:808,_ZNSt3mapIPKN5boost6system14error_categoryESt10unique_ptrINS1_6detail12std_categoryESt14default_deleteIS7_EENS6_12cat_ptr_lessESaISt4pairIKS4_SA_EEE6insertEOSE_
FNDA:0,_ZNSt3mapIPKN5boost6system14error_categoryESt10unique_ptrINS1_6detail12std_categoryESt14default_deleteIS7_EENS6_12cat_ptr_lessESaISt4pairIKS4_SA_EEE6insertEOSE_
FN:1168,_ZNSt3mapIPKN5boost6system14error_categoryESt10unique_ptrINS1_6detail12std_categoryESt14default_deleteIS7_EENS6_12cat_ptr_lessESaISt4pairIKS4_SA_EEE4findERSD_
FNDA:0,_ZNSt3mapIPKN5boost6system14error_categoryESt10unique_ptrINS1_6detail12std_categoryESt14default_deleteIS7_EENS6_12cat_ptr_lessESaISt4pairIKS4_SA_EEE4findERSD_
DA:183,1
DA:183,0
DA:300,0
DA:300,0
DA:372,0
DA:373,0
DA:808,0
DA:809,0
DA:1168,0
DA:1169,0
end_of_record
SF:/usr/include/c++/9/ext/type_traits.h
FN:152,_ZN9__gnu_cxx17__is_null_pointerIKcEEbPT_
FNDA:0,_ZN9__gnu_cxx17__is_null_pointerIKcEEbPT_
DA:152,0
DA:153,0
end_of_record
SF:/usr/include/boost/system/detail/system_category_posix.hpp
FN:19,_ZN5boost6system6detail16is_generic_valueEi
FNDA:0,_ZN5boost6system6detail16is_generic_valueEi
FN:116,_ZN5boost6system6detail45system_category_default_error_condition_posixEi
FNDA:0,_ZN5boost6system6detail45system_category_default_error_condition_posixEi
DA:19,0
DA:106,0
DA:108,0
DA:110,0
DA:113,0
DA:116,0
DA:118,0
DA:120,0
DA:124,0
end_of_record
SF:/home/yackey/projects/vpgnix/vpgnixApp/src/vpgnixApp.cpp
FN:13,_ZN9vpgnixAppC2ESt10shared_ptrI7ILoggerE
FNDA:1,_ZN9vpgnixAppC2ESt10shared_ptrI7ILoggerE
FN:40,_ZN9vpgnixApp5startEv
FNDA:0,_ZN9vpgnixApp5startEv
FN:46,_ZN9vpgnixApp4stopEv
FNDA:0,_ZN9vpgnixApp4stopEv
DA:13,1
DA:17,1
DA:19,1
DA:20,1
DA:21,1
DA:23,1
DA:24,1
DA:25,1
DA:27,1
DA:28,1
DA:29,1
DA:30,1
DA:32,1
DA:33,1
DA:34,1
DA:35,1
DA:36,1
DA:37,1
DA:38,1
DA:40,0
DA:42,0
DA:43,0
DA:44,0
DA:46,0
DA:48,0
DA:49,0
DA:50,0
end_of_record
SF:/usr/include/boost/optional/optional.hpp
FN:89,_ZN5boost11optional_ns15in_place_init_tC2ENS1_8init_tagE
FNDA:0,_ZN5boost11optional_ns15in_place_init_tC2ENS1_8init_tagE
FN:97,_ZN5boost11optional_ns18in_place_init_if_tC2ENS1_8init_tagE
FNDA:0,_ZN5boost11optional_ns18in_place_init_if_tC2ENS1_8init_tagE
DA:89,0
DA:97,0
end_of_record
SF:/usr/include/c++/9/bits/stl_pair.h
FN:304,_ZNSt4pairIKPKN5boost6system14error_categoryESt10unique_ptrINS1_6detail12std_categoryESt14default_deleteIS8_EEEC2EOSC_
FNDA:0,_ZNSt4pairIKPKN5boost6system14error_categoryESt10unique_ptrINS1_6detail12std_categoryESt14default_deleteIS8_EEEC2EOSC_
FN:311,_ZNSt4pairIPSt18_Rb_tree_node_baseS1_EC2IRS1_Lb1EEEOT_RKS1_
FNDA:0,_ZNSt4pairIPSt18_Rb_tree_node_baseS1_EC2IRS1_Lb1EEEOT_RKS1_
FN:341,_ZNSt4pairIPSt18_Rb_tree_node_baseS1_EC2IRPSt13_Rb_tree_nodeIS_IKPKN5boost6system14error_categoryESt10unique_ptrINS6_6detail12std_categoryESt14default_deleteISD_EEEERS1_Lb1EEEOT_OT0_
FNDA:0,_ZNSt4pairIPSt18_Rb_tree_node_baseS1_EC2IRPSt13_Rb_tree_nodeIS_IKPKN5boost6system14error_categoryESt10unique_ptrINS6_6detail12std_categoryESt14default_deleteISD_EEEERS1_Lb1EEEOT_OT0_
FN:341,_ZNSt4pairISt17_Rb_tree_iteratorIS_IKPKN5boost6system14error_categoryESt10unique_ptrINS2_6detail12std_categoryESt14default_deleteIS9_EEEEbEC2ISE_bLb1EEEOT_OT0_
FNDA:0,_ZNSt4pairISt17_Rb_tree_iteratorIS_IKPKN5boost6system14error_categoryESt10unique_ptrINS2_6detail12std_categoryESt14default_deleteIS9_EEEEbEC2ISE_bLb1EEEOT_OT0_
FN:341,_ZNSt4pairIKPKN5boost6system14error_categoryESt10unique_ptrINS1_6detail12std_categoryESt14default_deleteIS8_EEEC2IS4_SB_Lb1EEEOT_OT0_
FNDA:0,_ZNSt4pairIKPKN5boost6system14error_categoryESt10unique_ptrINS1_6detail12std_categoryESt14default_deleteIS8_EEEC2IS4_SB_Lb1EEEOT_OT0_
DA:304,0
DA:311,0
DA:312,0
DA:341,0
DA:342,0
DA:341,0
DA:342,0
DA:341,0
DA:342,0
end_of_record
SF:/usr/include/c++/9/typeinfo
FN:120,_ZNKSt9type_infoeqERKS_
FNDA:0,_ZNKSt9type_infoeqERKS_
DA:120,0
DA:122,0
DA:123,0
DA:124,0
end_of_record
SF:/usr/include/boost/system/detail/generic_category.hpp
FN:25,_ZN5boost6system6detail17strerror_r_helperEPKcS3_
FNDA:0,_ZN5boost6system6detail17strerror_r_helperEPKcS3_
FN:35,_ZN5boost6system6detail30generic_error_category_messageEiPcm
FNDA:0,_ZN5boost6system6detail30generic_error_category_messageEiPcm
FN:40,_ZN5boost6system6detail30generic_error_category_messageB5cxx11Ei
FNDA:0,_ZN5boost6system6detail30generic_error_category_messageB5cxx11Ei
DA:25,0
DA:27,0
DA:35,0
DA:37,0
DA:40,0
DA:43,0
end_of_record
SF:/usr/include/boost/system/detail/std_interoperability.hpp
FN:34,_ZN5boost6system6detail12std_categoryC2EPKNS0_14error_categoryEj
FNDA:0,_ZN5boost6system6detail12std_categoryC2EPKNS0_14error_categoryEj
FN:50,_ZNK5boost6system6detail12std_category4nameEv
FNDA:0,_ZNK5boost6system6detail12std_category4nameEv
FN:55,_ZNK5boost6system6detail12std_category7messageB5cxx11Ei
FNDA:0,_ZNK5boost6system6detail12std_category7messageB5cxx11Ei
FN:60,_ZNK5boost6system6detail12std_category23default_error_conditionEi
FNDA:0,_ZNK5boost6system6detail12std_category23default_error_conditionEi
FN:73,_ZNK5boost6system6detail12cat_ptr_lessclEPKNS0_14error_categoryES5_
FNDA:0,_ZNK5boost6system6detail12cat_ptr_lessclEPKNS0_14error_categoryES5_
FN:79,_ZN5boost6system6detail15to_std_categoryERKNS0_14error_categoryE
FNDA:0,_ZN5boost6system6detail15to_std_categoryERKNS0_14error_categoryE
FN:115,_ZNK5boost6system6detail12std_category10equivalentEiRKSt15error_condition
FNDA:0,_ZNK5boost6system6detail12std_category10equivalentEiRKSt15error_condition
FN:144,_ZNK5boost6system6detail12std_category10equivalentERKSt10error_codei
FNDA:0,_ZNK5boost6system6detail12std_category10equivalentERKSt10error_codei
DA:34,0
DA:48,0
DA:50,0
DA:52,0
DA:55,0
DA:57,0
DA:60,0
DA:62,0
DA:73,0
DA:75,0
DA:79,0
DA:81,0
DA:83,0
DA:84,0
DA:86,0
DA:88,0
DA:89,0
DA:95,0
DA:98,0
DA:100,0
DA:102,0
DA:104,0
DA:106,0
DA:108,0
DA:111,0
DA:115,0
DA:117,0
DA:119,0
DA:120,0
DA:122,0
DA:124,0
DA:125,0
DA:130,0
DA:132,0
DA:133,0
DA:140,0
DA:144,0
DA:146,0
DA:148,0
DA:149,0
DA:151,0
DA:153,0
DA:154,0
DA:159,0
DA:161,0
DA:162,0
DA:166,0
DA:168,0
DA:172,0
end_of_record
SF:/home/yackey/projects/vpgnix/vpgnixApp/include/vpgnixApp.h
FN:15,_ZN9vpgnixAppD0Ev
FNDA:0,_ZN9vpgnixAppD0Ev
FN:15,_ZN9vpgnixAppD2Ev
FNDA:0,_ZN9vpgnixAppD2Ev
DA:15,0
DA:15,0
end_of_record
SF:/home/yackey/projects/vpgnix/vpgnixApp/include/runnableApp_interface.h
FN:8,_ZN12IRunnableAppD0Ev
FNDA:0,_ZN12IRunnableAppD0Ev
FN:8,_ZN12IRunnableAppD2Ev
FNDA:0,_ZN12IRunnableAppD2Ev
DA:8,0
DA:8,0
end_of_record
SF:/usr/include/c++/9/bits/move.h
FN:47,_ZSt11__addressofISaISt23_Sp_counted_ptr_inplaceI10corethreadSaIS1_ELN9__gnu_cxx12_Lock_policyE2EEEEPT_RS7_
FNDA:1,_ZSt11__addressofISaISt23_Sp_counted_ptr_inplaceI10corethreadSaIS1_ELN9__gnu_cxx12_Lock_policyE2EEEEPT_RS7_
FN:47,_ZSt11__addressofISaISt23_Sp_counted_ptr_inplaceI14waitable_eventSaIS1_ELN9__gnu_cxx12_Lock_policyE2EEEEPT_RS7_
FNDA:2,_ZSt11__addressofISaISt23_Sp_counted_ptr_inplaceI14waitable_eventSaIS1_ELN9__gnu_cxx12_Lock_policyE2EEEEPT_RS7_
FN:47,_ZSt11__addressofIKcEPT_RS1_
FNDA:0,_ZSt11__addressofIKcEPT_RS1_
FN:47,_ZSt11__addressofISaISt23_Sp_counted_ptr_inplaceI6vpgnixSaIS1_ELN9__gnu_cxx12_Lock_policyE2EEEEPT_RS7_
FNDA:1,_ZSt11__addressofISaISt23_Sp_counted_ptr_inplaceI6vpgnixSaIS1_ELN9__gnu_cxx12_Lock_policyE2EEEEPT_RS7_
FN:47,_ZSt11__addressofIcEPT_RS0_
FNDA:0,_ZSt11__addressofIcEPT_RS0_
FN:74,_ZSt7forwardIRSt10shared_ptrI10corethreadEEOT_RNSt16remove_referenceIS4_E4typeE
FNDA:8,_ZSt7forwardIRSt10shared_ptrI10corethreadEEOT_RNSt16remove_referenceIS4_E4typeE
FN:74,_ZSt7forwardISt14default_deleteIN5boost6system6detail12std_categoryEEEOT_RNSt16remove_referenceIS6_E4typeE
FNDA:0,_ZSt7forwardISt14default_deleteIN5boost6system6detail12std_categoryEEEOT_RNSt16remove_referenceIS6_E4typeE
FN:74,_ZSt7forwardISt4pairIKPKN5boost6system14error_categoryESt10unique_ptrINS2_6detail12std_categoryESt14default_deleteIS9_EEEEOT_RNSt16remove_referenceISE_E4typeE
FNDA:0,_ZSt7forwardISt4pairIKPKN5boost6system14error_categoryESt10unique_ptrINS2_6detail12std_categoryESt14default_deleteIS9_EEEEOT_RNSt16remove_referenceISE_E4typeE
FN:74,_ZSt7forwardIRSt10shared_ptrI7ILoggerEEOT_RNSt16remove_referenceIS4_E4typeE
FNDA:16,_ZSt7forwardIRSt10shared_ptrI7ILoggerEEOT_RNSt16remove_referenceIS4_E4typeE
FN:74,_ZSt7forwardIRSt10shared_ptrI14waitable_eventEEOT_RNSt16remove_referenceIS4_E4typeE
FNDA:24,_ZSt7forwardIRSt10shared_ptrI14waitable_eventEEOT_RNSt16remove_referenceIS4_E4typeE
FN:74,_ZSt7forwardIRiEOT_RNSt16remove_referenceIS1_E4typeE
FNDA:24,_ZSt7forwardIRiEOT_RNSt16remove_referenceIS1_E4typeE
FN:74,_ZSt7forwardISt17_Rb_tree_iteratorISt4pairIKPKN5boost6system14error_categoryESt10unique_ptrINS3_6detail12std_categoryESt14default_deleteISA_EEEEEOT_RNSt16remove_referenceISG_E4typeE
FNDA:0,_ZSt7forwardISt17_Rb_tree_iteratorISt4pairIKPKN5boost6system14error_categoryESt10unique_ptrINS3_6detail12std_categoryESt14default_deleteISA_EEEEEOT_RNSt16remove_referenceISG_E4typeE
FN:74,_ZSt7forwardISt10unique_ptrIN5boost6system6detail12std_categoryESt14default_deleteIS4_EEEOT_RNSt16remove_referenceIS8_E4typeE
FNDA:0,_ZSt7forwardISt10unique_ptrIN5boost6system6detail12std_categoryESt14default_deleteIS4_EEEOT_RNSt16remove_referenceIS8_E4typeE
FN:74,_ZSt7forwardIPKN5boost6system14error_categoryEEOT_RNSt16remove_referenceIS5_E4typeE
FNDA:0,_ZSt7forwardIPKN5boost6system14error_categoryEEOT_RNSt16remove_referenceIS5_E4typeE
FN:74,_ZSt7forwardIbEOT_RNSt16remove_referenceIS0_E4typeE
FNDA:0,_ZSt7forwardIbEOT_RNSt16remove_referenceIS0_E4typeE
FN:74,_ZSt7forwardIRPN5boost6system6detail12std_categoryEEOT_RNSt16remove_referenceIS6_E4typeE
FNDA:0,_ZSt7forwardIRPN5boost6system6detail12std_categoryEEOT_RNSt16remove_referenceIS6_E4typeE
FN:74,_ZSt7forwardIRPSt13_Rb_tree_nodeISt4pairIKPKN5boost6system14error_categoryESt10unique_ptrINS3_6detail12std_categoryESt14default_deleteISA_EEEEEOT_RNSt16remove_referenceISI_E4typeE
FNDA:0,_ZSt7forwardIRPSt13_Rb_tree_nodeISt4pairIKPKN5boost6system14error_categoryESt10unique_ptrINS3_6detail12std_categoryESt14default_deleteISA_EEEEEOT_RNSt16remove_referenceISI_E4typeE
FN:74,_ZSt7forwardIRPSt18_Rb_tree_node_baseEOT_RNSt16remove_referenceIS3_E4typeE
FNDA:0,_ZSt7forwardIRPSt18_Rb_tree_node_baseEOT_RNSt16remove_referenceIS3_E4typeE
FN:99,_ZSt4moveIRSt4pairIKPKN5boost6system14error_categoryESt10unique_ptrINS2_6detail12std_categoryESt14default_deleteIS9_EEEEONSt16remove_referenceIT_E4typeEOSG_
FNDA:0,_ZSt4moveIRSt4pairIKPKN5boost6system14error_categoryESt10unique_ptrINS2_6detail12std_categoryESt14default_deleteIS9_EEEEONSt16remove_referenceIT_E4typeEOSG_
FN:99,_ZSt4moveIRSt10shared_ptrI14waitable_eventEEONSt16remove_referenceIT_E4typeEOS5_
FNDA:2,_ZSt4moveIRSt10shared_ptrI14waitable_eventEEONSt16remove_referenceIT_E4typeEOS5_
FN:99,_ZSt4moveIRPN5boost6system6detail12std_categoryEEONSt16remove_referenceIT_E4typeEOS7_
FNDA:0,_ZSt4moveIRPN5boost6system6detail12std_categoryEEONSt16remove_referenceIT_E4typeEOS7_
FN:99,_ZSt4moveIRSt10shared_ptrI10corethreadEEONSt16remove_referenceIT_E4typeEOS5_
FNDA:1,_ZSt4moveIRSt10shared_ptrI10corethreadEEONSt16remove_referenceIT_E4typeEOS5_
FN:99,_ZSt4moveIRSt10unique_ptrIN5boost6system6detail12std_categoryESt14default_deleteIS4_EEEONSt16remove_referenceIT_E4typeEOSA_
FNDA:0,_ZSt4moveIRSt10unique_ptrIN5boost6system6detail12std_categoryESt14default_deleteIS4_EEEONSt16remove_referenceIT_E4typeEOSA_
FN:99,_ZSt4moveIRSt10shared_ptrI6vpgnixEEONSt16remove_referenceIT_E4typeEOS5_
FNDA:1,_ZSt4moveIRSt10shared_ptrI6vpgnixEEONSt16remove_referenceIT_E4typeEOS5_
FN:99,_ZSt4moveIRSt12__shared_ptrI14waitable_eventLN9__gnu_cxx12_Lock_policyE2EEEONSt16remove_referenceIT_E4typeEOS7_
FNDA:2,_ZSt4moveIRSt12__shared_ptrI14waitable_eventLN9__gnu_cxx12_Lock_policyE2EEEONSt16remove_referenceIT_E4typeEOS7_
[...]
FN:1020,_ZNKSt19__shared_ptr_accessI7ILoggerLN9__gnu_cxx12_Lock_policyE2ELb0ELb0EE6_M_getEv
FNDA:0,_ZNKSt19__shared_ptr_accessI7ILoggerLN9__gnu_cxx12_Lock_policyE2ELb0ELb0EE6_M_getEv
FN:1020,_ZNKSt19__shared_ptr_accessI14waitable_eventLN9__gnu_cxx12_Lock_policyE2ELb0ELb0EE6_M_getEv
FNDA:0,_ZNKSt19__shared_ptr_accessI14waitable_eventLN9__gnu_cxx12_Lock_policyE2ELb0ELb0EE6_M_getEv
FN:1080,_ZNSt12__shared_ptrI14waitable_eventLN9__gnu_cxx12_Lock_policyE2EEaSERKS3_
FNDA:3,_ZNSt12__shared_ptrI14waitable_eventLN9__gnu_cxx12_Lock_policyE2EEaSERKS3_
FN:1080,_ZNSt12__shared_ptrI7ILoggerLN9__gnu_cxx12_Lock_policyE2EEaSERKS3_
FNDA:0,_ZNSt12__shared_ptrI7ILoggerLN9__gnu_cxx12_Lock_policyE2EEaSERKS3_
FN:1118,_ZNSt12__shared_ptrI7ILoggerLN9__gnu_cxx12_Lock_policyE2EEC2Ev
FNDA:0,_ZNSt12__shared_ptrI7ILoggerLN9__gnu_cxx12_Lock_policyE2EEC2Ev
FN:1118,_ZNSt12__shared_ptrI14waitable_eventLN9__gnu_cxx12_Lock_policyE2EEC2Ev
FNDA:0,_ZNSt12__shared_ptrI14waitable_eventLN9__gnu_cxx12_Lock_policyE2EEC2Ev
FN:1169,_ZNSt12__shared_ptrI4wfmoLN9__gnu_cxx12_Lock_policyE2EED2Ev
FNDA:0,_ZNSt12__shared_ptrI4wfmoLN9__gnu_cxx12_Lock_policyE2EED2Ev
FN:1169,_ZNSt12__shared_ptrI14waitable_eventLN9__gnu_cxx12_Lock_policyE2EED2Ev
FNDA:0,_ZNSt12__shared_ptrI14waitable_eventLN9__gnu_cxx12_Lock_policyE2EED2Ev
FN:1169,_ZNSt12__shared_ptrI7ILoggerLN9__gnu_cxx12_Lock_policyE2EED2Ev
FNDA:0,_ZNSt12__shared_ptrI7ILoggerLN9__gnu_cxx12_Lock_policyE2EED2Ev
FN:1309,_ZNKSt12__shared_ptrI14waitable_eventLN9__gnu_cxx12_Lock_policyE2EE3getEv
FNDA:0,_ZNKSt12__shared_ptrI14waitable_eventLN9__gnu_cxx12_Lock_policyE2EE3getEv
FN:1309,_ZNKSt12__shared_ptrI7ILoggerLN9__gnu_cxx12_Lock_policyE2EE3getEv
FNDA:0,_ZNKSt12__shared_ptrI7ILoggerLN9__gnu_cxx12_Lock_policyE2EE3getEv
FN:1309,_ZNKSt12__shared_ptrI4wfmoLN9__gnu_cxx12_Lock_policyE2EE3getEv
FNDA:0,_ZNKSt12__shared_ptrI4wfmoLN9__gnu_cxx12_Lock_policyE2EE3getEv
FN:1343,_ZNSt12__shared_ptrI4wfmoLN9__gnu_cxx12_Lock_policyE2EEC2ISaIS0_EJRSt3mapIiiSt4lessIiESaISt4pairIKiiEEEEEESt20_Sp_alloc_shared_tagIT_EDpOT0_
FNDA:0,_ZNSt12__shared_ptrI4wfmoLN9__gnu_cxx12_Lock_policyE2EEC2ISaIS0_EJRSt3mapIiiSt4lessIiESaISt4pairIKiiEEEEEESt20_Sp_alloc_shared_tagIT_EDpOT0_
FN:1388,_ZNSt12__shared_ptrI4wfmoLN9__gnu_cxx12_Lock_policyE2EE31_M_enable_shared_from_this_withIS0_S0_EENSt9enable_ifIXntsrNS3_15__has_esft_baseIT0_vEE5valueEvE4typeEPT_
FNDA:0,_ZNSt12__shared_ptrI4wfmoLN9__gnu_cxx12_Lock_policyE2EE31_M_enable_shared_from_this_withIS0_S0_EENSt9enable_ifIXntsrNS3_15__has_esft_baseIT0_vEE5valueEvE4typeEPT_
DA:117,0
DA:118,0
DA:121,0
DA:122,0
DA:121,0
DA:122,0
DA:131,0
DA:132,0
DA:138,0
DA:139,0
DA:148,0
DA:152,0
DA:155,0
DA:167,0
DA:168,0
DA:171,0
DA:174,0
DA:414,0
DA:418,0
DA:508,0
DA:511,0
DA:531,0
DA:533,0
DA:543,0
DA:544,0
DA:548,0
DA:550,0
DA:552,0
DA:552,0
DA:555,0
DA:557,0
DA:558,0
DA:562,0
DA:564,0
DA:565,0
DA:566,0
DA:567,0
DA:575,0
DA:577,0
DA:582,0
DA:583,0
DA:585,0
DA:590,0
DA:591,0
DA:594,0
DA:616,0
DA:617,0
DA:672,0
DA:676,0
DA:677,0
DA:678,0
DA:679,0
DA:680,0
DA:681,0
DA:682,0
DA:683,0
DA:684,0
DA:727,0
DA:729,0
DA:730,0
DA:731,0
DA:741,0
DA:743,0
DA:744,0
DA:746,0
DA:747,0
DA:748,0
DA:749,0
DA:750,0
DA:752,0
DA:1012,0
DA:1015,0
DA:1012,0
DA:1015,0
DA:1012,0
DA:1015,0
DA:1020,0
DA:1021,0
DA:1020,0
DA:1021,0
DA:1020,0
DA:1021,0
DA:1080,0
DA:1080,3
DA:1118,0
DA:1119,0
DA:1120,0
DA:1118,0
DA:1119,0
DA:1120,0
DA:1169,0
DA:1169,0
DA:1169,0
DA:1309,0
DA:1310,0
DA:1309,0
DA:1310,0
DA:1309,0
DA:1310,0
DA:1343,0
DA:1344,0
DA:1345,0
DA:1388,0
DA:1389,0
end_of_record
SF:/usr/include/c++/9/new
FN:173,_ZnwmPv
FNDA:0,_ZnwmPv
FN:179,_ZdlPvS_
FNDA:0,_ZdlPvS_
DA:173,0
DA:174,0
DA:179,0
end_of_record
SF:/usr/include/c++/9/bits/char_traits.h
FN:100,_ZN9__gnu_cxx11char_traitsIcE2eqERKcS3_
FNDA:0,_ZN9__gnu_cxx11char_traitsIcE2eqERKcS3_
FN:161,_ZN9__gnu_cxx11char_traitsIcE6lengthEPKc
FNDA:0,_ZN9__gnu_cxx11char_traitsIcE6lengthEPKc
FN:299,_ZNSt11char_traitsIcE6assignERcRKc
FNDA:0,_ZNSt11char_traitsIcE6assignERcRKc
FN:336,_ZNSt11char_traitsIcE6lengthEPKc
FNDA:0,_ZNSt11char_traitsIcE6lengthEPKc
FN:360,_ZNSt11char_traitsIcE4moveEPcPKcm
FNDA:0,_ZNSt11char_traitsIcE4moveEPcPKcm
FN:368,_ZNSt11char_traitsIcE4copyEPcPKcm
FNDA:0,_ZNSt11char_traitsIcE4copyEPcPKcm
DA:100,0
DA:101,0
DA:161,0
DA:164,0
DA:165,0
DA:166,0
DA:167,0
DA:236,0
DA:299,0
DA:300,0
DA:336,0
DA:339,0
DA:340,0
DA:342,0
DA:360,0
DA:362,0
DA:363,0
DA:364,0
DA:368,0
DA:370,0
DA:371,0
DA:372,0
end_of_record
SF:/usr/include/c++/9/bits/allocated_ptr.h
FN:52,_ZNSt15__allocated_ptrISaISt23_Sp_counted_ptr_inplaceI4wfmoSaIS1_ELN9__gnu_cxx12_Lock_policyE2EEEEC2ERS6_PS5_
FNDA:0,_ZNSt15__allocated_ptrISaISt23_Sp_counted_ptr_inplaceI4wfmoSaIS1_ELN9__gnu_cxx12_Lock_policyE2EEEEC2ERS6_PS5_
FN:70,_ZNSt15__allocated_ptrISaISt23_Sp_counted_ptr_inplaceI4wfmoSaIS1_ELN9__gnu_cxx12_Lock_policyE2EEEED2Ev
FNDA:0,_ZNSt15__allocated_ptrISaISt23_Sp_counted_ptr_inplaceI4wfmoSaIS1_ELN9__gnu_cxx12_Lock_policyE2EEEED2Ev
FN:78,_ZNSt15__allocated_ptrISaISt23_Sp_counted_ptr_inplaceI4wfmoSaIS1_ELN9__gnu_cxx12_Lock_policyE2EEEEaSEDn
FNDA:0,_ZNSt15__allocated_ptrISaISt23_Sp_counted_ptr_inplaceI4wfmoSaIS1_ELN9__gnu_cxx12_Lock_policyE2EEEEaSEDn
FN:85,_ZNSt15__allocated_ptrISaISt23_Sp_counted_ptr_inplaceI4wfmoSaIS1_ELN9__gnu_cxx12_Lock_policyE2EEEE3getEv
FNDA:0,_ZNSt15__allocated_ptrISaISt23_Sp_counted_ptr_inplaceI4wfmoSaIS1_ELN9__gnu_cxx12_Lock_policyE2EEEE3getEv
FN:95,_ZSt18__allocate_guardedISaISt23_Sp_counted_ptr_inplaceI4wfmoSaIS1_ELN9__gnu_cxx12_Lock_policyE2EEEESt15__allocated_ptrIT_ERS8_
FNDA:0,_ZSt18__allocate_guardedISaISt23_Sp_counted_ptr_inplaceI4wfmoSaIS1_ELN9__gnu_cxx12_Lock_policyE2EEEESt15__allocated_ptrIT_ERS8_
DA:52,0
DA:53,0
DA:54,0
DA:70,0
DA:72,0
DA:73,0
DA:74,0
DA:78,0
DA:80,0
DA:81,0
DA:85,0
DA:95,0
DA:97,0
end_of_record
SF:/usr/include/c++/9/bits/basic_string.tcc
FN:132,_ZNSt7__cxx1112basic_stringIcSt11char_traitsIcESaIcEE9_M_createERmm
FNDA:0,_ZNSt7__cxx1112basic_stringIcSt11char_traitsIcESaIcEE9_M_createERmm
FN:206,_ZNSt7__cxx1112basic_stringIcSt11char_traitsIcESaIcEE12_M_constructIPKcEEvT_S8_St20forward_iterator_tag
FNDA:0,_ZNSt7__cxx1112basic_stringIcSt11char_traitsIcESaIcEE12_M_constructIPKcEEvT_S8_St20forward_iterator_tag
FN:310,_ZNSt7__cxx1112basic_stringIcSt11char_traitsIcESaIcEE9_M_mutateEmmPKcm
FNDA:0,_ZNSt7__cxx1112basic_stringIcSt11char_traitsIcESaIcEE9_M_mutateEmmPKcm
FN:359,_ZNSt7__cxx1112basic_stringIcSt11char_traitsIcESaIcEE9_M_appendEPKcm
FNDA:0,_ZNSt7__cxx1112basic_stringIcSt11char_traitsIcESaIcEE9_M_appendEPKcm
FN:421,_ZNSt7__cxx1112basic_stringIcSt11char_traitsIcESaIcEE10_M_replaceEmmPKcm
FNDA:0,_ZNSt7__cxx1112basic_stringIcSt11char_traitsIcESaIcEE10_M_replaceEmmPKcm
DA:132,0
DA:137,0
DA:138,0
DA:143,0
DA:145,0
DA:147,0
DA:148,0
DA:153,0
DA:206,0
DA:211,0
DA:212,0
DA:215,0
DA:217,0
DA:219,0
DA:220,0
DA:225,0
DA:232,0
DA:233,0
DA:310,0
DA:314,0
DA:316,0
DA:317,0
DA:319,0
DA:320,0
DA:321,0
DA:322,0
DA:323,0
DA:324,0
DA:325,0
DA:327,0
DA:328,0
DA:329,0
DA:330,0
DA:359,0
DA:362,0
DA:364,0
DA:366,0
DA:367,0
DA:370,0
DA:372,0
DA:373,0
DA:421,0
DA:425,0
DA:427,0
DA:428,0
DA:430,0
DA:432,0
DA:434,0
DA:435,0
DA:437,0
DA:438,0
DA:439,0
DA:440,0
DA:445,0
DA:446,0
DA:447,0
DA:448,0
DA:449,0
DA:451,0
DA:452,0
DA:453,0
DA:454,0
DA:457,0
DA:458,0
DA:459,0
DA:466,0
DA:468,0
DA:469,0
end_of_record
SF:/usr/include/c++/9/bits/basic_string.h
FN:160,_ZNSt7__cxx1112basic_stringIcSt11char_traitsIcESaIcEE12_Alloc_hiderC2EPcRKS3_
FNDA:0,_ZNSt7__cxx1112basic_stringIcSt11char_traitsIcESaIcEE12_Alloc_hiderC2EPcRKS3_
FN:182,_ZNSt7__cxx1112basic_stringIcSt11char_traitsIcESaIcEE7_M_dataEPc
FNDA:0,_ZNSt7__cxx1112basic_stringIcSt11char_traitsIcESaIcEE7_M_dataEPc
FN:186,_ZNSt7__cxx1112basic_stringIcSt11char_traitsIcESaIcEE9_M_lengthEm
FNDA:0,_ZNSt7__cxx1112basic_stringIcSt11char_traitsIcESaIcEE9_M_lengthEm
FN:190,_ZNKSt7__cxx1112basic_stringIcSt11char_traitsIcESaIcEE7_M_dataEv
FNDA:0,_ZNKSt7__cxx1112basic_stringIcSt11char_traitsIcESaIcEE7_M_dataEv
FN:194,_ZNSt7__cxx1112basic_stringIcSt11char_traitsIcESaIcEE13_M_local_dataEv
FNDA:0,_ZNSt7__cxx1112basic_stringIcSt11char_traitsIcESaIcEE13_M_local_dataEv
FN:204,_ZNKSt7__cxx1112basic_stringIcSt11char_traitsIcESaIcEE13_M_local_dataEv
FNDA:0,_ZNKSt7__cxx1112basic_stringIcSt11char_traitsIcESaIcEE13_M_local_dataEv
FN:214,_ZNSt7__cxx1112basic_stringIcSt11char_traitsIcESaIcEE11_M_capacityEm
FNDA:0,_ZNSt7__cxx1112basic_stringIcSt11char_traitsIcESaIcEE11_M_capacityEm
FN:218,_ZNSt7__cxx1112basic_stringIcSt11char_traitsIcESaIcEE13_M_set_lengthEm
FNDA:0,_ZNSt7__cxx1112basic_stringIcSt11char_traitsIcESaIcEE13_M_set_lengthEm
FN:225,_ZNKSt7__cxx1112basic_stringIcSt11char_traitsIcESaIcEE11_M_is_localEv
FNDA:0,_ZNKSt7__cxx1112basic_stringIcSt11char_traitsIcESaIcEE11_M_is_localEv
FN:233,_ZNSt7__cxx1112basic_stringIcSt11char_traitsIcESaIcEE10_M_disposeEv
FNDA:0,_ZNSt7__cxx1112basic_stringIcSt11char_traitsIcESaIcEE10_M_disposeEv
FN:240,_ZNSt7__cxx1112basic_stringIcSt11char_traitsIcESaIcEE10_M_destroyEm
FNDA:0,_ZNSt7__cxx1112basic_stringIcSt11char_traitsIcESaIcEE10_M_destroyEm
FN:247,_ZNSt7__cxx1112basic_stringIcSt11char_traitsIcESaIcEE16_M_construct_auxIPKcEEvT_S8_St12__false_type
FNDA:0,_ZNSt7__cxx1112basic_stringIcSt11char_traitsIcESaIcEE16_M_construct_auxIPKcEEvT_S8_St12__false_type
FN:267,_ZNSt7__cxx1112basic_stringIcSt11char_traitsIcESaIcEE12_M_constructIPKcEEvT_S8_
FNDA:0,_ZNSt7__cxx1112basic_stringIcSt11char_traitsIcESaIcEE12_M_constructIPKcEEvT_S8_
FN:290,_ZNSt7__cxx1112basic_stringIcSt11char_traitsIcESaIcEE16_M_get_allocatorEv
FNDA:0,_ZNSt7__cxx1112basic_stringIcSt11char_traitsIcESaIcEE16_M_get_allocatorEv
FN:294,_ZNKSt7__cxx1112basic_stringIcSt11char_traitsIcESaIcEE16_M_get_allocatorEv
FNDA:0,_ZNKSt7__cxx1112basic_stringIcSt11char_traitsIcESaIcEE16_M_get_allocatorEv
FN:324,_ZNKSt7__cxx1112basic_stringIcSt11char_traitsIcESaIcEE15_M_check_lengthEmmPKc
FNDA:0,_ZNKSt7__cxx1112basic_stringIcSt11char_traitsIcESaIcEE15_M_check_lengthEmmPKc
FN:341,_ZNKSt7__cxx1112basic_stringIcSt11char_traitsIcESaIcEE11_M_disjunctEPKc
FNDA:0,_ZNKSt7__cxx1112basic_stringIcSt11char_traitsIcESaIcEE11_M_disjunctEPKc
FN:350,_ZNSt7__cxx1112basic_stringIcSt11char_traitsIcESaIcEE7_S_copyEPcPKcm
FNDA:0,_ZNSt7__cxx1112basic_stringIcSt11char_traitsIcESaIcEE7_S_copyEPcPKcm
FN:359,_ZNSt7__cxx1112basic_stringIcSt11char_traitsIcESaIcEE7_S_moveEPcPKcm
FNDA:0,_ZNSt7__cxx1112basic_stringIcSt11char_traitsIcESaIcEE7_S_moveEPcPKcm
FN:400,_ZNSt7__cxx1112basic_stringIcSt11char_traitsIcESaIcEE13_S_copy_charsEPcPKcS7_
FNDA:0,_ZNSt7__cxx1112basic_stringIcSt11char_traitsIcESaIcEE13_S_copy_charsEPcPKcS7_
FN:529,_ZNSt7__cxx1112basic_stringIcSt11char_traitsIcESaIcEEC2IS3_EEPKcRKS3_
FNDA:0,_ZNSt7__cxx1112basic_stringIcSt11char_traitsIcESaIcEEC2IS3_EEPKcRKS3_
FN:661,_ZNSt7__cxx1112basic_stringIcSt11char_traitsIcESaIcEED2Ev
FNDA:0,_ZNSt7__cxx1112basic_stringIcSt11char_traitsIcESaIcEED2Ev
FN:708,_ZNSt7__cxx1112basic_stringIcSt11char_traitsIcESaIcEEaSEPKc
FNDA:0,_ZNSt7__cxx1112basic_stringIcSt11char_traitsIcESaIcEEaSEPKc
FN:934,_ZNKSt7__cxx1112basic_stringIcSt11char_traitsIcESaIcEE4sizeEv
FNDA:0,_ZNKSt7__cxx1112basic_stringIcSt11char_traitsIcESaIcEE4sizeEv
FN:940,_ZNKSt7__cxx1112basic_stringIcSt11char_traitsIcESaIcEE6lengthEv
FNDA:0,_ZNKSt7__cxx1112basic_stringIcSt11char_traitsIcESaIcEE6lengthEv
FN:945,_ZNKSt7__cxx1112basic_stringIcSt11char_traitsIcESaIcEE8max_sizeEv
FNDA:0,_ZNKSt7__cxx1112basic_stringIcSt11char_traitsIcESaIcEE8max_sizeEv
FN:997,_ZNKSt7__cxx1112basic_stringIcSt11char_traitsIcESaIcEE8capacityEv
FNDA:0,_ZNKSt7__cxx1112basic_stringIcSt11char_traitsIcESaIcEE8capacityEv
FN:1035,_ZNKSt7__cxx1112basic_stringIcSt11char_traitsIcESaIcEE5emptyEv
FNDA:0,_ZNKSt7__cxx1112basic_stringIcSt11char_traitsIcESaIcEE5emptyEv
FN:1172,_ZNSt7__cxx1112basic_stringIcSt11char_traitsIcESaIcEEpLERKS4_
FNDA:0,_ZNSt7__cxx1112basic_stringIcSt11char_traitsIcESaIcEEpLERKS4_
FN:1181,_ZNSt7__cxx1112basic_stringIcSt11char_traitsIcESaIcEEpLEPKc
FNDA:0,_ZNSt7__cxx1112basic_stringIcSt11char_traitsIcESaIcEEpLEPKc
FN:1225,_ZNSt7__cxx1112basic_stringIcSt11char_traitsIcESaIcEE6appendERKS4_
FNDA:0,_ZNSt7__cxx1112basic_stringIcSt11char_traitsIcESaIcEE6appendERKS4_
FN:1267,_ZNSt7__cxx1112basic_stringIcSt11char_traitsIcESaIcEE6appendEPKc
FNDA:0,_ZNSt7__cxx1112basic_stringIcSt11char_traitsIcESaIcEE6appendEPKc
FN:1439,_ZNSt7__cxx1112basic_stringIcSt11char_traitsIcESaIcEE6assignEPKc
FNDA:0,_ZNSt7__cxx1112basic_stringIcSt11char_traitsIcESaIcEE6assignEPKc
FN:2304,_ZNKSt7__cxx1112basic_stringIcSt11char_traitsIcESaIcEE5c_strEv
FNDA:0,_ZNKSt7__cxx1112basic_stringIcSt11char_traitsIcESaIcEE5c_strEv
DA:160,0
DA:161,0
DA:182,0
DA:183,0
DA:186,0
DA:187,0
DA:190,0
DA:191,0
DA:194,0
DA:197,0
DA:204,0
DA:207,0
DA:214,0
DA:215,0
DA:218,0
DA:220,0
DA:221,0
DA:222,0
DA:225,0
DA:226,0
DA:233,0
DA:235,0
DA:236,0
DA:237,0
DA:240,0
DA:241,0
DA:247,0
DA:251,0
DA:252,0
DA:267,0
DA:270,0
DA:271,0
DA:290,0
DA:291,0
DA:294,0
DA:295,0
DA:324,0
DA:326,0
DA:327,0
DA:328,0
DA:341,0
DA:343,0
DA:344,0
DA:350,0
DA:352,0
DA:353,0
DA:355,0
DA:356,0
DA:359,0
DA:361,0
DA:362,0
DA:364,0
DA:365,0
DA:400,0
DA:402,0
DA:529,0
DA:530,0
DA:531,0
DA:661,0
DA:662,0
DA:708,0
DA:709,0
DA:934,0
DA:935,0
DA:940,0
DA:941,0
DA:945,0
DA:946,0
DA:997,0
DA:999,0
DA:1000,0
DA:1035,0
DA:1036,0
DA:1172,0
DA:1173,0
DA:1181,0
DA:1182,0
DA:1225,0
DA:1226,0
DA:1267,0
DA:1270,0
DA:1271,0
DA:1272,0
DA:1439,0
DA:1443,0
DA:2304,0
DA:2305,0
end_of_record
SF:/usr/include/boost/system/error_code.hpp
FN:233,_ZNK5boost6system14error_categoryeqERKS1_
FNDA:0,_ZNK5boost6system14error_categoryeqERKS1_
FN:243,_ZNK5boost6system14error_categoryltERKS1_
FNDA:0,_ZNK5boost6system14error_categoryltERKS1_
FN:290,_ZNK5boost6system6detail22generic_error_category4nameEv
FNDA:0,_ZNK5boost6system6detail22generic_error_category4nameEv
FN:308,_ZNK5boost6system6detail21system_error_category4nameEv
FNDA:0,_ZNK5boost6system6detail21system_error_category4nameEv
FN:343,_ZN5boost6system15system_categoryEv
FNDA:0,_ZN5boost6system15system_categoryEv
FN:348,_ZN5boost6system16generic_categoryEv
FNDA:0,_ZN5boost6system16generic_categoryEv
FN:411,_ZN5boost6system6detail11failed_implEiRKNS0_14error_categoryE
FNDA:0,_ZN5boost6system6detail11failed_implEiRKNS0_14error_categoryE
FN:448,_ZN5boost6system15error_conditionC2EiRKNS0_14error_categoryE
FNDA:0,_ZN5boost6system15error_conditionC2EiRKNS0_14error_categoryE
FN:485,_ZNK5boost6system15error_condition5valueEv
FNDA:0,_ZNK5boost6system15error_condition5valueEv
FN:490,_ZNK5boost6system15error_condition8categoryEv
FNDA:0,_ZNK5boost6system15error_condition8categoryEv
FN:538,_ZN5boost6systemeqERKNS0_15error_conditionES3_
FNDA:0,_ZN5boost6systemeqERKNS0_15error_conditionES3_
FN:550,_ZNK5boost6system15error_conditioncvSt15error_conditionEv
FNDA:0,_ZNK5boost6system15error_conditioncvSt15error_conditionEv
FN:584,_ZN5boost6system10error_codeC2EiRKNS0_14error_categoryE
FNDA:0,_ZN5boost6system10error_codeC2EiRKNS0_14error_categoryE
FN:621,_ZNK5boost6system10error_code5valueEv
FNDA:0,_ZNK5boost6system10error_code5valueEv
FN:626,_ZNK5boost6system10error_code8categoryEv
FNDA:0,_ZNK5boost6system10error_code8categoryEv
FN:636,_ZNK5boost6system10error_code7messageB5cxx11Ev
FNDA:0,_ZNK5boost6system10error_code7messageB5cxx11Ev
FN:827,_ZNK5boost6system14error_category23default_error_conditionEi
FNDA:0,_ZNK5boost6system14error_category23default_error_conditionEi
FN:832,_ZNK5boost6system14error_category10equivalentEiRKNS0_15error_conditionE
FNDA:0,_ZNK5boost6system14error_category10equivalentEiRKNS0_15error_conditionE
FN:837,_ZNK5boost6system14error_category10equivalentERKNS0_10error_codeEi
FNDA:0,_ZNK5boost6system14error_category10equivalentERKNS0_10error_codeEi
FN:842,_ZNK5boost6system14error_category7messageEiPcm
FNDA:0,_ZNK5boost6system14error_category7messageEiPcm
FN:890,_ZNK5boost6system14error_category6failedEi
FNDA:0,_ZNK5boost6system14error_category6failedEi
FN:903,_ZNK5boost6system6detail22generic_error_category7messageB5cxx11Ei
FNDA:0,_ZNK5boost6system6detail22generic_error_category7messageB5cxx11Ei
FN:908,_ZNK5boost6system6detail22generic_error_category7messageEiPcm
FNDA:0,_ZNK5boost6system6detail22generic_error_category7messageEiPcm
FN:938,_ZNK5boost6system6detail21system_error_category23default_error_conditionEi
FNDA:0,_ZNK5boost6system6detail21system_error_category23default_error_conditionEi
FN:943,_ZNK5boost6system6detail21system_error_category7messageB5cxx11Ei
FNDA:0,_ZNK5boost6system6detail21system_error_category7messageB5cxx11Ei
FN:948,_ZNK5boost6system6detail21system_error_category7messageEiPcm
FNDA:0,_ZNK5boost6system6detail21system_error_category7messageEiPcm
FN:961,_ZNK5boost6system14error_categorycvRKNSt3_V214error_categoryEEv
FNDA:0,_ZNK5boost6system14error_categorycvRKNSt3_V214error_categoryEEv
DA:233,0
DA:235,0
DA:243,0
DA:245,0
DA:247,0
DA:250,0
DA:252,0
DA:255,0
DA:257,0
DA:260,0
DA:290,0
DA:292,0
DA:308,0
DA:310,0
DA:343,0
DA:345,0
DA:348,0
DA:350,0
DA:411,0
DA:413,0
DA:415,0
DA:419,0
DA:448,0
DA:449,0
DA:451,0
DA:485,0
DA:487,0
DA:490,0
DA:492,0
DA:538,0
DA:540,0
DA:550,0
DA:552,0
DA:584,0
DA:585,0
DA:587,0
DA:621,0
DA:623,0
DA:626,0
DA:628,0
DA:636,0
DA:638,0
DA:827,0
DA:829,0
DA:832,0
DA:834,0
DA:837,0
DA:839,0
DA:842,0
DA:844,0
DA:846,0
DA:849,0
DA:851,0
DA:852,0
DA:859,0
DA:871,0
DA:872,0
DA:880,0
DA:883,0
DA:885,0
DA:890,0
DA:892,0
DA:903,0
DA:905,0
DA:908,0
DA:910,0
DA:938,0
DA:940,0
DA:943,0
DA:945,0
DA:948,0
DA:950,0
DA:961,0
DA:963,0
end_of_record
SF:/home/yackey/projects/vpgnix/vpgnixApp/src/corethread.cpp
FN:10,_ZN10corethreadC2EiSt10shared_ptrI14waitable_eventES0_I7ILoggerE
FNDA:1,_ZN10corethreadC2EiSt10shared_ptrI14waitable_eventES0_I7ILoggerE
FN:20,_ZN10corethread5startEv
FNDA:0,_ZN10corethread5startEv
FN:34,_ZN10corethread3runEii
FNDA:0,_ZN10corethread3runEii
FN:72,_ZN10corethread4stopEv
FNDA:0,_ZN10corethread4stopEv
DA:10,1
DA:12,1
DA:14,1
DA:15,1
DA:16,1
DA:17,1
DA:18,1
DA:20,0
DA:22,0
DA:24,0
DA:25,0
DA:27,0
DA:28,0
DA:29,0
DA:30,0
DA:31,0
DA:32,0
DA:34,0
DA:36,0
DA:38,0
DA:39,0
DA:40,0
DA:41,0
DA:43,0
DA:44,0
DA:46,0
DA:47,0
DA:49,0
DA:50,0
DA:51,0
DA:53,0
DA:54,0
DA:55,0
DA:56,0
DA:57,0
DA:59,0
DA:60,0
DA:61,0
DA:62,0
DA:63,0
DA:66,0
DA:67,0
DA:68,0
DA:69,0
DA:70,0
DA:72,0
DA:74,0
DA:75,0
DA:76,0
DA:77,0
DA:79,0
DA:80,0
DA:82,0
DA:83,0
DA:85,0
DA:86,0
DA:88,0
DA:89,0
DA:90,0
DA:91,0
DA:92,0
DA:93,0
DA:94,0
DA:95,0
DA:96,0
DA:97,0
DA:99,0
DA:100,0
DA:101,0
DA:103,0
DA:104,0
DA:105,0
DA:106,0
DA:107,0
DA:110,0
DA:111,0
DA:112,0
DA:113,0
end_of_record
SF:/usr/include/c++/9/bits/stl_iterator_base_funcs.h
FN:98,_ZSt10__distanceIPKcENSt15iterator_traitsIT_E15difference_typeES3_S3_St26random_access_iterator_tag
FNDA:0,_ZSt10__distanceIPKcENSt15iterator_traitsIT_E15difference_typeES3_S3_St26random_access_iterator_tag
FN:138,_ZSt8distanceIPKcENSt15iterator_traitsIT_E15difference_typeES3_S3_
FNDA:0,_ZSt8distanceIPKcENSt15iterator_traitsIT_E15difference_typeES3_S3_
DA:98,0
DA:104,0
DA:138,0
DA:141,0
DA:142,0
end_of_record
SF:/usr/include/c++/9/bits/stl_function.h
FN:385,_ZNKSt4lessIiEclERKiS2_
FNDA:0,_ZNKSt4lessIiEclERKiS2_
FN:433,_ZNKSt4lessIPKcEclES1_S1_
FNDA:0,_ZNKSt4lessIPKcEclES1_S1_
FN:433,_ZNKSt4lessIPKN5boost6system14error_categoryEEclES4_S4_
FNDA:0,_ZNKSt4lessIPKN5boost6system14error_categoryEEclES4_S4_
FN:1151,_ZNKSt10_Select1stISt4pairIKPKN5boost6system14error_categoryESt10unique_ptrINS2_6detail12std_categoryESt14default_deleteIS9_EEEEclERSD_
FNDA:0,_ZNKSt10_Select1stISt4pairIKPKN5boost6system14error_categoryESt10unique_ptrINS2_6detail12std_categoryESt14default_deleteIS9_EEEEclERSD_
FN:1155,_ZNKSt10_Select1stISt4pairIKPKN5boost6system14error_categoryESt10unique_ptrINS2_6detail12std_categoryESt14default_deleteIS9_EEEEclERKSD_
FNDA:0,_ZNKSt10_Select1stISt4pairIKPKN5boost6system14error_categoryESt10unique_ptrINS2_6detail12std_categoryESt14default_deleteIS9_EEEEclERKSD_
FN:1155,_ZNKSt10_Select1stISt4pairIKiiEEclERKS2_
FNDA:0,_ZNKSt10_Select1stISt4pairIKiiEEclERKS2_
DA:385,0
DA:386,0
DA:433,0
DA:443,0
DA:433,0
DA:443,0
DA:1151,0
DA:1152,0
DA:1155,0
DA:1156,0
DA:1155,0
DA:1156,0
end_of_record
SF:/usr/include/c++/9/iostream
end_of_record
