TN:
SF:/usr/include/c++/11/bits/cpp_type_traits.h
FN:560,_ZSt12__miter_baseIPKcET_S2_
FNDA:0,_ZSt12__miter_baseIPKcET_S2_
DA:560,0
DA:561,0
end_of_record
SF:/usr/include/c++/11/type_traits
FN:3418,_ZSt21is_constant_evaluatedv
FNDA:0,_ZSt21is_constant_evaluatedv
DA:3418,0
DA:3419,0
end_of_record
SF:/usr/include/c++/11/bits/allocator.h
FN:156,_ZNSaI14waitable_eventEC2Ev
FNDA:3,_ZNSaI14waitable_eventEC2Ev
FN:156,_ZNSaI9aspthreadEC2Ev
FNDA:1,_ZNSaI9aspthreadEC2Ev
FN:156,_ZNSaI10corethreadEC2Ev
FNDA:1,_ZNSaI10corethreadEC2Ev
FN:156,_ZNSaI6vpgnixEC2Ev
FNDA:1,_ZNSaI6vpgnixEC2Ev
FN:159,_ZNSaI10corethreadEC2ERKS0_
FNDA:3,_ZNSaI10corethreadEC2ERKS0_
FN:159,_ZNSaI9aspthreadEC2ERKS0_
FNDA:3,_ZNSaI9aspthreadEC2ERKS0_
FN:159,_ZNSaI14waitable_eventEC2ERKS0_
FNDA:9,_ZNSaI14waitable_eventEC2ERKS0_
FN:159,_ZNSaI6vpgnixEC2ERKS0_
FNDA:3,_ZNSaI6vpgnixEC2ERKS0_
FN:169,_ZNSaISt23_Sp_counted_ptr_inplaceI9aspthreadSaIS0_ELN9__gnu_cxx12_Lock_policyE2EEEC2IS0_EERKSaIT_E
FNDA:2,_ZNSaISt23_Sp_counted_ptr_inplaceI9aspthreadSaIS0_ELN9__gnu_cxx12_Lock_policyE2EEEC2IS0_EERKSaIT_E
FN:169,_ZNSaISt23_Sp_counted_ptr_inplaceI14waitable_eventSaIS0_ELN9__gnu_cxx12_Lock_policyE2EEEC2IS0_EERKSaIT_E
FNDA:6,_ZNSaISt23_Sp_counted_ptr_inplaceI14waitable_eventSaIS0_ELN9__gnu_cxx12_Lock_policyE2EEEC2IS0_EERKSaIT_E
FN:169,_ZNSaISt23_Sp_counted_ptr_inplaceI10corethreadSaIS0_ELN9__gnu_cxx12_Lock_policyE2EEEC2IS0_EERKSaIT_E
FNDA:2,_ZNSaISt23_Sp_counted_ptr_inplaceI10corethreadSaIS0_ELN9__gnu_cxx12_Lock_policyE2EEEC2IS0_EERKSaIT_E
FN:169,_ZNSaISt23_Sp_counted_ptr_inplaceI6vpgnixSaIS0_ELN9__gnu_cxx12_Lock_policyE2EEEC2IS0_EERKSaIT_E
FNDA:2,_ZNSaISt23_Sp_counted_ptr_inplaceI6vpgnixSaIS0_ELN9__gnu_cxx12_Lock_policyE2EEEC2IS0_EERKSaIT_E
FN:174,_ZNSaI6vpgnixED2Ev
FNDA:4,_ZNSaI6vpgnixED2Ev
FN:174,_ZNSaISt23_Sp_counted_ptr_inplaceI14waitable_eventSaIS0_ELN9__gnu_cxx12_Lock_policyE2EEED2Ev
FNDA:6,_ZNSaISt23_Sp_counted_ptr_inplaceI14waitable_eventSaIS0_ELN9__gnu_cxx12_Lock_policyE2EEED2Ev
FN:174,_ZNSaI10corethreadED2Ev
FNDA:4,_ZNSaI10corethreadED2Ev
FN:174,_ZNSaISt23_Sp_counted_ptr_inplaceI9aspthreadSaIS0_ELN9__gnu_cxx12_Lock_policyE2EEED2Ev
FNDA:2,_ZNSaISt23_Sp_counted_ptr_inplaceI9aspthreadSaIS0_ELN9__gnu_cxx12_Lock_policyE2EEED2Ev
FN:174,_ZNSaI9aspthreadED2Ev
FNDA:4,_ZNSaI9aspthreadED2Ev
FN:174,_ZNSaISt23_Sp_counted_ptr_inplaceI10corethreadSaIS0_ELN9__gnu_cxx12_Lock_policyE2EEED2Ev
FNDA:2,_ZNSaISt23_Sp_counted_ptr_inplaceI10corethreadSaIS0_ELN9__gnu_cxx12_Lock_policyE2EEED2Ev
FN:174,_ZNSaI14waitable_eventED2Ev
FNDA:12,_ZNSaI14waitable_eventED2Ev
FN:174,_ZNSaISt23_Sp_counted_ptr_inplaceI6vpgnixSaIS0_ELN9__gnu_cxx12_Lock_policyE2EEED2Ev
FNDA:2,_ZNSaISt23_Sp_counted_ptr_inplaceI6vpgnixSaIS0_ELN9__gnu_cxx12_Lock_policyE2EEED2Ev
DA:156,1
DA:156,1
DA:156,1
DA:156,3
DA:159,3
DA:160,3
DA:159,3
DA:160,3
DA:159,3
DA:160,3
DA:159,9
DA:160,9
DA:169,2
DA:169,2
DA:169,2
DA:169,6
DA:174,2
DA:174,2
DA:174,2
DA:174,6
DA:174,4
DA:174,4
DA:174,4
DA:174,12
DA:182,6
DA:183,0
DA:185,6
DA:193,6
DA:195,0
DA:196,0
DA:199,6
end_of_record
SF:/home/yackey/projects/waitables/vpgnixApp/include/IRunnableApp.h
FN:7,_ZN12IRunnableAppD0Ev
FNDA:0,_ZN12IRunnableAppD0Ev
FN:7,_ZN12IRunnableAppD2Ev
FNDA:1,_ZN12IRunnableAppD2Ev
DA:7,0
DA:7,1
end_of_record
SF:/home/yackey/projects/waitables/vpgnixApp/include/vpgnixApp.h
FN:15,_ZN9vpgnixAppD0Ev
FNDA:1,_ZN9vpgnixAppD0Ev
FN:15,_ZN9vpgnixAppD2Ev
FNDA:1,_ZN9vpgnixAppD2Ev
DA:15,1
DA:15,1
end_of_record
SF:/home/yackey/projects/waitables/vpgnixApp/src/vpgnixApp.cpp
FN:14,_ZN9vpgnixAppC2ESt10shared_ptrI7ILoggerE
FNDA:1,_ZN9vpgnixAppC2ESt10shared_ptrI7ILoggerE
FN:44,_ZN9vpgnixApp5startEv
FNDA:0,_ZN9vpgnixApp5startEv
FN:49,_ZN9vpgnixApp4stopEv
FNDA:0,_ZN9vpgnixApp4stopEv
DA:14,1
DA:19,1
DA:21,1
DA:22,1
DA:24,1
DA:25,1
DA:27,1
DA:28,1
DA:30,1
DA:31,1
DA:33,1
DA:34,1
DA:35,1
DA:36,1
DA:38,1
DA:39,1
DA:40,1
DA:41,1
DA:42,1
DA:44,0
DA:45,0
DA:46,0
DA:47,0
DA:49,0
DA:50,0
DA:51,0
DA:52,0
end_of_record
SF:/usr/include/c++/11/bits/char_traits.h
FN:106,_ZN9__gnu_cxx11char_traitsIcE2eqERKcS3_
FNDA:0,_ZN9__gnu_cxx11char_traitsIcE2eqERKcS3_
FN:167,_ZN9__gnu_cxx11char_traitsIcE6lengthEPKc
FNDA:0,_ZN9__gnu_cxx11char_traitsIcE6lengthEPKc
FN:240,_ZN9__gnu_cxx11char_traitsIcE4copyEPcPKcm
FNDA:0,_ZN9__gnu_cxx11char_traitsIcE4copyEPcPKcm
FN:356,_ZNSt11char_traitsIcE6assignERcRKc
FNDA:0,_ZNSt11char_traitsIcE6assignERcRKc
FN:393,_ZNSt11char_traitsIcE6lengthEPKc
FNDA:0,_ZNSt11char_traitsIcE6lengthEPKc
FN:429,_ZNSt11char_traitsIcE4copyEPcPKcm
FNDA:0,_ZNSt11char_traitsIcE4copyEPcPKcm
DA:106,0
DA:107,0
DA:167,0
DA:170,0
DA:171,0
DA:172,0
DA:173,0
DA:240,0
DA:244,0
DA:245,0
DA:290,0
DA:356,0
DA:357,0
DA:393,0
DA:396,0
DA:397,0
DA:399,0
DA:429,0
DA:431,0
DA:432,0
DA:434,0
DA:435,0
DA:437,0
end_of_record
SF:/home/yackey/projects/waitables/include/waitable/waitable_event.h
FN:7,_ZN14waitable_eventC2Ev
FNDA:3,_ZN14waitable_eventC2Ev
DA:7,3
end_of_record
SF:/usr/include/c++/11/typeinfo
FN:120,_ZNKSt9type_infoeqERKS_
FNDA:0,_ZNKSt9type_infoeqERKS_
DA:120,0
DA:122,0
DA:123,0
DA:124,0
end_of_record
SF:/usr/include/c++/11/bits/basic_string.h
FN:164,_ZNSt7__cxx1112basic_stringIcSt11char_traitsIcESaIcEE12_Alloc_hiderC2EPcRKS3_
FNDA:0,_ZNSt7__cxx1112basic_stringIcSt11char_traitsIcESaIcEE12_Alloc_hiderC2EPcRKS3_
FN:186,_ZNSt7__cxx1112basic_stringIcSt11char_traitsIcESaIcEE7_M_dataEPc
FNDA:0,_ZNSt7__cxx1112basic_stringIcSt11char_traitsIcESaIcEE7_M_dataEPc
FN:190,_ZNSt7__cxx1112basic_stringIcSt11char_traitsIcESaIcEE9_M_lengthEm
FNDA:0,_ZNSt7__cxx1112basic_stringIcSt11char_traitsIcESaIcEE9_M_lengthEm
FN:194,_ZNKSt7__cxx1112basic_stringIcSt11char_traitsIcESaIcEE7_M_dataEv
FNDA:0,_ZNKSt7__cxx1112basic_stringIcSt11char_traitsIcESaIcEE7_M_dataEv
FN:198,_ZNSt7__cxx1112basic_stringIcSt11char_traitsIcESaIcEE13_M_local_dataEv
FNDA:0,_ZNSt7__cxx1112basic_stringIcSt11char_traitsIcESaIcEE13_M_local_dataEv
FN:208,_ZNKSt7__cxx1112basic_stringIcSt11char_traitsIcESaIcEE13_M_local_dataEv
FNDA:0,_ZNKSt7__cxx1112basic_stringIcSt11char_traitsIcESaIcEE13_M_local_dataEv
FN:218,_ZNSt7__cxx1112basic_stringIcSt11char_traitsIcESaIcEE11_M_capacityEm
FNDA:0,_ZNSt7__cxx1112basic_stringIcSt11char_traitsIcESaIcEE11_M_capacityEm
FN:222,_ZNSt7__cxx1112basic_stringIcSt11char_traitsIcESaIcEE13_M_set_lengthEm
FNDA:0,_ZNSt7__cxx1112basic_stringIcSt11char_traitsIcESaIcEE13_M_set_lengthEm
FN:229,_ZNKSt7__cxx1112basic_stringIcSt11char_traitsIcESaIcEE11_M_is_localEv
FNDA:0,_ZNKSt7__cxx1112basic_stringIcSt11char_traitsIcESaIcEE11_M_is_localEv
FN:237,_ZNSt7__cxx1112basic_stringIcSt11char_traitsIcESaIcEE10_M_disposeEv
FNDA:0,_ZNSt7__cxx1112basic_stringIcSt11char_traitsIcESaIcEE10_M_disposeEv
FN:244,_ZNSt7__cxx1112basic_stringIcSt11char_traitsIcESaIcEE10_M_destroyEm
FNDA:0,_ZNSt7__cxx1112basic_stringIcSt11char_traitsIcESaIcEE10_M_destroyEm
FN:294,_ZNSt7__cxx1112basic_stringIcSt11char_traitsIcESaIcEE16_M_get_allocatorEv
FNDA:0,_ZNSt7__cxx1112basic_stringIcSt11char_traitsIcESaIcEE16_M_get_allocatorEv
FN:298,_ZNKSt7__cxx1112basic_stringIcSt11char_traitsIcESaIcEE16_M_get_allocatorEv
FNDA:0,_ZNKSt7__cxx1112basic_stringIcSt11char_traitsIcESaIcEE16_M_get_allocatorEv
FN:354,_ZNSt7__cxx1112basic_stringIcSt11char_traitsIcESaIcEE7_S_copyEPcPKcm
FNDA:0,_ZNSt7__cxx1112basic_stringIcSt11char_traitsIcESaIcEE7_S_copyEPcPKcm
FN:404,_ZNSt7__cxx1112basic_stringIcSt11char_traitsIcESaIcEE13_S_copy_charsEPcPKcS7_
FNDA:0,_ZNSt7__cxx1112basic_stringIcSt11char_traitsIcESaIcEE13_S_copy_charsEPcPKcS7_
FN:533,_ZNSt7__cxx1112basic_stringIcSt11char_traitsIcESaIcEEC2IS3_EEPKcRKS3_
FNDA:0,_ZNSt7__cxx1112basic_stringIcSt11char_traitsIcESaIcEEC2IS3_EEPKcRKS3_
FN:671,_ZNSt7__cxx1112basic_stringIcSt11char_traitsIcESaIcEED2Ev
FNDA:0,_ZNSt7__cxx1112basic_stringIcSt11char_traitsIcESaIcEED2Ev
FN:931,_ZNKSt7__cxx1112basic_stringIcSt11char_traitsIcESaIcEE8max_sizeEv
FNDA:0,_ZNKSt7__cxx1112basic_stringIcSt11char_traitsIcESaIcEE8max_sizeEv
DA:164,0
DA:165,0
DA:186,0
DA:187,0
DA:190,0
DA:191,0
DA:194,0
DA:195,0
DA:198,0
DA:201,0
DA:208,0
DA:211,0
DA:218,0
DA:219,0
DA:222,0
DA:224,0
DA:225,0
DA:226,0
DA:229,0
DA:230,0
DA:237,0
DA:239,0
DA:240,0
DA:241,0
DA:244,0
DA:245,0
DA:294,0
DA:295,0
DA:298,0
DA:299,0
DA:354,0
DA:356,0
DA:357,0
DA:359,0
DA:360,0
DA:404,0
DA:406,0
DA:533,0
DA:534,0
DA:536,0
DA:539,0
DA:540,0
DA:671,0
DA:672,0
DA:931,0
DA:932,0
end_of_record
SF:/usr/include/c++/11/bits/ptr_traits.h
FN:149,_ZNSt14pointer_traitsIPKcE10pointer_toERS0_
FNDA:0,_ZNSt14pointer_traitsIPKcE10pointer_toERS0_
FN:149,_ZNSt14pointer_traitsIPcE10pointer_toERc
FNDA:0,_ZNSt14pointer_traitsIPcE10pointer_toERc
FN:159,_ZSt12__to_addressISt23_Sp_counted_ptr_inplaceI6vpgnixSaIS1_ELN9__gnu_cxx12_Lock_policyE2EEEPT_S7_
FNDA:1,_ZSt12__to_addressISt23_Sp_counted_ptr_inplaceI6vpgnixSaIS1_ELN9__gnu_cxx12_Lock_policyE2EEEPT_S7_
FN:159,_ZSt12__to_addressISt23_Sp_counted_ptr_inplaceI10corethreadSaIS1_ELN9__gnu_cxx12_Lock_policyE2EEEPT_S7_
FNDA:1,_ZSt12__to_addressISt23_Sp_counted_ptr_inplaceI10corethreadSaIS1_ELN9__gnu_cxx12_Lock_policyE2EEEPT_S7_
FN:159,_ZSt12__to_addressISt23_Sp_counted_ptr_inplaceI9aspthreadSaIS1_ELN9__gnu_cxx12_Lock_policyE2EEEPT_S7_
FNDA:1,_ZSt12__to_addressISt23_Sp_counted_ptr_inplaceI9aspthreadSaIS1_ELN9__gnu_cxx12_Lock_policyE2EEEPT_S7_
FN:159,_ZSt12__to_addressISt23_Sp_counted_ptr_inplaceI14waitable_eventSaIS1_ELN9__gnu_cxx12_Lock_policyE2EEEPT_S7_
FNDA:3,_ZSt12__to_addressISt23_Sp_counted_ptr_inplaceI14waitable_eventSaIS1_ELN9__gnu_cxx12_Lock_policyE2EEEPT_S7_
DA:149,0
DA:150,0
DA:149,0
DA:150,0
DA:159,1
DA:162,1
DA:159,1
DA:162,1
DA:159,1
DA:162,1
DA:159,3
DA:162,3
end_of_record
SF:/usr/include/c++/11/bits/shared_ptr_base.h
FN:126,_ZNSt16_Sp_counted_baseILN9__gnu_cxx12_Lock_policyE2EEC2Ev
FNDA:0,_ZNSt16_Sp_counted_baseILN9__gnu_cxx12_Lock_policyE2EEC2Ev
FN:130,_ZNSt16_Sp_counted_baseILN9__gnu_cxx12_Lock_policyE2EED2Ev
FNDA:0,_ZNSt16_Sp_counted_baseILN9__gnu_cxx12_Lock_policyE2EED2Ev
FN:130,_ZNSt16_Sp_counted_baseILN9__gnu_cxx12_Lock_policyE2EED0Ev
FNDA:0,_ZNSt16_Sp_counted_baseILN9__gnu_cxx12_Lock_policyE2EED0Ev
FN:140,_ZNSt16_Sp_counted_baseILN9__gnu_cxx12_Lock_policyE2EE10_M_destroyEv
FNDA:0,_ZNSt16_Sp_counted_baseILN9__gnu_cxx12_Lock_policyE2EE10_M_destroyEv
FN:147,_ZNSt16_Sp_counted_baseILN9__gnu_cxx12_Lock_policyE2EE15_M_add_ref_copyEv
FNDA:0,_ZNSt16_Sp_counted_baseILN9__gnu_cxx12_Lock_policyE2EE15_M_add_ref_copyEv
FN:161,_ZNSt16_Sp_counted_baseILN9__gnu_cxx12_Lock_policyE2EE10_M_releaseEv
FNDA:0,_ZNSt16_Sp_counted_baseILN9__gnu_cxx12_Lock_policyE2EE10_M_releaseEv
FN:385,_ZNSt14_Sp_ebo_helperILi0ESaI14waitable_eventELb1EEC2ERKS1_
FNDA:3,_ZNSt14_Sp_ebo_helperILi0ESaI14waitable_eventELb1EEC2ERKS1_
FN:385,_ZNSt14_Sp_ebo_helperILi0ESaI9aspthreadELb1EEC2ERKS1_
FNDA:1,_ZNSt14_Sp_ebo_helperILi0ESaI9aspthreadELb1EEC2ERKS1_
FN:385,_ZNSt14_Sp_ebo_helperILi0ESaI10corethreadELb1EEC2ERKS1_
FNDA:1,_ZNSt14_Sp_ebo_helperILi0ESaI10corethreadELb1EEC2ERKS1_
FN:385,_ZNSt14_Sp_ebo_helperILi0ESaI6vpgnixELb1EEC2ERKS1_
FNDA:1,_ZNSt14_Sp_ebo_helperILi0ESaI6vpgnixELb1EEC2ERKS1_
FN:389,_ZNSt14_Sp_ebo_helperILi0ESaI9aspthreadELb1EE6_S_getERS2_
FNDA:2,_ZNSt14_Sp_ebo_helperILi0ESaI9aspthreadELb1EE6_S_getERS2_
FN:389,_ZNSt14_Sp_ebo_helperILi0ESaI10corethreadELb1EE6_S_getERS2_
FNDA:2,_ZNSt14_Sp_ebo_helperILi0ESaI10corethreadELb1EE6_S_getERS2_
FN:389,_ZNSt14_Sp_ebo_helperILi0ESaI6vpgnixELb1EE6_S_getERS2_
FNDA:2,_ZNSt14_Sp_ebo_helperILi0ESaI6vpgnixELb1EE6_S_getERS2_
FN:389,_ZNSt14_Sp_ebo_helperILi0ESaI14waitable_eventELb1EE6_S_getERS2_
FNDA:6,_ZNSt14_Sp_ebo_helperILi0ESaI14waitable_eventELb1EE6_S_getERS2_
FN:479,_ZNSt19_Sp_make_shared_tag5_S_tiEv
FNDA:0,_ZNSt19_Sp_make_shared_tag5_S_tiEv
FN:502,_ZNSt23_Sp_counted_ptr_inplaceI14waitable_eventSaIS0_ELN9__gnu_cxx12_Lock_policyE2EE5_ImplC2ES1_
FNDA:3,_ZNSt23_Sp_counted_ptr_inplaceI14waitable_eventSaIS0_ELN9__gnu_cxx12_Lock_policyE2EE5_ImplC2ES1_
FN:502,_ZNSt23_Sp_counted_ptr_inplaceI9aspthreadSaIS0_ELN9__gnu_cxx12_Lock_policyE2EE5_ImplC2ES1_
FNDA:1,_ZNSt23_Sp_counted_ptr_inplaceI9aspthreadSaIS0_ELN9__gnu_cxx12_Lock_policyE2EE5_ImplC2ES1_
FN:502,_ZNSt23_Sp_counted_ptr_inplaceI10corethreadSaIS0_ELN9__gnu_cxx12_Lock_policyE2EE5_ImplC2ES1_
FNDA:1,_ZNSt23_Sp_counted_ptr_inplaceI10corethreadSaIS0_ELN9__gnu_cxx12_Lock_policyE2EE5_ImplC2ES1_
FN:502,_ZNSt23_Sp_counted_ptr_inplaceI6vpgnixSaIS0_ELN9__gnu_cxx12_Lock_policyE2EE5_ImplC2ES1_
FNDA:1,_ZNSt23_Sp_counted_ptr_inplaceI6vpgnixSaIS0_ELN9__gnu_cxx12_Lock_policyE2EE5_ImplC2ES1_
FN:504,_ZNSt23_Sp_counted_ptr_inplaceI14waitable_eventSaIS0_ELN9__gnu_cxx12_Lock_policyE2EE5_Impl8_M_allocEv
FNDA:6,_ZNSt23_Sp_counted_ptr_inplaceI14waitable_eventSaIS0_ELN9__gnu_cxx12_Lock_policyE2EE5_Impl8_M_allocEv
FN:504,_ZNSt23_Sp_counted_ptr_inplaceI9aspthreadSaIS0_ELN9__gnu_cxx12_Lock_policyE2EE5_Impl8_M_allocEv
FNDA:2,_ZNSt23_Sp_counted_ptr_inplaceI9aspthreadSaIS0_ELN9__gnu_cxx12_Lock_policyE2EE5_Impl8_M_allocEv
FN:504,_ZNSt23_Sp_counted_ptr_inplaceI10corethreadSaIS0_ELN9__gnu_cxx12_Lock_policyE2EE5_Impl8_M_allocEv
FNDA:2,_ZNSt23_Sp_counted_ptr_inplaceI10corethreadSaIS0_ELN9__gnu_cxx12_Lock_policyE2EE5_Impl8_M_allocEv
FN:504,_ZNSt23_Sp_counted_ptr_inplaceI6vpgnixSaIS0_ELN9__gnu_cxx12_Lock_policyE2EE5_Impl8_M_allocEv
FNDA:2,_ZNSt23_Sp_counted_ptr_inplaceI6vpgnixSaIS0_ELN9__gnu_cxx12_Lock_policyE2EE5_Impl8_M_allocEv
FN:514,_ZNSt23_Sp_counted_ptr_inplaceI14waitable_eventSaIS0_ELN9__gnu_cxx12_Lock_policyE2EEC2IJEEES1_DpOT_
FNDA:3,_ZNSt23_Sp_counted_ptr_inplaceI14waitable_eventSaIS0_ELN9__gnu_cxx12_Lock_policyE2EEC2IJEEES1_DpOT_
FN:514,_ZNSt23_Sp_counted_ptr_inplaceI9aspthreadSaIS0_ELN9__gnu_cxx12_Lock_policyE2EEC2IJRSt10shared_ptrI14waitable_eventERS6_I7ILoggerEEEES1_DpOT_
FNDA:1,_ZNSt23_Sp_counted_ptr_inplaceI9aspthreadSaIS0_ELN9__gnu_cxx12_Lock_policyE2EEC2IJRSt10shared_ptrI14waitable_eventERS6_I7ILoggerEEEES1_DpOT_
FN:514,_ZNSt23_Sp_counted_ptr_inplaceI10corethreadSaIS0_ELN9__gnu_cxx12_Lock_policyE2EEC2IJRSt10shared_ptrI14waitable_eventERS6_I9aspthreadES9_RS6_I7ILoggerEEEES1_DpOT_
FNDA:1,_ZNSt23_Sp_counted_ptr_inplaceI10corethreadSaIS0_ELN9__gnu_cxx12_Lock_policyE2EEC2IJRSt10shared_ptrI14waitable_eventERS6_I9aspthreadES9_RS6_I7ILoggerEEEES1_DpOT_
FN:514,_ZNSt23_Sp_counted_ptr_inplaceI6vpgnixSaIS0_ELN9__gnu_cxx12_Lock_policyE2EEC2IJRSt10shared_ptrI14waitable_eventERS6_I10corethreadES9_RS6_I7ILoggerEEEES1_DpOT_
FNDA:1,_ZNSt23_Sp_counted_ptr_inplaceI6vpgnixSaIS0_ELN9__gnu_cxx12_Lock_policyE2EEC2IJRSt10shared_ptrI14waitable_eventERS6_I10corethreadES9_RS6_I7ILoggerEEEES1_DpOT_
FN:523,_ZNSt23_Sp_counted_ptr_inplaceI9aspthreadSaIS0_ELN9__gnu_cxx12_Lock_policyE2EED0Ev
FNDA:0,_ZNSt23_Sp_counted_ptr_inplaceI9aspthreadSaIS0_ELN9__gnu_cxx12_Lock_policyE2EED0Ev
FN:523,_ZNSt23_Sp_counted_ptr_inplaceI14waitable_eventSaIS0_ELN9__gnu_cxx12_Lock_policyE2EED0Ev
FNDA:0,_ZNSt23_Sp_counted_ptr_inplaceI14waitable_eventSaIS0_ELN9__gnu_cxx12_Lock_policyE2EED0Ev
FN:523,_ZNSt23_Sp_counted_ptr_inplaceI14waitable_eventSaIS0_ELN9__gnu_cxx12_Lock_policyE2EED2Ev
FNDA:3,_ZNSt23_Sp_counted_ptr_inplaceI14waitable_eventSaIS0_ELN9__gnu_cxx12_Lock_policyE2EED2Ev
FN:523,_ZNSt23_Sp_counted_ptr_inplaceI9aspthreadSaIS0_ELN9__gnu_cxx12_Lock_policyE2EED2Ev
FNDA:1,_ZNSt23_Sp_counted_ptr_inplaceI9aspthreadSaIS0_ELN9__gnu_cxx12_Lock_policyE2EED2Ev
FN:523,_ZNSt23_Sp_counted_ptr_inplaceI6vpgnixSaIS0_ELN9__gnu_cxx12_Lock_policyE2EED2Ev
FNDA:1,_ZNSt23_Sp_counted_ptr_inplaceI6vpgnixSaIS0_ELN9__gnu_cxx12_Lock_policyE2EED2Ev
FN:523,_ZNSt23_Sp_counted_ptr_inplaceI6vpgnixSaIS0_ELN9__gnu_cxx12_Lock_policyE2EED0Ev
FNDA:0,_ZNSt23_Sp_counted_ptr_inplaceI6vpgnixSaIS0_ELN9__gnu_cxx12_Lock_policyE2EED0Ev
FN:523,_ZNSt23_Sp_counted_ptr_inplaceI10corethreadSaIS0_ELN9__gnu_cxx12_Lock_policyE2EED0Ev
FNDA:0,_ZNSt23_Sp_counted_ptr_inplaceI10corethreadSaIS0_ELN9__gnu_cxx12_Lock_policyE2EED0Ev
FN:523,_ZNSt23_Sp_counted_ptr_inplaceI10corethreadSaIS0_ELN9__gnu_cxx12_Lock_policyE2EED2Ev
FNDA:1,_ZNSt23_Sp_counted_ptr_inplaceI10corethreadSaIS0_ELN9__gnu_cxx12_Lock_policyE2EED2Ev
FN:526,_ZNSt23_Sp_counted_ptr_inplaceI9aspthreadSaIS0_ELN9__gnu_cxx12_Lock_policyE2EE10_M_disposeEv
FNDA:1,_ZNSt23_Sp_counted_ptr_inplaceI9aspthreadSaIS0_ELN9__gnu_cxx12_Lock_policyE2EE10_M_disposeEv
FN:526,_ZNSt23_Sp_counted_ptr_inplaceI6vpgnixSaIS0_ELN9__gnu_cxx12_Lock_policyE2EE10_M_disposeEv
FNDA:1,_ZNSt23_Sp_counted_ptr_inplaceI6vpgnixSaIS0_ELN9__gnu_cxx12_Lock_policyE2EE10_M_disposeEv
FN:526,_ZNSt23_Sp_counted_ptr_inplaceI14waitable_eventSaIS0_ELN9__gnu_cxx12_Lock_policyE2EE10_M_disposeEv
FNDA:3,_ZNSt23_Sp_counted_ptr_inplaceI14waitable_eventSaIS0_ELN9__gnu_cxx12_Lock_policyE2EE10_M_disposeEv
FN:526,_ZNSt23_Sp_counted_ptr_inplaceI10corethreadSaIS0_ELN9__gnu_cxx12_Lock_policyE2EE10_M_disposeEv
FNDA:1,_ZNSt23_Sp_counted_ptr_inplaceI10corethreadSaIS0_ELN9__gnu_cxx12_Lock_policyE2EE10_M_disposeEv
FN:533,_ZNSt23_Sp_counted_ptr_inplaceI9aspthreadSaIS0_ELN9__gnu_cxx12_Lock_policyE2EE10_M_destroyEv
FNDA:1,_ZNSt23_Sp_counted_ptr_inplaceI9aspthreadSaIS0_ELN9__gnu_cxx12_Lock_policyE2EE10_M_destroyEv
FN:533,_ZNSt23_Sp_counted_ptr_inplaceI10corethreadSaIS0_ELN9__gnu_cxx12_Lock_policyE2EE10_M_destroyEv
FNDA:1,_ZNSt23_Sp_counted_ptr_inplaceI10corethreadSaIS0_ELN9__gnu_cxx12_Lock_policyE2EE10_M_destroyEv
FN:533,_ZNSt23_Sp_counted_ptr_inplaceI6vpgnixSaIS0_ELN9__gnu_cxx12_Lock_policyE2EE10_M_destroyEv
FNDA:1,_ZNSt23_Sp_counted_ptr_inplaceI6vpgnixSaIS0_ELN9__gnu_cxx12_Lock_policyE2EE10_M_destroyEv
FN:533,_ZNSt23_Sp_counted_ptr_inplaceI14waitable_eventSaIS0_ELN9__gnu_cxx12_Lock_policyE2EE10_M_destroyEv
FNDA:3,_ZNSt23_Sp_counted_ptr_inplaceI14waitable_eventSaIS0_ELN9__gnu_cxx12_Lock_policyE2EE10_M_destroyEv
FN:546,_ZNSt23_Sp_counted_ptr_inplaceI9aspthreadSaIS0_ELN9__gnu_cxx12_Lock_policyE2EE14_M_get_deleterERKSt9type_info
FNDA:0,_ZNSt23_Sp_counted_ptr_inplaceI9aspthreadSaIS0_ELN9__gnu_cxx12_Lock_policyE2EE14_M_get_deleterERKSt9type_info
FN:546,_ZNSt23_Sp_counted_ptr_inplaceI10corethreadSaIS0_ELN9__gnu_cxx12_Lock_policyE2EE14_M_get_deleterERKSt9type_info
FNDA:0,_ZNSt23_Sp_counted_ptr_inplaceI10corethreadSaIS0_ELN9__gnu_cxx12_Lock_policyE2EE14_M_get_deleterERKSt9type_info
FN:546,_ZNSt23_Sp_counted_ptr_inplaceI14waitable_eventSaIS0_ELN9__gnu_cxx12_Lock_policyE2EE14_M_get_deleterERKSt9type_info
FNDA:0,_ZNSt23_Sp_counted_ptr_inplaceI14waitable_eventSaIS0_ELN9__gnu_cxx12_Lock_policyE2EE14_M_get_deleterERKSt9type_info
FN:546,_ZNSt23_Sp_counted_ptr_inplaceI6vpgnixSaIS0_ELN9__gnu_cxx12_Lock_policyE2EE14_M_get_deleterERKSt9type_info
FNDA:0,_ZNSt23_Sp_counted_ptr_inplaceI6vpgnixSaIS0_ELN9__gnu_cxx12_Lock_policyE2EE14_M_get_deleterERKSt9type_info
FN:565,_ZNSt23_Sp_counted_ptr_inplaceI10corethreadSaIS0_ELN9__gnu_cxx12_Lock_policyE2EE6_M_ptrEv
FNDA:3,_ZNSt23_Sp_counted_ptr_inplaceI10corethreadSaIS0_ELN9__gnu_cxx12_Lock_policyE2EE6_M_ptrEv
FN:565,_ZNSt23_Sp_counted_ptr_inplaceI14waitable_eventSaIS0_ELN9__gnu_cxx12_Lock_policyE2EE6_M_ptrEv
FNDA:9,_ZNSt23_Sp_counted_ptr_inplaceI14waitable_eventSaIS0_ELN9__gnu_cxx12_Lock_policyE2EE6_M_ptrEv
FN:565,_ZNSt23_Sp_counted_ptr_inplaceI9aspthreadSaIS0_ELN9__gnu_cxx12_Lock_policyE2EE6_M_ptrEv
FNDA:3,_ZNSt23_Sp_counted_ptr_inplaceI9aspthreadSaIS0_ELN9__gnu_cxx12_Lock_policyE2EE6_M_ptrEv
FN:565,_ZNSt23_Sp_counted_ptr_inplaceI6vpgnixSaIS0_ELN9__gnu_cxx12_Lock_policyE2EE6_M_ptrEv
FNDA:3,_ZNSt23_Sp_counted_ptr_inplaceI6vpgnixSaIS0_ELN9__gnu_cxx12_Lock_policyE2EE6_M_ptrEv
FN:587,_ZNSt14__shared_countILN9__gnu_cxx12_Lock_policyE2EEC2Ev
FNDA:28,_ZNSt14__shared_countILN9__gnu_cxx12_Lock_policyE2EEC2Ev
FN:643,_ZNSt14__shared_countILN9__gnu_cxx12_Lock_policyE2EEC2I6vpgnixSaIS4_EJRSt10shared_ptrI14waitable_eventERS6_I10corethreadES9_RS6_I7ILoggerEEEERPT_St20_Sp_alloc_shared_tagIT0_EDpOT1_
FNDA:1,_ZNSt14__shared_countILN9__gnu_cxx12_Lock_policyE2EEC2I6vpgnixSaIS4_EJRSt10shared_ptrI14waitable_eventERS6_I10corethreadES9_RS6_I7ILoggerEEEERPT_St20_Sp_alloc_shared_tagIT0_EDpOT1_
FN:643,_ZNSt14__shared_countILN9__gnu_cxx12_Lock_policyE2EEC2I10corethreadSaIS4_EJRSt10shared_ptrI14waitable_eventERS6_I9aspthreadES9_RS6_I7ILoggerEEEERPT_St20_Sp_alloc_shared_tagIT0_EDpOT1_
FNDA:1,_ZNSt14__shared_countILN9__gnu_cxx12_Lock_policyE2EEC2I10corethreadSaIS4_EJRSt10shared_ptrI14waitable_eventERS6_I9aspthreadES9_RS6_I7ILoggerEEEERPT_St20_Sp_alloc_shared_tagIT0_EDpOT1_
FN:643,_ZNSt14__shared_countILN9__gnu_cxx12_Lock_policyE2EEC2I9aspthreadSaIS4_EJRSt10shared_ptrI14waitable_eventERS6_I7ILoggerEEEERPT_St20_Sp_alloc_shared_tagIT0_EDpOT1_
FNDA:1,_ZNSt14__shared_countILN9__gnu_cxx12_Lock_policyE2EEC2I9aspthreadSaIS4_EJRSt10shared_ptrI14waitable_eventERS6_I7ILoggerEEEERPT_St20_Sp_alloc_shared_tagIT0_EDpOT1_
FN:643,_ZNSt14__shared_countILN9__gnu_cxx12_Lock_policyE2EEC2I14waitable_eventSaIS4_EJEEERPT_St20_Sp_alloc_shared_tagIT0_EDpOT1_
FNDA:3,_ZNSt14__shared_countILN9__gnu_cxx12_Lock_policyE2EEC2I14waitable_eventSaIS4_EJEEERPT_St20_Sp_alloc_shared_tagIT0_EDpOT1_
FN:702,_ZNSt14__shared_countILN9__gnu_cxx12_Lock_policyE2EED2Ev
FNDA:0,_ZNSt14__shared_countILN9__gnu_cxx12_Lock_policyE2EED2Ev
FN:708,_ZNSt14__shared_countILN9__gnu_cxx12_Lock_policyE2EEC2ERKS2_
FNDA:0,_ZNSt14__shared_countILN9__gnu_cxx12_Lock_policyE2EEC2ERKS2_
FN:716,_ZNSt14__shared_countILN9__gnu_cxx12_Lock_policyE2EEaSERKS2_
FNDA:11,_ZNSt14__shared_countILN9__gnu_cxx12_Lock_policyE2EEaSERKS2_
FN:731,_ZNSt14__shared_countILN9__gnu_cxx12_Lock_policyE2EE7_M_swapERS2_
FNDA:12,_ZNSt14__shared_countILN9__gnu_cxx12_Lock_policyE2EE7_M_swapERS2_
FN:984,_ZNKSt19__shared_ptr_accessI14waitable_eventLN9__gnu_cxx12_Lock_policyE2ELb0ELb0EEptEv
FNDA:3,_ZNKSt19__shared_ptr_accessI14waitable_eventLN9__gnu_cxx12_Lock_policyE2ELb0ELb0EEptEv
FN:984,_ZNKSt19__shared_ptr_accessI7ILoggerLN9__gnu_cxx12_Lock_policyE2ELb0ELb0EEptEv
FNDA:0,_ZNKSt19__shared_ptr_accessI7ILoggerLN9__gnu_cxx12_Lock_policyE2ELb0ELb0EEptEv
FN:984,_ZNKSt19__shared_ptr_accessI6vpgnixLN9__gnu_cxx12_Lock_policyE2ELb0ELb0EEptEv
FNDA:0,_ZNKSt19__shared_ptr_accessI6vpgnixLN9__gnu_cxx12_Lock_policyE2ELb0ELb0EEptEv
FN:992,_ZNKSt19__shared_ptr_accessI6vpgnixLN9__gnu_cxx12_Lock_policyE2ELb0ELb0EE6_M_getEv
FNDA:0,_ZNKSt19__shared_ptr_accessI6vpgnixLN9__gnu_cxx12_Lock_policyE2ELb0ELb0EE6_M_getEv
FN:992,_ZNKSt19__shared_ptr_accessI7ILoggerLN9__gnu_cxx12_Lock_policyE2ELb0ELb0EE6_M_getEv
FNDA:0,_ZNKSt19__shared_ptr_accessI7ILoggerLN9__gnu_cxx12_Lock_policyE2ELb0ELb0EE6_M_getEv
FN:992,_ZNKSt19__shared_ptr_accessI14waitable_eventLN9__gnu_cxx12_Lock_policyE2ELb0ELb0EE6_M_getEv
FNDA:3,_ZNKSt19__shared_ptr_accessI14waitable_eventLN9__gnu_cxx12_Lock_policyE2ELb0ELb0EE6_M_getEv
FN:1092,_ZNSt12__shared_ptrI6vpgnixLN9__gnu_cxx12_Lock_policyE2EEC2Ev
FNDA:1,_ZNSt12__shared_ptrI6vpgnixLN9__gnu_cxx12_Lock_policyE2EEC2Ev
FN:1092,_ZNSt12__shared_ptrI7ILoggerLN9__gnu_cxx12_Lock_policyE2EEC2Ev
FNDA:4,_ZNSt12__shared_ptrI7ILoggerLN9__gnu_cxx12_Lock_policyE2EEC2Ev
FN:1092,_ZNSt12__shared_ptrI9aspthreadLN9__gnu_cxx12_Lock_policyE2EEC2Ev
FNDA:2,_ZNSt12__shared_ptrI9aspthreadLN9__gnu_cxx12_Lock_policyE2EEC2Ev
FN:1092,_ZNSt12__shared_ptrI10corethreadLN9__gnu_cxx12_Lock_policyE2EEC2Ev
FNDA:2,_ZNSt12__shared_ptrI10corethreadLN9__gnu_cxx12_Lock_policyE2EEC2Ev
FN:1092,_ZNSt12__shared_ptrI14waitable_eventLN9__gnu_cxx12_Lock_policyE2EEC2Ev
FNDA:8,_ZNSt12__shared_ptrI14waitable_eventLN9__gnu_cxx12_Lock_policyE2EEC2Ev
FN:1152,_ZNSt12__shared_ptrI9aspthreadLN9__gnu_cxx12_Lock_policyE2EEC2ERKS3_
FNDA:1,_ZNSt12__shared_ptrI9aspthreadLN9__gnu_cxx12_Lock_policyE2EEC2ERKS3_
FN:1152,_ZNSt12__shared_ptrI10corethreadLN9__gnu_cxx12_Lock_policyE2EEC2ERKS3_
FNDA:1,_ZNSt12__shared_ptrI10corethreadLN9__gnu_cxx12_Lock_policyE2EEC2ERKS3_
FN:1152,_ZNSt12__shared_ptrI14waitable_eventLN9__gnu_cxx12_Lock_policyE2EEC2ERKS3_
FNDA:5,_ZNSt12__shared_ptrI14waitable_eventLN9__gnu_cxx12_Lock_policyE2EEC2ERKS3_
FN:1152,_ZNSt12__shared_ptrI7ILoggerLN9__gnu_cxx12_Lock_policyE2EEC2ERKS3_
FNDA:0,_ZNSt12__shared_ptrI7ILoggerLN9__gnu_cxx12_Lock_policyE2EEC2ERKS3_
FN:1153,_ZNSt12__shared_ptrI7ILoggerLN9__gnu_cxx12_Lock_policyE2EEaSERKS3_
FNDA:4,_ZNSt12__shared_ptrI7ILoggerLN9__gnu_cxx12_Lock_policyE2EEaSERKS3_
FN:1154,_ZNSt12__shared_ptrI7ILoggerLN9__gnu_cxx12_Lock_policyE2EED2Ev
FNDA:0,_ZNSt12__shared_ptrI7ILoggerLN9__gnu_cxx12_Lock_policyE2EED2Ev
FN:1154,_ZNSt12__shared_ptrI14waitable_eventLN9__gnu_cxx12_Lock_policyE2EED2Ev
FNDA:19,_ZNSt12__shared_ptrI14waitable_eventLN9__gnu_cxx12_Lock_policyE2EED2Ev
FN:1154,_ZNSt12__shared_ptrI6vpgnixLN9__gnu_cxx12_Lock_policyE2EED2Ev
FNDA:3,_ZNSt12__shared_ptrI6vpgnixLN9__gnu_cxx12_Lock_policyE2EED2Ev
FN:1154,_ZNSt12__shared_ptrI10corethreadLN9__gnu_cxx12_Lock_policyE2EED2Ev
FNDA:5,_ZNSt12__shared_ptrI10corethreadLN9__gnu_cxx12_Lock_policyE2EED2Ev
FN:1154,_ZNSt12__shared_ptrI9aspthreadLN9__gnu_cxx12_Lock_policyE2EED2Ev
FNDA:5,_ZNSt12__shared_ptrI9aspthreadLN9__gnu_cxx12_Lock_policyE2EED2Ev
FN:1161,_ZNSt12__shared_ptrI14waitable_eventLN9__gnu_cxx12_Lock_policyE2EEC2EOS3_
FNDA:3,_ZNSt12__shared_ptrI14waitable_eventLN9__gnu_cxx12_Lock_policyE2EEC2EOS3_
FN:1161,_ZNSt12__shared_ptrI6vpgnixLN9__gnu_cxx12_Lock_policyE2EEC2EOS3_
FNDA:1,_ZNSt12__shared_ptrI6vpgnixLN9__gnu_cxx12_Lock_policyE2EEC2EOS3_
FN:1161,_ZNSt12__shared_ptrI10corethreadLN9__gnu_cxx12_Lock_policyE2EEC2EOS3_
FNDA:1,_ZNSt12__shared_ptrI10corethreadLN9__gnu_cxx12_Lock_policyE2EEC2EOS3_
FN:1161,_ZNSt12__shared_ptrI9aspthreadLN9__gnu_cxx12_Lock_policyE2EEC2EOS3_
FNDA:1,_ZNSt12__shared_ptrI9aspthreadLN9__gnu_cxx12_Lock_policyE2EEC2EOS3_
FN:1248,_ZNSt12__shared_ptrI14waitable_eventLN9__gnu_cxx12_Lock_policyE2EEaSEOS3_
FNDA:3,_ZNSt12__shared_ptrI14waitable_eventLN9__gnu_cxx12_Lock_policyE2EEaSEOS3_
FN:1248,_ZNSt12__shared_ptrI9aspthreadLN9__gnu_cxx12_Lock_policyE2EEaSEOS3_
FNDA:1,_ZNSt12__shared_ptrI9aspthreadLN9__gnu_cxx12_Lock_policyE2EEaSEOS3_
FN:1248,_ZNSt12__shared_ptrI10corethreadLN9__gnu_cxx12_Lock_policyE2EEaSEOS3_
FNDA:1,_ZNSt12__shared_ptrI10corethreadLN9__gnu_cxx12_Lock_policyE2EEaSEOS3_
FN:1248,_ZNSt12__shared_ptrI6vpgnixLN9__gnu_cxx12_Lock_policyE2EEaSEOS3_
FNDA:1,_ZNSt12__shared_ptrI6vpgnixLN9__gnu_cxx12_Lock_policyE2EEaSEOS3_
FN:1295,_ZNKSt12__shared_ptrI7ILoggerLN9__gnu_cxx12_Lock_policyE2EE3getEv
FNDA:0,_ZNKSt12__shared_ptrI7ILoggerLN9__gnu_cxx12_Lock_policyE2EE3getEv
FN:1295,_ZNKSt12__shared_ptrI6vpgnixLN9__gnu_cxx12_Lock_policyE2EE3getEv
FNDA:0,_ZNKSt12__shared_ptrI6vpgnixLN9__gnu_cxx12_Lock_policyE2EE3getEv
FN:1295,_ZNKSt12__shared_ptrI14waitable_eventLN9__gnu_cxx12_Lock_policyE2EE3getEv
FNDA:3,_ZNKSt12__shared_ptrI14waitable_eventLN9__gnu_cxx12_Lock_policyE2EE3getEv
FN:1314,_ZNSt12__shared_ptrI9aspthreadLN9__gnu_cxx12_Lock_policyE2EE4swapERS3_
FNDA:1,_ZNSt12__shared_ptrI9aspthreadLN9__gnu_cxx12_Lock_policyE2EE4swapERS3_
FN:1314,_ZNSt12__shared_ptrI10corethreadLN9__gnu_cxx12_Lock_policyE2EE4swapERS3_
FNDA:1,_ZNSt12__shared_ptrI10corethreadLN9__gnu_cxx12_Lock_policyE2EE4swapERS3_
FN:1314,_ZNSt12__shared_ptrI6vpgnixLN9__gnu_cxx12_Lock_policyE2EE4swapERS3_
FNDA:1,_ZNSt12__shared_ptrI6vpgnixLN9__gnu_cxx12_Lock_policyE2EE4swapERS3_
FN:1314,_ZNSt12__shared_ptrI14waitable_eventLN9__gnu_cxx12_Lock_policyE2EE4swapERS3_
FNDA:3,_ZNSt12__shared_ptrI14waitable_eventLN9__gnu_cxx12_Lock_policyE2EE4swapERS3_
FN:1341,_ZNSt12__shared_ptrI10corethreadLN9__gnu_cxx12_Lock_policyE2EEC2ISaIS0_EJRSt10shared_ptrI14waitable_eventERS6_I9aspthreadES9_RS6_I7ILoggerEEEESt20_Sp_alloc_shared_tagIT_EDpOT0_
FNDA:1,_ZNSt12__shared_ptrI10corethreadLN9__gnu_cxx12_Lock_policyE2EEC2ISaIS0_EJRSt10shared_ptrI14waitable_eventERS6_I9aspthreadES9_RS6_I7ILoggerEEEESt20_Sp_alloc_shared_tagIT_EDpOT0_
FN:1341,_ZNSt12__shared_ptrI14waitable_eventLN9__gnu_cxx12_Lock_policyE2EEC2ISaIS0_EJEEESt20_Sp_alloc_shared_tagIT_EDpOT0_
FNDA:3,_ZNSt12__shared_ptrI14waitable_eventLN9__gnu_cxx12_Lock_policyE2EEC2ISaIS0_EJEEESt20_Sp_alloc_shared_tagIT_EDpOT0_
FN:1341,_ZNSt12__shared_ptrI9aspthreadLN9__gnu_cxx12_Lock_policyE2EEC2ISaIS0_EJRSt10shared_ptrI14waitable_eventERS6_I7ILoggerEEEESt20_Sp_alloc_shared_tagIT_EDpOT0_
FNDA:1,_ZNSt12__shared_ptrI9aspthreadLN9__gnu_cxx12_Lock_policyE2EEC2ISaIS0_EJRSt10shared_ptrI14waitable_eventERS6_I7ILoggerEEEESt20_Sp_alloc_shared_tagIT_EDpOT0_
FN:1341,_ZNSt12__shared_ptrI6vpgnixLN9__gnu_cxx12_Lock_policyE2EEC2ISaIS0_EJRSt10shared_ptrI14waitable_eventERS6_I10corethreadES9_RS6_I7ILoggerEEEESt20_Sp_alloc_shared_tagIT_EDpOT0_
FNDA:1,_ZNSt12__shared_ptrI6vpgnixLN9__gnu_cxx12_Lock_policyE2EEC2ISaIS0_EJRSt10shared_ptrI14waitable_eventERS6_I10corethreadES9_RS6_I7ILoggerEEEESt20_Sp_alloc_shared_tagIT_EDpOT0_
FN:1386,_ZNSt12__shared_ptrI10corethreadLN9__gnu_cxx12_Lock_policyE2EE31_M_enable_shared_from_this_withIS0_S0_EENSt9enable_ifIXntsrNS3_15__has_esft_baseIT0_vEE5valueEvE4typeEPT_
FNDA:1,_ZNSt12__shared_ptrI10corethreadLN9__gnu_cxx12_Lock_policyE2EE31_M_enable_shared_from_this_withIS0_S0_EENSt9enable_ifIXntsrNS3_15__has_esft_baseIT0_vEE5valueEvE4typeEPT_
FN:1386,_ZNSt12__shared_ptrI9aspthreadLN9__gnu_cxx12_Lock_policyE2EE31_M_enable_shared_from_this_withIS0_S0_EENSt9enable_ifIXntsrNS3_15__has_esft_baseIT0_vEE5valueEvE4typeEPT_
FNDA:1,_ZNSt12__shared_ptrI9aspthreadLN9__gnu_cxx12_Lock_policyE2EE31_M_enable_shared_from_this_withIS0_S0_EENSt9enable_ifIXntsrNS3_15__has_esft_baseIT0_vEE5valueEvE4typeEPT_
FN:1386,_ZNSt12__shared_ptrI14waitable_eventLN9__gnu_cxx12_Lock_policyE2EE31_M_enable_shared_from_this_withIS0_S0_EENSt9enable_ifIXntsrNS3_15__has_esft_baseIT0_vEE5valueEvE4typeEPT_
FNDA:3,_ZNSt12__shared_ptrI14waitable_eventLN9__gnu_cxx12_Lock_policyE2EE31_M_enable_shared_from_this_withIS0_S0_EENSt9enable_ifIXntsrNS3_15__has_esft_baseIT0_vEE5valueEvE4typeEPT_
FN:1386,_ZNSt12__shared_ptrI6vpgnixLN9__gnu_cxx12_Lock_policyE2EE31_M_enable_shared_from_this_withIS0_S0_EENSt9enable_ifIXntsrNS3_15__has_esft_baseIT0_vEE5valueEvE4typeEPT_
FNDA:1,_ZNSt12__shared_ptrI6vpgnixLN9__gnu_cxx12_Lock_policyE2EE31_M_enable_shared_from_this_withIS0_S0_EENSt9enable_ifIXntsrNS3_15__has_esft_baseIT0_vEE5valueEvE4typeEPT_
DA:126,0
DA:127,0
DA:130,0
DA:131,0
DA:130,0
DA:131,0
DA:140,0
DA:141,0
DA:147,0
DA:148,0
DA:161,0
DA:165,0
DA:168,0
DA:180,0
DA:181,0
DA:184,0
DA:187,0
DA:385,1
DA:385,1
DA:385,1
DA:385,3
DA:389,6
DA:389,2
DA:389,2
DA:389,2
DA:479,0
DA:482,0
DA:502,1
DA:502,1
DA:502,1
DA:502,3
DA:504,6
DA:504,2
DA:504,2
DA:504,2
DA:514,1
DA:515,1
DA:519,1
DA:521,1
DA:514,1
DA:515,1
DA:519,1
DA:521,1
DA:514,1
DA:515,1
DA:519,1
DA:521,1
DA:514,3
DA:515,3
DA:519,3
DA:521,3
DA:523,0
DA:523,3
DA:523,0
DA:523,1
DA:523,0
DA:523,1
DA:523,0
DA:523,1
DA:526,3
DA:528,3
DA:529,3
DA:526,1
DA:528,1
DA:529,1
DA:526,1
DA:528,1
DA:529,1
DA:526,1
DA:528,1
DA:529,1
DA:533,3
DA:535,3
DA:536,3
DA:537,3
DA:538,3
DA:533,1
DA:535,1
DA:536,1
DA:537,1
DA:538,1
DA:533,1
DA:535,1
DA:536,1
DA:537,1
DA:538,1
DA:533,1
DA:535,1
DA:536,1
DA:537,1
DA:538,1
DA:546,0
DA:548,0
DA:553,0
DA:554,0
DA:556,0
DA:561,0
DA:562,0
DA:546,0
DA:548,0
DA:553,0
DA:554,0
DA:556,0
DA:561,0
DA:562,0
DA:546,0
DA:548,0
DA:553,0
DA:554,0
DA:556,0
DA:561,0
DA:562,0
DA:546,0
DA:548,0
DA:553,0
DA:554,0
DA:556,0
DA:561,0
DA:562,0
DA:565,3
DA:565,3
DA:565,3
DA:565,9
DA:587,28
DA:588,28
DA:643,1
DA:647,1
DA:648,1
DA:649,1
DA:650,2
DA:651,1
DA:652,1
DA:653,1
DA:654,1
DA:655,1
DA:643,1
DA:647,1
DA:648,1
DA:649,1
DA:650,2
DA:651,1
DA:652,1
DA:653,1
DA:654,1
DA:655,1
DA:643,1
DA:647,1
DA:648,1
DA:649,1
DA:650,2
DA:651,1
DA:652,1
DA:653,1
DA:654,1
DA:655,1
DA:643,3
DA:647,3
DA:648,3
DA:649,3
DA:650,3
DA:652,3
DA:653,3
DA:654,3
DA:655,3
DA:702,0
DA:704,0
DA:705,0
DA:706,0
DA:708,0
DA:709,0
DA:711,0
DA:712,0
DA:713,0
DA:716,11
DA:718,11
DA:719,11
DA:721,11
DA:722,11
DA:723,11
DA:724,0
DA:725,11
DA:727,11
DA:731,12
DA:733,12
DA:734,12
DA:735,12
DA:736,12
DA:984,0
DA:987,0
DA:984,0
DA:987,0
DA:984,3
DA:987,3
DA:992,0
DA:993,0
DA:992,0
DA:993,0
DA:992,3
DA:993,3
DA:1092,4
DA:1093,4
DA:1094,4
DA:1092,2
DA:1093,2
DA:1094,2
DA:1092,2
DA:1093,2
DA:1094,2
DA:1092,1
DA:1093,1
DA:1094,1
DA:1092,8
DA:1093,8
DA:1094,8
DA:1152,1
DA:1152,1
DA:1152,0
DA:1152,5
DA:1153,4
DA:1154,0
DA:1154,5
DA:1154,5
DA:1154,3
DA:1154,19
DA:1161,1
DA:1162,1
DA:1164,1
DA:1165,1
DA:1166,1
DA:1161,1
DA:1162,1
DA:1164,1
DA:1165,1
DA:1166,1
DA:1161,1
DA:1162,1
DA:1164,1
DA:1165,1
DA:1166,1
DA:1161,3
DA:1162,3
DA:1164,3
DA:1165,3
DA:1166,3
DA:1248,1
DA:1250,1
DA:1251,1
DA:1248,1
DA:1250,1
DA:1251,1
DA:1248,1
DA:1250,1
DA:1251,1
DA:1248,3
DA:1250,3
DA:1251,3
DA:1295,0
DA:1296,0
DA:1295,0
DA:1296,0
DA:1295,3
DA:1296,3
DA:1314,1
DA:1316,1
DA:1317,1
DA:1318,1
DA:1314,1
DA:1316,1
DA:1317,1
DA:1318,1
DA:1314,1
DA:1316,1
DA:1317,1
DA:1318,1
DA:1314,3
DA:1316,3
DA:1317,3
DA:1318,3
DA:1341,1
DA:1342,1
DA:1343,1
DA:1341,1
DA:1342,1
DA:1343,1
DA:1341,1
DA:1342,1
DA:1343,1
DA:1341,3
DA:1342,3
DA:1343,3
DA:1386,1
DA:1387,1
DA:1386,1
DA:1387,1
DA:1386,1
DA:1387,1
DA:1386,3
DA:1387,3
end_of_record
SF:/usr/include/c++/11/iostream
end_of_record
SF:/usr/include/c++/11/bits/move.h
FN:49,_ZSt11__addressofISaISt23_Sp_counted_ptr_inplaceI10corethreadSaIS1_ELN9__gnu_cxx12_Lock_policyE2EEEEPT_RS7_
FNDA:2,_ZSt11__addressofISaISt23_Sp_counted_ptr_inplaceI10corethreadSaIS1_ELN9__gnu_cxx12_Lock_policyE2EEEEPT_RS7_
FN:49,_ZSt11__addressofISaISt23_Sp_counted_ptr_inplaceI9aspthreadSaIS1_ELN9__gnu_cxx12_Lock_policyE2EEEEPT_RS7_
FNDA:2,_ZSt11__addressofISaISt23_Sp_counted_ptr_inplaceI9aspthreadSaIS1_ELN9__gnu_cxx12_Lock_policyE2EEEEPT_RS7_
FN:49,_ZSt11__addressofISaISt23_Sp_counted_ptr_inplaceI14waitable_eventSaIS1_ELN9__gnu_cxx12_Lock_policyE2EEEEPT_RS7_
FNDA:6,_ZSt11__addressofISaISt23_Sp_counted_ptr_inplaceI14waitable_eventSaIS1_ELN9__gnu_cxx12_Lock_policyE2EEEEPT_RS7_
FN:49,_ZSt11__addressofIKcEPT_RS1_
FNDA:0,_ZSt11__addressofIKcEPT_RS1_
FN:49,_ZSt11__addressofISaISt23_Sp_counted_ptr_inplaceI6vpgnixSaIS1_ELN9__gnu_cxx12_Lock_policyE2EEEEPT_RS7_
FNDA:2,_ZSt11__addressofISaISt23_Sp_counted_ptr_inplaceI6vpgnixSaIS1_ELN9__gnu_cxx12_Lock_policyE2EEEEPT_RS7_
FN:49,_ZSt11__addressofIcEPT_RS0_
FNDA:0,_ZSt11__addressofIcEPT_RS0_
FN:77,_ZSt7forwardIRSt10shared_ptrI14waitable_eventEEOT_RNSt16remove_referenceIS4_E4typeE
FNDA:40,_ZSt7forwardIRSt10shared_ptrI14waitable_eventEEOT_RNSt16remove_referenceIS4_E4typeE
FN:77,_ZSt7forwardIRSt10shared_ptrI7ILoggerEEOT_RNSt16remove_referenceIS4_E4typeE
FNDA:24,_ZSt7forwardIRSt10shared_ptrI7ILoggerEEOT_RNSt16remove_referenceIS4_E4typeE
FN:77,_ZSt7forwardIRSt10shared_ptrI9aspthreadEEOT_RNSt16remove_referenceIS4_E4typeE
FNDA:8,_ZSt7forwardIRSt10shared_ptrI9aspthreadEEOT_RNSt16remove_referenceIS4_E4typeE
FN:77,_ZSt7forwardIRSt10shared_ptrI10corethreadEEOT_RNSt16remove_referenceIS4_E4typeE
FNDA:8,_ZSt7forwardIRSt10shared_ptrI10corethreadEEOT_RNSt16remove_referenceIS4_E4typeE
FN:104,_ZSt4moveIRSt12__shared_ptrI10corethreadLN9__gnu_cxx12_Lock_policyE2EEEONSt16remove_referenceIT_E4typeEOS7_
FNDA:1,_ZSt4moveIRSt12__shared_ptrI10corethreadLN9__gnu_cxx12_Lock_policyE2EEEONSt16remove_referenceIT_E4typeEOS7_
FN:104,_ZSt4moveIRSt10shared_ptrI14waitable_eventEEONSt16remove_referenceIT_E4typeEOS5_
FNDA:3,_ZSt4moveIRSt10shared_ptrI14waitable_eventEEONSt16remove_referenceIT_E4typeEOS5_
FN:104,_ZSt4moveIRSt12__shared_ptrI9aspthreadLN9__gnu_cxx12_Lock_policyE2EEEONSt16remove_referenceIT_E4typeEOS7_
FNDA:1,_ZSt4moveIRSt12__shared_ptrI9aspthreadLN9__gnu_cxx12_Lock_policyE2EEEONSt16remove_referenceIT_E4typeEOS7_
FN:104,_ZSt4moveIRSt12__shared_ptrI14waitable_eventLN9__gnu_cxx12_Lock_policyE2EEEONSt16remove_referenceIT_E4typeEOS7_
FNDA:3,_ZSt4moveIRSt12__shared_ptrI14waitable_eventLN9__gnu_cxx12_Lock_policyE2EEEONSt16remove_referenceIT_E4typeEOS7_
FN:104,_ZSt4moveIRSt10shared_ptrI6vpgnixEEONSt16remove_referenceIT_E4typeEOS5_
FNDA:1,_ZSt4moveIRSt10shared_ptrI6vpgnixEEONSt16remove_referenceIT_E4typeEOS5_
FN:104,_ZSt4moveIRSt10shared_ptrI10corethreadEEONSt16remove_referenceIT_E4typeEOS5_
FNDA:1,_ZSt4moveIRSt10shared_ptrI10corethreadEEONSt16remove_referenceIT_E4typeEOS5_
FN:104,_ZSt4moveIRSt10shared_ptrI9aspthreadEEONSt16remove_referenceIT_E4typeEOS5_
FNDA:1,_ZSt4moveIRSt10shared_ptrI9aspthreadEEONSt16remove_referenceIT_E4typeEOS5_
FN:104,_ZSt4moveIRSt12__shared_ptrI6vpgnixLN9__gnu_cxx12_Lock_policyE2EEEONSt16remove_referenceIT_E4typeEOS7_
FNDA:1,_ZSt4moveIRSt12__shared_ptrI6vpgnixLN9__gnu_cxx12_Lock_policyE2EEEONSt16remove_referenceIT_E4typeEOS7_
FN:104,_ZSt4moveIRP14waitable_eventEONSt16remove_referenceIT_E4typeEOS4_
FNDA:9,_ZSt4moveIRP14waitable_eventEONSt16remove_referenceIT_E4typeEOS4_
FN:104,_ZSt4moveIRP9aspthreadEONSt16remove_referenceIT_E4typeEOS4_
FNDA:3,_ZSt4moveIRP9aspthreadEONSt16remove_referenceIT_E4typeEOS4_
FN:104,_ZSt4moveIRP10corethreadEONSt16remove_referenceIT_E4typeEOS4_
FNDA:3,_ZSt4moveIRP10corethreadEONSt16remove_referenceIT_E4typeEOS4_
FN:104,_ZSt4moveIRP6vpgnixEONSt16remove_referenceIT_E4typeEOS4_
FNDA:3,_ZSt4moveIRP6vpgnixEONSt16remove_referenceIT_E4typeEOS4_
FN:145,_ZSt9addressofIcEPT_RS0_
FNDA:0,_ZSt9addressofIcEPT_RS0_
FN:145,_ZSt9addressofIKcEPT_RS1_
FNDA:0,_ZSt9addressofIKcEPT_RS1_
FN:196,_ZSt4swapIP14waitable_eventENSt9enable_ifIXsrSt6__and_IJSt6__not_ISt15__is_tuple_likeIT_EESt21is_move_constructibleIS6_ESt18is_move_assignableIS6_EEE5valueEvE4typeERS6_SG_
FNDA:3,_ZSt4swapIP14waitable_eventENSt9enable_ifIXsrSt6__and_IJSt6__not_ISt15__is_tuple_likeIT_EESt21is_move_constructibleIS6_ESt18is_move_assignableIS6_EEE5valueEvE4typeERS6_SG_
FN:196,_ZSt4swapIP9aspthreadENSt9enable_ifIXsrSt6__and_IJSt6__not_ISt15__is_tuple_likeIT_EESt21is_move_constructibleIS6_ESt18is_move_assignableIS6_EEE5valueEvE4typeERS6_SG_
FNDA:1,_ZSt4swapIP9aspthreadENSt9enable_ifIXsrSt6__and_IJSt6__not_ISt15__is_tuple_likeIT_EESt21is_move_constructibleIS6_ESt18is_move_assignableIS6_EEE5valueEvE4typeERS6_SG_
FN:196,_ZSt4swapIP10corethreadENSt9enable_ifIXsrSt6__and_IJSt6__not_ISt15__is_tuple_likeIT_EESt21is_move_constructibleIS6_ESt18is_move_assignableIS6_EEE5valueEvE4typeERS6_SG_
FNDA:1,_ZSt4swapIP10corethreadENSt9enable_ifIXsrSt6__and_IJSt6__not_ISt15__is_tuple_likeIT_EESt21is_move_constructibleIS6_ESt18is_move_assignableIS6_EEE5valueEvE4typeERS6_SG_
FN:196,_ZSt4swapIP6vpgnixENSt9enable_ifIXsrSt6__and_IJSt6__not_ISt15__is_tuple_likeIT_EESt21is_move_constructibleIS6_ESt18is_move_assignableIS6_EEE5valueEvE4typeERS6_SG_
FNDA:1,_ZSt4swapIP6vpgnixENSt9enable_ifIXsrSt6__and_IJSt6__not_ISt15__is_tuple_likeIT_EESt21is_move_constructibleIS6_ESt18is_move_assignableIS6_EEE5valueEvE4typeERS6_SG_
DA:49,2
DA:50,2
DA:49,2
DA:50,2
DA:49,2
DA:50,2
DA:49,6
DA:50,6
DA:49,0
DA:50,0
DA:49,0
DA:50,0
DA:77,8
DA:78,8
DA:77,8
DA:78,8
DA:77,24
DA:78,24
DA:77,40
DA:78,40
DA:104,3
DA:105,3
DA:104,3
DA:105,3
DA:104,3
DA:105,3
DA:104,9
DA:105,9
DA:104,1
DA:105,1
DA:104,1
DA:105,1
DA:104,1
DA:105,1
DA:104,3
DA:105,3
DA:104,1
DA:105,1
DA:104,1
DA:105,1
DA:104,1
DA:105,1
DA:104,3
DA:105,3
DA:145,0
DA:146,0
DA:145,0
DA:146,0
DA:196,1
DA:204,1
DA:205,1
DA:206,1
DA:207,1
DA:196,1
DA:204,1
DA:205,1
DA:206,1
DA:207,1
DA:196,1
DA:204,1
DA:205,1
DA:206,1
DA:207,1
DA:196,3
DA:204,3
DA:205,3
DA:206,3
DA:207,3
end_of_record
SF:/home/yackey/projects/waitables/include/waitable/IWaitable.h
end_of_record
SF:/usr/include/c++/11/bits/stl_construct.h
FN:80,_ZSt10destroy_atI14waitable_eventEvPT_
FNDA:3,_ZSt10destroy_atI14waitable_eventEvPT_
FN:80,_ZSt10destroy_atI9aspthreadEvPT_
FNDA:1,_ZSt10destroy_atI9aspthreadEvPT_
FN:80,_ZSt10destroy_atI10corethreadEvPT_
FNDA:1,_ZSt10destroy_atI10corethreadEvPT_
FN:80,_ZSt10destroy_atI6vpgnixEvPT_
FNDA:1,_ZSt10destroy_atI6vpgnixEvPT_
FN:94,_ZSt12construct_atI6vpgnixJRSt10shared_ptrI14waitable_eventERS1_I10corethreadES4_RS1_I7ILoggerEEEDTgsnwcvPvLi0E_T_pispcl7declvalIT0_EEEEPSC_DpOSD_
FNDA:1,_ZSt12construct_atI6vpgnixJRSt10shared_ptrI14waitable_eventERS1_I10corethreadES4_RS1_I7ILoggerEEEDTgsnwcvPvLi0E_T_pispcl7declvalIT0_EEEEPSC_DpOSD_
FN:94,_ZSt12construct_atI10corethreadJRSt10shared_ptrI14waitable_eventERS1_I9aspthreadES4_RS1_I7ILoggerEEEDTgsnwcvPvLi0E_T_pispcl7declvalIT0_EEEEPSC_DpOSD_
FNDA:1,_ZSt12construct_atI10corethreadJRSt10shared_ptrI14waitable_eventERS1_I9aspthreadES4_RS1_I7ILoggerEEEDTgsnwcvPvLi0E_T_pispcl7declvalIT0_EEEEPSC_DpOSD_
FN:94,_ZSt12construct_atI9aspthreadJRSt10shared_ptrI14waitable_eventERS1_I7ILoggerEEEDTgsnwcvPvLi0E_T_pispcl7declvalIT0_EEEEPS9_DpOSA_
FNDA:1,_ZSt12construct_atI9aspthreadJRSt10shared_ptrI14waitable_eventERS1_I7ILoggerEEEDTgsnwcvPvLi0E_T_pispcl7declvalIT0_EEEEPS9_DpOSA_
FN:94,_ZSt12construct_atI14waitable_eventJEEDTgsnwcvPvLi0E_T_pispcl7declvalIT0_EEEEPS2_DpOS3_
FNDA:3,_ZSt12construct_atI14waitable_eventJEEDTgsnwcvPvLi0E_T_pispcl7declvalIT0_EEEEPS2_DpOS3_
DA:80,3
DA:88,3
DA:89,3
DA:80,1
DA:88,1
DA:89,1
DA:80,1
DA:88,1
DA:89,1
DA:80,1
DA:88,1
DA:89,1
DA:94,1
DA:97,1
DA:94,1
DA:97,1
DA:94,1
DA:97,1
DA:94,3
DA:97,6
end_of_record
SF:/usr/include/c++/11/bits/stl_iterator_base_types.h
FN:238,_ZSt19__iterator_categoryIPKcENSt15iterator_traitsIT_E17iterator_categoryERKS3_
FNDA:0,_ZSt19__iterator_categoryIPKcENSt15iterator_traitsIT_E17iterator_categoryERKS3_
DA:238,0
DA:239,0
end_of_record
SF:/usr/include/c++/11/bits/stl_iterator_base_funcs.h
FN:98,_ZSt10__distanceIPKcENSt15iterator_traitsIT_E15difference_typeES3_S3_St26random_access_iterator_tag
FNDA:0,_ZSt10__distanceIPKcENSt15iterator_traitsIT_E15difference_typeES3_S3_St26random_access_iterator_tag
FN:138,_ZSt8distanceIPKcENSt15iterator_traitsIT_E15difference_typeES3_S3_
FNDA:0,_ZSt8distanceIPKcENSt15iterator_traitsIT_E15difference_typeES3_S3_
DA:98,0
DA:104,0
DA:138,0
DA:141,0
DA:142,0
end_of_record
SF:/usr/include/c++/11/ext/aligned_buffer.h
FN:102,_ZN9__gnu_cxx16__aligned_bufferI6vpgnixE7_M_addrEv
FNDA:3,_ZN9__gnu_cxx16__aligned_bufferI6vpgnixE7_M_addrEv
FN:102,_ZN9__gnu_cxx16__aligned_bufferI10corethreadE7_M_addrEv
FNDA:3,_ZN9__gnu_cxx16__aligned_bufferI10corethreadE7_M_addrEv
FN:102,_ZN9__gnu_cxx16__aligned_bufferI9aspthreadE7_M_addrEv
FNDA:3,_ZN9__gnu_cxx16__aligned_bufferI9aspthreadE7_M_addrEv
FN:102,_ZN9__gnu_cxx16__aligned_bufferI14waitable_eventE7_M_addrEv
FNDA:9,_ZN9__gnu_cxx16__aligned_bufferI14waitable_eventE7_M_addrEv
FN:114,_ZN9__gnu_cxx16__aligned_bufferI6vpgnixE6_M_ptrEv
FNDA:3,_ZN9__gnu_cxx16__aligned_bufferI6vpgnixE6_M_ptrEv
FN:114,_ZN9__gnu_cxx16__aligned_bufferI10corethreadE6_M_ptrEv
FNDA:3,_ZN9__gnu_cxx16__aligned_bufferI10corethreadE6_M_ptrEv
FN:114,_ZN9__gnu_cxx16__aligned_bufferI9aspthreadE6_M_ptrEv
FNDA:3,_ZN9__gnu_cxx16__aligned_bufferI9aspthreadE6_M_ptrEv
FN:114,_ZN9__gnu_cxx16__aligned_bufferI14waitable_eventE6_M_ptrEv
FNDA:9,_ZN9__gnu_cxx16__aligned_bufferI14waitable_eventE6_M_ptrEv
DA:102,3
DA:104,3
DA:102,3
DA:104,3
DA:102,3
DA:104,3
DA:102,9
DA:104,9
DA:114,3
DA:115,3
DA:114,3
DA:115,3
DA:114,3
DA:115,3
DA:114,9
DA:115,9
end_of_record
SF:/usr/include/c++/11/bits/stl_algobase.h
FN:313,_ZSt12__niter_baseIPcET_S1_
FNDA:0,_ZSt12__niter_baseIPcET_S1_
FN:313,_ZSt12__niter_baseIPKcET_S2_
FNDA:0,_ZSt12__niter_baseIPKcET_S2_
FN:335,_ZSt12__niter_wrapIPcET_RKS1_S1_
FNDA:0,_ZSt12__niter_wrapIPcET_RKS1_S1_
FN:380,_ZNSt11__copy_moveILb0ELb0ESt26random_access_iterator_tagE8__copy_mIPKcPcEET0_T_S7_S6_
FNDA:0,_ZNSt11__copy_moveILb0ELb0ESt26random_access_iterator_tagE8__copy_mIPKcPcEET0_T_S7_S6_
FN:420,_ZNSt11__copy_moveILb0ELb1ESt26random_access_iterator_tagE8__copy_mIcEEPT_PKS3_S6_S4_
FNDA:0,_ZNSt11__copy_moveILb0ELb1ESt26random_access_iterator_tagE8__copy_mIcEEPT_PKS3_S6_S4_
FN:486,_ZSt14__copy_move_a2ILb0EPKcPcET1_T0_S4_S3_
FNDA:0,_ZSt14__copy_move_a2ILb0EPKcPcET1_T0_S4_S3_
FN:521,_ZSt14__copy_move_a1ILb0EPKcPcET1_T0_S4_S3_
FNDA:0,_ZSt14__copy_move_a1ILb0EPKcPcET1_T0_S4_S3_
FN:527,_ZSt13__copy_move_aILb0EPKcPcET1_T0_S4_S3_
FNDA:0,_ZSt13__copy_move_aILb0EPKcPcET1_T0_S4_S3_
FN:611,_ZSt4copyIPKcPcET0_T_S4_S3_
FNDA:0,_ZSt4copyIPKcPcET0_T_S4_S3_
DA:313,0
DA:315,0
DA:313,0
DA:315,0
DA:335,0
DA:336,0
DA:380,0
DA:383,0
DA:385,0
DA:386,0
DA:387,0
DA:389,0
DA:420,0
DA:429,0
DA:430,0
DA:431,0
DA:432,0
DA:486,0
DA:490,0
DA:492,0
DA:495,0
DA:521,0
DA:522,0
DA:527,0
DA:529,0
DA:532,0
DA:611,0
DA:620,0
end_of_record
SF:/usr/include/c++/11/bits/shared_ptr.h
FN:148,_ZNSt10shared_ptrI14waitable_eventEC2Ev
FNDA:8,_ZNSt10shared_ptrI14waitable_eventEC2Ev
FN:148,_ZNSt10shared_ptrI6vpgnixEC2Ev
FNDA:1,_ZNSt10shared_ptrI6vpgnixEC2Ev
FN:148,_ZNSt10shared_ptrI10corethreadEC2Ev
FNDA:2,_ZNSt10shared_ptrI10corethreadEC2Ev
FN:148,_ZNSt10shared_ptrI9aspthreadEC2Ev
FNDA:2,_ZNSt10shared_ptrI9aspthreadEC2Ev
FN:148,_ZNSt10shared_ptrI7ILoggerEC2Ev
FNDA:4,_ZNSt10shared_ptrI7ILoggerEC2Ev
FN:150,_ZNSt10shared_ptrI9aspthreadEC2ERKS1_
FNDA:1,_ZNSt10shared_ptrI9aspthreadEC2ERKS1_
FN:150,_ZNSt10shared_ptrI7ILoggerEC2ERKS1_
FNDA:0,_ZNSt10shared_ptrI7ILoggerEC2ERKS1_
FN:150,_ZNSt10shared_ptrI14waitable_eventEC2ERKS1_
FNDA:5,_ZNSt10shared_ptrI14waitable_eventEC2ERKS1_
FN:150,_ZNSt10shared_ptrI10corethreadEC2ERKS1_
FNDA:1,_ZNSt10shared_ptrI10corethreadEC2ERKS1_
FN:359,_ZNSt10shared_ptrI7ILoggerEaSERKS1_
FNDA:4,_ZNSt10shared_ptrI7ILoggerEaSERKS1_
FN:383,_ZNSt10shared_ptrI6vpgnixEaSEOS1_
FNDA:1,_ZNSt10shared_ptrI6vpgnixEaSEOS1_
FN:383,_ZNSt10shared_ptrI10corethreadEaSEOS1_
FNDA:1,_ZNSt10shared_ptrI10corethreadEaSEOS1_
FN:383,_ZNSt10shared_ptrI9aspthreadEaSEOS1_
FNDA:1,_ZNSt10shared_ptrI9aspthreadEaSEOS1_
FN:383,_ZNSt10shared_ptrI14waitable_eventEaSEOS1_
FNDA:3,_ZNSt10shared_ptrI14waitable_eventEaSEOS1_
FN:408,_ZNSt10shared_ptrI14waitable_eventEC2ISaIS0_EJEEESt20_Sp_alloc_shared_tagIT_EDpOT0_
FNDA:3,_ZNSt10shared_ptrI14waitable_eventEC2ISaIS0_EJEEESt20_Sp_alloc_shared_tagIT_EDpOT0_
FN:408,_ZNSt10shared_ptrI9aspthreadEC2ISaIS0_EJRS_I14waitable_eventERS_I7ILoggerEEEESt20_Sp_alloc_shared_tagIT_EDpOT0_
FNDA:1,_ZNSt10shared_ptrI9aspthreadEC2ISaIS0_EJRS_I14waitable_eventERS_I7ILoggerEEEESt20_Sp_alloc_shared_tagIT_EDpOT0_
FN:408,_ZNSt10shared_ptrI10corethreadEC2ISaIS0_EJRS_I14waitable_eventERS_I9aspthreadES6_RS_I7ILoggerEEEESt20_Sp_alloc_shared_tagIT_EDpOT0_
FNDA:1,_ZNSt10shared_ptrI10corethreadEC2ISaIS0_EJRS_I14waitable_eventERS_I9aspthreadES6_RS_I7ILoggerEEEESt20_Sp_alloc_shared_tagIT_EDpOT0_
FN:408,_ZNSt10shared_ptrI6vpgnixEC2ISaIS0_EJRS_I14waitable_eventERS_I10corethreadES6_RS_I7ILoggerEEEESt20_Sp_alloc_shared_tagIT_EDpOT0_
FNDA:1,_ZNSt10shared_ptrI6vpgnixEC2ISaIS0_EJRS_I14waitable_eventERS_I10corethreadES6_RS_I7ILoggerEEEESt20_Sp_alloc_shared_tagIT_EDpOT0_
FN:858,_ZSt15allocate_sharedI9aspthreadSaIS0_EJRSt10shared_ptrI14waitable_eventERS2_I7ILoggerEEES2_IT_ERKT0_DpOT1_
FNDA:1,_ZSt15allocate_sharedI9aspthreadSaIS0_EJRSt10shared_ptrI14waitable_eventERS2_I7ILoggerEEES2_IT_ERKT0_DpOT1_
FN:858,_ZSt15allocate_sharedI14waitable_eventSaIS0_EJEESt10shared_ptrIT_ERKT0_DpOT1_
FNDA:3,_ZSt15allocate_sharedI14waitable_eventSaIS0_EJEESt10shared_ptrIT_ERKT0_DpOT1_
FN:858,_ZSt15allocate_sharedI10corethreadSaIS0_EJRSt10shared_ptrI14waitable_eventERS2_I9aspthreadES5_RS2_I7ILoggerEEES2_IT_ERKT0_DpOT1_
FNDA:1,_ZSt15allocate_sharedI10corethreadSaIS0_EJRSt10shared_ptrI14waitable_eventERS2_I9aspthreadES5_RS2_I7ILoggerEEES2_IT_ERKT0_DpOT1_
FN:858,_ZSt15allocate_sharedI6vpgnixSaIS0_EJRSt10shared_ptrI14waitable_eventERS2_I10corethreadES5_RS2_I7ILoggerEEES2_IT_ERKT0_DpOT1_
FNDA:1,_ZSt15allocate_sharedI6vpgnixSaIS0_EJRSt10shared_ptrI14waitable_eventERS2_I10corethreadES5_RS2_I7ILoggerEEES2_IT_ERKT0_DpOT1_
FN:875,_ZSt11make_sharedI6vpgnixJRSt10shared_ptrI14waitable_eventERS1_I10corethreadES4_RS1_I7ILoggerEEES1_IT_EDpOT0_
FNDA:1,_ZSt11make_sharedI6vpgnixJRSt10shared_ptrI14waitable_eventERS1_I10corethreadES4_RS1_I7ILoggerEEES1_IT_EDpOT0_
FN:875,_ZSt11make_sharedI10corethreadJRSt10shared_ptrI14waitable_eventERS1_I9aspthreadES4_RS1_I7ILoggerEEES1_IT_EDpOT0_
FNDA:1,_ZSt11make_sharedI10corethreadJRSt10shared_ptrI14waitable_eventERS1_I9aspthreadES4_RS1_I7ILoggerEEES1_IT_EDpOT0_
FN:875,_ZSt11make_sharedI9aspthreadJRSt10shared_ptrI14waitable_eventERS1_I7ILoggerEEES1_IT_EDpOT0_
FNDA:1,_ZSt11make_sharedI9aspthreadJRSt10shared_ptrI14waitable_eventERS1_I7ILoggerEEES1_IT_EDpOT0_
FN:875,_ZSt11make_sharedI14waitable_eventJEESt10shared_ptrIT_EDpOT0_
FNDA:3,_ZSt11make_sharedI14waitable_eventJEESt10shared_ptrIT_EDpOT0_
DA:148,4
DA:148,2
DA:148,2
DA:148,1
DA:148,8
DA:150,1
DA:150,1
DA:150,0
DA:150,5
DA:359,4
DA:383,1
DA:385,1
DA:386,1
DA:383,1
DA:385,1
DA:386,1
DA:383,1
DA:385,1
DA:386,1
DA:383,3
DA:385,3
DA:386,3
DA:408,1
DA:409,1
DA:410,1
DA:408,1
DA:409,1
DA:410,1
DA:408,1
DA:409,1
DA:410,1
DA:408,3
DA:409,3
DA:410,3
DA:858,1
DA:863,1
DA:858,1
DA:863,1
DA:858,1
DA:863,1
DA:858,3
DA:863,3
DA:875,1
DA:878,2
DA:879,3
DA:875,1
DA:878,2
DA:879,3
DA:875,1
DA:878,2
DA:879,3
DA:875,3
DA:878,6
DA:879,6
end_of_record
SF:/usr/include/c++/11/ext/type_traits.h
FN:152,_ZN9__gnu_cxx17__is_null_pointerIKcEEbPT_
FNDA:0,_ZN9__gnu_cxx17__is_null_pointerIKcEEbPT_
DA:152,0
DA:153,0
end_of_record
SF:/usr/include/c++/11/bits/alloc_traits.h
FN:463,_ZNSt16allocator_traitsISaIcEE8allocateERS0_m
FNDA:0,_ZNSt16allocator_traitsISaIcEE8allocateERS0_m
FN:463,_ZNSt16allocator_traitsISaISt23_Sp_counted_ptr_inplaceI14waitable_eventSaIS1_ELN9__gnu_cxx12_Lock_policyE2EEEE8allocateERS6_m
FNDA:3,_ZNSt16allocator_traitsISaISt23_Sp_counted_ptr_inplaceI14waitable_eventSaIS1_ELN9__gnu_cxx12_Lock_policyE2EEEE8allocateERS6_m
FN:463,_ZNSt16allocator_traitsISaISt23_Sp_counted_ptr_inplaceI9aspthreadSaIS1_ELN9__gnu_cxx12_Lock_policyE2EEEE8allocateERS6_m
FNDA:1,_ZNSt16allocator_traitsISaISt23_Sp_counted_ptr_inplaceI9aspthreadSaIS1_ELN9__gnu_cxx12_Lock_policyE2EEEE8allocateERS6_m
FN:463,_ZNSt16allocator_traitsISaISt23_Sp_counted_ptr_inplaceI6vpgnixSaIS1_ELN9__gnu_cxx12_Lock_policyE2EEEE8allocateERS6_m
FNDA:1,_ZNSt16allocator_traitsISaISt23_Sp_counted_ptr_inplaceI6vpgnixSaIS1_ELN9__gnu_cxx12_Lock_policyE2EEEE8allocateERS6_m
FN:463,_ZNSt16allocator_traitsISaISt23_Sp_counted_ptr_inplaceI10corethreadSaIS1_ELN9__gnu_cxx12_Lock_policyE2EEEE8allocateERS6_m
FNDA:1,_ZNSt16allocator_traitsISaISt23_Sp_counted_ptr_inplaceI10corethreadSaIS1_ELN9__gnu_cxx12_Lock_policyE2EEEE8allocateERS6_m
FN:495,_ZNSt16allocator_traitsISaIcEE10deallocateERS0_Pcm
FNDA:0,_ZNSt16allocator_traitsISaIcEE10deallocateERS0_Pcm
FN:495,_ZNSt16allocator_traitsISaISt23_Sp_counted_ptr_inplaceI14waitable_eventSaIS1_ELN9__gnu_cxx12_Lock_policyE2EEEE10deallocateERS6_PS5_m
FNDA:3,_ZNSt16allocator_traitsISaISt23_Sp_counted_ptr_inplaceI14waitable_eventSaIS1_ELN9__gnu_cxx12_Lock_policyE2EEEE10deallocateERS6_PS5_m
FN:495,_ZNSt16allocator_traitsISaISt23_Sp_counted_ptr_inplaceI9aspthreadSaIS1_ELN9__gnu_cxx12_Lock_policyE2EEEE10deallocateERS6_PS5_m
FNDA:1,_ZNSt16allocator_traitsISaISt23_Sp_counted_ptr_inplaceI9aspthreadSaIS1_ELN9__gnu_cxx12_Lock_policyE2EEEE10deallocateERS6_PS5_m
FN:495,_ZNSt16allocator_traitsISaISt23_Sp_counted_ptr_inplaceI10corethreadSaIS1_ELN9__gnu_cxx12_Lock_policyE2EEEE10deallocateERS6_PS5_m
FNDA:1,_ZNSt16allocator_traitsISaISt23_Sp_counted_ptr_inplaceI10corethreadSaIS1_ELN9__gnu_cxx12_Lock_policyE2EEEE10deallocateERS6_PS5_m
FN:495,_ZNSt16allocator_traitsISaISt23_Sp_counted_ptr_inplaceI6vpgnixSaIS1_ELN9__gnu_cxx12_Lock_policyE2EEEE10deallocateERS6_PS5_m
FNDA:1,_ZNSt16allocator_traitsISaISt23_Sp_counted_ptr_inplaceI6vpgnixSaIS1_ELN9__gnu_cxx12_Lock_policyE2EEEE10deallocateERS6_PS5_m
FN:511,_ZNSt16allocator_traitsISaI10corethreadEE9constructIS0_JRSt10shared_ptrI14waitable_eventERS4_I9aspthreadES7_RS4_I7ILoggerEEEEvRS1_PT_DpOT0_
FNDA:1,_ZNSt16allocator_traitsISaI10corethreadEE9constructIS0_JRSt10shared_ptrI14waitable_eventERS4_I9aspthreadES7_RS4_I7ILoggerEEEEvRS1_PT_DpOT0_
FN:511,_ZNSt16allocator_traitsISaI9aspthreadEE9constructIS0_JRSt10shared_ptrI14waitable_eventERS4_I7ILoggerEEEEvRS1_PT_DpOT0_
FNDA:1,_ZNSt16allocator_traitsISaI9aspthreadEE9constructIS0_JRSt10shared_ptrI14waitable_eventERS4_I7ILoggerEEEEvRS1_PT_DpOT0_
FN:511,_ZNSt16allocator_traitsISaI6vpgnixEE9constructIS0_JRSt10shared_ptrI14waitable_eventERS4_I10corethreadES7_RS4_I7ILoggerEEEEvRS1_PT_DpOT0_
FNDA:1,_ZNSt16allocator_traitsISaI6vpgnixEE9constructIS0_JRSt10shared_ptrI14waitable_eventERS4_I10corethreadES7_RS4_I7ILoggerEEEEvRS1_PT_DpOT0_
FN:511,_ZNSt16allocator_traitsISaI14waitable_eventEE9constructIS0_JEEEvRS1_PT_DpOT0_
FNDA:3,_ZNSt16allocator_traitsISaI14waitable_eventEE9constructIS0_JEEEvRS1_PT_DpOT0_
FN:531,_ZNSt16allocator_traitsISaI6vpgnixEE7destroyIS0_EEvRS1_PT_
FNDA:1,_ZNSt16allocator_traitsISaI6vpgnixEE7destroyIS0_EEvRS1_PT_
FN:531,_ZNSt16allocator_traitsISaI10corethreadEE7destroyIS0_EEvRS1_PT_
FNDA:1,_ZNSt16allocator_traitsISaI10corethreadEE7destroyIS0_EEvRS1_PT_
FN:531,_ZNSt16allocator_traitsISaI9aspthreadEE7destroyIS0_EEvRS1_PT_
FNDA:1,_ZNSt16allocator_traitsISaI9aspthreadEE7destroyIS0_EEvRS1_PT_
FN:531,_ZNSt16allocator_traitsISaI14waitable_eventEE7destroyIS0_EEvRS1_PT_
FNDA:3,_ZNSt16allocator_traitsISaI14waitable_eventEE7destroyIS0_EEvRS1_PT_
FN:547,_ZNSt16allocator_traitsISaIcEE8max_sizeERKS0_
FNDA:0,_ZNSt16allocator_traitsISaIcEE8max_sizeERKS0_
DA:463,1
DA:464,1
DA:463,1
DA:464,1
DA:463,1
DA:464,1
DA:463,3
DA:464,3
DA:463,0
DA:464,0
DA:495,1
DA:496,1
DA:495,1
DA:496,1
DA:495,1
DA:496,1
DA:495,3
DA:496,3
DA:495,0
DA:496,0
DA:511,1
DA:518,1
DA:520,1
DA:511,1
DA:518,1
DA:520,1
DA:511,1
DA:518,1
DA:520,1
DA:511,3
DA:518,3
DA:520,3
DA:531,3
DA:537,3
DA:539,3
DA:531,1
DA:537,1
DA:539,1
DA:531,1
DA:537,1
DA:539,1
DA:531,1
DA:537,1
DA:539,1
DA:547,0
DA:552,0
end_of_record
SF:/usr/include/c++/11/bits/basic_string.tcc
FN:132,_ZNSt7__cxx1112basic_stringIcSt11char_traitsIcESaIcEE9_M_createERmm
FNDA:0,_ZNSt7__cxx1112basic_stringIcSt11char_traitsIcESaIcEE9_M_createERmm
FN:206,_ZNSt7__cxx1112basic_stringIcSt11char_traitsIcESaIcEE12_M_constructIPKcEEvT_S8_St20forward_iterator_tag
FNDA:0,_ZNSt7__cxx1112basic_stringIcSt11char_traitsIcESaIcEE12_M_constructIPKcEEvT_S8_St20forward_iterator_tag
DA:132,0
DA:137,0
DA:138,0
DA:143,0
DA:145,0
DA:147,0
DA:148,0
DA:153,0
DA:206,0
DA:211,0
DA:212,0
DA:215,0
DA:217,0
DA:219,0
DA:220,0
DA:225,0
DA:232,0
DA:233,0
end_of_record
SF:/usr/include/c++/11/ext/atomicity.h
DA:52,0
DA:66,0
DA:71,0
DA:84,0
DA:85,0
DA:86,0
DA:92,0
DA:98,0
DA:99,0
DA:101,0
DA:108,0
DA:112,0
end_of_record
SF:/usr/include/c++/11/ext/new_allocator.h
FN:79,_ZN9__gnu_cxx13new_allocatorIcEC2Ev
FNDA:0,_ZN9__gnu_cxx13new_allocatorIcEC2Ev
FN:79,_ZN9__gnu_cxx13new_allocatorI14waitable_eventEC2Ev
FNDA:3,_ZN9__gnu_cxx13new_allocatorI14waitable_eventEC2Ev
FN:79,_ZN9__gnu_cxx13new_allocatorI9aspthreadEC2Ev
FNDA:1,_ZN9__gnu_cxx13new_allocatorI9aspthreadEC2Ev
FN:79,_ZN9__gnu_cxx13new_allocatorI10corethreadEC2Ev
FNDA:1,_ZN9__gnu_cxx13new_allocatorI10corethreadEC2Ev
FN:79,_ZN9__gnu_cxx13new_allocatorI6vpgnixEC2Ev
FNDA:1,_ZN9__gnu_cxx13new_allocatorI6vpgnixEC2Ev
FN:79,_ZN9__gnu_cxx13new_allocatorISt23_Sp_counted_ptr_inplaceI14waitable_eventSaIS2_ELNS_12_Lock_policyE2EEEC2Ev
FNDA:6,_ZN9__gnu_cxx13new_allocatorISt23_Sp_counted_ptr_inplaceI14waitable_eventSaIS2_ELNS_12_Lock_policyE2EEEC2Ev
FN:79,_ZN9__gnu_cxx13new_allocatorISt23_Sp_counted_ptr_inplaceI9aspthreadSaIS2_ELNS_12_Lock_policyE2EEEC2Ev
FNDA:2,_ZN9__gnu_cxx13new_allocatorISt23_Sp_counted_ptr_inplaceI9aspthreadSaIS2_ELNS_12_Lock_policyE2EEEC2Ev
FN:79,_ZN9__gnu_cxx13new_allocatorISt23_Sp_counted_ptr_inplaceI10corethreadSaIS2_ELNS_12_Lock_policyE2EEEC2Ev
FNDA:2,_ZN9__gnu_cxx13new_allocatorISt23_Sp_counted_ptr_inplaceI10corethreadSaIS2_ELNS_12_Lock_policyE2EEEC2Ev
FN:79,_ZN9__gnu_cxx13new_allocatorISt23_Sp_counted_ptr_inplaceI6vpgnixSaIS2_ELNS_12_Lock_policyE2EEEC2Ev
FNDA:2,_ZN9__gnu_cxx13new_allocatorISt23_Sp_counted_ptr_inplaceI6vpgnixSaIS2_ELNS_12_Lock_policyE2EEEC2Ev
FN:82,_ZN9__gnu_cxx13new_allocatorI9aspthreadEC2ERKS2_
FNDA:3,_ZN9__gnu_cxx13new_allocatorI9aspthreadEC2ERKS2_
FN:82,_ZN9__gnu_cxx13new_allocatorI14waitable_eventEC2ERKS2_
FNDA:9,_ZN9__gnu_cxx13new_allocatorI14waitable_eventEC2ERKS2_
FN:82,_ZN9__gnu_cxx13new_allocatorI10corethreadEC2ERKS2_
FNDA:3,_ZN9__gnu_cxx13new_allocatorI10corethreadEC2ERKS2_
FN:82,_ZN9__gnu_cxx13new_allocatorI6vpgnixEC2ERKS2_
FNDA:3,_ZN9__gnu_cxx13new_allocatorI6vpgnixEC2ERKS2_
FN:103,_ZN9__gnu_cxx13new_allocatorISt23_Sp_counted_ptr_inplaceI14waitable_eventSaIS2_ELNS_12_Lock_policyE2EEE8allocateEmPKv
FNDA:3,_ZN9__gnu_cxx13new_allocatorISt23_Sp_counted_ptr_inplaceI14waitable_eventSaIS2_ELNS_12_Lock_policyE2EEE8allocateEmPKv
FN:103,_ZN9__gnu_cxx13new_allocatorISt23_Sp_counted_ptr_inplaceI9aspthreadSaIS2_ELNS_12_Lock_policyE2EEE8allocateEmPKv
FNDA:1,_ZN9__gnu_cxx13new_allocatorISt23_Sp_counted_ptr_inplaceI9aspthreadSaIS2_ELNS_12_Lock_policyE2EEE8allocateEmPKv
FN:103,_ZN9__gnu_cxx13new_allocatorIcE8allocateEmPKv
FNDA:0,_ZN9__gnu_cxx13new_allocatorIcE8allocateEmPKv
FN:103,_ZN9__gnu_cxx13new_allocatorISt23_Sp_counted_ptr_inplaceI10corethreadSaIS2_ELNS_12_Lock_policyE2EEE8allocateEmPKv
FNDA:1,_ZN9__gnu_cxx13new_allocatorISt23_Sp_counted_ptr_inplaceI10corethreadSaIS2_ELNS_12_Lock_policyE2EEE8allocateEmPKv
FN:103,_ZN9__gnu_cxx13new_allocatorISt23_Sp_counted_ptr_inplaceI6vpgnixSaIS2_ELNS_12_Lock_policyE2EEE8allocateEmPKv
FNDA:1,_ZN9__gnu_cxx13new_allocatorISt23_Sp_counted_ptr_inplaceI6vpgnixSaIS2_ELNS_12_Lock_policyE2EEE8allocateEmPKv
FN:132,_ZN9__gnu_cxx13new_allocatorISt23_Sp_counted_ptr_inplaceI6vpgnixSaIS2_ELNS_12_Lock_policyE2EEE10deallocateEPS5_m
FNDA:1,_ZN9__gnu_cxx13new_allocatorISt23_Sp_counted_ptr_inplaceI6vpgnixSaIS2_ELNS_12_Lock_policyE2EEE10deallocateEPS5_m
FN:132,_ZN9__gnu_cxx13new_allocatorISt23_Sp_counted_ptr_inplaceI14waitable_eventSaIS2_ELNS_12_Lock_policyE2EEE10deallocateEPS5_m
FNDA:3,_ZN9__gnu_cxx13new_allocatorISt23_Sp_counted_ptr_inplaceI14waitable_eventSaIS2_ELNS_12_Lock_policyE2EEE10deallocateEPS5_m
FN:132,_ZN9__gnu_cxx13new_allocatorISt23_Sp_counted_ptr_inplaceI9aspthreadSaIS2_ELNS_12_Lock_policyE2EEE10deallocateEPS5_m
FNDA:1,_ZN9__gnu_cxx13new_allocatorISt23_Sp_counted_ptr_inplaceI9aspthreadSaIS2_ELNS_12_Lock_policyE2EEE10deallocateEPS5_m
FN:132,_ZN9__gnu_cxx13new_allocatorIcE10deallocateEPcm
FNDA:0,_ZN9__gnu_cxx13new_allocatorIcE10deallocateEPcm
FN:132,_ZN9__gnu_cxx13new_allocatorISt23_Sp_counted_ptr_inplaceI10corethreadSaIS2_ELNS_12_Lock_policyE2EEE10deallocateEPS5_m
FNDA:1,_ZN9__gnu_cxx13new_allocatorISt23_Sp_counted_ptr_inplaceI10corethreadSaIS2_ELNS_12_Lock_policyE2EEE10deallocateEPS5_m
FN:197,_ZNK9__gnu_cxx13new_allocatorISt23_Sp_counted_ptr_inplaceI14waitable_eventSaIS2_ELNS_12_Lock_policyE2EEE11_M_max_sizeEv
FNDA:3,_ZNK9__gnu_cxx13new_allocatorISt23_Sp_counted_ptr_inplaceI14waitable_eventSaIS2_ELNS_12_Lock_policyE2EEE11_M_max_sizeEv
FN:197,_ZNK9__gnu_cxx13new_allocatorISt23_Sp_counted_ptr_inplaceI9aspthreadSaIS2_ELNS_12_Lock_policyE2EEE11_M_max_sizeEv
FNDA:1,_ZNK9__gnu_cxx13new_allocatorISt23_Sp_counted_ptr_inplaceI9aspthreadSaIS2_ELNS_12_Lock_policyE2EEE11_M_max_sizeEv
FN:197,_ZNK9__gnu_cxx13new_allocatorIcE11_M_max_sizeEv
FNDA:0,_ZNK9__gnu_cxx13new_allocatorIcE11_M_max_sizeEv
FN:197,_ZNK9__gnu_cxx13new_allocatorISt23_Sp_counted_ptr_inplaceI10corethreadSaIS2_ELNS_12_Lock_policyE2EEE11_M_max_sizeEv
FNDA:1,_ZNK9__gnu_cxx13new_allocatorISt23_Sp_counted_ptr_inplaceI10corethreadSaIS2_ELNS_12_Lock_policyE2EEE11_M_max_sizeEv
FN:197,_ZNK9__gnu_cxx13new_allocatorISt23_Sp_counted_ptr_inplaceI6vpgnixSaIS2_ELNS_12_Lock_policyE2EEE11_M_max_sizeEv
FNDA:1,_ZNK9__gnu_cxx13new_allocatorISt23_Sp_counted_ptr_inplaceI6vpgnixSaIS2_ELNS_12_Lock_policyE2EEE11_M_max_sizeEv
DA:79,2
DA:79,2
DA:79,2
DA:79,6
DA:79,1
DA:79,1
DA:79,1
DA:79,3
DA:79,0
DA:82,3
DA:82,3
DA:82,3
DA:82,9
DA:103,1
DA:111,1
DA:115,0
DA:116,0
DA:117,0
DA:127,1
DA:103,1
DA:111,1
DA:115,0
DA:116,0
DA:117,0
DA:127,1
DA:103,1
DA:111,1
DA:115,0
DA:116,0
DA:117,0
DA:127,1
DA:103,3
DA:111,3
DA:115,0
DA:116,0
DA:117,0
DA:127,3
DA:103,0
DA:111,0
DA:117,0
DA:127,0
DA:132,1
DA:145,1
DA:132,1
DA:145,1
DA:132,1
DA:145,1
DA:132,3
DA:145,3
DA:132,0
DA:145,0
DA:197,1
DA:200,1
DA:197,1
DA:200,1
DA:197,1
DA:200,1
DA:197,3
DA:200,3
DA:197,0
DA:200,0
end_of_record
SF:/usr/include/c++/11/new
FN:174,_ZnwmPv
FNDA:0,_ZnwmPv
FN:180,_ZdlPvS_
FNDA:0,_ZdlPvS_
DA:174,0
DA:175,0
DA:180,0
end_of_record
SF:/usr/include/c++/11/bits/allocated_ptr.h
FN:53,_ZNSt15__allocated_ptrISaISt23_Sp_counted_ptr_inplaceI10corethreadSaIS1_ELN9__gnu_cxx12_Lock_policyE2EEEEC2ERS6_PS5_
FNDA:2,_ZNSt15__allocated_ptrISaISt23_Sp_counted_ptr_inplaceI10corethreadSaIS1_ELN9__gnu_cxx12_Lock_policyE2EEEEC2ERS6_PS5_
FN:53,_ZNSt15__allocated_ptrISaISt23_Sp_counted_ptr_inplaceI9aspthreadSaIS1_ELN9__gnu_cxx12_Lock_policyE2EEEEC2ERS6_PS5_
FNDA:2,_ZNSt15__allocated_ptrISaISt23_Sp_counted_ptr_inplaceI9aspthreadSaIS1_ELN9__gnu_cxx12_Lock_policyE2EEEEC2ERS6_PS5_
FN:53,_ZNSt15__allocated_ptrISaISt23_Sp_counted_ptr_inplaceI14waitable_eventSaIS1_ELN9__gnu_cxx12_Lock_policyE2EEEEC2ERS6_PS5_
FNDA:6,_ZNSt15__allocated_ptrISaISt23_Sp_counted_ptr_inplaceI14waitable_eventSaIS1_ELN9__gnu_cxx12_Lock_policyE2EEEEC2ERS6_PS5_
FN:53,_ZNSt15__allocated_ptrISaISt23_Sp_counted_ptr_inplaceI6vpgnixSaIS1_ELN9__gnu_cxx12_Lock_policyE2EEEEC2ERS6_PS5_
FNDA:2,_ZNSt15__allocated_ptrISaISt23_Sp_counted_ptr_inplaceI6vpgnixSaIS1_ELN9__gnu_cxx12_Lock_policyE2EEEEC2ERS6_PS5_
FN:71,_ZNSt15__allocated_ptrISaISt23_Sp_counted_ptr_inplaceI10corethreadSaIS1_ELN9__gnu_cxx12_Lock_policyE2EEEED2Ev
FNDA:2,_ZNSt15__allocated_ptrISaISt23_Sp_counted_ptr_inplaceI10corethreadSaIS1_ELN9__gnu_cxx12_Lock_policyE2EEEED2Ev
FN:71,_ZNSt15__allocated_ptrISaISt23_Sp_counted_ptr_inplaceI14waitable_eventSaIS1_ELN9__gnu_cxx12_Lock_policyE2EEEED2Ev
FNDA:6,_ZNSt15__allocated_ptrISaISt23_Sp_counted_ptr_inplaceI14waitable_eventSaIS1_ELN9__gnu_cxx12_Lock_policyE2EEEED2Ev
FN:71,_ZNSt15__allocated_ptrISaISt23_Sp_counted_ptr_inplaceI9aspthreadSaIS1_ELN9__gnu_cxx12_Lock_policyE2EEEED2Ev
FNDA:2,_ZNSt15__allocated_ptrISaISt23_Sp_counted_ptr_inplaceI9aspthreadSaIS1_ELN9__gnu_cxx12_Lock_policyE2EEEED2Ev
FN:71,_ZNSt15__allocated_ptrISaISt23_Sp_counted_ptr_inplaceI6vpgnixSaIS1_ELN9__gnu_cxx12_Lock_policyE2EEEED2Ev
FNDA:2,_ZNSt15__allocated_ptrISaISt23_Sp_counted_ptr_inplaceI6vpgnixSaIS1_ELN9__gnu_cxx12_Lock_policyE2EEEED2Ev
FN:79,_ZNSt15__allocated_ptrISaISt23_Sp_counted_ptr_inplaceI10corethreadSaIS1_ELN9__gnu_cxx12_Lock_policyE2EEEEaSEDn
FNDA:1,_ZNSt15__allocated_ptrISaISt23_Sp_counted_ptr_inplaceI10corethreadSaIS1_ELN9__gnu_cxx12_Lock_policyE2EEEEaSEDn
FN:79,_ZNSt15__allocated_ptrISaISt23_Sp_counted_ptr_inplaceI9aspthreadSaIS1_ELN9__gnu_cxx12_Lock_policyE2EEEEaSEDn
FNDA:1,_ZNSt15__allocated_ptrISaISt23_Sp_counted_ptr_inplaceI9aspthreadSaIS1_ELN9__gnu_cxx12_Lock_policyE2EEEEaSEDn
FN:79,_ZNSt15__allocated_ptrISaISt23_Sp_counted_ptr_inplaceI14waitable_eventSaIS1_ELN9__gnu_cxx12_Lock_policyE2EEEEaSEDn
FNDA:3,_ZNSt15__allocated_ptrISaISt23_Sp_counted_ptr_inplaceI14waitable_eventSaIS1_ELN9__gnu_cxx12_Lock_policyE2EEEEaSEDn
FN:79,_ZNSt15__allocated_ptrISaISt23_Sp_counted_ptr_inplaceI6vpgnixSaIS1_ELN9__gnu_cxx12_Lock_policyE2EEEEaSEDn
FNDA:1,_ZNSt15__allocated_ptrISaISt23_Sp_counted_ptr_inplaceI6vpgnixSaIS1_ELN9__gnu_cxx12_Lock_policyE2EEEEaSEDn
FN:86,_ZNSt15__allocated_ptrISaISt23_Sp_counted_ptr_inplaceI10corethreadSaIS1_ELN9__gnu_cxx12_Lock_policyE2EEEE3getEv
FNDA:1,_ZNSt15__allocated_ptrISaISt23_Sp_counted_ptr_inplaceI10corethreadSaIS1_ELN9__gnu_cxx12_Lock_policyE2EEEE3getEv
FN:86,_ZNSt15__allocated_ptrISaISt23_Sp_counted_ptr_inplaceI9aspthreadSaIS1_ELN9__gnu_cxx12_Lock_policyE2EEEE3getEv
FNDA:1,_ZNSt15__allocated_ptrISaISt23_Sp_counted_ptr_inplaceI9aspthreadSaIS1_ELN9__gnu_cxx12_Lock_policyE2EEEE3getEv
FN:86,_ZNSt15__allocated_ptrISaISt23_Sp_counted_ptr_inplaceI6vpgnixSaIS1_ELN9__gnu_cxx12_Lock_policyE2EEEE3getEv
FNDA:1,_ZNSt15__allocated_ptrISaISt23_Sp_counted_ptr_inplaceI6vpgnixSaIS1_ELN9__gnu_cxx12_Lock_policyE2EEEE3getEv
FN:86,_ZNSt15__allocated_ptrISaISt23_Sp_counted_ptr_inplaceI14waitable_eventSaIS1_ELN9__gnu_cxx12_Lock_policyE2EEEE3getEv
FNDA:3,_ZNSt15__allocated_ptrISaISt23_Sp_counted_ptr_inplaceI14waitable_eventSaIS1_ELN9__gnu_cxx12_Lock_policyE2EEEE3getEv
FN:96,_ZSt18__allocate_guardedISaISt23_Sp_counted_ptr_inplaceI6vpgnixSaIS1_ELN9__gnu_cxx12_Lock_policyE2EEEESt15__allocated_ptrIT_ERS8_
FNDA:1,_ZSt18__allocate_guardedISaISt23_Sp_counted_ptr_inplaceI6vpgnixSaIS1_ELN9__gnu_cxx12_Lock_policyE2EEEESt15__allocated_ptrIT_ERS8_
FN:96,_ZSt18__allocate_guardedISaISt23_Sp_counted_ptr_inplaceI10corethreadSaIS1_ELN9__gnu_cxx12_Lock_policyE2EEEESt15__allocated_ptrIT_ERS8_
FNDA:1,_ZSt18__allocate_guardedISaISt23_Sp_counted_ptr_inplaceI10corethreadSaIS1_ELN9__gnu_cxx12_Lock_policyE2EEEESt15__allocated_ptrIT_ERS8_
FN:96,_ZSt18__allocate_guardedISaISt23_Sp_counted_ptr_inplaceI9aspthreadSaIS1_ELN9__gnu_cxx12_Lock_policyE2EEEESt15__allocated_ptrIT_ERS8_
FNDA:1,_ZSt18__allocate_guardedISaISt23_Sp_counted_ptr_inplaceI9aspthreadSaIS1_ELN9__gnu_cxx12_Lock_policyE2EEEESt15__allocated_ptrIT_ERS8_
FN:96,_ZSt18__allocate_guardedISaISt23_Sp_counted_ptr_inplaceI14waitable_eventSaIS1_ELN9__gnu_cxx12_Lock_policyE2EEEESt15__allocated_ptrIT_ERS8_
FNDA:3,_ZSt18__allocate_guardedISaISt23_Sp_counted_ptr_inplaceI14waitable_eventSaIS1_ELN9__gnu_cxx12_Lock_policyE2EEEESt15__allocated_ptrIT_ERS8_
DA:53,2
DA:54,2
DA:55,2
DA:53,2
DA:54,2
DA:55,2
DA:53,2
DA:54,2
DA:55,2
DA:53,6
DA:54,6
DA:55,6
DA:71,2
DA:73,2
DA:74,1
DA:75,2
DA:71,2
DA:73,2
DA:74,1
DA:75,2
DA:71,2
DA:73,2
DA:74,1
DA:75,2
DA:71,6
DA:73,6
DA:74,3
DA:75,6
DA:79,1
DA:81,1
DA:82,1
DA:79,1
DA:81,1
DA:82,1
DA:79,1
DA:81,1
DA:82,1
DA:79,3
DA:81,3
DA:82,3
DA:86,1
DA:86,1
DA:86,1
DA:86,3
DA:96,1
DA:98,1
DA:96,1
DA:98,1
DA:96,1
DA:98,1
DA:96,3
DA:98,3
end_of_record
TN:
SF:/usr/include/c++/11/bits/invoke.h
FN:60,_ZSt13__invoke_implIvRSt5_BindIFM9aspthreadFviRNSt7__cxx1112basic_stringIcSt11char_traitsIcESaIcEEEEPS1_St12_PlaceholderILi1EESC_ILi2EEEEJiS8_EET_St14__invoke_otherOT0_DpOT1_
FNDA:0,_ZSt13__invoke_implIvRSt5_BindIFM9aspthreadFviRNSt7__cxx1112basic_stringIcSt11char_traitsIcESaIcEEEEPS1_St12_PlaceholderILi1EESC_ILi2EEEEJiS8_EET_St14__invoke_otherOT0_DpOT1_
FN:71,_ZSt13__invoke_implIvRM9aspthreadFviRNSt7__cxx1112basic_stringIcSt11char_traitsIcESaIcEEEERPS0_JiS7_EET_St21__invoke_memfun_derefOT0_OT1_DpOT2_
FNDA:0,_ZSt13__invoke_implIvRM9aspthreadFviRNSt7__cxx1112basic_stringIcSt11char_traitsIcESaIcEEEERPS0_JiS7_EET_St21__invoke_memfun_derefOT0_OT1_DpOT2_
FN:90,_ZSt8__invokeIRM9aspthreadFviRNSt7__cxx1112basic_stringIcSt11char_traitsIcESaIcEEEEJRPS0_iS7_EENSt15__invoke_resultIT_JDpT0_EE4typeEOSE_DpOSF_
FNDA:0,_ZSt8__invokeIRM9aspthreadFviRNSt7__cxx1112basic_stringIcSt11char_traitsIcESaIcEEEEJRPS0_iS7_EENSt15__invoke_resultIT_JDpT0_EE4typeEOSE_DpOSF_
FN:104,_ZSt10__invoke_rIvRSt5_BindIFM9aspthreadFviRNSt7__cxx1112basic_stringIcSt11char_traitsIcESaIcEEEEPS1_St12_PlaceholderILi1EESC_ILi2EEEEJiS8_EENSt9enable_ifIX16is_invocable_r_vIT_T0_DpT1_EESJ_E4typeEOSK_DpOSL_
FNDA:0,_ZSt10__invoke_rIvRSt5_BindIFM9aspthreadFviRNSt7__cxx1112basic_stringIcSt11char_traitsIcESaIcEEEEPS1_St12_PlaceholderILi1EESC_ILi2EEEEJiS8_EENSt9enable_ifIX16is_invocable_r_vIT_T0_DpT1_EESJ_E4typeEOSK_DpOSL_
DA:60,0
DA:61,0
DA:71,0
DA:74,0
DA:90,0
DA:96,0
DA:97,0
DA:104,0
DA:111,0
DA:117,0
end_of_record
SF:/usr/include/c++/11/bits/char_traits.h
FN:106,_ZN9__gnu_cxx11char_traitsIcE2eqERKcS3_
FNDA:0,_ZN9__gnu_cxx11char_traitsIcE2eqERKcS3_
FN:167,_ZN9__gnu_cxx11char_traitsIcE6lengthEPKc
FNDA:0,_ZN9__gnu_cxx11char_traitsIcE6lengthEPKc
FN:240,_ZN9__gnu_cxx11char_traitsIcE4copyEPcPKcm
FNDA:0,_ZN9__gnu_cxx11char_traitsIcE4copyEPcPKcm
FN:356,_ZNSt11char_traitsIcE6assignERcRKc
FNDA:0,_ZNSt11char_traitsIcE6assignERcRKc
FN:393,_ZNSt11char_traitsIcE6lengthEPKc
FNDA:0,_ZNSt11char_traitsIcE6lengthEPKc
FN:429,_ZNSt11char_traitsIcE4copyEPcPKcm
FNDA:0,_ZNSt11char_traitsIcE4copyEPcPKcm
DA:106,0
DA:107,0
DA:167,0
DA:170,0
DA:171,0
DA:172,0
DA:173,0
DA:240,0
DA:244,0
DA:245,0
DA:290,0
DA:356,0
DA:357,0
DA:393,0
DA:396,0
DA:397,0
DA:399,0
DA:429,0
DA:431,0
DA:432,0
DA:434,0
DA:435,0
DA:437,0
end_of_record
SF:/usr/include/c++/11/bits/stl_function.h
FN:399,_ZNKSt4lessIiEclERKiS2_
FNDA:0,_ZNKSt4lessIiEclERKiS2_
FN:1174,_ZNKSt10_Select1stISt4pairIKiiEEclERKS2_
FNDA:0,_ZNKSt10_Select1stISt4pairIKiiEEclERKS2_
DA:399,0
DA:400,0
DA:1174,0
DA:1175,0
end_of_record
SF:/usr/include/c++/11/typeinfo
FN:120,_ZNKSt9type_infoeqERKS_
FNDA:0,_ZNKSt9type_infoeqERKS_
DA:120,0
DA:122,0
DA:123,0
DA:124,0
end_of_record
SF:/usr/include/c++/11/bits/basic_string.h
FN:164,_ZNSt7__cxx1112basic_stringIcSt11char_traitsIcESaIcEE12_Alloc_hiderC2EPcRKS3_
FNDA:0,_ZNSt7__cxx1112basic_stringIcSt11char_traitsIcESaIcEE12_Alloc_hiderC2EPcRKS3_
FN:167,_ZNSt7__cxx1112basic_stringIcSt11char_traitsIcESaIcEE12_Alloc_hiderC2EPcOS3_
FNDA:0,_ZNSt7__cxx1112basic_stringIcSt11char_traitsIcESaIcEE12_Alloc_hiderC2EPcOS3_
FN:186,_ZNSt7__cxx1112basic_stringIcSt11char_traitsIcESaIcEE7_M_dataEPc
FNDA:0,_ZNSt7__cxx1112basic_stringIcSt11char_traitsIcESaIcEE7_M_dataEPc
FN:190,_ZNSt7__cxx1112basic_stringIcSt11char_traitsIcESaIcEE9_M_lengthEm
FNDA:0,_ZNSt7__cxx1112basic_stringIcSt11char_traitsIcESaIcEE9_M_lengthEm
FN:194,_ZNKSt7__cxx1112basic_stringIcSt11char_traitsIcESaIcEE7_M_dataEv
FNDA:0,_ZNKSt7__cxx1112basic_stringIcSt11char_traitsIcESaIcEE7_M_dataEv
FN:198,_ZNSt7__cxx1112basic_stringIcSt11char_traitsIcESaIcEE13_M_local_dataEv
FNDA:0,_ZNSt7__cxx1112basic_stringIcSt11char_traitsIcESaIcEE13_M_local_dataEv
FN:208,_ZNKSt7__cxx1112basic_stringIcSt11char_traitsIcESaIcEE13_M_local_dataEv
FNDA:0,_ZNKSt7__cxx1112basic_stringIcSt11char_traitsIcESaIcEE13_M_local_dataEv
FN:218,_ZNSt7__cxx1112basic_stringIcSt11char_traitsIcESaIcEE11_M_capacityEm
FNDA:0,_ZNSt7__cxx1112basic_stringIcSt11char_traitsIcESaIcEE11_M_capacityEm
FN:222,_ZNSt7__cxx1112basic_stringIcSt11char_traitsIcESaIcEE13_M_set_lengthEm
FNDA:0,_ZNSt7__cxx1112basic_stringIcSt11char_traitsIcESaIcEE13_M_set_lengthEm
FN:229,_ZNKSt7__cxx1112basic_stringIcSt11char_traitsIcESaIcEE11_M_is_localEv
FNDA:0,_ZNKSt7__cxx1112basic_stringIcSt11char_traitsIcESaIcEE11_M_is_localEv
FN:237,_ZNSt7__cxx1112basic_stringIcSt11char_traitsIcESaIcEE10_M_disposeEv
FNDA:0,_ZNSt7__cxx1112basic_stringIcSt11char_traitsIcESaIcEE10_M_disposeEv
FN:244,_ZNSt7__cxx1112basic_stringIcSt11char_traitsIcESaIcEE10_M_destroyEm
FNDA:0,_ZNSt7__cxx1112basic_stringIcSt11char_traitsIcESaIcEE10_M_destroyEm
FN:251,_ZNSt7__cxx1112basic_stringIcSt11char_traitsIcESaIcEE16_M_construct_auxIPcEEvT_S7_St12__false_type
FNDA:0,_ZNSt7__cxx1112basic_stringIcSt11char_traitsIcESaIcEE16_M_construct_auxIPcEEvT_S7_St12__false_type
FN:271,_ZNSt7__cxx1112basic_stringIcSt11char_traitsIcESaIcEE12_M_constructIPcEEvT_S7_
FNDA:0,_ZNSt7__cxx1112basic_stringIcSt11char_traitsIcESaIcEE12_M_constructIPcEEvT_S7_
FN:294,_ZNSt7__cxx1112basic_stringIcSt11char_traitsIcESaIcEE16_M_get_allocatorEv
FNDA:0,_ZNSt7__cxx1112basic_stringIcSt11char_traitsIcESaIcEE16_M_get_allocatorEv
FN:298,_ZNKSt7__cxx1112basic_stringIcSt11char_traitsIcESaIcEE16_M_get_allocatorEv
FNDA:0,_ZNKSt7__cxx1112basic_stringIcSt11char_traitsIcESaIcEE16_M_get_allocatorEv
FN:354,_ZNSt7__cxx1112basic_stringIcSt11char_traitsIcESaIcEE7_S_copyEPcPKcm
FNDA:0,_ZNSt7__cxx1112basic_stringIcSt11char_traitsIcESaIcEE7_S_copyEPcPKcm
FN:400,_ZNSt7__cxx1112basic_stringIcSt11char_traitsIcESaIcEE13_S_copy_charsEPcS5_S5_
FNDA:0,_ZNSt7__cxx1112basic_stringIcSt11char_traitsIcESaIcEE13_S_copy_charsEPcS5_S5_
FN:404,_ZNSt7__cxx1112basic_stringIcSt11char_traitsIcESaIcEE13_S_copy_charsEPcPKcS7_
FNDA:0,_ZNSt7__cxx1112basic_stringIcSt11char_traitsIcESaIcEE13_S_copy_charsEPcPKcS7_
FN:456,_ZNSt7__cxx1112basic_stringIcSt11char_traitsIcESaIcEEC2ERKS4_
FNDA:0,_ZNSt7__cxx1112basic_stringIcSt11char_traitsIcESaIcEEC2ERKS4_
FN:533,_ZNSt7__cxx1112basic_stringIcSt11char_traitsIcESaIcEEC2IS3_EEPKcRKS3_
FNDA:0,_ZNSt7__cxx1112basic_stringIcSt11char_traitsIcESaIcEEC2IS3_EEPKcRKS3_
FN:565,_ZNSt7__cxx1112basic_stringIcSt11char_traitsIcESaIcEEC2EOS4_
FNDA:31,_ZNSt7__cxx1112basic_stringIcSt11char_traitsIcESaIcEEC2EOS4_
FN:671,_ZNSt7__cxx1112basic_stringIcSt11char_traitsIcESaIcEED2Ev
FNDA:0,_ZNSt7__cxx1112basic_stringIcSt11char_traitsIcESaIcEED2Ev
FN:926,_ZNKSt7__cxx1112basic_stringIcSt11char_traitsIcESaIcEE6lengthEv
FNDA:0,_ZNKSt7__cxx1112basic_stringIcSt11char_traitsIcESaIcEE6lengthEv
FN:931,_ZNKSt7__cxx1112basic_stringIcSt11char_traitsIcESaIcEE8max_sizeEv
FNDA:0,_ZNKSt7__cxx1112basic_stringIcSt11char_traitsIcESaIcEE8max_sizeEv
FN:2320,_ZNKSt7__cxx1112basic_stringIcSt11char_traitsIcESaIcEE5c_strEv
FNDA:0,_ZNKSt7__cxx1112basic_stringIcSt11char_traitsIcESaIcEE5c_strEv
DA:164,0
DA:165,0
DA:167,0
DA:168,0
DA:186,0
DA:187,0
DA:190,0
DA:191,0
DA:194,0
DA:195,0
DA:198,0
DA:201,0
DA:208,0
DA:211,0
DA:218,0
DA:219,0
DA:222,0
DA:224,0
DA:225,0
DA:226,0
DA:229,0
DA:230,0
DA:237,0
DA:239,0
DA:240,0
DA:241,0
DA:244,0
DA:245,0
DA:251,0
DA:255,0
DA:256,0
DA:271,0
DA:274,0
DA:275,0
DA:294,0
DA:295,0
DA:298,0
DA:299,0
DA:354,0
DA:356,0
DA:357,0
DA:359,0
DA:360,0
DA:400,0
DA:401,0
DA:404,0
DA:406,0
DA:456,0
DA:457,0
DA:458,0
DA:459,0
DA:533,0
DA:534,0
DA:536,0
DA:539,0
DA:540,0
DA:565,31
DA:566,31
DA:568,31
DA:570,29
DA:575,2
DA:576,2
DA:582,31
DA:583,31
DA:584,31
DA:585,31
DA:671,0
DA:672,0
DA:926,0
DA:927,0
DA:931,0
DA:932,0
DA:2320,0
DA:2321,0
end_of_record
SF:/usr/include/c++/11/bits/cpp_type_traits.h
FN:560,_ZSt12__miter_baseIPKcET_S2_
FNDA:0,_ZSt12__miter_baseIPKcET_S2_
DA:560,0
DA:561,0
end_of_record
SF:/usr/include/c++/11/type_traits
FN:3418,_ZSt21is_constant_evaluatedv
FNDA:0,_ZSt21is_constant_evaluatedv
DA:3418,0
DA:3419,0
end_of_record
SF:/usr/include/c++/11/bits/allocator.h
FN:156,_ZNSaINSt7__cxx1112basic_stringIcSt11char_traitsIcESaIcEEEEC2Ev
FNDA:14,_ZNSaINSt7__cxx1112basic_stringIcSt11char_traitsIcESaIcEEEEC2Ev
FN:156,_ZNSaI21waitableMessageSourceEC2Ev
FNDA:0,_ZNSaI21waitableMessageSourceEC2Ev
FN:156,_ZNSaI14waitable_timerEC2Ev
FNDA:0,_ZNSaI14waitable_timerEC2Ev
FN:156,_ZNSaISt13_Rb_tree_nodeISt4pairIKiiEEEC2Ev
FNDA:0,_ZNSaISt13_Rb_tree_nodeISt4pairIKiiEEEC2Ev
FN:156,_ZNSaI4wfmoEC2Ev
FNDA:0,_ZNSaI4wfmoEC2Ev
FN:156,_ZNSaI14postable_timerEC2Ev
FNDA:0,_ZNSaI14postable_timerEC2Ev
FN:159,_ZNSaI14postable_timerEC2ERKS0_
FNDA:0,_ZNSaI14postable_timerEC2ERKS0_
FN:159,_ZNSaI4wfmoEC2ERKS0_
FNDA:0,_ZNSaI4wfmoEC2ERKS0_
FN:159,_ZNSaI14waitable_timerEC2ERKS0_
FNDA:0,_ZNSaI14waitable_timerEC2ERKS0_
FN:159,_ZNSaI21waitableMessageSourceEC2ERKS0_
FNDA:0,_ZNSaI21waitableMessageSourceEC2ERKS0_
FN:159,_ZNSaISt13_Rb_tree_nodeISt4pairIKiiEEEC2ERKS4_
FNDA:0,_ZNSaISt13_Rb_tree_nodeISt4pairIKiiEEEC2ERKS4_
FN:169,_ZNSaISt23_Sp_counted_ptr_inplaceI21waitableMessageSourceSaIS0_ELN9__gnu_cxx12_Lock_policyE2EEEC2IS0_EERKSaIT_E
FNDA:0,_ZNSaISt23_Sp_counted_ptr_inplaceI21waitableMessageSourceSaIS0_ELN9__gnu_cxx12_Lock_policyE2EEEC2IS0_EERKSaIT_E
FN:169,_ZNSaISt23_Sp_counted_ptr_inplaceI14waitable_timerSaIS0_ELN9__gnu_cxx12_Lock_policyE2EEEC2IS0_EERKSaIT_E
FNDA:0,_ZNSaISt23_Sp_counted_ptr_inplaceI14waitable_timerSaIS0_ELN9__gnu_cxx12_Lock_policyE2EEEC2IS0_EERKSaIT_E
FN:169,_ZNSaISt23_Sp_counted_ptr_inplaceI4wfmoSaIS0_ELN9__gnu_cxx12_Lock_policyE2EEEC2IS0_EERKSaIT_E
FNDA:0,_ZNSaISt23_Sp_counted_ptr_inplaceI4wfmoSaIS0_ELN9__gnu_cxx12_Lock_policyE2EEEC2IS0_EERKSaIT_E
FN:169,_ZNSaISt23_Sp_counted_ptr_inplaceI14postable_timerSaIS0_ELN9__gnu_cxx12_Lock_policyE2EEEC2IS0_EERKSaIT_E
FNDA:0,_ZNSaISt23_Sp_counted_ptr_inplaceI14postable_timerSaIS0_ELN9__gnu_cxx12_Lock_policyE2EEEC2IS0_EERKSaIT_E
FN:174,_ZNSaI14postable_timerED2Ev
FNDA:0,_ZNSaI14postable_timerED2Ev
FN:174,_ZNSaI4wfmoED2Ev
FNDA:0,_ZNSaI4wfmoED2Ev
FN:174,_ZNSaISt23_Sp_counted_ptr_inplaceI21waitableMessageSourceSaIS0_ELN9__gnu_cxx12_Lock_policyE2EEED2Ev
FNDA:0,_ZNSaISt23_Sp_counted_ptr_inplaceI21waitableMessageSourceSaIS0_ELN9__gnu_cxx12_Lock_policyE2EEED2Ev
FN:174,_ZNSaI14waitable_timerED2Ev
FNDA:0,_ZNSaI14waitable_timerED2Ev
FN:174,_ZNSaISt23_Sp_counted_ptr_inplaceI14waitable_timerSaIS0_ELN9__gnu_cxx12_Lock_policyE2EEED2Ev
FNDA:0,_ZNSaISt23_Sp_counted_ptr_inplaceI14waitable_timerSaIS0_ELN9__gnu_cxx12_Lock_policyE2EEED2Ev
FN:174,_ZNSaI21waitableMessageSourceED2Ev
FNDA:0,_ZNSaI21waitableMessageSourceED2Ev
FN:174,_ZNSaISt23_Sp_counted_ptr_inplaceI4wfmoSaIS0_ELN9__gnu_cxx12_Lock_policyE2EEED2Ev
FNDA:0,_ZNSaISt23_Sp_counted_ptr_inplaceI4wfmoSaIS0_ELN9__gnu_cxx12_Lock_policyE2EEED2Ev
FN:174,_ZNSaISt23_Sp_counted_ptr_inplaceI14postable_timerSaIS0_ELN9__gnu_cxx12_Lock_policyE2EEED2Ev
FNDA:0,_ZNSaISt23_Sp_counted_ptr_inplaceI14postable_timerSaIS0_ELN9__gnu_cxx12_Lock_policyE2EEED2Ev
FN:174,_ZNSaISt13_Rb_tree_nodeISt4pairIKiiEEED2Ev
FNDA:0,_ZNSaISt13_Rb_tree_nodeISt4pairIKiiEEED2Ev
FN:174,_ZNSaINSt7__cxx1112basic_stringIcSt11char_traitsIcESaIcEEEED2Ev
FNDA:20,_ZNSaINSt7__cxx1112basic_stringIcSt11char_traitsIcESaIcEEEED2Ev
DA:156,0
DA:156,0
DA:156,0
DA:156,0
DA:156,0
DA:156,14
DA:159,0
DA:160,0
DA:159,0
DA:160,0
DA:159,0
DA:160,0
DA:159,0
DA:160,0
DA:159,0
DA:160,0
DA:169,0
DA:169,0
DA:169,0
DA:169,0
DA:174,0
DA:174,0
DA:174,0
DA:174,0
DA:174,0
DA:174,0
DA:174,0
DA:174,0
DA:174,0
DA:174,20
DA:182,11
DA:183,0
DA:185,11
DA:193,11
DA:195,0
DA:196,0
DA:199,11
end_of_record
SF:/home/yackey/projects/waitables/vpgnixApp/src/aspthread.cpp
FN:20,_ZN9aspthreadC2ESt10shared_ptrI14waitable_eventES0_I7ILoggerE
FNDA:1,_ZN9aspthreadC2ESt10shared_ptrI14waitable_eventES0_I7ILoggerE
FN:27,_ZN9aspthread5startEv
FNDA:0,_ZN9aspthread5startEv
FN:40,_ZN9aspthread3runEiRNSt7__cxx1112basic_stringIcSt11char_traitsIcESaIcEEE
FNDA:0,_ZN9aspthread3runEiRNSt7__cxx1112basic_stringIcSt11char_traitsIcESaIcEEE
FN:104,_ZN9aspthread19handleWaitableTimerEv
FNDA:0,_ZN9aspthread19handleWaitableTimerEv
FN:119,_ZN9aspthread4stopEv
FNDA:0,_ZN9aspthread4stopEv
FN:154,_ZN9aspthread16postSomeMessagesEv
FNDA:0,_ZN9aspthread16postSomeMessagesEv
DA:20,1
DA:21,1
DA:22,1
DA:23,1
DA:24,1
DA:25,1
DA:27,0
DA:28,0
DA:29,0
DA:30,0
DA:31,0
DA:32,0
DA:33,0
DA:34,0
DA:35,0
DA:36,0
DA:37,0
DA:38,0
DA:40,0
DA:41,0
DA:44,0
DA:45,0
DA:46,0
DA:48,0
DA:49,0
DA:54,0
DA:55,0
DA:57,0
DA:59,0
DA:60,0
DA:61,0
DA:64,0
DA:65,0
DA:66,0
DA:68,0
DA:69,0
DA:71,0
DA:72,0
DA:73,0
DA:75,0
DA:76,0
DA:78,0
DA:79,0
DA:80,0
DA:81,0
DA:84,0
DA:85,0
DA:86,0
DA:87,0
DA:88,0
DA:89,0
DA:90,0
DA:92,0
DA:94,0
DA:97,0
DA:99,0
DA:100,0
DA:101,0
DA:102,0
DA:104,0
DA:105,0
DA:106,0
DA:107,0
DA:108,0
DA:109,0
DA:111,0
DA:114,0
DA:115,0
DA:117,0
DA:119,0
DA:120,0
DA:121,0
DA:122,0
DA:123,0
DA:125,0
DA:126,0
DA:128,0
DA:131,0
DA:133,0
DA:134,0
DA:135,0
DA:136,0
DA:138,0
DA:139,0
DA:140,0
DA:141,0
DA:142,0
DA:144,0
DA:146,0
DA:149,0
DA:150,0
DA:151,0
DA:152,0
DA:154,0
DA:155,0
DA:156,0
DA:157,0
DA:158,0
DA:159,0
DA:160,0
DA:162,0
end_of_record
SF:/home/yackey/projects/waitables/vpgnixApp/include/aspthread.h
FN:19,_ZN9aspthreadD0Ev
FNDA:0,_ZN9aspthreadD0Ev
FN:19,_ZN9aspthreadD2Ev
FNDA:1,_ZN9aspthreadD2Ev
DA:19,0
DA:19,1
end_of_record
SF:/usr/include/c++/11/functional
FN:363,_ZNVKSt3_MuISt12_PlaceholderILi2EELb0ELb1EEclISt5tupleIJOiRNSt7__cxx1112basic_stringIcSt11char_traitsIcESaIcEEEEEEEONSt9enable_ifIXltLm1EsrSt10tuple_sizeIT_E5valueESt13tuple_elementILm1ESG_EE4type4typeERVKS1_RSG_
FNDA:0,_ZNVKSt3_MuISt12_PlaceholderILi2EELb0ELb1EEclISt5tupleIJOiRNSt7__cxx1112basic_stringIcSt11char_traitsIcESaIcEEEEEEEONSt9enable_ifIXltLm1EsrSt10tuple_sizeIT_E5valueESt13tuple_elementILm1ESG_EE4type4typeERVKS1_RSG_
FN:363,_ZNVKSt3_MuISt12_PlaceholderILi1EELb0ELb1EEclISt5tupleIJOiRNSt7__cxx1112basic_stringIcSt11char_traitsIcESaIcEEEEEEEONSt9enable_ifIXltLm0EsrSt10tuple_sizeIT_E5valueESt13tuple_elementILm0ESG_EE4type4typeERVKS1_RSG_
FNDA:0,_ZNVKSt3_MuISt12_PlaceholderILi1EELb0ELb1EEclISt5tupleIJOiRNSt7__cxx1112basic_stringIcSt11char_traitsIcESaIcEEEEEEEONSt9enable_ifIXltLm0EsrSt10tuple_sizeIT_E5valueESt13tuple_elementILm0ESG_EE4type4typeERVKS1_RSG_
FN:382,_ZNVKSt3_MuIP9aspthreadLb0ELb0EEclIRS1_St5tupleIJOiRNSt7__cxx1112basic_stringIcSt11char_traitsIcESaIcEEEEEEEOT_SG_RT0_
FNDA:0,_ZNVKSt3_MuIP9aspthreadLb0ELb0EEclIRS1_St5tupleIJOiRNSt7__cxx1112basic_stringIcSt11char_traitsIcESaIcEEEEEEEOT_SG_RT0_
FN:418,_ZNSt5_BindIFM9aspthreadFviRNSt7__cxx1112basic_stringIcSt11char_traitsIcESaIcEEEEPS0_St12_PlaceholderILi1EESB_ILi2EEEE6__callIvJOiS7_EJLm0ELm1ELm2EEEET_OSt5tupleIJDpT0_EESt12_Index_tupleIJXspT1_EEE
FNDA:0,_ZNSt5_BindIFM9aspthreadFviRNSt7__cxx1112basic_stringIcSt11char_traitsIcESaIcEEEEPS0_St12_PlaceholderILi1EESB_ILi2EEEE6__callIvJOiS7_EJLm0ELm1ELm2EEEET_OSt5tupleIJDpT0_EESt12_Index_tupleIJXspT1_EEE
FN:489,_ZNSt5_BindIFM9aspthreadFviRNSt7__cxx1112basic_stringIcSt11char_traitsIcESaIcEEEEPS0_St12_PlaceholderILi1EESB_ILi2EEEEC2IJSA_RKSC_RKSD_EEEOS9_DpOT_
FNDA:0,_ZNSt5_BindIFM9aspthreadFviRNSt7__cxx1112basic_stringIcSt11char_traitsIcESaIcEEEEPS0_St12_PlaceholderILi1EESB_ILi2EEEEC2IJSA_RKSC_RKSD_EEEOS9_DpOT_
FN:494,_ZNSt5_BindIFM9aspthreadFviRNSt7__cxx1112basic_stringIcSt11char_traitsIcESaIcEEEEPS0_St12_PlaceholderILi1EESB_ILi2EEEEC2EOSF_
FNDA:0,_ZNSt5_BindIFM9aspthreadFviRNSt7__cxx1112basic_stringIcSt11char_traitsIcESaIcEEEEPS0_St12_PlaceholderILi1EESB_ILi2EEEEC2EOSF_
FN:501,_ZNSt5_BindIFM9aspthreadFviRNSt7__cxx1112basic_stringIcSt11char_traitsIcESaIcEEEEPS0_St12_PlaceholderILi1EESB_ILi2EEEEclIJiS7_EvEET0_DpOT_
FNDA:0,_ZNSt5_BindIFM9aspthreadFviRNSt7__cxx1112basic_stringIcSt11char_traitsIcESaIcEEEEPS0_St12_PlaceholderILi1EESB_ILi2EEEEclIJiS7_EvEET0_DpOT_
[...]
DA:152,0
DA:153,0
DA:152,0
DA:153,0
end_of_record
SF:/usr/include/c++/11/bits/basic_string.tcc
FN:132,_ZNSt7__cxx1112basic_stringIcSt11char_traitsIcESaIcEE9_M_createERmm
FNDA:0,_ZNSt7__cxx1112basic_stringIcSt11char_traitsIcESaIcEE9_M_createERmm
FN:206,_ZNSt7__cxx1112basic_stringIcSt11char_traitsIcESaIcEE12_M_constructIPcEEvT_S7_St20forward_iterator_tag
FNDA:0,_ZNSt7__cxx1112basic_stringIcSt11char_traitsIcESaIcEE12_M_constructIPcEEvT_S7_St20forward_iterator_tag
FN:206,_ZNSt7__cxx1112basic_stringIcSt11char_traitsIcESaIcEE12_M_constructIPKcEEvT_S8_St20forward_iterator_tag
FNDA:0,_ZNSt7__cxx1112basic_stringIcSt11char_traitsIcESaIcEE12_M_constructIPKcEEvT_S8_St20forward_iterator_tag
DA:132,0
DA:137,0
DA:138,0
DA:143,0
DA:145,0
DA:147,0
DA:148,0
DA:153,0
DA:206,0
DA:211,0
DA:212,0
DA:215,0
DA:217,0
DA:219,0
DA:220,0
DA:225,0
DA:232,0
DA:233,0
DA:206,0
DA:211,0
DA:212,0
DA:215,0
DA:217,0
DA:219,0
DA:220,0
DA:225,0
DA:232,0
DA:233,0
end_of_record
SF:/usr/include/c++/11/bits/stl_pair.h
FN:322,_ZNSt4pairIPSt18_Rb_tree_node_baseS1_EC2IRS1_Lb1EEEOT_RKS1_
FNDA:0,_ZNSt4pairIPSt18_Rb_tree_node_baseS1_EC2IRS1_Lb1EEEOT_RKS1_
FN:322,_ZNSt4pairIiiEC2IiLb1EEEOT_RKi
FNDA:0,_ZNSt4pairIiiEC2IiLb1EEEOT_RKi
FN:352,_ZNSt4pairIPSt18_Rb_tree_node_baseS1_EC2IRPSt13_Rb_tree_nodeIS_IKiiEERS1_Lb1EEEOT_OT0_
FNDA:0,_ZNSt4pairIPSt18_Rb_tree_node_baseS1_EC2IRPSt13_Rb_tree_nodeIS_IKiiEERS1_Lb1EEEOT_OT0_
FN:352,_ZNSt4pairISt17_Rb_tree_iteratorIS_IKiiEEbEC2IS3_bLb1EEEOT_OT0_
FNDA:0,_ZNSt4pairISt17_Rb_tree_iteratorIS_IKiiEEbEC2IS3_bLb1EEEOT_OT0_
FN:352,_ZNSt4pairIiiEC2IiiLb1EEEOT_OT0_
FNDA:0,_ZNSt4pairIiiEC2IiiLb1EEEOT_OT0_
FN:371,_ZNSt4pairIKiiEC2IiiLb1EEEOS_IT_T0_E
FNDA:0,_ZNSt4pairIKiiEC2IiiLb1EEEOS_IT_T0_E
DA:322,0
DA:323,0
DA:322,0
DA:323,0
DA:352,0
DA:353,0
DA:352,0
DA:353,0
DA:352,0
DA:353,0
DA:371,0
DA:372,0
DA:373,0
end_of_record
SF:/usr/include/c++/11/bits/alloc_traits.h
FN:463,_ZNSt16allocator_traitsISaIcEE8allocateERS0_m
FNDA:0,_ZNSt16allocator_traitsISaIcEE8allocateERS0_m
FN:463,_ZNSt16allocator_traitsISaISt13_Rb_tree_nodeISt4pairIKiiEEEE8allocateERS5_m
FNDA:0,_ZNSt16allocator_traitsISaISt13_Rb_tree_nodeISt4pairIKiiEEEE8allocateERS5_m
FN:463,_ZNSt16allocator_traitsISaISt23_Sp_counted_ptr_inplaceI19waitableMessageSinkSaIS1_ELN9__gnu_cxx12_Lock_policyE2EEEE8allocateERS6_m
FNDA:0,_ZNSt16allocator_traitsISaISt23_Sp_counted_ptr_inplaceI19waitableMessageSinkSaIS1_ELN9__gnu_cxx12_Lock_policyE2EEEE8allocateERS6_m
FN:463,_ZNSt16allocator_traitsISaISt23_Sp_counted_ptr_inplaceI4wfmoSaIS1_ELN9__gnu_cxx12_Lock_policyE2EEEE8allocateERS6_m
FNDA:0,_ZNSt16allocator_traitsISaISt23_Sp_counted_ptr_inplaceI4wfmoSaIS1_ELN9__gnu_cxx12_Lock_policyE2EEEE8allocateERS6_m
FN:495,_ZNSt16allocator_traitsISaIcEE10deallocateERS0_Pcm
FNDA:0,_ZNSt16allocator_traitsISaIcEE10deallocateERS0_Pcm
FN:495,_ZNSt16allocator_traitsISaISt13_Rb_tree_nodeISt4pairIKiiEEEE10deallocateERS5_PS4_m
FNDA:0,_ZNSt16allocator_traitsISaISt13_Rb_tree_nodeISt4pairIKiiEEEE10deallocateERS5_PS4_m
FN:495,_ZNSt16allocator_traitsISaISt23_Sp_counted_ptr_inplaceI19waitableMessageSinkSaIS1_ELN9__gnu_cxx12_Lock_policyE2EEEE10deallocateERS6_PS5_m
FNDA:0,_ZNSt16allocator_traitsISaISt23_Sp_counted_ptr_inplaceI19waitableMessageSinkSaIS1_ELN9__gnu_cxx12_Lock_policyE2EEEE10deallocateERS6_PS5_m
FN:495,_ZNSt16allocator_traitsISaISt23_Sp_counted_ptr_inplaceI4wfmoSaIS1_ELN9__gnu_cxx12_Lock_policyE2EEEE10deallocateERS6_PS5_m
FNDA:0,_ZNSt16allocator_traitsISaISt23_Sp_counted_ptr_inplaceI4wfmoSaIS1_ELN9__gnu_cxx12_Lock_policyE2EEEE10deallocateERS6_PS5_m
FN:511,_ZNSt16allocator_traitsISaI19waitableMessageSinkEE9constructIS0_JRNSt7__cxx1112basic_stringIcSt11char_traitsIcESaIcEEERKiRSt10shared_ptrI7ILoggerEEEEvRS1_PT_DpOT0_
FNDA:0,_ZNSt16allocator_traitsISaI19waitableMessageSinkEE9constructIS0_JRNSt7__cxx1112basic_stringIcSt11char_traitsIcESaIcEEERKiRSt10shared_ptrI7ILoggerEEEEvRS1_PT_DpOT0_
FN:511,_ZNSt16allocator_traitsISaI4wfmoEE9constructIS0_JRSt3mapIiiSt4lessIiESaISt4pairIKiiEEEEEEvRS1_PT_DpOT0_
FNDA:0,_ZNSt16allocator_traitsISaI4wfmoEE9constructIS0_JRSt3mapIiiSt4lessIiESaISt4pairIKiiEEEEEEvRS1_PT_DpOT0_
FN:511,_ZNSt16allocator_traitsISaISt13_Rb_tree_nodeISt4pairIKiiEEEE9constructIS3_JS1_IiiEEEEvRS5_PT_DpOT0_
FNDA:0,_ZNSt16allocator_traitsISaISt13_Rb_tree_nodeISt4pairIKiiEEEE9constructIS3_JS1_IiiEEEEvRS5_PT_DpOT0_
FN:511,_ZNSt16allocator_traitsISaISt13_Rb_tree_nodeISt4pairIKiiEEEE9constructIS3_JRKS3_EEEvRS5_PT_DpOT0_
FNDA:0,_ZNSt16allocator_traitsISaISt13_Rb_tree_nodeISt4pairIKiiEEEE9constructIS3_JRKS3_EEEvRS5_PT_DpOT0_
FN:531,_ZNSt16allocator_traitsISaISt13_Rb_tree_nodeISt4pairIKiiEEEE7destroyIS3_EEvRS5_PT_
FNDA:0,_ZNSt16allocator_traitsISaISt13_Rb_tree_nodeISt4pairIKiiEEEE7destroyIS3_EEvRS5_PT_
FN:531,_ZNSt16allocator_traitsISaI4wfmoEE7destroyIS0_EEvRS1_PT_
FNDA:0,_ZNSt16allocator_traitsISaI4wfmoEE7destroyIS0_EEvRS1_PT_
FN:531,_ZNSt16allocator_traitsISaI19waitableMessageSinkEE7destroyIS0_EEvRS1_PT_
FNDA:0,_ZNSt16allocator_traitsISaI19waitableMessageSinkEE7destroyIS0_EEvRS1_PT_
FN:547,_ZNSt16allocator_traitsISaIcEE8max_sizeERKS0_
FNDA:0,_ZNSt16allocator_traitsISaIcEE8max_sizeERKS0_
FN:562,_ZNSt16allocator_traitsISaISt13_Rb_tree_nodeISt4pairIKiiEEEE37select_on_container_copy_constructionERKS5_
FNDA:0,_ZNSt16allocator_traitsISaISt13_Rb_tree_nodeISt4pairIKiiEEEE37select_on_container_copy_constructionERKS5_
FN:562,_ZNSt16allocator_traitsISaIcEE37select_on_container_copy_constructionERKS0_
FNDA:0,_ZNSt16allocator_traitsISaIcEE37select_on_container_copy_constructionERKS0_
DA:463,0
DA:464,0
DA:463,0
DA:464,0
DA:463,0
DA:464,0
DA:463,0
DA:464,0
DA:495,0
DA:496,0
DA:495,0
DA:496,0
DA:495,0
DA:496,0
DA:495,0
DA:496,0
DA:511,0
DA:518,0
DA:520,0
DA:511,0
DA:518,0
DA:520,0
DA:511,0
DA:518,0
DA:520,0
DA:511,0
DA:518,0
DA:520,0
DA:531,0
DA:537,0
DA:539,0
DA:531,0
DA:537,0
DA:539,0
DA:531,0
DA:537,0
DA:539,0
DA:547,0
DA:552,0
DA:562,0
DA:563,0
DA:562,0
DA:563,0
end_of_record
SF:/usr/include/c++/11/ext/new_allocator.h
FN:79,_ZN9__gnu_cxx13new_allocatorIcEC2Ev
FNDA:0,_ZN9__gnu_cxx13new_allocatorIcEC2Ev
FN:79,_ZN9__gnu_cxx13new_allocatorI19waitableMessageSinkEC2Ev
FNDA:0,_ZN9__gnu_cxx13new_allocatorI19waitableMessageSinkEC2Ev
FN:79,_ZN9__gnu_cxx13new_allocatorISt13_Rb_tree_nodeISt4pairIKiiEEEC2Ev
FNDA:0,_ZN9__gnu_cxx13new_allocatorISt13_Rb_tree_nodeISt4pairIKiiEEEC2Ev
FN:79,_ZN9__gnu_cxx13new_allocatorI4wfmoEC2Ev
FNDA:0,_ZN9__gnu_cxx13new_allocatorI4wfmoEC2Ev
FN:79,_ZN9__gnu_cxx13new_allocatorISt23_Sp_counted_ptr_inplaceI19waitableMessageSinkSaIS2_ELNS_12_Lock_policyE2EEEC2Ev
FNDA:0,_ZN9__gnu_cxx13new_allocatorISt23_Sp_counted_ptr_inplaceI19waitableMessageSinkSaIS2_ELNS_12_Lock_policyE2EEEC2Ev
FN:79,_ZN9__gnu_cxx13new_allocatorISt23_Sp_counted_ptr_inplaceI4wfmoSaIS2_ELNS_12_Lock_policyE2EEEC2Ev
FNDA:0,_ZN9__gnu_cxx13new_allocatorISt23_Sp_counted_ptr_inplaceI4wfmoSaIS2_ELNS_12_Lock_policyE2EEEC2Ev
FN:82,_ZN9__gnu_cxx13new_allocatorI19waitableMessageSinkEC2ERKS2_
FNDA:0,_ZN9__gnu_cxx13new_allocatorI19waitableMessageSinkEC2ERKS2_
FN:82,_ZN9__gnu_cxx13new_allocatorIcEC2ERKS1_
FNDA:0,_ZN9__gnu_cxx13new_allocatorIcEC2ERKS1_
FN:82,_ZN9__gnu_cxx13new_allocatorISt13_Rb_tree_nodeISt4pairIKiiEEEC2ERKS6_
FNDA:0,_ZN9__gnu_cxx13new_allocatorISt13_Rb_tree_nodeISt4pairIKiiEEEC2ERKS6_
FN:82,_ZN9__gnu_cxx13new_allocatorI4wfmoEC2ERKS2_
FNDA:0,_ZN9__gnu_cxx13new_allocatorI4wfmoEC2ERKS2_
FN:103,_ZN9__gnu_cxx13new_allocatorISt13_Rb_tree_nodeISt4pairIKiiEEE8allocateEmPKv
FNDA:0,_ZN9__gnu_cxx13new_allocatorISt13_Rb_tree_nodeISt4pairIKiiEEE8allocateEmPKv
FN:103,_ZN9__gnu_cxx13new_allocatorIcE8allocateEmPKv
FNDA:0,_ZN9__gnu_cxx13new_allocatorIcE8allocateEmPKv
FN:103,_ZN9__gnu_cxx13new_allocatorISt23_Sp_counted_ptr_inplaceI19waitableMessageSinkSaIS2_ELNS_12_Lock_policyE2EEE8allocateEmPKv
FNDA:0,_ZN9__gnu_cxx13new_allocatorISt23_Sp_counted_ptr_inplaceI19waitableMessageSinkSaIS2_ELNS_12_Lock_policyE2EEE8allocateEmPKv
FN:103,_ZN9__gnu_cxx13new_allocatorISt23_Sp_counted_ptr_inplaceI4wfmoSaIS2_ELNS_12_Lock_policyE2EEE8allocateEmPKv
FNDA:0,_ZN9__gnu_cxx13new_allocatorISt23_Sp_counted_ptr_inplaceI4wfmoSaIS2_ELNS_12_Lock_policyE2EEE8allocateEmPKv
FN:132,_ZN9__gnu_cxx13new_allocatorISt13_Rb_tree_nodeISt4pairIKiiEEE10deallocateEPS5_m
FNDA:0,_ZN9__gnu_cxx13new_allocatorISt13_Rb_tree_nodeISt4pairIKiiEEE10deallocateEPS5_m
FN:132,_ZN9__gnu_cxx13new_allocatorIcE10deallocateEPcm
FNDA:0,_ZN9__gnu_cxx13new_allocatorIcE10deallocateEPcm
FN:132,_ZN9__gnu_cxx13new_allocatorISt23_Sp_counted_ptr_inplaceI19waitableMessageSinkSaIS2_ELNS_12_Lock_policyE2EEE10deallocateEPS5_m
FNDA:0,_ZN9__gnu_cxx13new_allocatorISt23_Sp_counted_ptr_inplaceI19waitableMessageSinkSaIS2_ELNS_12_Lock_policyE2EEE10deallocateEPS5_m
FN:132,_ZN9__gnu_cxx13new_allocatorISt23_Sp_counted_ptr_inplaceI4wfmoSaIS2_ELNS_12_Lock_policyE2EEE10deallocateEPS5_m
FNDA:0,_ZN9__gnu_cxx13new_allocatorISt23_Sp_counted_ptr_inplaceI4wfmoSaIS2_ELNS_12_Lock_policyE2EEE10deallocateEPS5_m
FN:197,_ZNK9__gnu_cxx13new_allocatorISt13_Rb_tree_nodeISt4pairIKiiEEE11_M_max_sizeEv
FNDA:0,_ZNK9__gnu_cxx13new_allocatorISt13_Rb_tree_nodeISt4pairIKiiEEE11_M_max_sizeEv
FN:197,_ZNK9__gnu_cxx13new_allocatorISt23_Sp_counted_ptr_inplaceI19waitableMessageSinkSaIS2_ELNS_12_Lock_policyE2EEE11_M_max_sizeEv
FNDA:0,_ZNK9__gnu_cxx13new_allocatorISt23_Sp_counted_ptr_inplaceI19waitableMessageSinkSaIS2_ELNS_12_Lock_policyE2EEE11_M_max_sizeEv
FN:197,_ZNK9__gnu_cxx13new_allocatorIcE11_M_max_sizeEv
FNDA:0,_ZNK9__gnu_cxx13new_allocatorIcE11_M_max_sizeEv
FN:197,_ZNK9__gnu_cxx13new_allocatorISt23_Sp_counted_ptr_inplaceI4wfmoSaIS2_ELNS_12_Lock_policyE2EEE11_M_max_sizeEv
FNDA:0,_ZNK9__gnu_cxx13new_allocatorISt23_Sp_counted_ptr_inplaceI4wfmoSaIS2_ELNS_12_Lock_policyE2EEE11_M_max_sizeEv
DA:79,0
DA:79,0
DA:79,0
DA:79,0
DA:79,0
DA:79,0
DA:82,0
DA:82,0
DA:82,0
DA:82,0
DA:103,0
DA:111,0
DA:115,0
DA:116,0
DA:117,0
DA:127,0
DA:103,0
DA:111,0
DA:115,0
DA:116,0
DA:117,0
DA:127,0
DA:103,0
DA:111,0
DA:115,0
DA:116,0
DA:117,0
DA:127,0
DA:103,0
DA:111,0
DA:117,0
DA:127,0
DA:132,0
DA:145,0
DA:132,0
DA:145,0
DA:132,0
DA:145,0
DA:132,0
DA:145,0
DA:197,0
DA:200,0
DA:197,0
DA:200,0
DA:197,0
DA:200,0
DA:197,0
DA:200,0
end_of_record
SF:/usr/include/c++/11/ext/atomicity.h
DA:52,0
DA:66,0
DA:71,0
DA:84,0
DA:85,0
DA:86,0
DA:92,0
DA:98,0
DA:99,0
DA:101,0
DA:108,0
DA:112,0
end_of_record
SF:/usr/include/c++/11/bits/std_function.h
FN:85,_ZNSt9_Any_data9_M_accessEv
FNDA:0,_ZNSt9_Any_data9_M_accessEv
FN:86,_ZNKSt9_Any_data9_M_accessEv
FNDA:0,_ZNKSt9_Any_data9_M_accessEv
FN:90,_ZNSt9_Any_data9_M_accessIPSt5_BindIFM10corethreadFviRNSt7__cxx1112basic_stringIcSt11char_traitsIcESaIcEEEEPS2_St12_PlaceholderILi1EESD_ILi2EEEEEERT_v
FNDA:0,_ZNSt9_Any_data9_M_accessIPSt5_BindIFM10corethreadFviRNSt7__cxx1112basic_stringIcSt11char_traitsIcESaIcEEEEPS2_St12_PlaceholderILi1EESD_ILi2EEEEEERT_v
FN:90,_ZNSt9_Any_data9_M_accessIPKSt9type_infoEERT_v
FNDA:0,_ZNSt9_Any_data9_M_accessIPKSt9type_infoEERT_v
FN:95,_ZNKSt9_Any_data9_M_accessIPSt5_BindIFM10corethreadFviRNSt7__cxx1112basic_stringIcSt11char_traitsIcESaIcEEEEPS2_St12_PlaceholderILi1EESD_ILi2EEEEEERKT_v
FNDA:0,_ZNKSt9_Any_data9_M_accessIPSt5_BindIFM10corethreadFviRNSt7__cxx1112basic_stringIcSt11char_traitsIcESaIcEEEEPS2_St12_PlaceholderILi1EESD_ILi2EEEEEERKT_v
FN:134,_ZNSt14_Function_base13_Base_managerISt5_BindIFM10corethreadFviRNSt7__cxx1112basic_stringIcSt11char_traitsIcESaIcEEEEPS2_St12_PlaceholderILi1EESD_ILi2EEEEE14_M_get_pointerERKSt9_Any_data
FNDA:0,_ZNSt14_Function_base13_Base_managerISt5_BindIFM10corethreadFviRNSt7__cxx1112basic_stringIcSt11char_traitsIcESaIcEEEEPS2_St12_PlaceholderILi1EESD_ILi2EEEEE14_M_get_pointerERKSt9_Any_data
FN:158,_ZNSt14_Function_base13_Base_managerISt5_BindIFM10corethreadFviRNSt7__cxx1112basic_stringIcSt11char_traitsIcESaIcEEEEPS2_St12_PlaceholderILi1EESD_ILi2EEEEE9_M_createIRKSH_EEvRSt9_Any_dataOT_St17integral_constantIbLb0EE
FNDA:0,_ZNSt14_Function_base13_Base_managerISt5_BindIFM10corethreadFviRNSt7__cxx1112basic_stringIcSt11char_traitsIcESaIcEEEEPS2_St12_PlaceholderILi1EESD_ILi2EEEEE9_M_createIRKSH_EEvRSt9_Any_dataOT_St17integral_constantIbLb0EE
FN:158,_ZNSt14_Function_base13_Base_managerISt5_BindIFM10corethreadFviRNSt7__cxx1112basic_stringIcSt11char_traitsIcESaIcEEEEPS2_St12_PlaceholderILi1EESD_ILi2EEEEE9_M_createISH_EEvRSt9_Any_dataOT_St17integral_constantIbLb0EE
FNDA:0,_ZNSt14_Function_base13_Base_managerISt5_BindIFM10corethreadFviRNSt7__cxx1112basic_stringIcSt11char_traitsIcESaIcEEEEPS2_St12_PlaceholderILi1EESD_ILi2EEEEE9_M_createISH_EEvRSt9_Any_dataOT_St17integral_constantIbLb0EE
FN:173,_ZNSt14_Function_base13_Base_managerISt5_BindIFM10corethreadFviRNSt7__cxx1112basic_stringIcSt11char_traitsIcESaIcEEEEPS2_St12_PlaceholderILi1EESD_ILi2EEEEE10_M_destroyERSt9_Any_dataSt17integral_constantIbLb0EE
FNDA:0,_ZNSt14_Function_base13_Base_managerISt5_BindIFM10corethreadFviRNSt7__cxx1112basic_stringIcSt11char_traitsIcESaIcEEEEPS2_St12_PlaceholderILi1EESD_ILi2EEEEE10_M_destroyERSt9_Any_dataSt17integral_constantIbLb0EE
FN:180,_ZNSt14_Function_base13_Base_managerISt5_BindIFM10corethreadFviRNSt7__cxx1112basic_stringIcSt11char_traitsIcESaIcEEEEPS2_St12_PlaceholderILi1EESD_ILi2EEEEE10_M_managerERSt9_Any_dataRKSJ_St18_Manager_operation
FNDA:0,_ZNSt14_Function_base13_Base_managerISt5_BindIFM10corethreadFviRNSt7__cxx1112basic_stringIcSt11char_traitsIcESaIcEEEEPS2_St12_PlaceholderILi1EESD_ILi2EEEEE10_M_managerERSt9_Any_dataRKSJ_St18_Manager_operation
FN:211,_ZNSt14_Function_base13_Base_managerISt5_BindIFM10corethreadFviRNSt7__cxx1112basic_stringIcSt11char_traitsIcESaIcEEEEPS2_St12_PlaceholderILi1EESD_ILi2EEEEE15_M_init_functorISH_EEvRSt9_Any_dataOT_
FNDA:0,_ZNSt14_Function_base13_Base_managerISt5_BindIFM10corethreadFviRNSt7__cxx1112basic_stringIcSt11char_traitsIcESaIcEEEEPS2_St12_PlaceholderILi1EESD_ILi2EEEEE15_M_init_functorISH_EEvRSt9_Any_dataOT_
FN:211,_ZNSt14_Function_base13_Base_managerISt5_BindIFM10corethreadFviRNSt7__cxx1112basic_stringIcSt11char_traitsIcESaIcEEEEPS2_St12_PlaceholderILi1EESD_ILi2EEEEE15_M_init_functorIRKSH_EEvRSt9_Any_dataOT_
FNDA:0,_ZNSt14_Function_base13_Base_managerISt5_BindIFM10corethreadFviRNSt7__cxx1112basic_stringIcSt11char_traitsIcESaIcEEEEPS2_St12_PlaceholderILi1EESD_ILi2EEEEE15_M_init_functorIRKSH_EEvRSt9_Any_dataOT_
FN:235,_ZNSt14_Function_base13_Base_managerISt5_BindIFM10corethreadFviRNSt7__cxx1112basic_stringIcSt11char_traitsIcESaIcEEEEPS2_St12_PlaceholderILi1EESD_ILi2EEEEE21_M_not_empty_functionISH_EEbRKT_
FNDA:0,_ZNSt14_Function_base13_Base_managerISt5_BindIFM10corethreadFviRNSt7__cxx1112basic_stringIcSt11char_traitsIcESaIcEEEEPS2_St12_PlaceholderILi1EESD_ILi2EEEEE21_M_not_empty_functionISH_EEbRKT_
FN:239,_ZNSt14_Function_baseC2Ev
FNDA:0,_ZNSt14_Function_baseC2Ev
FN:241,_ZNSt14_Function_baseD2Ev
FNDA:0,_ZNSt14_Function_baseD2Ev
FN:247,_ZNKSt14_Function_base8_M_emptyEv
FNDA:0,_ZNKSt14_Function_base8_M_emptyEv
FN:267,_ZNSt17_Function_handlerIFviRNSt7__cxx1112basic_stringIcSt11char_traitsIcESaIcEEEESt5_BindIFM10corethreadFviS6_EPS9_St12_PlaceholderILi1EESD_ILi2EEEEE10_M_managerERSt9_Any_dataRKSJ_St18_Manager_operation
FNDA:0,_ZNSt17_Function_handlerIFviRNSt7__cxx1112basic_stringIcSt11char_traitsIcESaIcEEEESt5_BindIFM10corethreadFviS6_EPS9_St12_PlaceholderILi1EESD_ILi2EEEEE10_M_managerERSt9_Any_dataRKSJ_St18_Manager_operation
FN:288,_ZNSt17_Function_handlerIFviRNSt7__cxx1112basic_stringIcSt11char_traitsIcESaIcEEEESt5_BindIFM10corethreadFviS6_EPS9_St12_PlaceholderILi1EESD_ILi2EEEEE9_M_invokeERKSt9_Any_dataOiS6_
FNDA:0,_ZNSt17_Function_handlerIFviRNSt7__cxx1112basic_stringIcSt11char_traitsIcESaIcEEEESt5_BindIFM10corethreadFviS6_EPS9_St12_PlaceholderILi1EESD_ILi2EEEEE9_M_invokeERKSt9_Any_dataOiS6_
FN:386,_ZNSt8functionIFviRNSt7__cxx1112basic_stringIcSt11char_traitsIcESaIcEEEEEC2ERKS8_
FNDA:0,_ZNSt8functionIFviRNSt7__cxx1112basic_stringIcSt11char_traitsIcESaIcEEEEEC2ERKS8_
FN:435,_ZNSt8functionIFviRNSt7__cxx1112basic_stringIcSt11char_traitsIcESaIcEEEEEC2ISt5_BindIFM10corethreadFviS6_EPSB_St12_PlaceholderILi1EESF_ILi2EEEEvEEOT_
FNDA:0,_ZNSt8functionIFviRNSt7__cxx1112basic_stringIcSt11char_traitsIcESaIcEEEEEC2ISt5_BindIFM10corethreadFviS6_EPSB_St12_PlaceholderILi1EESF_ILi2EEEEvEEOT_
FN:572,_ZNKSt8functionIFviRNSt7__cxx1112basic_stringIcSt11char_traitsIcESaIcEEEEEcvbEv
FNDA:0,_ZNKSt8functionIFviRNSt7__cxx1112basic_stringIcSt11char_traitsIcESaIcEEEEEcvbEv
DA:85,0
DA:86,0
DA:90,0
DA:91,0
DA:90,0
DA:91,0
DA:95,0
DA:96,0
DA:134,0
DA:142,0
DA:158,0
DA:160,0
DA:161,0
DA:162,0
DA:158,0
DA:160,0
DA:161,0
DA:162,0
DA:173,0
DA:175,0
DA:176,0
DA:180,0
DA:183,0
DA:185,0
DA:187,0
DA:191,0
DA:193,0
DA:194,0
DA:195,0
DA:197,0
DA:198,0
DA:199,0
DA:200,0
DA:202,0
DA:203,0
DA:204,0
DA:206,0
DA:211,0
DA:215,0
DA:216,0
DA:211,0
DA:215,0
DA:216,0
DA:235,0
DA:236,0
DA:239,0
DA:241,0
DA:243,0
DA:244,0
DA:245,0
DA:247,0
DA:267,0
DA:270,0
DA:273,0
DA:274,0
DA:275,0
DA:277,0
DA:278,0
DA:279,0
DA:281,0
DA:282,0
DA:284,0
DA:288,0
DA:290,0
DA:291,0
DA:386,0
DA:387,0
DA:389,0
DA:391,0
DA:392,0
DA:393,0
DA:395,0
DA:435,0
DA:437,0
DA:447,0
DA:449,0
DA:451,0
DA:452,0
DA:454,0
DA:572,0
DA:573,0
end_of_record
SF:/home/yackey/projects/waitables/vpgnixApp/include/IRunnable.h
FN:8,_ZN9IRunnableD0Ev
FNDA:0,_ZN9IRunnableD0Ev
FN:8,_ZN9IRunnableD2Ev
FNDA:0,_ZN9IRunnableD2Ev
DA:8,0
DA:8,0
end_of_record
SF:/usr/include/c++/11/bits/allocated_ptr.h
FN:53,_ZNSt15__allocated_ptrISaISt23_Sp_counted_ptr_inplaceI4wfmoSaIS1_ELN9__gnu_cxx12_Lock_policyE2EEEEC2ERS6_PS5_
FNDA:0,_ZNSt15__allocated_ptrISaISt23_Sp_counted_ptr_inplaceI4wfmoSaIS1_ELN9__gnu_cxx12_Lock_policyE2EEEEC2ERS6_PS5_
FN:53,_ZNSt15__allocated_ptrISaISt23_Sp_counted_ptr_inplaceI19waitableMessageSinkSaIS1_ELN9__gnu_cxx12_Lock_policyE2EEEEC2ERS6_PS5_
FNDA:0,_ZNSt15__allocated_ptrISaISt23_Sp_counted_ptr_inplaceI19waitableMessageSinkSaIS1_ELN9__gnu_cxx12_Lock_policyE2EEEEC2ERS6_PS5_
FN:71,_ZNSt15__allocated_ptrISaISt23_Sp_counted_ptr_inplaceI4wfmoSaIS1_ELN9__gnu_cxx12_Lock_policyE2EEEED2Ev
FNDA:0,_ZNSt15__allocated_ptrISaISt23_Sp_counted_ptr_inplaceI4wfmoSaIS1_ELN9__gnu_cxx12_Lock_policyE2EEEED2Ev
FN:71,_ZNSt15__allocated_ptrISaISt23_Sp_counted_ptr_inplaceI19waitableMessageSinkSaIS1_ELN9__gnu_cxx12_Lock_policyE2EEEED2Ev
FNDA:0,_ZNSt15__allocated_ptrISaISt23_Sp_counted_ptr_inplaceI19waitableMessageSinkSaIS1_ELN9__gnu_cxx12_Lock_policyE2EEEED2Ev
FN:79,_ZNSt15__allocated_ptrISaISt23_Sp_counted_ptr_inplaceI4wfmoSaIS1_ELN9__gnu_cxx12_Lock_policyE2EEEEaSEDn
FNDA:0,_ZNSt15__allocated_ptrISaISt23_Sp_counted_ptr_inplaceI4wfmoSaIS1_ELN9__gnu_cxx12_Lock_policyE2EEEEaSEDn
FN:79,_ZNSt15__allocated_ptrISaISt23_Sp_counted_ptr_inplaceI19waitableMessageSinkSaIS1_ELN9__gnu_cxx12_Lock_policyE2EEEEaSEDn
FNDA:0,_ZNSt15__allocated_ptrISaISt23_Sp_counted_ptr_inplaceI19waitableMessageSinkSaIS1_ELN9__gnu_cxx12_Lock_policyE2EEEEaSEDn
FN:86,_ZNSt15__allocated_ptrISaISt23_Sp_counted_ptr_inplaceI4wfmoSaIS1_ELN9__gnu_cxx12_Lock_policyE2EEEE3getEv
FNDA:0,_ZNSt15__allocated_ptrISaISt23_Sp_counted_ptr_inplaceI4wfmoSaIS1_ELN9__gnu_cxx12_Lock_policyE2EEEE3getEv
FN:86,_ZNSt15__allocated_ptrISaISt23_Sp_counted_ptr_inplaceI19waitableMessageSinkSaIS1_ELN9__gnu_cxx12_Lock_policyE2EEEE3getEv
FNDA:0,_ZNSt15__allocated_ptrISaISt23_Sp_counted_ptr_inplaceI19waitableMessageSinkSaIS1_ELN9__gnu_cxx12_Lock_policyE2EEEE3getEv
FN:96,_ZSt18__allocate_guardedISaISt23_Sp_counted_ptr_inplaceI4wfmoSaIS1_ELN9__gnu_cxx12_Lock_policyE2EEEESt15__allocated_ptrIT_ERS8_
FNDA:0,_ZSt18__allocate_guardedISaISt23_Sp_counted_ptr_inplaceI4wfmoSaIS1_ELN9__gnu_cxx12_Lock_policyE2EEEESt15__allocated_ptrIT_ERS8_
FN:96,_ZSt18__allocate_guardedISaISt23_Sp_counted_ptr_inplaceI19waitableMessageSinkSaIS1_ELN9__gnu_cxx12_Lock_policyE2EEEESt15__allocated_ptrIT_ERS8_
FNDA:0,_ZSt18__allocate_guardedISaISt23_Sp_counted_ptr_inplaceI19waitableMessageSinkSaIS1_ELN9__gnu_cxx12_Lock_policyE2EEEESt15__allocated_ptrIT_ERS8_
DA:53,0
DA:54,0
DA:55,0
DA:53,0
DA:54,0
DA:55,0
DA:71,0
DA:73,0
DA:74,0
DA:75,0
DA:71,0
DA:73,0
DA:74,0
DA:75,0
DA:79,0
DA:81,0
DA:82,0
DA:79,0
DA:81,0
DA:82,0
DA:86,0
DA:86,0
DA:96,0
DA:98,0
DA:96,0
DA:98,0
end_of_record
SF:/usr/include/c++/11/new
FN:174,_ZnwmPv
FNDA:0,_ZnwmPv
FN:180,_ZdlPvS_
FNDA:0,_ZdlPvS_
DA:174,0
DA:175,0
DA:180,0
end_of_record
